[2026-03-28 23:55:31] OTC-X Trade Downloader started
[2026-03-28 23:55:31] Loaded 243 rows from /home/runner/work/OTC-X/OTC-X/backend/data/securities.csv
[2026-03-28 23:55:31] Processing: CH0136182570 (acrevis Bank N)
[2026-03-28 23:55:33] ✓ CH0136182570: 3537 trades downloaded
[2026-03-28 23:55:34] Processing: CH0006668930 (ADEV Solarstrom AG, Liestal)
[2026-03-28 23:55:34] ✓ CH0006668930: 470 trades downloaded
[2026-03-28 23:55:35] Processing: CH0006524265 (ADEV Wasserkraftwerk AG, Liestal)
[2026-03-28 23:55:35] ✓ CH0006524265: 210 trades downloaded
[2026-03-28 23:55:36] Processing: CH0010497532 (ADEV Windkraft AG, Liestal)
[2026-03-28 23:55:36] ✓ CH0010497532: 148 trades downloaded
[2026-03-28 23:55:37] Processing: CH0034900248 (AG für Erstellung billiger Wohnhäuser in Winterthu)
[2026-03-28 23:55:38] ✓ CH0034900248: 118 trades downloaded
[2026-03-28 23:55:39] Processing: CH0001402418 (Agruna AG)
[2026-03-28 23:55:39] ✓ CH0001402418: 329 trades downloaded
[2026-03-28 23:55:40] Processing: CH0002599352 (Aletsch Bahnen N)
[2026-03-28 23:55:40] ✓ CH0002599352: 395 trades downloaded
[2026-03-28 23:55:41] Processing: CH0011322200 (Alpha Rheintal Bank, Heerbrugg)
[2026-03-28 23:55:41] ✓ CH0011322200: 1183 trades downloaded
[2026-03-28 23:55:42] Processing: CH0001418216 (Aluminium-Laufen AG Liesberg)
[2026-03-28 23:55:42] ✓ CH0001418216: 213 trades downloaded
[2026-03-28 23:55:43] Processing: CH0185254742 (Andermatt-Sedrun Sport AG)
[2026-03-28 23:55:44] ✓ CH0185254742: 423 trades downloaded
[2026-03-28 23:55:45] Processing: CH0026212446 (Appenzeller Bahnen)
[2026-03-28 23:55:45] ✓ CH0026212446: 232 trades downloaded
[2026-03-28 23:55:46] Processing: CH0001430930 (Arosa Bergbahnen AG, Arosa)
[2026-03-28 23:55:46] ✓ CH0001430930: 772 trades downloaded
[2026-03-28 23:55:47] Processing: CH0001457826 (Auto AG Schwyz, Schwyz)
[2026-03-28 23:55:47] ✓ CH0001457826: 96 trades downloaded
[2026-03-28 23:55:48] Processing: CH0029706766 (Auto AG Uri)
[2026-03-28 23:55:48] ✓ CH0029706766: 23 trades downloaded
[2026-03-28 23:55:49] Processing: CH0032018688 (Auto Hldg N)
[2026-03-28 23:55:50] ✓ CH0032018688: 1519 trades downloaded
[2026-03-28 23:55:51] Processing: CH0023777235 (aventron N)
[2026-03-28 23:55:51] ✓ CH0023777235: 605 trades downloaded
[2026-03-28 23:55:52] Processing: CH0003857031 (Bad Schinznach AG, Schinznach)
[2026-03-28 23:55:52] ✓ CH0003857031: 1035 trades downloaded
[2026-03-28 23:55:53] Processing: CH0001314852 (Bank in Zuzwil)
[2026-03-28 23:55:53] ✓ CH0001314852: 47 trades downloaded
[2026-03-28 23:55:54] Processing: CH0039074692 (Bank Leerau)
[2026-03-28 23:55:54] ✓ CH0039074692: 147 trades downloaded
[2026-03-28 23:55:55] Processing: CH0013792848 (Bank Oberaargau N)
[2026-03-28 23:55:55] ✓ CH0013792848: 541 trades downloaded
[2026-03-28 23:55:56] Processing: CH0001351862 (Bank SLM N)
[2026-03-28 23:55:57] ✓ CH0001351862: 471 trades downloaded
[2026-03-28 23:55:58] Processing: CH0049588129 (Bank von Roll AG)
[2026-03-28 23:55:58] ✓ CH0049588129: 252 trades downloaded
[2026-03-28 23:55:59] Processing: CH0303601253 (BB Adelboden N)
[2026-03-28 23:55:59] ✓ CH0303601253: 346 trades downloaded
[2026-03-28 23:56:00] Processing: CH0574732894 (BB Lauterbrunnen-Muerren N)
[2026-03-28 23:56:00] ✓ CH0574732894: 16 trades downloaded
[2026-03-28 23:56:01] Processing: CH0010756531 (BBO Bank Brienz-Oberhasli)
[2026-03-28 23:56:01] ✓ CH0010756531: 390 trades downloaded
[2026-03-28 23:56:02] Processing: CH0001507406 (BB Piz Mundaun AG)
[2026-03-28 23:56:03] ✓ CH0001507406: 103 trades downloaded
[2026-03-28 23:56:04] Processing: CH0002353867 (BB Soerenberg AG)
[2026-03-28 23:56:04] ✓ CH0002353867: 230 trades downloaded
[2026-03-28 23:56:05] Processing: CH0010726963 (Beau-Rivage Palace SA, Lausanne-Ouchy)
[2026-03-28 23:56:05] ✓ CH0010726963: 785 trades downloaded
[2026-03-28 23:56:06] Processing: CH0024700483 (Belalp-Bahnen, Naters)
[2026-03-28 23:56:06] ✓ CH0024700483: 29 trades downloaded
[2026-03-28 23:56:07] Processing: CH0187392300 (Bellwald Sportbahnen N)
[2026-03-28 23:56:07] ✓ CH0187392300: 10 trades downloaded
[2026-03-28 23:56:08] Processing: CH0002332093 (Bergbahnen Brigels N)
[2026-03-28 23:56:08] ✓ CH0002332093: 148 trades downloaded
[2026-03-28 23:56:09] Processing: CH0018384120 (Bergbahnen Destination Gstaad N)
[2026-03-28 23:56:10] ✓ CH0018384120: 432 trades downloaded
[2026-03-28 23:56:11] Processing: CH0292081723 (Bergbahnen Disentis N)
[2026-03-28 23:56:11] ✓ CH0292081723: 90 trades downloaded
[2026-03-28 23:56:12] Processing: CH0580517032 (Bergbahnen Hohsaas N)
[2026-03-28 23:56:12] ✓ CH0580517032: 0 trades downloaded
[2026-03-28 23:56:13] Processing: CH0036505888 (Bergbahnen Meiringen-Hasliberg N)
[2026-03-28 23:56:13] ✓ CH0036505888: 436 trades downloaded
[2026-03-28 23:56:14] Processing: CH0342666572 (Bergbahnen Scuol N)
[2026-03-28 23:56:14] ✓ CH0342666572: 244 trades downloaded
[2026-03-28 23:56:15] Processing: CH0016568880 (Bergbahnen Splügen-Tambo N)
[2026-03-28 23:56:16] ✓ CH0016568880: 46 trades downloaded
[2026-03-28 23:56:17] Processing: CH0045885032 (Bergbahnen Wildhaus AG)
[2026-03-28 23:56:17] ✓ CH0045885032: 91 trades downloaded
[2026-03-28 23:56:18] Processing: CH0014874918 (Bernerland Bank, Sumiswald)
[2026-03-28 23:56:18] ✓ CH0014874918: 895 trades downloaded
[2026-03-28 23:56:19] Processing: CH0322776573 (Berner Oberland-Bahnen N)
[2026-03-28 23:56:19] ✓ CH0322776573: 230 trades downloaded
[2026-03-28 23:56:20] Processing: CH0011100341 (BERNEXPO N)
[2026-03-28 23:56:20] ✓ CH0011100341: 2141 trades downloaded
[2026-03-28 23:56:21] Processing: CH0018043619 (Biene-Bank im Rheintal)
[2026-03-28 23:56:21] ✓ CH0018043619: 375 trades downloaded
[2026-03-28 23:56:22] Processing: CH0025889160 (BLS N)
[2026-03-28 23:56:23] ✓ CH0025889160: 1395 trades downloaded
[2026-03-28 23:56:24] Processing: CH0012684657 (Bobst Group N)
[2026-03-28 23:56:24] ✓ CH0012684657: 3085 trades downloaded
[2026-03-28 23:56:25] Processing: CH0545753953 (Bondpartners N)
[2026-03-28 23:56:25] ✓ CH0545753953: 150 trades downloaded
[2026-03-28 23:56:26] Processing: CH0001542635 (Brauerei Schützengarten AG N)
[2026-03-28 23:56:26] ✓ CH0001542635: 160 trades downloaded
[2026-03-28 23:56:27] Processing: CH0001542643 (Brauerei Schützengarten AG PS)
[2026-03-28 23:56:27] ✓ CH0001542643: 634 trades downloaded
[2026-03-28 23:56:28] Processing: CH0002052501 (Brunni-Bahnen N)
[2026-03-28 23:56:29] ✓ CH0002052501: 566 trades downloaded
[2026-03-28 23:56:30] Processing: CH0009438109 (BS Bank, Schaffhausen)
[2026-03-28 23:56:30] ✓ CH0009438109: 500 trades downloaded
[2026-03-28 23:56:31] Processing: CH0002657978 (Bystronic -B- N)
[2026-03-28 23:56:31] ✓ CH0002657978: 423 trades downloaded
[2026-03-28 23:56:32] Processing: CH0001570057 (Caran d`Ache, Genève, Serie B)
[2026-03-28 23:56:32] ✓ CH0001570057: 89 trades downloaded
[2026-03-28 23:56:33] Processing: CH0102022560 (CasaInvest N)
[2026-03-28 23:56:33] ✓ CH0102022560: 865 trades downloaded
[2026-03-28 23:56:34] Processing: CH1127803547 (Casale Holding Rg)
[2026-03-28 23:56:35] ✓ CH1127803547: 14 trades downloaded
[2026-03-28 23:56:36] Processing: CH0004959505 (Casino de Montreux SA Nom 100)
[2026-03-28 23:56:36] ✓ CH0004959505: 448 trades downloaded
[2026-03-28 23:56:37] Processing: CH0004959471 (Casino de Montreux SA Nom 50)
[2026-03-28 23:56:37] ✓ CH0004959471: 33 trades downloaded
[2026-03-28 23:56:38] Processing: CH0324791133 (Chemholding N)
[2026-03-28 23:56:38] ✓ CH0324791133: 4 trades downloaded
[2026-03-28 23:56:39] Processing: CH0020603475 (CKW N)
[2026-03-28 23:56:39] ✓ CH0020603475: 1442 trades downloaded
[2026-03-28 23:56:40] Processing: CH0010583448 (Clientis Bank Aareland N)
[2026-03-28 23:56:40] ✓ CH0010583448: 259 trades downloaded
[2026-03-28 23:56:41] Processing: CH0001336319 (Clientis Bank Oberuzwil AG)
[2026-03-28 23:56:42] ✓ CH0001336319: 66 trades downloaded
[2026-03-28 23:56:43] Processing: CH0010621925 (Clientis Bank Toggenburg)
[2026-03-28 23:56:43] ✓ CH0010621925: 210 trades downloaded
[2026-03-28 23:56:44] Processing: CH0001357000 (Clientis Sparkasse Oftringen)
[2026-03-28 23:56:44] ✓ CH0001357000: 190 trades downloaded
[2026-03-28 23:56:45] Processing: CH0001579363 (CMSA Holding SA)
[2026-03-28 23:56:45] ✓ CH0001579363: 1295 trades downloaded
[2026-03-28 23:56:46] Processing: CH0032462910 (Corvatsch AG Nom 3, Silvaplana)
[2026-03-28 23:56:46] ✓ CH0032462910: 526 trades downloaded
[2026-03-28 23:56:47] Processing: CH1100211528 (Crédit Mutuel de la Vallée N)
[2026-03-28 23:56:48] ✓ CH1100211528: 33 trades downloaded
[2026-03-28 23:56:49] Processing: CH0019556908 (Cresta Palace Celerina N)
[2026-03-28 23:56:49] ✓ CH0019556908: 229 trades downloaded
[2026-03-28 23:56:50] Processing: CH0433137400 (Davos Klosters Bergbahnen N)
[2026-03-28 23:56:50] ✓ CH0433137400: 520 trades downloaded
[2026-03-28 23:56:51] Processing: CH0109916244 (Diavolezza Lagalb N)
[2026-03-28 23:56:51] ✓ CH0109916244: 57 trades downloaded
[2026-03-28 23:56:52] Processing: CH0001665147 (Dolder Hotel AG, Zürich)
[2026-03-28 23:56:52] ✓ CH0001665147: 555 trades downloaded
[2026-03-28 23:56:53] Processing: CH0578688241 (Drahtseilbahn Marzili N)
[2026-03-28 23:56:53] ✓ CH0578688241: 8 trades downloaded
[2026-03-28 23:56:54] Processing: CH0001669255 (Drahtseilbahn Marzili-Stadt Bern N)
[2026-03-28 23:56:55] ✓ CH0001669255: 34 trades downloaded
[2026-03-28 23:56:56] Processing: CH0001777876 (ebs Erdgas + Biogas)
[2026-03-28 23:56:56] ✓ CH0001777876: 48 trades downloaded
[2026-03-28 23:56:57] Processing: CH1159308571 (EcoRenova N)
[2026-03-28 23:56:57] ✓ CH1159308571: 1 trades downloaded
[2026-03-28 23:56:58] Processing: CH0102699540 (Energ Elec du Simplon E.E.S.)
[2026-03-28 23:56:58] ✓ CH0102699540: 93 trades downloaded
[2026-03-28 23:56:59] Processing: CH0014386996 (Energie Zürichsee Linth N)
[2026-03-28 23:56:59] ✓ CH0014386996: 815 trades downloaded
[2026-03-28 23:57:00] Processing: CH0031926105 (Engadin Mountains AG)
[2026-03-28 23:57:01] ✓ CH0031926105: 678 trades downloaded
[2026-03-28 23:57:02] Processing: CH0129442221 (Eniwa Holding AG)
[2026-03-28 23:57:02] ✓ CH0129442221: 805 trades downloaded
[2026-03-28 23:57:03] Processing: CH0001337200 (Ersparniskasse Affoltern)
[2026-03-28 23:57:03] ✓ CH0001337200: 231 trades downloaded
[2026-03-28 23:57:04] Processing: CH0001704680 (Eskimo Textil AG, Turbenthal)
[2026-03-28 23:57:04] ✓ CH0001704680: 35 trades downloaded
[2026-03-28 23:57:05] Processing: CH0002557400 (Espace Real Estate Hldg N)
[2026-03-28 23:57:05] ✓ CH0002557400: 3247 trades downloaded
[2026-03-28 23:57:06] Processing: CH0001239398 (EW Brig-Naters EWBN)
[2026-03-28 23:57:06] ✓ CH0001239398: 147 trades downloaded
[2026-03-28 23:57:07] Processing: CH0001690533 (EW Jona-Rapperswil, Jona)
[2026-03-28 23:57:08] ✓ CH0001690533: 1498 trades downloaded
[2026-03-28 23:57:09] Processing: CH0001691614 (EW Uznach AG)
[2026-03-28 23:57:09] ✓ CH0001691614: 227 trades downloaded
[2026-03-28 23:57:10] Processing: CH0001413704 (Flughafen Bern AG N)
[2026-03-28 23:57:10] ✓ CH0001413704: 498 trades downloaded
[2026-03-28 23:57:11] Processing: CH1106247997 (Funi Locarno-Madonna N)
[2026-03-28 23:57:11] ✓ CH1106247997: 13 trades downloaded
[2026-03-28 23:57:12] Processing: CH1104949586 (Funi Lugano-Paradiso N)
[2026-03-28 23:57:12] ✓ CH1104949586: 19 trades downloaded
[2026-03-28 23:57:13] Processing: CH0001602009 (Generale Beaulieu Holding SA)
[2026-03-28 23:57:14] ✓ CH0001602009: 221 trades downloaded
[2026-03-28 23:57:15] Processing: CH1405847034 (Geoterra Holding Rg)
[2026-03-28 23:57:15] ✓ CH1405847034: 298 trades downloaded
[2026-03-28 23:57:16] Processing: CH0006980079 (Gondelbahn Grindelwald N)
[2026-03-28 23:57:16] ✓ CH0006980079: 543 trades downloaded
[2026-03-28 23:57:17] Processing: CH0375446173 (Gondrand Hldg Vz N)
[2026-03-28 23:57:17] ✓ CH0375446173: 84 trades downloaded
[2026-03-28 23:57:18] Processing: CH0002221338 (Gotthard Raststätte A2 Uri AG)
[2026-03-28 23:57:18] ✓ CH0002221338: 1044 trades downloaded
[2026-03-28 23:57:19] Processing: CH0002541586 (Grand Resort Bad Ragaz, Bad Ragaz)
[2026-03-28 23:57:19] ✓ CH0002541586: 1154 trades downloaded
[2026-03-28 23:57:20] Processing: CH0006532565 (Griesser Holding AG, Aadorf)
[2026-03-28 23:57:21] ✓ CH0006532565: 1283 trades downloaded
[2026-03-28 23:57:22] Processing: CH0016523125 (Griston Holding AG)
[2026-03-28 23:57:22] ✓ CH0016523125: 444 trades downloaded
[2026-03-28 23:57:23] Processing: CH0005051021 (Gurtenbahn AG N)
[2026-03-28 23:57:23] ✓ CH0005051021: 116 trades downloaded
[2026-03-28 23:57:24] Processing: CH0023124214 (HBB Holding AG)
[2026-03-28 23:57:24] ✓ CH0023124214: 441 trades downloaded
[2026-03-28 23:57:25] Processing: CH0001865523 (Heim im Bergli AG, Luzern)
[2026-03-28 23:57:25] ✓ CH0001865523: 60 trades downloaded
[2026-03-28 23:57:26] Processing: CH0304280636 (Helvetic Star Holding)
[2026-03-28 23:57:27] ✓ CH0304280636: 70 trades downloaded
[2026-03-28 23:57:28] Processing: CH0000648680 (Hochalpines Institut Ftan AG)
[2026-03-28 23:57:28] ✓ CH0000648680: 137 trades downloaded
[2026-03-28 23:57:29] Processing: CH0016016849 (Hoch-Ybrig N)
[2026-03-28 23:57:29] ✓ CH0016016849: 680 trades downloaded
[2026-03-28 23:57:30] Processing: CH0001992681 (Hof Weissbad AG)
[2026-03-28 23:57:30] ✓ CH0001992681: 1391 trades downloaded
[2026-03-28 23:57:31] Processing: CH0010923875 (Hoher Kasten Drehrestaurant und Seilbahn AG)
[2026-03-28 23:57:32] ✓ CH0010923875: 656 trades downloaded
[2026-03-28 23:57:33] Processing: CH0020502743 (Holdinova N)
[2026-03-28 23:57:34] ✓ CH0020502743: 5018 trades downloaded
[2026-03-28 23:57:35] Processing: CH0001906848 (Imbrex Hldg N)
[2026-03-28 23:57:35] ✓ CH0001906848: 318 trades downloaded
[2026-03-28 23:57:36] Processing: CH0001910089 (Immges Viamala, Thusis)
[2026-03-28 23:57:36] ✓ CH0001910089: 87 trades downloaded
[2026-03-28 23:57:37] Processing: CH0324793667 (Immobiliare Pharmapark N)
[2026-03-28 23:57:38] ✓ CH0324793667: 63 trades downloaded
[2026-03-28 23:57:39] Processing: CH0001344685 (KB Nidwalden PS)
[2026-03-28 23:57:39] ✓ CH0001344685: 102 trades downloaded
[2026-03-28 23:57:40] Processing: CH0263939958 (Klosters-Madrisa N)
[2026-03-28 23:57:40] ✓ CH0263939958: 168 trades downloaded
[2026-03-28 23:57:41] Processing: CH0001514501 (Kongresshaus Zürich AG, Zürich)
[2026-03-28 23:57:41] ✓ CH0001514501: 806 trades downloaded
[2026-03-28 23:57:42] Processing: CH0115029545 (Konkordia AG N)
[2026-03-28 23:57:42] ✓ CH0115029545: 233 trades downloaded
[2026-03-28 23:57:43] Processing: CH0002052915 (Kronberg N)
[2026-03-28 23:57:44] ✓ CH0002052915: 230 trades downloaded
[2026-03-28 23:57:45] Processing: CH0001574604 (Kursaal-Casino AG, Luzern GS)
[2026-03-28 23:57:45] ✓ CH0001574604: 209 trades downloaded
[2026-03-28 23:57:46] Processing: CH0001574596 (Kursaal-Casino AG, Luzern N)
[2026-03-28 23:57:46] ✓ CH0001574596: 1741 trades downloaded
[2026-03-28 23:57:47] Processing: CH0001989513 (Kursaal Interlaken N)
[2026-03-28 23:57:47] ✓ CH0001989513: 645 trades downloaded
[2026-03-28 23:57:48] Processing: CH0304449611 (Lagerhäuser der Centralschweiz N)
[2026-03-28 23:57:48] ✓ CH0304449611: 229 trades downloaded
[2026-03-28 23:57:49] Processing: CH0002400585 (Landwirtschaft ZRA, Aarberg)
[2026-03-28 23:57:49] ✓ CH0002400585: 229 trades downloaded
[2026-03-28 23:57:50] Processing: CH0001343885 (Leihkasse Stammheim)
[2026-03-28 23:57:51] ✓ CH0001343885: 121 trades downloaded
[2026-03-28 23:57:52] Processing: CH0001788345 (Lenk Bergbahnen, Lenk)
[2026-03-28 23:57:52] ✓ CH0001788345: 199 trades downloaded
[2026-03-28 23:57:53] Processing: CH0023497271 (Lenzerheide Bergbahnen)
[2026-03-28 23:57:53] ✓ CH0023497271: 1167 trades downloaded
[2026-03-28 23:57:54] Processing: CH0001318374 (Lienhardt & Partner Privatbank Zürich AG, Zürich)
[2026-03-28 23:57:54] ✓ CH0001318374: 474 trades downloaded
[2026-03-28 23:57:55] Processing: CH0002045471 (Loeb Holding N -B-)
[2026-03-28 23:57:55] ✓ CH0002045471: 239 trades downloaded
[2026-03-28 23:57:56] Processing: CH0002045497 (Loeb Holding PS)
[2026-03-28 23:57:57] ✓ CH0002045497: 2663 trades downloaded
[2026-03-28 23:57:58] Processing: CH0105175175 (Lorze AG)
[2026-03-28 23:57:58] ✓ CH0105175175: 292 trades downloaded
[2026-03-28 23:57:59] Processing: CH0001542601 (Löwengarten AG)
[2026-03-28 23:57:59] ✓ CH0001542601: 21 trades downloaded
[2026-03-28 23:58:00] Processing: CH0563381901 (LSB Dallenwil-Wirzweli N)
[2026-03-28 23:58:00] ✓ CH0563381901: 6 trades downloaded
[2026-03-28 23:58:01] Processing: CH0002052782 (LSB Grindelwald-Pfingstegg AG)
[2026-03-28 23:58:01] ✓ CH0002052782: 160 trades downloaded
[2026-03-28 23:58:02] Processing: CH0342342653 (LSB Unterterzen-Flumserberg)
[2026-03-28 23:58:03] ✓ CH0342342653: 85 trades downloaded
[2026-03-28 23:58:04] Processing: CH0002055819 (LSB Wasserauen-Ebenalp AG)
[2026-03-28 23:58:04] ✓ CH0002055819: 87 trades downloaded
[2026-03-28 23:58:05] Processing: CH0002056031 (LSB Wengen-Männlichen AG)
[2026-03-28 23:58:05] ✓ CH0002056031: 346 trades downloaded
[2026-03-28 23:58:06] Processing: CH0002056957 (Lurag AG, Neuenkirch)
[2026-03-28 23:58:06] ✓ CH0002056957: 770 trades downloaded
[2026-03-28 23:58:07] Processing: CH0002057070 (Lyceum Alpinum Zuoz AG)
[2026-03-28 23:58:07] ✓ CH0002057070: 134 trades downloaded
[2026-03-28 23:58:08] Processing: CH0198963503 (Magazzini Generali N)
[2026-03-28 23:58:08] ✓ CH0198963503: 21 trades downloaded
[2026-03-28 23:58:09] Processing: CH0016376714 (Matterhorn Gotthard Verkehr AG)
[2026-03-28 23:58:10] ✓ CH0016376714: 94 trades downloaded
[2026-03-28 23:58:11] Processing: CH0014069212 (Menzi Muck Gruppe N)
[2026-03-28 23:58:11] ✓ CH0014069212: 1339 trades downloaded
[2026-03-28 23:58:12] Processing: CH0002092622 (Metall Zug AG Serie A)
[2026-03-28 23:58:12] ✓ CH0002092622: 552 trades downloaded
[2026-03-28 23:58:13] Processing: CH0107020692 (Montana Tech N)
[2026-03-28 23:58:13] ✓ CH0107020692: 1680 trades downloaded
[2026-03-28 23:58:14] Processing: CH0003798599 (Montreux-Berner Oberland Bahn)
[2026-03-28 23:58:14] ✓ CH0003798599: 444 trades downloaded
[2026-03-28 23:58:15] Processing: CH0126517975 (Neue Zürcher Zeitung, Zürich)
[2026-03-28 23:58:16] ✓ CH0126517975: 3635 trades downloaded
[2026-03-28 23:58:17] Processing: CH0187475709 (Nexus Gr Hold N)
[2026-03-28 23:58:17] ✓ CH0187475709: 165 trades downloaded
[2026-03-28 23:58:18] Processing: CH0572824867 (Niederhornbahn N)
[2026-03-28 23:58:18] ✓ CH0572824867: 65 trades downloaded
[2026-03-28 23:58:19] Processing: CH1104984104 (Niesenbahn N)
[2026-03-28 23:58:19] ✓ CH1104984104: 132 trades downloaded
[2026-03-28 23:58:20] Processing: CH0013592248 (NORINVEST HLDG N)
[2026-03-28 23:58:20] ✓ CH0013592248: 158 trades downloaded
[2026-03-28 23:58:21] Processing: CH0002160460 (Opernhaus Zürich N 300)
[2026-03-28 23:58:21] ✓ CH0002160460: 28 trades downloaded
[2026-03-28 23:58:22] Processing: CH0002160478 (Opernhaus Zürich N 900)
[2026-03-28 23:58:23] ✓ CH0002160478: 355 trades downloaded
[2026-03-28 23:58:24] Processing: CH0017915742 (OTC-X All Share)
[2026-03-28 23:58:24] ✓ CH0017915742: 0 trades downloaded
[2026-03-28 23:58:25] Processing: CH0017915718 (OTC-X Banken)
[2026-03-28 23:58:25] ✓ CH0017915718: 0 trades downloaded
[2026-03-28 23:58:26] Processing: CH0039576753 (OTC-X Bergbahnen)
[2026-03-28 23:58:26] ✓ CH0039576753: 0 trades downloaded
[2026-03-28 23:58:27] Processing: CH0039576787 (OTC-X Beteiligungsgesellschaften)
[2026-03-28 23:58:27] ✓ CH0039576787: 0 trades downloaded
[2026-03-28 23:58:28] Processing: CH0017915692 (OTC-X Energie)
[2026-03-28 23:58:29] ✓ CH0017915692: 0 trades downloaded
[2026-03-28 23:58:30] Processing: CH0039576837 (OTC-X Immobilien)
[2026-03-28 23:58:30] ✓ CH0039576837: 0 trades downloaded
[2026-03-28 23:58:31] Processing: CH0017915684 (OTC-X Industrie)
[2026-03-28 23:58:31] ✓ CH0017915684: 0 trades downloaded
[2026-03-28 23:58:32] Processing: CH0039576860 (OTC-X Liquidity)
[2026-03-28 23:58:32] ✓ CH0039576860: 0 trades downloaded
[2026-03-28 23:58:33] Processing: CH0017915668 (OTC-X Medien)
[2026-03-28 23:58:33] ✓ CH0017915668: 0 trades downloaded
[2026-03-28 23:58:34] Processing: CH0039576852 (OTC-X Nahrung und Getraenke)
[2026-03-28 23:58:34] ✓ CH0039576852: 0 trades downloaded
[2026-03-28 23:58:35] Processing: CH0213109793 (OTC-X Premium)
[2026-03-28 23:58:36] ✓ CH0213109793: 0 trades downloaded
[2026-03-28 23:58:37] Processing: CH0017915726 (OTC-X TOP50)
[2026-03-28 23:58:37] ✓ CH0017915726: 0 trades downloaded
[2026-03-28 23:58:38] Processing: CH0017915643 (OTC-X Tourismus/Freizeit/Sonstiges)
[2026-03-28 23:58:38] ✓ CH0017915643: 0 trades downloaded
[2026-03-28 23:58:39] Processing: CH0017915635 (OTC-X Transport/Verkehr/Logistik)
[2026-03-28 23:58:39] ✓ CH0017915635: 0 trades downloaded
[2026-03-28 23:58:40] Processing: CH0467707490 (Outdoor Switzerland N)
[2026-03-28 23:58:40] ✓ CH0467707490: 76 trades downloaded
[2026-03-28 23:58:41] Processing: CH0002174743 (Parking des Alpes N)
[2026-03-28 23:58:41] ✓ CH0002174743: 9 trades downloaded
[2026-03-28 23:58:42] Processing: CH0016049881 (Patiswiss AG)
[2026-03-28 23:58:43] ✓ CH0016049881: 913 trades downloaded
[2026-03-28 23:58:44] Processing: CH1350861261 (Perlen Industrieholding N)
[2026-03-28 23:58:44] ✓ CH1350861261: 1475 trades downloaded
[2026-03-28 23:58:45] Processing: CH0009005973 (Pilatus-Bahnen AG, Kriens)
[2026-03-28 23:58:45] ✓ CH0009005973: 1776 trades downloaded
[2026-03-28 23:58:46] Processing: CH0012457633 (Plaston Holding AG)
[2026-03-28 23:58:46] ✓ CH0012457633: 1379 trades downloaded
[2026-03-28 23:58:47] Processing: CH0284143929 (PLAZZA-B-N)
[2026-03-28 23:58:47] ✓ CH0284143929: 111 trades downloaded
[2026-03-28 23:58:48] Processing: CH0286266488 (Ports Francs et Entrepôts de Genève)
[2026-03-28 23:58:49] ✓ CH0286266488: 0 trades downloaded
[2026-03-28 23:58:50] Processing: CH0122303669 (Prayon Switzerland N)
[2026-03-28 23:58:50] ✓ CH0122303669: 22 trades downloaded
[2026-03-28 23:58:51] Processing: CH0013283368 (Precious Woods Hldg N)
[2026-03-28 23:58:51] ✓ CH0013283368: 544 trades downloaded
[2026-03-28 23:58:52] Processing: CH0002218664 (Railtour Suisse SA Nom 100)
[2026-03-28 23:58:52] ✓ CH0002218664: 0 trades downloaded
[2026-03-28 23:58:53] Processing: CH0002218698 (Railtour Suisse SA Nom 500)
[2026-03-28 23:58:53] ✓ CH0002218698: 0 trades downloaded
[2026-03-28 23:58:54] Processing: CH0030333360 (Rapid Holding N)
[2026-03-28 23:58:54] ✓ CH0030333360: 1445 trades downloaded
[2026-03-28 23:58:55] Processing: CH0027315818 (Raststätte Rheintal AG, Sevelen)
[2026-03-28 23:58:56] ✓ CH0027315818: 204 trades downloaded
[2026-03-28 23:58:57] Processing: CH0002221304 (Raststätte Thurau, St. Gallen)
[2026-03-28 23:58:57] ✓ CH0002221304: 182 trades downloaded
[2026-03-28 23:58:58] Processing: CH0018525532 (Raststätte Walensee AG)
[2026-03-28 23:58:58] ✓ CH0018525532: 93 trades downloaded
[2026-03-28 23:58:59] Processing: CH1387788180 (Raurica Wald N-B)
[2026-03-28 23:58:59] ✓ CH1387788180: 18 trades downloaded
[2026-03-28 23:59:00] Processing: CH0001340196 (Regiobank Männedorf)
[2026-03-28 23:59:00] ✓ CH0001340196: 226 trades downloaded
[2026-03-28 23:59:01] Processing: CH1112956201 (Regiobank Solothurn N)
[2026-03-28 23:59:02] ✓ CH1112956201: 2975 trades downloaded
[2026-03-28 23:59:03] Processing: CH0002227095 (Reishauer N)
[2026-03-28 23:59:03] ✓ CH0002227095: 1019 trades downloaded
[2026-03-28 23:59:04] Processing: CH0199383602 (Remontées Mécaniques de Grimentz)
[2026-03-28 23:59:04] ✓ CH0199383602: 11 trades downloaded
[2026-03-28 23:59:05] Processing: CH0320096990 (Repower N)
[2026-03-28 23:59:05] ✓ CH0320096990: 4799 trades downloaded
[2026-03-28 23:59:06] Processing: CH0002577705 (Reussegg Hldg N (in Liquidation))
[2026-03-28 23:59:06] ✓ CH0002577705: 156 trades downloaded
[2026-03-28 23:59:07] Processing: CH0002234398 (Rhätische Bahn RhB / Prior)
[2026-03-28 23:59:07] ✓ CH0002234398: 251 trades downloaded
[2026-03-28 23:59:08] Processing: CH0002234372 (Rhätische Bahn RhB / Stamm)
[2026-03-28 23:59:09] ✓ CH0002234372: 209 trades downloaded
[2026-03-28 23:59:10] Processing: CH0001378626 (Rhiienergie AG, Tamins)
[2026-03-28 23:59:10] ✓ CH0001378626: 128 trades downloaded
[2026-03-28 23:59:11] Processing: CH0016290014 (Rigi Bahnen AG, Goldau)
[2026-03-28 23:59:11] ✓ CH0016290014: 2624 trades downloaded
[2026-03-28 23:59:12] Processing: CH0114457390 (Rottal Auto AG, Ruswil)
[2026-03-28 23:59:12] ✓ CH0114457390: 49 trades downloaded
[2026-03-28 23:59:13] Processing: CH0000975372 (Säntis-Schwebebahn AG, Schwägalp)
[2026-03-28 23:59:13] ✓ CH0000975372: 3087 trades downloaded
[2026-03-28 23:59:14] Processing: CH0002353487 (SB Elm AG N)
[2026-03-28 23:59:15] ✓ CH0002353487: 103 trades downloaded
[2026-03-28 23:59:16] Processing: CH0001394607 (SB im Mythengebiet, Schwyz)
[2026-03-28 23:59:16] ✓ CH0001394607: 50 trades downloaded
[2026-03-28 23:59:17] Processing: CH0002353693 (SB Pischa, Davos)
[2026-03-28 23:59:17] ✓ CH0002353693: 132 trades downloaded
[2026-03-28 23:59:18] Processing: CH0001352928 (SB Saanen Bank)
[2026-03-28 23:59:18] ✓ CH0001352928: 1342 trades downloaded
[2026-03-28 23:59:19] Processing: CH0341320114 (Schifffahrtsges. Hallwilersee)
[2026-03-28 23:59:19] ✓ CH0341320114: 121 trades downloaded
[2026-03-28 23:59:20] Processing: CH0002276266 (Schilthornbahn AG Mürren)
[2026-03-28 23:59:21] ✓ CH0002276266: 2761 trades downloaded
[2026-03-28 23:59:22] Processing: CH0002283601 (Schützen Rheinfelden Immobilien N)
[2026-03-28 23:59:22] ✓ CH0002283601: 266 trades downloaded
[2026-03-28 23:59:23] Processing: CH0006234014 (Schweizer Zucker AG)
[2026-03-28 23:59:23] ✓ CH0006234014: 2270 trades downloaded
[2026-03-28 23:59:24] Processing: CH0002291802 (Schweiz. Schifffahrtsges. Untersee und Rhein N)
[2026-03-28 23:59:24] ✓ CH0002291802: 133 trades downloaded
[2026-03-28 23:59:25] Processing: CH0031151084 (SeeBeteiligungs AG)
[2026-03-28 23:59:25] ✓ CH0031151084: 847 trades downloaded
[2026-03-28 23:59:26] Processing: CH0030693185 (Seilbahn Weissenstein AG)
[2026-03-28 23:59:26] ✓ CH0030693185: 1068 trades downloaded
[2026-03-28 23:59:27] Processing: CH0421720779 (SGV Holding N)
[2026-03-28 23:59:28] ✓ CH0421720779: 2412 trades downloaded
[2026-03-28 23:59:29] Processing: CH0547027570 (SIA-Haus Vz N)
[2026-03-28 23:59:29] ✓ CH0547027570: 157 trades downloaded
[2026-03-28 23:59:30] Processing: CH0009219186 (sitEX Properties Hldg N)
[2026-03-28 23:59:30] ✓ CH0009219186: 348 trades downloaded
[2026-03-28 23:59:31] Processing: CH0305002096 (Skilifte Brunni-Haggenegg N)
[2026-03-28 23:59:32] ✓ CH0305002096: 41 trades downloaded
[2026-03-28 23:59:33] Processing: CH0001350328 (Spar + Leihkasse Gürbetal N)
[2026-03-28 23:59:33] ✓ CH0001350328: 283 trades downloaded
[2026-03-28 23:59:34] Processing: CH0001352720 (Spar+Leihkasse Riggisberg)
[2026-03-28 23:59:34] ✓ CH0001352720: 498 trades downloaded
[2026-03-28 23:59:35] Processing: CH0318681860 (Spar- und Leihkasse Bucheggberg N)
[2026-03-28 23:59:36] ✓ CH0318681860: 902 trades downloaded
[2026-03-28 23:59:37] Processing: CH0001350112 (Spar- und Leihkasse Frutigen)
[2026-03-28 23:59:37] ✓ CH0001350112: 358 trades downloaded
[2026-03-28 23:59:38] Processing: CH0001354296 (Spar- und Leihkasse Wynigen)
[2026-03-28 23:59:38] ✓ CH0001354296: 106 trades downloaded
[2026-03-28 23:59:39] Processing: CH0320093559 (Sportbahnen Atzmaennig N)
[2026-03-28 23:59:39] ✓ CH0320093559: 72 trades downloaded
[2026-03-28 23:59:40] Processing: CH0002513312 (SSE Holding N)
[2026-03-28 23:59:41] ✓ CH0002513312: 3325 trades downloaded
[2026-03-28 23:59:42] Processing: CH0009319721 (Stadtcasino Baden AG, Baden)
[2026-03-28 23:59:42] ✓ CH0009319721: 2104 trades downloaded
[2026-03-28 23:59:43] Processing: CH0586685981 (Stanserhorn-Bahn N -10-)
[2026-03-28 23:59:43] ✓ CH0586685981: 23 trades downloaded
[2026-03-28 23:59:44] Processing: CH0586455245 (Stanserhorn-Bahn N -250-)
[2026-03-28 23:59:44] ✓ CH0586455245: 231 trades downloaded
[2026-03-28 23:59:45] Processing: CH0487871656 (STI Hldg N)
[2026-03-28 23:59:45] ✓ CH0487871656: 9 trades downloaded
[2026-03-28 23:59:46] Processing: CH0005701708 (Stoosbahnen N)
[2026-03-28 23:59:47] ✓ CH0005701708: 372 trades downloaded
[2026-03-28 23:59:48] Processing: CH0197490847 (Sunstar-Holding N -A-)
[2026-03-28 23:59:48] ✓ CH0197490847: 828 trades downloaded
[2026-03-28 23:59:49] Processing: CH0341319801 (Sursee-Triengen Bahn N)
[2026-03-28 23:59:49] ✓ CH0341319801: 18 trades downloaded
[2026-03-28 23:59:50] Processing: CH0001395539 (Suvretta-Haus, St. Moritz)
[2026-03-28 23:59:50] ✓ CH0001395539: 222 trades downloaded
[2026-03-28 23:59:51] Processing: CH0002512801 (Swisstulle AG)
[2026-03-28 23:59:51] ✓ CH0002512801: 153 trades downloaded
[2026-03-28 23:59:52] Processing: CH0121640970 (SWS Medien N)
[2026-03-28 23:59:53] ✓ CH0121640970: 128 trades downloaded
[2026-03-28 23:59:54] Processing: CH0002538012 (Tersa AG)
[2026-03-28 23:59:54] ✓ CH0002538012: 124 trades downloaded
[2026-03-28 23:59:55] Processing: CH0596918380 (Thermalbad Zurzach N)
[2026-03-28 23:59:55] ✓ CH0596918380: 606 trades downloaded
[2026-03-28 23:59:56] Processing: CH0223260743 (Toggenburg Bergbahnen N)
[2026-03-28 23:59:56] ✓ CH0223260743: 450 trades downloaded
[2026-03-28 23:59:57] Processing: CH0001725255 (Tonwerk Lausen N)
[2026-03-28 23:59:57] ✓ CH0001725255: 57 trades downloaded
[2026-03-28 23:59:58] Processing: CH0002557616 (Treib-Seelisberg-Bahn AG)
[2026-03-28 23:59:58] ✓ CH0002557616: 78 trades downloaded
[2026-03-28 23:59:59] Processing: CH0002569694 (Tuwag Immobilien AG, Wädenswil)
[2026-03-29 00:00:00] ✓ CH0002569694: 53 trades downloaded
[2026-03-29 00:00:01] Processing: CH0326691679 (Unione Farmaceutica Distr N)
[2026-03-29 00:00:01] ✓ CH0326691679: 24 trades downloaded
[2026-03-29 00:00:02] Processing: CH0326380885 (Unipharma N)
[2026-03-29 00:00:02] ✓ CH0326380885: 9 trades downloaded
[2026-03-29 00:00:03] Processing: CH0306293272 (Usines Metallurgiques de Vallorbe N)
[2026-03-29 00:00:03] ✓ CH0306293272: 65 trades downloaded
[2026-03-29 00:00:04] Processing: CH0033136596 (Viamala Raststätte Thusis AG)
[2026-03-29 00:00:04] ✓ CH0033136596: 2 trades downloaded
[2026-03-29 00:00:05] Processing: CH0029910939 (VOe holding N)
[2026-03-29 00:00:06] ✓ CH0029910939: 359 trades downloaded
[2026-03-29 00:00:07] Processing: CH0212936964 (Weiss+Appetito N)
[2026-03-29 00:00:07] ✓ CH0212936964: 1250 trades downloaded
[2026-03-29 00:00:08] Processing: CH0000041795 (Weisse Arena AG, Laax)
[2026-03-29 00:00:08] ✓ CH0000041795: 1382 trades downloaded
[2026-03-29 00:00:09] Processing: CH0004960180 (Weleda N-PS)
[2026-03-29 00:00:09] ✓ CH0004960180: 2571 trades downloaded
[2026-03-29 00:00:10] Processing: CH0010173182 (Welinvest AG in Liquidation)
[2026-03-29 00:00:10] ✓ CH0010173182: 1967 trades downloaded
[2026-03-29 00:00:11] Processing: CH1204218437 (WIR Bank BS N)
[2026-03-29 00:00:12] ✓ CH1204218437: 353 trades downloaded
[2026-03-29 00:00:13] Processing: CH1102090151 (WWZ N)
[2026-03-29 00:00:13] ✓ CH1102090151: 4989 trades downloaded
[2026-03-29 00:00:14] Processing: CH0002056114 (Zermatt Bergbahnen N)
[2026-03-29 00:00:14] ✓ CH0002056114: 570 trades downloaded
[2026-03-29 00:00:15] Processing: CH0002370903 (ZLB Zürcher Landbank)
[2026-03-29 00:00:15] ✓ CH0002370903: 252 trades downloaded
[2026-03-29 00:00:16] Processing: CH0002655501 (Zoologischer Garten, Basel)
[2026-03-29 00:00:16] ✓ CH0002655501: 87 trades downloaded
[2026-03-29 00:00:17] Processing: CH0002654934 (ZT Medien N)
[2026-03-29 00:00:18] ✓ CH0002654934: 183 trades downloaded
[2026-03-29 00:00:19] Processing: CH0148052118 (Zug Estates N Serie A)
[2026-03-29 00:00:19] ✓ CH0148052118: 228 trades downloaded
[2026-03-29 00:00:20] Processing: CH0001671707 (Zürcher Oberland Medien AG, Wetzikon)
[2026-03-29 00:00:20] ✓ CH0001671707: 507 trades downloaded
[2026-03-29 00:00:21] Processing: CH0002658448 (Zürichsee-Fähre Horgen-Meilen AG)
[2026-03-29 00:00:21] ✓ CH0002658448: 999 trades downloaded
[2026-03-29 00:00:22] Processing: CH0553343069 (Zürichsee-Schifffahrtsgesellschaft)
[2026-03-29 00:00:22] ✓ CH0553343069: 415 trades downloaded
[2026-03-29 00:00:23] ========== SUMMARY ==========
[2026-03-29 00:00:23] Total ISINs processed: 243
[2026-03-29 00:00:23] Successful downloads: 243
[2026-03-29 00:00:23] Failed/Not Found: 0
[2026-03-29 00:00:23] CSV files created: 243
[2026-03-29 00:00:23] Time elapsed: 4m 52s
[2026-03-29 00:00:23] Log saved: /home/runner/work/OTC-X/OTC-X/backend/logs/downloader_2026-03-28_235527.log
