[2026-05-21 06:23:20] OTC-X Trade Downloader started
[2026-05-21 06:23:20] Loaded 242 rows from /home/runner/work/OTC-X/OTC-X/backend/data/securities.csv
[2026-05-21 06:23:20] Processing: CH0136182570 (acrevis Bank N)
[2026-05-21 06:23:21] ✓ CH0136182570: 3576 trades downloaded
[2026-05-21 06:23:22] Processing: CH0006668930 (ADEV Solarstrom AG, Liestal)
[2026-05-21 06:23:23] ✓ CH0006668930: 471 trades downloaded
[2026-05-21 06:23:24] Processing: CH0006524265 (ADEV Wasserkraftwerk AG, Liestal)
[2026-05-21 06:23:24] ✓ CH0006524265: 211 trades downloaded
[2026-05-21 06:23:25] Processing: CH0010497532 (ADEV Windkraft AG, Liestal)
[2026-05-21 06:23:25] ✓ CH0010497532: 148 trades downloaded
[2026-05-21 06:23:26] Processing: CH0034900248 (AG für Erstellung billiger Wohnhäuser in Winterthu)
[2026-05-21 06:23:26] ✓ CH0034900248: 119 trades downloaded
[2026-05-21 06:23:27] Processing: CH0001402418 (Agruna AG)
[2026-05-21 06:23:27] ✓ CH0001402418: 330 trades downloaded
[2026-05-21 06:23:28] Processing: CH0002599352 (Aletsch Bahnen N)
[2026-05-21 06:23:29] ✓ CH0002599352: 402 trades downloaded
[2026-05-21 06:23:30] Processing: CH0011322200 (Alpha Rheintal Bank, Heerbrugg)
[2026-05-21 06:23:30] ✓ CH0011322200: 1193 trades downloaded
[2026-05-21 06:23:31] Processing: CH0001418216 (Aluminium-Laufen AG Liesberg)
[2026-05-21 06:23:31] ✓ CH0001418216: 215 trades downloaded
[2026-05-21 06:23:32] Processing: CH0185254742 (Andermatt-Sedrun Sport AG)
[2026-05-21 06:23:32] ✓ CH0185254742: 436 trades downloaded
[2026-05-21 06:23:33] Processing: CH0026212446 (Appenzeller Bahnen)
[2026-05-21 06:23:33] ✓ CH0026212446: 236 trades downloaded
[2026-05-21 06:23:34] Processing: CH0001430930 (Arosa Bergbahnen AG, Arosa)
[2026-05-21 06:23:35] ✓ CH0001430930: 785 trades downloaded
[2026-05-21 06:23:36] Processing: CH0001457826 (Auto AG Schwyz, Schwyz)
[2026-05-21 06:23:36] ✓ CH0001457826: 96 trades downloaded
[2026-05-21 06:23:37] Processing: CH0029706766 (Auto AG Uri)
[2026-05-21 06:23:37] ✓ CH0029706766: 23 trades downloaded
[2026-05-21 06:23:38] Processing: CH0032018688 (Auto Hldg N)
[2026-05-21 06:23:38] ✓ CH0032018688: 1566 trades downloaded
[2026-05-21 06:23:39] Processing: CH0023777235 (aventron N)
[2026-05-21 06:23:39] ✓ CH0023777235: 618 trades downloaded
[2026-05-21 06:23:40] Processing: CH0003857031 (Bad Schinznach AG, Schinznach)
[2026-05-21 06:23:41] ✓ CH0003857031: 1042 trades downloaded
[2026-05-21 06:23:42] Processing: CH0001314852 (Bank in Zuzwil)
[2026-05-21 06:23:42] ✓ CH0001314852: 47 trades downloaded
[2026-05-21 06:23:43] Processing: CH0039074692 (Bank Leerau)
[2026-05-21 06:23:43] ✓ CH0039074692: 149 trades downloaded
[2026-05-21 06:23:44] Processing: CH0013792848 (Bank Oberaargau N)
[2026-05-21 06:23:44] ✓ CH0013792848: 541 trades downloaded
[2026-05-21 06:23:45] Processing: CH0001351862 (Bank SLM N)
[2026-05-21 06:23:45] ✓ CH0001351862: 475 trades downloaded
[2026-05-21 06:23:46] Processing: CH0049588129 (Bank von Roll AG)
[2026-05-21 06:23:46] ✓ CH0049588129: 252 trades downloaded
[2026-05-21 06:23:47] Processing: CH0303601253 (BB Adelboden N)
[2026-05-21 06:23:48] ✓ CH0303601253: 346 trades downloaded
[2026-05-21 06:23:49] Processing: CH0574732894 (BB Lauterbrunnen-Muerren N)
[2026-05-21 06:23:49] ✓ CH0574732894: 16 trades downloaded
[2026-05-21 06:23:50] Processing: CH0010756531 (BBO Bank Brienz-Oberhasli)
[2026-05-21 06:23:50] ✓ CH0010756531: 403 trades downloaded
[2026-05-21 06:23:51] Processing: CH0001507406 (BB Piz Mundaun AG)
[2026-05-21 06:23:51] ✓ CH0001507406: 103 trades downloaded
[2026-05-21 06:23:52] Processing: CH0002353867 (BB Soerenberg AG)
[2026-05-21 06:23:52] ✓ CH0002353867: 231 trades downloaded
[2026-05-21 06:23:53] Processing: CH0010726963 (Beau-Rivage Palace SA, Lausanne-Ouchy)
[2026-05-21 06:23:54] ✓ CH0010726963: 795 trades downloaded
[2026-05-21 06:23:55] Processing: CH0024700483 (Belalp-Bahnen, Naters)
[2026-05-21 06:23:55] ✓ CH0024700483: 29 trades downloaded
[2026-05-21 06:23:56] Processing: CH0187392300 (Bellwald Sportbahnen N)
[2026-05-21 06:23:56] ✓ CH0187392300: 10 trades downloaded
[2026-05-21 06:23:57] Processing: CH0002332093 (Bergbahnen Brigels N)
[2026-05-21 06:23:57] ✓ CH0002332093: 148 trades downloaded
[2026-05-21 06:23:58] Processing: CH0018384120 (Bergbahnen Destination Gstaad N)
[2026-05-21 06:23:58] ✓ CH0018384120: 432 trades downloaded
[2026-05-21 06:23:59] Processing: CH0292081723 (Bergbahnen Disentis N)
[2026-05-21 06:24:00] ✓ CH0292081723: 92 trades downloaded
[2026-05-21 06:24:01] Processing: CH0580517032 (Bergbahnen Hohsaas N)
[2026-05-21 06:24:01] ✓ CH0580517032: 0 trades downloaded
[2026-05-21 06:24:02] Processing: CH0036505888 (Bergbahnen Meiringen-Hasliberg N)
[2026-05-21 06:24:02] ✓ CH0036505888: 453 trades downloaded
[2026-05-21 06:24:03] Processing: CH0342666572 (Bergbahnen Scuol N)
[2026-05-21 06:24:03] ✓ CH0342666572: 245 trades downloaded
[2026-05-21 06:24:04] Processing: CH0016568880 (Bergbahnen Splügen-Tambo N)
[2026-05-21 06:24:04] ✓ CH0016568880: 46 trades downloaded
[2026-05-21 06:24:05] Processing: CH0045885032 (Bergbahnen Wildhaus AG)
[2026-05-21 06:24:06] ✓ CH0045885032: 91 trades downloaded
[2026-05-21 06:24:07] Processing: CH0014874918 (Bernerland Bank, Sumiswald)
[2026-05-21 06:24:07] ✓ CH0014874918: 899 trades downloaded
[2026-05-21 06:24:08] Processing: CH0322776573 (Berner Oberland-Bahnen N)
[2026-05-21 06:24:08] ✓ CH0322776573: 231 trades downloaded
[2026-05-21 06:24:09] Processing: CH0011100341 (BERNEXPO N)
[2026-05-21 06:24:09] ✓ CH0011100341: 2184 trades downloaded
[2026-05-21 06:24:10] Processing: CH0018043619 (Biene-Bank im Rheintal)
[2026-05-21 06:24:10] ✓ CH0018043619: 375 trades downloaded
[2026-05-21 06:24:11] Processing: CH0025889160 (BLS N)
[2026-05-21 06:24:11] ✓ CH0025889160: 1430 trades downloaded
[2026-05-21 06:24:12] Processing: CH0012684657 (Bobst Group N)
[2026-05-21 06:24:13] ✓ CH0012684657: 3192 trades downloaded
[2026-05-21 06:24:14] Processing: CH0545753953 (Bondpartners N)
[2026-05-21 06:24:14] ✓ CH0545753953: 154 trades downloaded
[2026-05-21 06:24:15] Processing: CH0001542635 (Brauerei Schützengarten AG N)
[2026-05-21 06:24:15] ✓ CH0001542635: 163 trades downloaded
[2026-05-21 06:24:16] Processing: CH0001542643 (Brauerei Schützengarten AG PS)
[2026-05-21 06:24:16] ✓ CH0001542643: 642 trades downloaded
[2026-05-21 06:24:17] Processing: CH0002052501 (Brunni-Bahnen N)
[2026-05-21 06:24:17] ✓ CH0002052501: 571 trades downloaded
[2026-05-21 06:24:18] Processing: CH0009438109 (BS Bank, Schaffhausen)
[2026-05-21 06:24:19] ✓ CH0009438109: 506 trades downloaded
[2026-05-21 06:24:20] Processing: CH0002657978 (Bystronic -B- N)
[2026-05-21 06:24:20] ✓ CH0002657978: 424 trades downloaded
[2026-05-21 06:24:21] Processing: CH0001570057 (Caran d`Ache, Genève, Serie B)
[2026-05-21 06:24:21] ✓ CH0001570057: 89 trades downloaded
[2026-05-21 06:24:22] Processing: CH0102022560 (CasaInvest N)
[2026-05-21 06:24:22] ✓ CH0102022560: 868 trades downloaded
[2026-05-21 06:24:23] Processing: CH1127803547 (Casale Holding Rg)
[2026-05-21 06:24:23] ✓ CH1127803547: 14 trades downloaded
[2026-05-21 06:24:24] Processing: CH0004959505 (Casino de Montreux SA Nom 100)
[2026-05-21 06:24:25] ✓ CH0004959505: 449 trades downloaded
[2026-05-21 06:24:26] Processing: CH0004959471 (Casino de Montreux SA Nom 50)
[2026-05-21 06:24:26] ✓ CH0004959471: 34 trades downloaded
[2026-05-21 06:24:27] Processing: CH0324791133 (Chemholding N)
[2026-05-21 06:24:27] ✓ CH0324791133: 4 trades downloaded
[2026-05-21 06:24:28] Processing: CH0020603475 (CKW N)
[2026-05-21 06:24:28] ✓ CH0020603475: 1489 trades downloaded
[2026-05-21 06:24:29] Processing: CH0010583448 (Clientis Bank Aareland N)
[2026-05-21 06:24:29] ✓ CH0010583448: 261 trades downloaded
[2026-05-21 06:24:30] Processing: CH0001336319 (Clientis Bank Oberuzwil AG)
[2026-05-21 06:24:30] ✓ CH0001336319: 70 trades downloaded
[2026-05-21 06:24:31] Processing: CH0010621925 (Clientis Bank Toggenburg)
[2026-05-21 06:24:32] ✓ CH0010621925: 211 trades downloaded
[2026-05-21 06:24:33] Processing: CH0001357000 (Clientis Sparkasse Oftringen)
[2026-05-21 06:24:33] ✓ CH0001357000: 191 trades downloaded
[2026-05-21 06:24:34] Processing: CH0001579363 (CMSA Holding SA)
[2026-05-21 06:24:34] ✓ CH0001579363: 1307 trades downloaded
[2026-05-21 06:24:35] Processing: CH0032462910 (Corvatsch AG Nom 3, Silvaplana)
[2026-05-21 06:24:35] ✓ CH0032462910: 534 trades downloaded
[2026-05-21 06:24:36] Processing: CH1100211528 (Crédit Mutuel de la Vallée N)
[2026-05-21 06:24:36] ✓ CH1100211528: 34 trades downloaded
[2026-05-21 06:24:37] Processing: CH0019556908 (Cresta Palace Celerina N)
[2026-05-21 06:24:37] ✓ CH0019556908: 230 trades downloaded
[2026-05-21 06:24:38] Processing: CH0433137400 (Davos Klosters Bergbahnen N)
[2026-05-21 06:24:39] ✓ CH0433137400: 539 trades downloaded
[2026-05-21 06:24:40] Processing: CH0109916244 (Diavolezza Lagalb N)
[2026-05-21 06:24:40] ✓ CH0109916244: 57 trades downloaded
[2026-05-21 06:24:41] Processing: CH0001665147 (Dolder Hotel AG, Zürich)
[2026-05-21 06:24:41] ✓ CH0001665147: 560 trades downloaded
[2026-05-21 06:24:42] Processing: CH0578688241 (Drahtseilbahn Marzili N)
[2026-05-21 06:24:42] ✓ CH0578688241: 9 trades downloaded
[2026-05-21 06:24:43] Processing: CH0001669255 (Drahtseilbahn Marzili-Stadt Bern N)
[2026-05-21 06:24:43] ✓ CH0001669255: 36 trades downloaded
[2026-05-21 06:24:44] Processing: CH0001777876 (ebs Erdgas + Biogas)
[2026-05-21 06:24:45] ✓ CH0001777876: 48 trades downloaded
[2026-05-21 06:24:46] Processing: CH1159308571 (EcoRenova N)
[2026-05-21 06:24:46] ✓ CH1159308571: 3 trades downloaded
[2026-05-21 06:24:47] Processing: CH0102699540 (Energ Elec du Simplon E.E.S.)
[2026-05-21 06:24:47] ✓ CH0102699540: 94 trades downloaded
[2026-05-21 06:24:48] Processing: CH0014386996 (Energie Zürichsee Linth N)
[2026-05-21 06:24:48] ✓ CH0014386996: 833 trades downloaded
[2026-05-21 06:24:49] Processing: CH0031926105 (Engadin Mountains AG)
[2026-05-21 06:24:49] ✓ CH0031926105: 685 trades downloaded
[2026-05-21 06:24:50] Processing: CH0129442221 (Eniwa Holding AG)
[2026-05-21 06:24:50] ✓ CH0129442221: 828 trades downloaded
[2026-05-21 06:24:51] Processing: CH0001337200 (Ersparniskasse Affoltern)
[2026-05-21 06:24:52] ✓ CH0001337200: 232 trades downloaded
[2026-05-21 06:24:53] Processing: CH0001704680 (Eskimo Textil AG, Turbenthal)
[2026-05-21 06:24:53] ✓ CH0001704680: 35 trades downloaded
[2026-05-21 06:24:54] Processing: CH0002557400 (Espace Real Estate Hldg N)
[2026-05-21 06:24:54] ✓ CH0002557400: 3282 trades downloaded
[2026-05-21 06:24:55] Processing: CH0001239398 (EW Brig-Naters EWBN)
[2026-05-21 06:24:55] ✓ CH0001239398: 148 trades downloaded
[2026-05-21 06:24:56] Processing: CH0001690533 (EW Jona-Rapperswil, Jona)
[2026-05-21 06:24:56] ✓ CH0001690533: 1535 trades downloaded
[2026-05-21 06:24:57] Processing: CH0001691614 (EW Uznach AG)
[2026-05-21 06:24:57] ✓ CH0001691614: 230 trades downloaded
[2026-05-21 06:24:58] Processing: CH0001413704 (Flughafen Bern AG N)
[2026-05-21 06:24:59] ✓ CH0001413704: 509 trades downloaded
[2026-05-21 06:25:00] Processing: CH1106247997 (Funi Locarno-Madonna N)
[2026-05-21 06:25:00] ✓ CH1106247997: 13 trades downloaded
[2026-05-21 06:25:01] Processing: CH1104949586 (Funi Lugano-Paradiso N)
[2026-05-21 06:25:01] ✓ CH1104949586: 20 trades downloaded
[2026-05-21 06:25:02] Processing: CH0001602009 (Generale Beaulieu Holding SA)
[2026-05-21 06:25:02] ✓ CH0001602009: 221 trades downloaded
[2026-05-21 06:25:03] Processing: CH1405847034 (Geoterra Holding Rg)
[2026-05-21 06:25:04] ✓ CH1405847034: 409 trades downloaded
[2026-05-21 06:25:05] Processing: CH0006980079 (Gondelbahn Grindelwald N)
[2026-05-21 06:25:05] ✓ CH0006980079: 552 trades downloaded
[2026-05-21 06:25:06] Processing: CH0375446173 (Gondrand Hldg Vz N)
[2026-05-21 06:25:06] ✓ CH0375446173: 84 trades downloaded
[2026-05-21 06:25:07] Processing: CH0002221338 (Gotthard Raststätte A2 Uri AG)
[2026-05-21 06:25:07] ✓ CH0002221338: 1063 trades downloaded
[2026-05-21 06:25:08] Processing: CH0002541586 (Grand Resort Bad Ragaz, Bad Ragaz)
[2026-05-21 06:25:08] ✓ CH0002541586: 1194 trades downloaded
[2026-05-21 06:25:09] Processing: CH0006532565 (Griesser Holding AG, Aadorf)
[2026-05-21 06:25:09] ✓ CH0006532565: 1290 trades downloaded
[2026-05-21 06:25:10] Processing: CH0016523125 (Griston Holding AG)
[2026-05-21 06:25:11] ✓ CH0016523125: 458 trades downloaded
[2026-05-21 06:25:12] Processing: CH0005051021 (Gurtenbahn AG N)
[2026-05-21 06:25:12] ✓ CH0005051021: 117 trades downloaded
[2026-05-21 06:25:13] Processing: CH0023124214 (HBB Holding AG)
[2026-05-21 06:25:13] ✓ CH0023124214: 442 trades downloaded
[2026-05-21 06:25:14] Processing: CH0001865523 (Heim im Bergli AG, Luzern)
[2026-05-21 06:25:14] ✓ CH0001865523: 60 trades downloaded
[2026-05-21 06:25:15] Processing: CH0304280636 (Helvetic Star Holding)
[2026-05-21 06:25:15] ✓ CH0304280636: 70 trades downloaded
[2026-05-21 06:25:16] Processing: CH0000648680 (Hochalpines Institut Ftan AG)
[2026-05-21 06:25:16] ✓ CH0000648680: 139 trades downloaded
[2026-05-21 06:25:17] Processing: CH0016016849 (Hoch-Ybrig N)
[2026-05-21 06:25:18] ✓ CH0016016849: 692 trades downloaded
[2026-05-21 06:25:19] Processing: CH0001992681 (Hof Weissbad AG)
[2026-05-21 06:25:19] ✓ CH0001992681: 1430 trades downloaded
[2026-05-21 06:25:20] Processing: CH0010923875 (Hoher Kasten Drehrestaurant und Seilbahn AG)
[2026-05-21 06:25:21] ✓ CH0010923875: 667 trades downloaded
[2026-05-21 06:25:22] Processing: CH0020502743 (Holdinova N)
[2026-05-21 06:25:22] ✓ CH0020502743: 5072 trades downloaded
[2026-05-21 06:25:23] Processing: CH0001906848 (Imbrex Hldg N)
[2026-05-21 06:25:24] ✓ CH0001906848: 328 trades downloaded
[2026-05-21 06:25:25] Processing: CH0001910089 (Immges Viamala, Thusis)
[2026-05-21 06:25:25] ✓ CH0001910089: 87 trades downloaded
[2026-05-21 06:25:26] Processing: CH0324793667 (Immobiliare Pharmapark N)
[2026-05-21 06:25:26] ✓ CH0324793667: 63 trades downloaded
[2026-05-21 06:25:27] Processing: CH0001344685 (KB Nidwalden PS)
[2026-05-21 06:25:27] ✓ CH0001344685: 108 trades downloaded
[2026-05-21 06:25:28] Processing: CH0263939958 (Klosters-Madrisa N)
[2026-05-21 06:25:28] ✓ CH0263939958: 170 trades downloaded
[2026-05-21 06:25:29] Processing: CH0001514501 (Kongresshaus Zürich AG, Zürich)
[2026-05-21 06:25:30] ✓ CH0001514501: 813 trades downloaded
[2026-05-21 06:25:31] Processing: CH0115029545 (Konkordia AG N)
[2026-05-21 06:25:31] ✓ CH0115029545: 235 trades downloaded
[2026-05-21 06:25:32] Processing: CH0002052915 (Kronberg N)
[2026-05-21 06:25:32] ✓ CH0002052915: 231 trades downloaded
[2026-05-21 06:25:33] Processing: CH0001574604 (Kursaal-Casino AG, Luzern GS)
[2026-05-21 06:25:33] ✓ CH0001574604: 216 trades downloaded
[2026-05-21 06:25:34] Processing: CH0001574596 (Kursaal-Casino AG, Luzern N)
[2026-05-21 06:25:34] ✓ CH0001574596: 1774 trades downloaded
[2026-05-21 06:25:35] Processing: CH0001989513 (Kursaal Interlaken N)
[2026-05-21 06:25:35] ✓ CH0001989513: 654 trades downloaded
[2026-05-21 06:25:36] Processing: CH0304449611 (Lagerhäuser der Centralschweiz N)
[2026-05-21 06:25:37] ✓ CH0304449611: 229 trades downloaded
[2026-05-21 06:25:38] Processing: CH0002400585 (Landwirtschaft ZRA, Aarberg)
[2026-05-21 06:25:38] ✓ CH0002400585: 229 trades downloaded
[2026-05-21 06:25:39] Processing: CH0001343885 (Leihkasse Stammheim)
[2026-05-21 06:25:39] ✓ CH0001343885: 121 trades downloaded
[2026-05-21 06:25:40] Processing: CH0001788345 (Lenk Bergbahnen, Lenk)
[2026-05-21 06:25:40] ✓ CH0001788345: 201 trades downloaded
[2026-05-21 06:25:41] Processing: CH0023497271 (Lenzerheide Bergbahnen)
[2026-05-21 06:25:41] ✓ CH0023497271: 1194 trades downloaded
[2026-05-21 06:25:42] Processing: CH0001318374 (Lienhardt & Partner Privatbank Zürich AG, Zürich)
[2026-05-21 06:25:42] ✓ CH0001318374: 487 trades downloaded
[2026-05-21 06:25:43] Processing: CH0002045471 (Loeb Holding N -B-)
[2026-05-21 06:25:44] ✓ CH0002045471: 240 trades downloaded
[2026-05-21 06:25:45] Processing: CH0002045497 (Loeb Holding PS)
[2026-05-21 06:25:45] ✓ CH0002045497: 2671 trades downloaded
[2026-05-21 06:25:46] Processing: CH0105175175 (Lorze AG)
[2026-05-21 06:25:46] ✓ CH0105175175: 292 trades downloaded
[2026-05-21 06:25:47] Processing: CH0001542601 (Löwengarten AG)
[2026-05-21 06:25:47] ✓ CH0001542601: 22 trades downloaded
[2026-05-21 06:25:48] Processing: CH0563381901 (LSB Dallenwil-Wirzweli N)
[2026-05-21 06:25:48] ✓ CH0563381901: 6 trades downloaded
[2026-05-21 06:25:49] Processing: CH0002052782 (LSB Grindelwald-Pfingstegg AG)
[2026-05-21 06:25:50] ✓ CH0002052782: 160 trades downloaded
[2026-05-21 06:25:51] Processing: CH0342342653 (LSB Unterterzen-Flumserberg)
[2026-05-21 06:25:51] ✓ CH0342342653: 89 trades downloaded
[2026-05-21 06:25:52] Processing: CH0002055819 (LSB Wasserauen-Ebenalp AG)
[2026-05-21 06:25:52] ✓ CH0002055819: 87 trades downloaded
[2026-05-21 06:25:53] Processing: CH0002056031 (LSB Wengen-Männlichen AG)
[2026-05-21 06:25:53] ✓ CH0002056031: 351 trades downloaded
[2026-05-21 06:25:54] Processing: CH0002056957 (Lurag AG, Neuenkirch)
[2026-05-21 06:25:54] ✓ CH0002056957: 777 trades downloaded
[2026-05-21 06:25:55] Processing: CH0002057070 (Lyceum Alpinum Zuoz AG)
[2026-05-21 06:25:55] ✓ CH0002057070: 134 trades downloaded
[2026-05-21 06:25:56] Processing: CH0198963503 (Magazzini Generali N)
[2026-05-21 06:25:57] ✓ CH0198963503: 21 trades downloaded
[2026-05-21 06:25:58] Processing: CH0016376714 (Matterhorn Gotthard Verkehr AG)
[2026-05-21 06:25:58] ✓ CH0016376714: 101 trades downloaded
[2026-05-21 06:25:59] Processing: CH0014069212 (Menzi Muck Gruppe N)
[2026-05-21 06:25:59] ✓ CH0014069212: 1340 trades downloaded
[2026-05-21 06:26:00] Processing: CH0002092622 (Metall Zug AG Serie A)
[2026-05-21 06:26:00] ✓ CH0002092622: 561 trades downloaded
[2026-05-21 06:26:01] Processing: CH0107020692 (Montana Tech N)
[2026-05-21 06:26:01] ✓ CH0107020692: 1684 trades downloaded
[2026-05-21 06:26:02] Processing: CH0003798599 (Montreux-Berner Oberland Bahn)
[2026-05-21 06:26:02] ✓ CH0003798599: 458 trades downloaded
[2026-05-21 06:26:03] Processing: CH0126517975 (Neue Zürcher Zeitung, Zürich)
[2026-05-21 06:26:04] ✓ CH0126517975: 3700 trades downloaded
[2026-05-21 06:26:05] Processing: CH0187475709 (Nexus Gr Hold N)
[2026-05-21 06:26:05] ✓ CH0187475709: 165 trades downloaded
[2026-05-21 06:26:06] Processing: CH0572824867 (Niederhornbahn N)
[2026-05-21 06:26:06] ✓ CH0572824867: 67 trades downloaded
[2026-05-21 06:26:07] Processing: CH1104984104 (Niesenbahn N)
[2026-05-21 06:26:07] ✓ CH1104984104: 147 trades downloaded
[2026-05-21 06:26:08] Processing: CH0013592248 (NORINVEST HLDG N)
[2026-05-21 06:26:08] ✓ CH0013592248: 158 trades downloaded
[2026-05-21 06:26:09] Processing: CH0002160460 (Opernhaus Zürich N 300)
[2026-05-21 06:26:10] ✓ CH0002160460: 29 trades downloaded
[2026-05-21 06:26:11] Processing: CH0002160478 (Opernhaus Zürich N 900)
[2026-05-21 06:26:11] ✓ CH0002160478: 361 trades downloaded
[2026-05-21 06:26:12] Processing: CH0017915742 (OTC-X All Share)
[2026-05-21 06:26:12] ✓ CH0017915742: 0 trades downloaded
[2026-05-21 06:26:13] Processing: CH0017915718 (OTC-X Banken)
[2026-05-21 06:26:13] ✓ CH0017915718: 0 trades downloaded
[2026-05-21 06:26:14] Processing: CH0039576753 (OTC-X Bergbahnen)
[2026-05-21 06:26:14] ✓ CH0039576753: 0 trades downloaded
[2026-05-21 06:26:15] Processing: CH0039576787 (OTC-X Beteiligungsgesellschaften)
[2026-05-21 06:26:15] ✓ CH0039576787: 0 trades downloaded
[2026-05-21 06:26:16] Processing: CH0017915692 (OTC-X Energie)
[2026-05-21 06:26:17] ✓ CH0017915692: 0 trades downloaded
[2026-05-21 06:26:18] Processing: CH0039576837 (OTC-X Immobilien)
[2026-05-21 06:26:18] ✓ CH0039576837: 0 trades downloaded
[2026-05-21 06:26:19] Processing: CH0017915684 (OTC-X Industrie)
[2026-05-21 06:26:19] ✓ CH0017915684: 0 trades downloaded
[2026-05-21 06:26:20] Processing: CH0039576860 (OTC-X Liquidity)
[2026-05-21 06:26:20] ✓ CH0039576860: 0 trades downloaded
[2026-05-21 06:26:21] Processing: CH0017915668 (OTC-X Medien)
[2026-05-21 06:26:21] ✓ CH0017915668: 0 trades downloaded
[2026-05-21 06:26:22] Processing: CH0039576852 (OTC-X Nahrung und Getraenke)
[2026-05-21 06:26:22] ✓ CH0039576852: 0 trades downloaded
[2026-05-21 06:26:23] Processing: CH0213109793 (OTC-X Premium)
[2026-05-21 06:26:24] ✓ CH0213109793: 0 trades downloaded
[2026-05-21 06:26:25] Processing: CH0017915726 (OTC-X TOP50)
[2026-05-21 06:26:25] ✓ CH0017915726: 0 trades downloaded
[2026-05-21 06:26:26] Processing: CH0017915643 (OTC-X Tourismus/Freizeit/Sonstiges)
[2026-05-21 06:26:26] ✓ CH0017915643: 0 trades downloaded
[2026-05-21 06:26:27] Processing: CH0017915635 (OTC-X Transport/Verkehr/Logistik)
[2026-05-21 06:26:27] ✓ CH0017915635: 0 trades downloaded
[2026-05-21 06:26:28] Processing: CH0467707490 (Outdoor Switzerland N)
[2026-05-21 06:26:28] ✓ CH0467707490: 76 trades downloaded
[2026-05-21 06:26:29] Processing: CH0002174743 (Parking des Alpes N)
[2026-05-21 06:26:29] ✓ CH0002174743: 9 trades downloaded
[2026-05-21 06:26:30] Processing: CH0016049881 (Patiswiss AG)
[2026-05-21 06:26:31] ✓ CH0016049881: 922 trades downloaded
[2026-05-21 06:26:32] Processing: CH1350861261 (Perlen Industrieholding N)
[2026-05-21 06:26:32] ✓ CH1350861261: 1518 trades downloaded
[2026-05-21 06:26:33] Processing: CH0009005973 (Pilatus-Bahnen AG, Kriens)
[2026-05-21 06:26:33] ✓ CH0009005973: 1816 trades downloaded
[2026-05-21 06:26:34] Processing: CH0012457633 (Plaston Holding AG)
[2026-05-21 06:26:34] ✓ CH0012457633: 1400 trades downloaded
[2026-05-21 06:26:35] Processing: CH0284143929 (PLAZZA-B-N)
[2026-05-21 06:26:35] ✓ CH0284143929: 111 trades downloaded
[2026-05-21 06:26:36] Processing: CH0286266488 (Ports Francs et Entrepôts de Genève)
[2026-05-21 06:26:36] ✓ CH0286266488: 0 trades downloaded
[2026-05-21 06:26:37] Processing: CH0122303669 (Prayon Switzerland N)
[2026-05-21 06:26:38] ✓ CH0122303669: 22 trades downloaded
[2026-05-21 06:26:39] Processing: CH0013283368 (Precious Woods Hldg N)
[2026-05-21 06:26:39] ✓ CH0013283368: 555 trades downloaded
[2026-05-21 06:26:40] Processing: CH0002218664 (Railtour Suisse SA Nom 100)
[2026-05-21 06:26:40] ✓ CH0002218664: 0 trades downloaded
[2026-05-21 06:26:41] Processing: CH0002218698 (Railtour Suisse SA Nom 500)
[2026-05-21 06:26:41] ✓ CH0002218698: 0 trades downloaded
[2026-05-21 06:26:42] Processing: CH0030333360 (Rapid Holding N)
[2026-05-21 06:26:42] ✓ CH0030333360: 1475 trades downloaded
[2026-05-21 06:26:43] Processing: CH0027315818 (Raststätte Rheintal AG, Sevelen)
[2026-05-21 06:26:44] ✓ CH0027315818: 207 trades downloaded
[2026-05-21 06:26:45] Processing: CH0002221304 (Raststätte Thurau, St. Gallen)
[2026-05-21 06:26:45] ✓ CH0002221304: 191 trades downloaded
[2026-05-21 06:26:46] Processing: CH0018525532 (Raststätte Walensee AG)
[2026-05-21 06:26:46] ✓ CH0018525532: 95 trades downloaded
[2026-05-21 06:26:47] Processing: CH1387788180 (Raurica Wald N-B)
[2026-05-21 06:26:47] ✓ CH1387788180: 19 trades downloaded
[2026-05-21 06:26:48] Processing: CH0001340196 (Regiobank Männedorf)
[2026-05-21 06:26:48] ✓ CH0001340196: 231 trades downloaded
[2026-05-21 06:26:49] Processing: CH1112956201 (Regiobank Solothurn N)
[2026-05-21 06:26:49] ✓ CH1112956201: 3128 trades downloaded
[2026-05-21 06:26:50] Processing: CH0002227095 (Reishauer N)
[2026-05-21 06:26:51] ✓ CH0002227095: 1086 trades downloaded
[2026-05-21 06:26:52] Processing: CH0199383602 (Remontées Mécaniques de Grimentz)
[2026-05-21 06:26:52] ✓ CH0199383602: 11 trades downloaded
[2026-05-21 06:26:53] Processing: CH0320096990 (Repower N)
[2026-05-21 06:26:53] ✓ CH0320096990: 4916 trades downloaded
[2026-05-21 06:26:54] Processing: CH0002234398 (Rhätische Bahn RhB / Prior)
[2026-05-21 06:26:54] ✓ CH0002234398: 255 trades downloaded
[2026-05-21 06:26:55] Processing: CH0002234372 (Rhätische Bahn RhB / Stamm)
[2026-05-21 06:26:55] ✓ CH0002234372: 212 trades downloaded
[2026-05-21 06:26:56] Processing: CH0001378626 (Rhiienergie AG, Tamins)
[2026-05-21 06:26:57] ✓ CH0001378626: 131 trades downloaded
[2026-05-21 06:26:58] Processing: CH0016290014 (Rigi Bahnen AG, Goldau)
[2026-05-21 06:26:58] ✓ CH0016290014: 2690 trades downloaded
[2026-05-21 06:26:59] Processing: CH0114457390 (Rottal Auto AG, Ruswil)
[2026-05-21 06:26:59] ✓ CH0114457390: 49 trades downloaded
[2026-05-21 06:27:00] Processing: CH0000975372 (Säntis-Schwebebahn AG, Schwägalp)
[2026-05-21 06:27:00] ✓ CH0000975372: 3147 trades downloaded
[2026-05-21 06:27:01] Processing: CH0002353487 (SB Elm AG N)
[2026-05-21 06:27:01] ✓ CH0002353487: 105 trades downloaded
[2026-05-21 06:27:02] Processing: CH0001394607 (SB im Mythengebiet, Schwyz)
[2026-05-21 06:27:02] ✓ CH0001394607: 51 trades downloaded
[2026-05-21 06:27:03] Processing: CH0002353693 (SB Pischa, Davos)
[2026-05-21 06:27:04] ✓ CH0002353693: 132 trades downloaded
[2026-05-21 06:27:05] Processing: CH0001352928 (SB Saanen Bank)
[2026-05-21 06:27:05] ✓ CH0001352928: 1356 trades downloaded
[2026-05-21 06:27:06] Processing: CH0341320114 (Schifffahrtsges. Hallwilersee)
[2026-05-21 06:27:06] ✓ CH0341320114: 123 trades downloaded
[2026-05-21 06:27:07] Processing: CH0002276266 (Schilthornbahn AG Mürren)
[2026-05-21 06:27:07] ✓ CH0002276266: 2801 trades downloaded
[2026-05-21 06:27:08] Processing: CH0002283601 (Schützen Rheinfelden Immobilien N)
[2026-05-21 06:27:08] ✓ CH0002283601: 272 trades downloaded
[2026-05-21 06:27:09] Processing: CH0006234014 (Schweizer Zucker AG)
[2026-05-21 06:27:10] ✓ CH0006234014: 2292 trades downloaded
[2026-05-21 06:27:11] Processing: CH0002291802 (Schweiz. Schifffahrtsges. Untersee und Rhein N)
[2026-05-21 06:27:11] ✓ CH0002291802: 136 trades downloaded
[2026-05-21 06:27:12] Processing: CH0031151084 (SeeBeteiligungs AG)
[2026-05-21 06:27:12] ✓ CH0031151084: 885 trades downloaded
[2026-05-21 06:27:13] Processing: CH0030693185 (Seilbahn Weissenstein AG)
[2026-05-21 06:27:13] ✓ CH0030693185: 1095 trades downloaded
[2026-05-21 06:27:14] Processing: CH0421720779 (SGV Holding N)
[2026-05-21 06:27:14] ✓ CH0421720779: 2458 trades downloaded
[2026-05-21 06:27:15] Processing: CH0547027570 (SIA-Haus Vz N)
[2026-05-21 06:27:15] ✓ CH0547027570: 160 trades downloaded
[2026-05-21 06:27:16] Processing: CH0009219186 (sitEX Properties Hldg N)
[2026-05-21 06:27:17] ✓ CH0009219186: 348 trades downloaded
[2026-05-21 06:27:18] Processing: CH0305002096 (Skilifte Brunni-Haggenegg N)
[2026-05-21 06:27:18] ✓ CH0305002096: 42 trades downloaded
[2026-05-21 06:27:19] Processing: CH0001350328 (Spar + Leihkasse Gürbetal N)
[2026-05-21 06:27:20] ✓ CH0001350328: 285 trades downloaded
[2026-05-21 06:27:21] Processing: CH0001352720 (Spar+Leihkasse Riggisberg)
[2026-05-21 06:27:21] ✓ CH0001352720: 501 trades downloaded
[2026-05-21 06:27:22] Processing: CH0318681860 (Spar- und Leihkasse Bucheggberg N)
[2026-05-21 06:27:22] ✓ CH0318681860: 908 trades downloaded
[2026-05-21 06:27:23] Processing: CH0001350112 (Spar- und Leihkasse Frutigen)
[2026-05-21 06:27:23] ✓ CH0001350112: 360 trades downloaded
[2026-05-21 06:27:24] Processing: CH0001354296 (Spar- und Leihkasse Wynigen)
[2026-05-21 06:27:25] ✓ CH0001354296: 106 trades downloaded
[2026-05-21 06:27:26] Processing: CH0320093559 (Sportbahnen Atzmaennig N)
[2026-05-21 06:27:26] ✓ CH0320093559: 72 trades downloaded
[2026-05-21 06:27:27] Processing: CH0002513312 (SSE Holding N)
[2026-05-21 06:27:27] ✓ CH0002513312: 3352 trades downloaded
[2026-05-21 06:27:28] Processing: CH0009319721 (Stadtcasino Baden AG, Baden)
[2026-05-21 06:27:28] ✓ CH0009319721: 2144 trades downloaded
[2026-05-21 06:27:29] Processing: CH0586685981 (Stanserhorn-Bahn N -10-)
[2026-05-21 06:27:29] ✓ CH0586685981: 24 trades downloaded
[2026-05-21 06:27:30] Processing: CH0586455245 (Stanserhorn-Bahn N -250-)
[2026-05-21 06:27:31] ✓ CH0586455245: 241 trades downloaded
[2026-05-21 06:27:32] Processing: CH0487871656 (STI Hldg N)
[2026-05-21 06:27:32] ✓ CH0487871656: 10 trades downloaded
[2026-05-21 06:27:33] Processing: CH0005701708 (Stoosbahnen N)
[2026-05-21 06:27:33] ✓ CH0005701708: 379 trades downloaded
[2026-05-21 06:27:34] Processing: CH0197490847 (Sunstar-Holding N -A-)
[2026-05-21 06:27:34] ✓ CH0197490847: 845 trades downloaded
[2026-05-21 06:27:35] Processing: CH0341319801 (Sursee-Triengen Bahn N)
[2026-05-21 06:27:35] ✓ CH0341319801: 18 trades downloaded
[2026-05-21 06:27:36] Processing: CH0001395539 (Suvretta-Haus, St. Moritz)
[2026-05-21 06:27:37] ✓ CH0001395539: 223 trades downloaded
[2026-05-21 06:27:38] Processing: CH0002512801 (Swisstulle AG)
[2026-05-21 06:27:38] ✓ CH0002512801: 154 trades downloaded
[2026-05-21 06:27:39] Processing: CH0121640970 (SWS Medien N)
[2026-05-21 06:27:39] ✓ CH0121640970: 128 trades downloaded
[2026-05-21 06:27:40] Processing: CH0002538012 (Tersa AG)
[2026-05-21 06:27:40] ✓ CH0002538012: 124 trades downloaded
[2026-05-21 06:27:41] Processing: CH0596918380 (Thermalbad Zurzach N)
[2026-05-21 06:27:42] ✓ CH0596918380: 628 trades downloaded
[2026-05-21 06:27:43] Processing: CH0223260743 (Toggenburg Bergbahnen N)
[2026-05-21 06:27:43] ✓ CH0223260743: 452 trades downloaded
[2026-05-21 06:27:44] Processing: CH0001725255 (Tonwerk Lausen N)
[2026-05-21 06:27:44] ✓ CH0001725255: 57 trades downloaded
[2026-05-21 06:27:45] Processing: CH0002557616 (Treib-Seelisberg-Bahn AG)
[2026-05-21 06:27:46] ✓ CH0002557616: 78 trades downloaded
[2026-05-21 06:27:47] Processing: CH0002569694 (Tuwag Immobilien AG, Wädenswil)
[2026-05-21 06:27:47] ✓ CH0002569694: 53 trades downloaded
[2026-05-21 06:27:48] Processing: CH0326691679 (Unione Farmaceutica Distr N)
[2026-05-21 06:27:48] ✓ CH0326691679: 24 trades downloaded
[2026-05-21 06:27:49] Processing: CH0326380885 (Unipharma N)
[2026-05-21 06:27:49] ✓ CH0326380885: 9 trades downloaded
[2026-05-21 06:27:50] Processing: CH0306293272 (Usines Metallurgiques de Vallorbe N)
[2026-05-21 06:27:50] ✓ CH0306293272: 65 trades downloaded
[2026-05-21 06:27:51] Processing: CH0033136596 (Viamala Raststätte Thusis AG)
[2026-05-21 06:27:52] ✓ CH0033136596: 2 trades downloaded
[2026-05-21 06:27:53] Processing: CH0029910939 (VOe holding N)
[2026-05-21 06:27:53] ✓ CH0029910939: 362 trades downloaded
[2026-05-21 06:27:54] Processing: CH0212936964 (Weiss+Appetito N)
[2026-05-21 06:27:54] ✓ CH0212936964: 1270 trades downloaded
[2026-05-21 06:27:55] Processing: CH0000041795 (Weisse Arena AG, Laax)
[2026-05-21 06:27:55] ✓ CH0000041795: 1413 trades downloaded
[2026-05-21 06:27:56] Processing: CH0004960180 (Weleda N-PS)
[2026-05-21 06:27:56] ✓ CH0004960180: 2643 trades downloaded
[2026-05-21 06:27:57] Processing: CH0010173182 (Welinvest AG in Liquidation)
[2026-05-21 06:27:57] ✓ CH0010173182: 1968 trades downloaded
[2026-05-21 06:27:58] Processing: CH1204218437 (WIR Bank BS N)
[2026-05-21 06:27:59] ✓ CH1204218437: 363 trades downloaded
[2026-05-21 06:28:00] Processing: CH1102090151 (WWZ N)
[2026-05-21 06:28:00] ✓ CH1102090151: 5179 trades downloaded
[2026-05-21 06:28:01] Processing: CH0002056114 (Zermatt Bergbahnen N)
[2026-05-21 06:28:01] ✓ CH0002056114: 578 trades downloaded
[2026-05-21 06:28:02] Processing: CH0002370903 (ZLB Zürcher Landbank)
[2026-05-21 06:28:02] ✓ CH0002370903: 253 trades downloaded
[2026-05-21 06:28:03] Processing: CH0002655501 (Zoologischer Garten, Basel)
[2026-05-21 06:28:04] ✓ CH0002655501: 88 trades downloaded
[2026-05-21 06:28:05] Processing: CH0002654934 (ZT Medien N)
[2026-05-21 06:28:05] ✓ CH0002654934: 191 trades downloaded
[2026-05-21 06:28:06] Processing: CH0148052118 (Zug Estates N Serie A)
[2026-05-21 06:28:06] ✓ CH0148052118: 230 trades downloaded
[2026-05-21 06:28:07] Processing: CH0001671707 (Zürcher Oberland Medien AG, Wetzikon)
[2026-05-21 06:28:07] ✓ CH0001671707: 514 trades downloaded
[2026-05-21 06:28:08] Processing: CH0002658448 (Zürichsee-Fähre Horgen-Meilen AG)
[2026-05-21 06:28:08] ✓ CH0002658448: 1016 trades downloaded
[2026-05-21 06:28:09] Processing: CH0553343069 (Zürichsee-Schifffahrtsgesellschaft)
[2026-05-21 06:28:09] ✓ CH0553343069: 429 trades downloaded
[2026-05-21 06:28:10] ========== SUMMARY ==========
[2026-05-21 06:28:10] Total ISINs processed: 242
[2026-05-21 06:28:10] Successful downloads: 242
[2026-05-21 06:28:10] Failed/Not Found: 0
[2026-05-21 06:28:10] CSV files created: 242
[2026-05-21 06:28:10] Time elapsed: 4m 50s
[2026-05-21 06:28:10] Log saved: /home/runner/work/OTC-X/OTC-X/backend/logs/downloader_2026-05-21_062316.log
[2026-05-21 06:28:17] ======================================================================
[2026-05-21 06:28:17] OTC-X Liquidity Metrics Engine - Starting
[2026-05-21 06:28:17] Timestamp: 2026-05-21 06:28:17
[2026-05-21 06:28:17] ======================================================================
[2026-05-21 06:28:17] [1/4] Loading input data...
[2026-05-21 06:28:17]       Trades: /home/runner/work/OTC-X/OTC-X/backend/data/master_trades.parquet
[2026-05-21 06:28:17]       -> 139,740 trades loaded (225 ISINs)
[2026-05-21 06:28:17]       Securities: /home/runner/work/OTC-X/OTC-X/backend/data/securities.csv
[2026-05-21 06:28:17]       -> 242 securities loaded (11 sectors)
[2026-05-21 06:28:17] [2/4] Computing liquidity metrics...
[2026-05-21 06:28:17]     Step 1/4: Daily aggregation...
[2026-05-21 06:28:17]              76,480 daily observations
[2026-05-21 06:28:17]     Step 2/4: Liquidity metrics...
[2026-05-21 06:28:17]     Step 3/4: Rolling baselines (30 trading days)...
[2026-05-21 06:28:17]     Step 4/4: Anomaly detection...
[2026-05-21 06:28:17] [3/4] Enriching with security metadata...
[2026-05-21 06:28:17]       [!] 1 ISINs have no metadata (Name/Sektor will be null)
[2026-05-21 06:28:17]       -> Final shape: (76480, 26)
[2026-05-21 06:28:17] [4/4] Saving output...
[2026-05-21 06:28:17]       -> Written to: /home/runner/work/OTC-X/OTC-X/backend/data/daily_metrics.parquet
[2026-05-21 06:28:17]       -> Size: 2.48 MB
[2026-05-21 06:28:17] ======================================================================
[2026-05-21 06:28:17] SUCCESS! Pipeline completed.
[2026-05-21 06:28:17] ======================================================================
[2026-05-21 06:28:17] Total rows:       76,480
[2026-05-21 06:28:17] Unique ISINs:     225
[2026-05-21 06:28:17] Unique Sectors:   11
[2026-05-21 06:28:17] Date range:       2004-02-16 to 2026-05-20
[2026-05-21 06:28:17] Elapsed time:     0.3 seconds
[2026-05-21 06:28:17] Output Schema:
[2026-05-21 06:28:17]   Isin                      String
[2026-05-21 06:28:17]   Name                      String
[2026-05-21 06:28:17]   Sektor                    String
[2026-05-21 06:28:17]   Datum                     Date
[2026-05-21 06:28:17]   trades_today              UInt32
[2026-05-21 06:28:17]   volume_today_units        Float64
[2026-05-21 06:28:17]   volume_today_chf          Float64
[2026-05-21 06:28:17]   price_min                 Float64
[2026-05-21 06:28:17]   price_max                 Float64
[2026-05-21 06:28:17]   price_first               Float64
[2026-05-21 06:28:17]   price_last                Float64
[2026-05-21 06:28:17]   price_change_pct          Float64
[2026-05-21 06:28:17]   log_returns               Float64
[2026-05-21 06:28:17]   volatility_daily          Float64
[2026-05-21 06:28:17]   amihud_daily              Float64
[2026-05-21 06:28:17]   spread_log_hl             Float64
[2026-05-21 06:28:17]   trade_duration_min        Float64
[2026-05-21 06:28:17]   off_book_pct              Float64
[2026-05-21 06:28:17]   trades_30d_median         Float64
[2026-05-21 06:28:17]   volume_30d_median         Float64
[2026-05-21 06:28:17]   volatility_30d_median     Float64
[2026-05-21 06:28:17]   amihud_30d_median         Float64
[2026-05-21 06:28:17]   volume_spike              Boolean
[2026-05-21 06:28:17]   activity_spike            Boolean
[2026-05-21 06:28:17]   price_gap                 Boolean
[2026-05-21 06:28:17]   anomaly_score             UInt8
[2026-05-21 06:28:17] High-anomaly observations (score >= 5): 14,462 total
[2026-05-21 06:28:17]   2026-05-20 | CH0001992681 | Score: 5 | Price Change: -0.13%
[2026-05-21 06:28:17]   2026-05-20 | CH0002654934 | Score: 7 | Price Change: 8.52%
[2026-05-21 06:28:17]   2026-05-20 | CH0010923875 | Score: 7 | Price Change: -6.37%
[2026-05-21 06:28:17]   2026-05-20 | CH0018525532 | Score: 5 | Price Change: 0.55%
[2026-05-21 06:28:17]   2026-05-20 | CH0020502743 | Score: 5 | Price Change: 0.70%
