[2026-05-07 07:38:19] OTC-X Trade Downloader started
[2026-05-07 07:38:19] Loaded 242 rows from /home/runner/work/OTC-X/OTC-X/backend/data/securities.csv
[2026-05-07 07:38:19] Processing: CH0136182570 (acrevis Bank N)
[2026-05-07 07:38:22] ✓ CH0136182570: 3573 trades downloaded
[2026-05-07 07:38:23] Processing: CH0006668930 (ADEV Solarstrom AG, Liestal)
[2026-05-07 07:38:23] ✓ CH0006668930: 471 trades downloaded
[2026-05-07 07:38:24] Processing: CH0006524265 (ADEV Wasserkraftwerk AG, Liestal)
[2026-05-07 07:38:24] ✓ CH0006524265: 211 trades downloaded
[2026-05-07 07:38:25] Processing: CH0010497532 (ADEV Windkraft AG, Liestal)
[2026-05-07 07:38:25] ✓ CH0010497532: 148 trades downloaded
[2026-05-07 07:38:26] Processing: CH0034900248 (AG für Erstellung billiger Wohnhäuser in Winterthu)
[2026-05-07 07:38:26] ✓ CH0034900248: 119 trades downloaded
[2026-05-07 07:38:27] Processing: CH0001402418 (Agruna AG)
[2026-05-07 07:38:27] ✓ CH0001402418: 330 trades downloaded
[2026-05-07 07:38:28] Processing: CH0002599352 (Aletsch Bahnen N)
[2026-05-07 07:38:28] ✓ CH0002599352: 402 trades downloaded
[2026-05-07 07:38:29] Processing: CH0011322200 (Alpha Rheintal Bank, Heerbrugg)
[2026-05-07 07:38:30] ✓ CH0011322200: 1193 trades downloaded
[2026-05-07 07:38:31] Processing: CH0001418216 (Aluminium-Laufen AG Liesberg)
[2026-05-07 07:38:31] ✓ CH0001418216: 215 trades downloaded
[2026-05-07 07:38:32] Processing: CH0185254742 (Andermatt-Sedrun Sport AG)
[2026-05-07 07:38:32] ✓ CH0185254742: 434 trades downloaded
[2026-05-07 07:38:33] Processing: CH0026212446 (Appenzeller Bahnen)
[2026-05-07 07:38:33] ✓ CH0026212446: 236 trades downloaded
[2026-05-07 07:38:34] Processing: CH0001430930 (Arosa Bergbahnen AG, Arosa)
[2026-05-07 07:38:34] ✓ CH0001430930: 783 trades downloaded
[2026-05-07 07:38:35] Processing: CH0001457826 (Auto AG Schwyz, Schwyz)
[2026-05-07 07:38:35] ✓ CH0001457826: 96 trades downloaded
[2026-05-07 07:38:36] Processing: CH0029706766 (Auto AG Uri)
[2026-05-07 07:38:37] ✓ CH0029706766: 23 trades downloaded
[2026-05-07 07:38:38] Processing: CH0032018688 (Auto Hldg N)
[2026-05-07 07:38:38] ✓ CH0032018688: 1559 trades downloaded
[2026-05-07 07:38:39] Processing: CH0023777235 (aventron N)
[2026-05-07 07:38:39] ✓ CH0023777235: 614 trades downloaded
[2026-05-07 07:38:40] Processing: CH0003857031 (Bad Schinznach AG, Schinznach)
[2026-05-07 07:38:40] ✓ CH0003857031: 1041 trades downloaded
[2026-05-07 07:38:41] Processing: CH0001314852 (Bank in Zuzwil)
[2026-05-07 07:38:41] ✓ CH0001314852: 47 trades downloaded
[2026-05-07 07:38:42] Processing: CH0039074692 (Bank Leerau)
[2026-05-07 07:38:42] ✓ CH0039074692: 149 trades downloaded
[2026-05-07 07:38:43] Processing: CH0013792848 (Bank Oberaargau N)
[2026-05-07 07:38:44] ✓ CH0013792848: 541 trades downloaded
[2026-05-07 07:38:45] Processing: CH0001351862 (Bank SLM N)
[2026-05-07 07:38:46] ✓ CH0001351862: 475 trades downloaded
[2026-05-07 07:38:47] Processing: CH0049588129 (Bank von Roll AG)
[2026-05-07 07:38:47] ✓ CH0049588129: 252 trades downloaded
[2026-05-07 07:38:48] Processing: CH0303601253 (BB Adelboden N)
[2026-05-07 07:38:48] ✓ CH0303601253: 346 trades downloaded
[2026-05-07 07:38:49] Processing: CH0574732894 (BB Lauterbrunnen-Muerren N)
[2026-05-07 07:38:49] ✓ CH0574732894: 16 trades downloaded
[2026-05-07 07:38:50] Processing: CH0010756531 (BBO Bank Brienz-Oberhasli)
[2026-05-07 07:38:50] ✓ CH0010756531: 397 trades downloaded
[2026-05-07 07:38:51] Processing: CH0001507406 (BB Piz Mundaun AG)
[2026-05-07 07:38:51] ✓ CH0001507406: 103 trades downloaded
[2026-05-07 07:38:52] Processing: CH0002353867 (BB Soerenberg AG)
[2026-05-07 07:38:53] ✓ CH0002353867: 230 trades downloaded
[2026-05-07 07:38:54] Processing: CH0010726963 (Beau-Rivage Palace SA, Lausanne-Ouchy)
[2026-05-07 07:38:54] ✓ CH0010726963: 789 trades downloaded
[2026-05-07 07:38:55] Processing: CH0024700483 (Belalp-Bahnen, Naters)
[2026-05-07 07:38:55] ✓ CH0024700483: 29 trades downloaded
[2026-05-07 07:38:56] Processing: CH0187392300 (Bellwald Sportbahnen N)
[2026-05-07 07:38:56] ✓ CH0187392300: 10 trades downloaded
[2026-05-07 07:38:57] Processing: CH0002332093 (Bergbahnen Brigels N)
[2026-05-07 07:38:57] ✓ CH0002332093: 148 trades downloaded
[2026-05-07 07:38:58] Processing: CH0018384120 (Bergbahnen Destination Gstaad N)
[2026-05-07 07:38:58] ✓ CH0018384120: 432 trades downloaded
[2026-05-07 07:38:59] Processing: CH0292081723 (Bergbahnen Disentis N)
[2026-05-07 07:38:59] ✓ CH0292081723: 92 trades downloaded
[2026-05-07 07:39:00] Processing: CH0580517032 (Bergbahnen Hohsaas N)
[2026-05-07 07:39:01] ✓ CH0580517032: 0 trades downloaded
[2026-05-07 07:39:02] Processing: CH0036505888 (Bergbahnen Meiringen-Hasliberg N)
[2026-05-07 07:39:02] ✓ CH0036505888: 447 trades downloaded
[2026-05-07 07:39:03] Processing: CH0342666572 (Bergbahnen Scuol N)
[2026-05-07 07:39:03] ✓ CH0342666572: 245 trades downloaded
[2026-05-07 07:39:04] Processing: CH0016568880 (Bergbahnen Splügen-Tambo N)
[2026-05-07 07:39:04] ✓ CH0016568880: 46 trades downloaded
[2026-05-07 07:39:05] Processing: CH0045885032 (Bergbahnen Wildhaus AG)
[2026-05-07 07:39:05] ✓ CH0045885032: 91 trades downloaded
[2026-05-07 07:39:06] Processing: CH0014874918 (Bernerland Bank, Sumiswald)
[2026-05-07 07:39:06] ✓ CH0014874918: 898 trades downloaded
[2026-05-07 07:39:07] Processing: CH0322776573 (Berner Oberland-Bahnen N)
[2026-05-07 07:39:07] ✓ CH0322776573: 231 trades downloaded
[2026-05-07 07:39:08] Processing: CH0011100341 (BERNEXPO N)
[2026-05-07 07:39:10] ✓ CH0011100341: 2175 trades downloaded
[2026-05-07 07:39:11] Processing: CH0018043619 (Biene-Bank im Rheintal)
[2026-05-07 07:39:11] ✓ CH0018043619: 375 trades downloaded
[2026-05-07 07:39:12] Processing: CH0025889160 (BLS N)
[2026-05-07 07:39:13] ✓ CH0025889160: 1415 trades downloaded
[2026-05-07 07:39:14] Processing: CH0012684657 (Bobst Group N)
[2026-05-07 07:39:14] ✓ CH0012684657: 3173 trades downloaded
[2026-05-07 07:39:15] Processing: CH0545753953 (Bondpartners N)
[2026-05-07 07:39:15] ✓ CH0545753953: 154 trades downloaded
[2026-05-07 07:39:16] Processing: CH0001542635 (Brauerei Schützengarten AG N)
[2026-05-07 07:39:16] ✓ CH0001542635: 163 trades downloaded
[2026-05-07 07:39:17] Processing: CH0001542643 (Brauerei Schützengarten AG PS)
[2026-05-07 07:39:17] ✓ CH0001542643: 641 trades downloaded
[2026-05-07 07:39:18] Processing: CH0002052501 (Brunni-Bahnen N)
[2026-05-07 07:39:18] ✓ CH0002052501: 570 trades downloaded
[2026-05-07 07:39:19] Processing: CH0009438109 (BS Bank, Schaffhausen)
[2026-05-07 07:39:20] ✓ CH0009438109: 503 trades downloaded
[2026-05-07 07:39:21] Processing: CH0002657978 (Bystronic -B- N)
[2026-05-07 07:39:21] ✓ CH0002657978: 423 trades downloaded
[2026-05-07 07:39:22] Processing: CH0001570057 (Caran d`Ache, Genève, Serie B)
[2026-05-07 07:39:22] ✓ CH0001570057: 89 trades downloaded
[2026-05-07 07:39:23] Processing: CH0102022560 (CasaInvest N)
[2026-05-07 07:39:23] ✓ CH0102022560: 865 trades downloaded
[2026-05-07 07:39:24] Processing: CH1127803547 (Casale Holding Rg)
[2026-05-07 07:39:24] ✓ CH1127803547: 14 trades downloaded
[2026-05-07 07:39:25] Processing: CH0004959505 (Casino de Montreux SA Nom 100)
[2026-05-07 07:39:25] ✓ CH0004959505: 449 trades downloaded
[2026-05-07 07:39:26] Processing: CH0004959471 (Casino de Montreux SA Nom 50)
[2026-05-07 07:39:26] ✓ CH0004959471: 34 trades downloaded
[2026-05-07 07:39:27] Processing: CH0324791133 (Chemholding N)
[2026-05-07 07:39:28] ✓ CH0324791133: 4 trades downloaded
[2026-05-07 07:39:29] Processing: CH0020603475 (CKW N)
[2026-05-07 07:39:29] ✓ CH0020603475: 1475 trades downloaded
[2026-05-07 07:39:30] Processing: CH0010583448 (Clientis Bank Aareland N)
[2026-05-07 07:39:30] ✓ CH0010583448: 260 trades downloaded
[2026-05-07 07:39:31] Processing: CH0001336319 (Clientis Bank Oberuzwil AG)
[2026-05-07 07:39:31] ✓ CH0001336319: 69 trades downloaded
[2026-05-07 07:39:32] Processing: CH0010621925 (Clientis Bank Toggenburg)
[2026-05-07 07:39:32] ✓ CH0010621925: 211 trades downloaded
[2026-05-07 07:39:33] Processing: CH0001357000 (Clientis Sparkasse Oftringen)
[2026-05-07 07:39:33] ✓ CH0001357000: 190 trades downloaded
[2026-05-07 07:39:34] Processing: CH0001579363 (CMSA Holding SA)
[2026-05-07 07:39:34] ✓ CH0001579363: 1304 trades downloaded
[2026-05-07 07:39:35] Processing: CH0032462910 (Corvatsch AG Nom 3, Silvaplana)
[2026-05-07 07:39:36] ✓ CH0032462910: 529 trades downloaded
[2026-05-07 07:39:37] Processing: CH1100211528 (Crédit Mutuel de la Vallée N)
[2026-05-07 07:39:37] ✓ CH1100211528: 34 trades downloaded
[2026-05-07 07:39:38] Processing: CH0019556908 (Cresta Palace Celerina N)
[2026-05-07 07:39:38] ✓ CH0019556908: 230 trades downloaded
[2026-05-07 07:39:39] Processing: CH0433137400 (Davos Klosters Bergbahnen N)
[2026-05-07 07:39:40] ✓ CH0433137400: 533 trades downloaded
[2026-05-07 07:39:41] Processing: CH0109916244 (Diavolezza Lagalb N)
[2026-05-07 07:39:41] ✓ CH0109916244: 57 trades downloaded
[2026-05-07 07:39:42] Processing: CH0001665147 (Dolder Hotel AG, Zürich)
[2026-05-07 07:39:42] ✓ CH0001665147: 559 trades downloaded
[2026-05-07 07:39:43] Processing: CH0578688241 (Drahtseilbahn Marzili N)
[2026-05-07 07:39:44] ✓ CH0578688241: 9 trades downloaded
[2026-05-07 07:39:45] Processing: CH0001669255 (Drahtseilbahn Marzili-Stadt Bern N)
[2026-05-07 07:39:45] ✓ CH0001669255: 36 trades downloaded
[2026-05-07 07:39:46] Processing: CH0001777876 (ebs Erdgas + Biogas)
[2026-05-07 07:39:46] ✓ CH0001777876: 48 trades downloaded
[2026-05-07 07:39:47] Processing: CH1159308571 (EcoRenova N)
[2026-05-07 07:39:47] ✓ CH1159308571: 1 trades downloaded
[2026-05-07 07:39:48] Processing: CH0102699540 (Energ Elec du Simplon E.E.S.)
[2026-05-07 07:39:48] ✓ CH0102699540: 94 trades downloaded
[2026-05-07 07:39:49] Processing: CH0014386996 (Energie Zürichsee Linth N)
[2026-05-07 07:39:49] ✓ CH0014386996: 831 trades downloaded
[2026-05-07 07:39:50] Processing: CH0031926105 (Engadin Mountains AG)
[2026-05-07 07:39:51] ✓ CH0031926105: 681 trades downloaded
[2026-05-07 07:39:52] Processing: CH0129442221 (Eniwa Holding AG)
[2026-05-07 07:39:53] ✓ CH0129442221: 824 trades downloaded
[2026-05-07 07:39:54] Processing: CH0001337200 (Ersparniskasse Affoltern)
[2026-05-07 07:39:54] ✓ CH0001337200: 231 trades downloaded
[2026-05-07 07:39:55] Processing: CH0001704680 (Eskimo Textil AG, Turbenthal)
[2026-05-07 07:39:55] ✓ CH0001704680: 35 trades downloaded
[2026-05-07 07:39:56] Processing: CH0002557400 (Espace Real Estate Hldg N)
[2026-05-07 07:39:57] ✓ CH0002557400: 3275 trades downloaded
[2026-05-07 07:39:58] Processing: CH0001239398 (EW Brig-Naters EWBN)
[2026-05-07 07:39:58] ✓ CH0001239398: 147 trades downloaded
[2026-05-07 07:39:59] Processing: CH0001690533 (EW Jona-Rapperswil, Jona)
[2026-05-07 07:39:59] ✓ CH0001690533: 1526 trades downloaded
[2026-05-07 07:40:00] Processing: CH0001691614 (EW Uznach AG)
[2026-05-07 07:40:00] ✓ CH0001691614: 229 trades downloaded
[2026-05-07 07:40:01] Processing: CH0001413704 (Flughafen Bern AG N)
[2026-05-07 07:40:01] ✓ CH0001413704: 509 trades downloaded
[2026-05-07 07:40:02] Processing: CH1106247997 (Funi Locarno-Madonna N)
[2026-05-07 07:40:02] ✓ CH1106247997: 13 trades downloaded
[2026-05-07 07:40:03] Processing: CH1104949586 (Funi Lugano-Paradiso N)
[2026-05-07 07:40:03] ✓ CH1104949586: 20 trades downloaded
[2026-05-07 07:40:04] Processing: CH0001602009 (Generale Beaulieu Holding SA)
[2026-05-07 07:40:05] ✓ CH0001602009: 221 trades downloaded
[2026-05-07 07:40:06] Processing: CH1405847034 (Geoterra Holding Rg)
[2026-05-07 07:40:06] ✓ CH1405847034: 365 trades downloaded
[2026-05-07 07:40:07] Processing: CH0006980079 (Gondelbahn Grindelwald N)
[2026-05-07 07:40:07] ✓ CH0006980079: 551 trades downloaded
[2026-05-07 07:40:08] Processing: CH0375446173 (Gondrand Hldg Vz N)
[2026-05-07 07:40:08] ✓ CH0375446173: 84 trades downloaded
[2026-05-07 07:40:09] Processing: CH0002221338 (Gotthard Raststätte A2 Uri AG)
[2026-05-07 07:40:09] ✓ CH0002221338: 1057 trades downloaded
[2026-05-07 07:40:10] Processing: CH0002541586 (Grand Resort Bad Ragaz, Bad Ragaz)
[2026-05-07 07:40:12] ✓ CH0002541586: 1178 trades downloaded
[2026-05-07 07:40:13] Processing: CH0006532565 (Griesser Holding AG, Aadorf)
[2026-05-07 07:40:13] ✓ CH0006532565: 1287 trades downloaded
[2026-05-07 07:40:14] Processing: CH0016523125 (Griston Holding AG)
[2026-05-07 07:40:14] ✓ CH0016523125: 458 trades downloaded
[2026-05-07 07:40:15] Processing: CH0005051021 (Gurtenbahn AG N)
[2026-05-07 07:40:15] ✓ CH0005051021: 116 trades downloaded
[2026-05-07 07:40:16] Processing: CH0023124214 (HBB Holding AG)
[2026-05-07 07:40:16] ✓ CH0023124214: 442 trades downloaded
[2026-05-07 07:40:17] Processing: CH0001865523 (Heim im Bergli AG, Luzern)
[2026-05-07 07:40:18] ✓ CH0001865523: 60 trades downloaded
[2026-05-07 07:40:19] Processing: CH0304280636 (Helvetic Star Holding)
[2026-05-07 07:40:19] ✓ CH0304280636: 70 trades downloaded
[2026-05-07 07:40:20] Processing: CH0000648680 (Hochalpines Institut Ftan AG)
[2026-05-07 07:40:20] ✓ CH0000648680: 139 trades downloaded
[2026-05-07 07:40:21] Processing: CH0016016849 (Hoch-Ybrig N)
[2026-05-07 07:40:21] ✓ CH0016016849: 692 trades downloaded
[2026-05-07 07:40:22] Processing: CH0001992681 (Hof Weissbad AG)
[2026-05-07 07:40:22] ✓ CH0001992681: 1416 trades downloaded
[2026-05-07 07:40:23] Processing: CH0010923875 (Hoher Kasten Drehrestaurant und Seilbahn AG)
[2026-05-07 07:40:25] ✓ CH0010923875: 660 trades downloaded
[2026-05-07 07:40:26] Processing: CH0020502743 (Holdinova N)
[2026-05-07 07:40:28] ✓ CH0020502743: 5055 trades downloaded
[2026-05-07 07:40:29] Processing: CH0001906848 (Imbrex Hldg N)
[2026-05-07 07:40:29] ✓ CH0001906848: 328 trades downloaded
[2026-05-07 07:40:30] Processing: CH0001910089 (Immges Viamala, Thusis)
[2026-05-07 07:40:30] ✓ CH0001910089: 87 trades downloaded
[2026-05-07 07:40:31] Processing: CH0324793667 (Immobiliare Pharmapark N)
[2026-05-07 07:40:31] ✓ CH0324793667: 63 trades downloaded
[2026-05-07 07:40:32] Processing: CH0001344685 (KB Nidwalden PS)
[2026-05-07 07:40:32] ✓ CH0001344685: 108 trades downloaded
[2026-05-07 07:40:33] Processing: CH0263939958 (Klosters-Madrisa N)
[2026-05-07 07:40:33] ✓ CH0263939958: 170 trades downloaded
[2026-05-07 07:40:34] Processing: CH0001514501 (Kongresshaus Zürich AG, Zürich)
[2026-05-07 07:40:35] ✓ CH0001514501: 812 trades downloaded
[2026-05-07 07:40:36] Processing: CH0115029545 (Konkordia AG N)
[2026-05-07 07:40:36] ✓ CH0115029545: 235 trades downloaded
[2026-05-07 07:40:37] Processing: CH0002052915 (Kronberg N)
[2026-05-07 07:40:37] ✓ CH0002052915: 230 trades downloaded
[2026-05-07 07:40:38] Processing: CH0001574604 (Kursaal-Casino AG, Luzern GS)
[2026-05-07 07:40:38] ✓ CH0001574604: 216 trades downloaded
[2026-05-07 07:40:39] Processing: CH0001574596 (Kursaal-Casino AG, Luzern N)
[2026-05-07 07:40:39] ✓ CH0001574596: 1770 trades downloaded
[2026-05-07 07:40:40] Processing: CH0001989513 (Kursaal Interlaken N)
[2026-05-07 07:40:40] ✓ CH0001989513: 651 trades downloaded
[2026-05-07 07:40:41] Processing: CH0304449611 (Lagerhäuser der Centralschweiz N)
[2026-05-07 07:40:41] ✓ CH0304449611: 229 trades downloaded
[2026-05-07 07:40:42] Processing: CH0002400585 (Landwirtschaft ZRA, Aarberg)
[2026-05-07 07:40:43] ✓ CH0002400585: 229 trades downloaded
[2026-05-07 07:40:44] Processing: CH0001343885 (Leihkasse Stammheim)
[2026-05-07 07:40:44] ✓ CH0001343885: 121 trades downloaded
[2026-05-07 07:40:45] Processing: CH0001788345 (Lenk Bergbahnen, Lenk)
[2026-05-07 07:40:45] ✓ CH0001788345: 201 trades downloaded
[2026-05-07 07:40:46] Processing: CH0023497271 (Lenzerheide Bergbahnen)
[2026-05-07 07:40:46] ✓ CH0023497271: 1186 trades downloaded
[2026-05-07 07:40:47] Processing: CH0001318374 (Lienhardt & Partner Privatbank Zürich AG, Zürich)
[2026-05-07 07:40:47] ✓ CH0001318374: 486 trades downloaded
[2026-05-07 07:40:48] Processing: CH0002045471 (Loeb Holding N -B-)
[2026-05-07 07:40:48] ✓ CH0002045471: 240 trades downloaded
[2026-05-07 07:40:49] Processing: CH0002045497 (Loeb Holding PS)
[2026-05-07 07:40:51] ✓ CH0002045497: 2670 trades downloaded
[2026-05-07 07:40:52] Processing: CH0105175175 (Lorze AG)
[2026-05-07 07:40:52] ✓ CH0105175175: 292 trades downloaded
[2026-05-07 07:40:53] Processing: CH0001542601 (Löwengarten AG)
[2026-05-07 07:40:53] ✓ CH0001542601: 22 trades downloaded
[2026-05-07 07:40:54] Processing: CH0563381901 (LSB Dallenwil-Wirzweli N)
[2026-05-07 07:40:54] ✓ CH0563381901: 6 trades downloaded
[2026-05-07 07:40:55] Processing: CH0002052782 (LSB Grindelwald-Pfingstegg AG)
[2026-05-07 07:40:55] ✓ CH0002052782: 160 trades downloaded
[2026-05-07 07:40:56] Processing: CH0342342653 (LSB Unterterzen-Flumserberg)
[2026-05-07 07:40:57] ✓ CH0342342653: 89 trades downloaded
[2026-05-07 07:40:58] Processing: CH0002055819 (LSB Wasserauen-Ebenalp AG)
[2026-05-07 07:40:58] ✓ CH0002055819: 87 trades downloaded
[2026-05-07 07:40:59] Processing: CH0002056031 (LSB Wengen-Männlichen AG)
[2026-05-07 07:41:02] ✓ CH0002056031: 351 trades downloaded
[2026-05-07 07:41:03] Processing: CH0002056957 (Lurag AG, Neuenkirch)
[2026-05-07 07:41:03] ✓ CH0002056957: 776 trades downloaded
[2026-05-07 07:41:04] Processing: CH0002057070 (Lyceum Alpinum Zuoz AG)
[2026-05-07 07:41:04] ✓ CH0002057070: 134 trades downloaded
[2026-05-07 07:41:05] Processing: CH0198963503 (Magazzini Generali N)
[2026-05-07 07:41:06] ✓ CH0198963503: 21 trades downloaded
[2026-05-07 07:41:07] Processing: CH0016376714 (Matterhorn Gotthard Verkehr AG)
[2026-05-07 07:41:07] ✓ CH0016376714: 99 trades downloaded
[2026-05-07 07:41:08] Processing: CH0014069212 (Menzi Muck Gruppe N)
[2026-05-07 07:41:08] ✓ CH0014069212: 1340 trades downloaded
[2026-05-07 07:41:09] Processing: CH0002092622 (Metall Zug AG Serie A)
[2026-05-07 07:41:09] ✓ CH0002092622: 560 trades downloaded
[2026-05-07 07:41:10] Processing: CH0107020692 (Montana Tech N)
[2026-05-07 07:41:10] ✓ CH0107020692: 1683 trades downloaded
[2026-05-07 07:41:11] Processing: CH0003798599 (Montreux-Berner Oberland Bahn)
[2026-05-07 07:41:11] ✓ CH0003798599: 453 trades downloaded
[2026-05-07 07:41:12] Processing: CH0126517975 (Neue Zürcher Zeitung, Zürich)
[2026-05-07 07:41:13] ✓ CH0126517975: 3681 trades downloaded
[2026-05-07 07:41:14] Processing: CH0187475709 (Nexus Gr Hold N)
[2026-05-07 07:41:15] ✓ CH0187475709: 165 trades downloaded
[2026-05-07 07:41:16] Processing: CH0572824867 (Niederhornbahn N)
[2026-05-07 07:41:16] ✓ CH0572824867: 67 trades downloaded
[2026-05-07 07:41:17] Processing: CH1104984104 (Niesenbahn N)
[2026-05-07 07:41:17] ✓ CH1104984104: 139 trades downloaded
[2026-05-07 07:41:18] Processing: CH0013592248 (NORINVEST HLDG N)
[2026-05-07 07:41:18] ✓ CH0013592248: 158 trades downloaded
[2026-05-07 07:41:19] Processing: CH0002160460 (Opernhaus Zürich N 300)
[2026-05-07 07:41:19] ✓ CH0002160460: 28 trades downloaded
[2026-05-07 07:41:20] Processing: CH0002160478 (Opernhaus Zürich N 900)
[2026-05-07 07:41:20] ✓ CH0002160478: 360 trades downloaded
[2026-05-07 07:41:21] Processing: CH0017915742 (OTC-X All Share)
[2026-05-07 07:41:22] ✓ CH0017915742: 0 trades downloaded
[2026-05-07 07:41:23] Processing: CH0017915718 (OTC-X Banken)
[2026-05-07 07:41:23] ✓ CH0017915718: 0 trades downloaded
[2026-05-07 07:41:24] Processing: CH0039576753 (OTC-X Bergbahnen)
[2026-05-07 07:41:24] ✓ CH0039576753: 0 trades downloaded
[2026-05-07 07:41:25] Processing: CH0039576787 (OTC-X Beteiligungsgesellschaften)
[2026-05-07 07:41:25] ✓ CH0039576787: 0 trades downloaded
[2026-05-07 07:41:26] Processing: CH0017915692 (OTC-X Energie)
[2026-05-07 07:41:26] ✓ CH0017915692: 0 trades downloaded
[2026-05-07 07:41:27] Processing: CH0039576837 (OTC-X Immobilien)
[2026-05-07 07:41:27] ✓ CH0039576837: 0 trades downloaded
[2026-05-07 07:41:28] Processing: CH0017915684 (OTC-X Industrie)
[2026-05-07 07:41:28] ✓ CH0017915684: 0 trades downloaded
[2026-05-07 07:41:29] Processing: CH0039576860 (OTC-X Liquidity)
[2026-05-07 07:41:29] ✓ CH0039576860: 0 trades downloaded
[2026-05-07 07:41:30] Processing: CH0017915668 (OTC-X Medien)
[2026-05-07 07:41:31] ✓ CH0017915668: 0 trades downloaded
[2026-05-07 07:41:32] Processing: CH0039576852 (OTC-X Nahrung und Getraenke)
[2026-05-07 07:41:32] ✓ CH0039576852: 0 trades downloaded
[2026-05-07 07:41:33] Processing: CH0213109793 (OTC-X Premium)
[2026-05-07 07:41:33] ✓ CH0213109793: 0 trades downloaded
[2026-05-07 07:41:34] Processing: CH0017915726 (OTC-X TOP50)
[2026-05-07 07:41:34] ✓ CH0017915726: 0 trades downloaded
[2026-05-07 07:41:35] Processing: CH0017915643 (OTC-X Tourismus/Freizeit/Sonstiges)
[2026-05-07 07:41:35] ✓ CH0017915643: 0 trades downloaded
[2026-05-07 07:41:36] Processing: CH0017915635 (OTC-X Transport/Verkehr/Logistik)
[2026-05-07 07:41:36] ✓ CH0017915635: 0 trades downloaded
[2026-05-07 07:41:37] Processing: CH0467707490 (Outdoor Switzerland N)
[2026-05-07 07:41:37] ✓ CH0467707490: 76 trades downloaded
[2026-05-07 07:41:38] Processing: CH0002174743 (Parking des Alpes N)
[2026-05-07 07:41:39] ✓ CH0002174743: 9 trades downloaded
[2026-05-07 07:41:40] Processing: CH0016049881 (Patiswiss AG)
[2026-05-07 07:41:40] ✓ CH0016049881: 919 trades downloaded
[2026-05-07 07:41:41] Processing: CH1350861261 (Perlen Industrieholding N)
[2026-05-07 07:41:41] ✓ CH1350861261: 1510 trades downloaded
[2026-05-07 07:41:42] Processing: CH0009005973 (Pilatus-Bahnen AG, Kriens)
[2026-05-07 07:41:42] ✓ CH0009005973: 1804 trades downloaded
[2026-05-07 07:41:43] Processing: CH0012457633 (Plaston Holding AG)
[2026-05-07 07:41:43] ✓ CH0012457633: 1395 trades downloaded
[2026-05-07 07:41:44] Processing: CH0284143929 (PLAZZA-B-N)
[2026-05-07 07:41:44] ✓ CH0284143929: 111 trades downloaded
[2026-05-07 07:41:45] Processing: CH0286266488 (Ports Francs et Entrepôts de Genève)
[2026-05-07 07:41:45] ✓ CH0286266488: 0 trades downloaded
[2026-05-07 07:41:46] Processing: CH0122303669 (Prayon Switzerland N)
[2026-05-07 07:41:47] ✓ CH0122303669: 22 trades downloaded
[2026-05-07 07:41:48] Processing: CH0013283368 (Precious Woods Hldg N)
[2026-05-07 07:41:48] ✓ CH0013283368: 548 trades downloaded
[2026-05-07 07:41:49] Processing: CH0002218664 (Railtour Suisse SA Nom 100)
[2026-05-07 07:41:49] ✓ CH0002218664: 0 trades downloaded
[2026-05-07 07:41:50] Processing: CH0002218698 (Railtour Suisse SA Nom 500)
[2026-05-07 07:41:50] ✓ CH0002218698: 0 trades downloaded
[2026-05-07 07:41:51] Processing: CH0030333360 (Rapid Holding N)
[2026-05-07 07:41:51] ✓ CH0030333360: 1472 trades downloaded
[2026-05-07 07:41:52] Processing: CH0027315818 (Raststätte Rheintal AG, Sevelen)
[2026-05-07 07:41:52] ✓ CH0027315818: 207 trades downloaded
[2026-05-07 07:41:53] Processing: CH0002221304 (Raststätte Thurau, St. Gallen)
[2026-05-07 07:41:54] ✓ CH0002221304: 191 trades downloaded
[2026-05-07 07:41:55] Processing: CH0018525532 (Raststätte Walensee AG)
[2026-05-07 07:41:55] ✓ CH0018525532: 93 trades downloaded
[2026-05-07 07:41:56] Processing: CH1387788180 (Raurica Wald N-B)
[2026-05-07 07:41:56] ✓ CH1387788180: 19 trades downloaded
[2026-05-07 07:41:57] Processing: CH0001340196 (Regiobank Männedorf)
[2026-05-07 07:41:57] ✓ CH0001340196: 227 trades downloaded
[2026-05-07 07:41:58] Processing: CH1112956201 (Regiobank Solothurn N)
[2026-05-07 07:41:58] ✓ CH1112956201: 3085 trades downloaded
[2026-05-07 07:41:59] Processing: CH0002227095 (Reishauer N)
[2026-05-07 07:41:59] ✓ CH0002227095: 1065 trades downloaded
[2026-05-07 07:42:00] Processing: CH0199383602 (Remontées Mécaniques de Grimentz)
[2026-05-07 07:42:00] ✓ CH0199383602: 11 trades downloaded
[2026-05-07 07:42:01] Processing: CH0320096990 (Repower N)
[2026-05-07 07:42:02] ✓ CH0320096990: 4889 trades downloaded
[2026-05-07 07:42:03] Processing: CH0002234398 (Rhätische Bahn RhB / Prior)
[2026-05-07 07:42:03] ✓ CH0002234398: 253 trades downloaded
[2026-05-07 07:42:04] Processing: CH0002234372 (Rhätische Bahn RhB / Stamm)
[2026-05-07 07:42:04] ✓ CH0002234372: 212 trades downloaded
[2026-05-07 07:42:05] Processing: CH0001378626 (Rhiienergie AG, Tamins)
[2026-05-07 07:42:05] ✓ CH0001378626: 128 trades downloaded
[2026-05-07 07:42:06] Processing: CH0016290014 (Rigi Bahnen AG, Goldau)
[2026-05-07 07:42:08] ✓ CH0016290014: 2675 trades downloaded
[2026-05-07 07:42:09] Processing: CH0114457390 (Rottal Auto AG, Ruswil)
[2026-05-07 07:42:09] ✓ CH0114457390: 49 trades downloaded
[2026-05-07 07:42:10] Processing: CH0000975372 (Säntis-Schwebebahn AG, Schwägalp)
[2026-05-07 07:42:10] ✓ CH0000975372: 3133 trades downloaded
[2026-05-07 07:42:11] Processing: CH0002353487 (SB Elm AG N)
[2026-05-07 07:42:11] ✓ CH0002353487: 104 trades downloaded
[2026-05-07 07:42:12] Processing: CH0001394607 (SB im Mythengebiet, Schwyz)
[2026-05-07 07:42:12] ✓ CH0001394607: 51 trades downloaded
[2026-05-07 07:42:13] Processing: CH0002353693 (SB Pischa, Davos)
[2026-05-07 07:42:13] ✓ CH0002353693: 132 trades downloaded
[2026-05-07 07:42:14] Processing: CH0001352928 (SB Saanen Bank)
[2026-05-07 07:42:15] ✓ CH0001352928: 1353 trades downloaded
[2026-05-07 07:42:16] Processing: CH0341320114 (Schifffahrtsges. Hallwilersee)
[2026-05-07 07:42:16] ✓ CH0341320114: 123 trades downloaded
[2026-05-07 07:42:17] Processing: CH0002276266 (Schilthornbahn AG Mürren)
[2026-05-07 07:42:17] ✓ CH0002276266: 2798 trades downloaded
[2026-05-07 07:42:18] Processing: CH0002283601 (Schützen Rheinfelden Immobilien N)
[2026-05-07 07:42:18] ✓ CH0002283601: 271 trades downloaded
[2026-05-07 07:42:19] Processing: CH0006234014 (Schweizer Zucker AG)
[2026-05-07 07:42:19] ✓ CH0006234014: 2289 trades downloaded
[2026-05-07 07:42:20] Processing: CH0002291802 (Schweiz. Schifffahrtsges. Untersee und Rhein N)
[2026-05-07 07:42:20] ✓ CH0002291802: 136 trades downloaded
[2026-05-07 07:42:21] Processing: CH0031151084 (SeeBeteiligungs AG)
[2026-05-07 07:42:22] ✓ CH0031151084: 864 trades downloaded
[2026-05-07 07:42:23] Processing: CH0030693185 (Seilbahn Weissenstein AG)
[2026-05-07 07:42:23] ✓ CH0030693185: 1083 trades downloaded
[2026-05-07 07:42:24] Processing: CH0421720779 (SGV Holding N)
[2026-05-07 07:42:24] ✓ CH0421720779: 2450 trades downloaded
[2026-05-07 07:42:25] Processing: CH0547027570 (SIA-Haus Vz N)
[2026-05-07 07:42:25] ✓ CH0547027570: 160 trades downloaded
[2026-05-07 07:42:26] Processing: CH0009219186 (sitEX Properties Hldg N)
[2026-05-07 07:42:26] ✓ CH0009219186: 348 trades downloaded
[2026-05-07 07:42:27] Processing: CH0305002096 (Skilifte Brunni-Haggenegg N)
[2026-05-07 07:42:27] ✓ CH0305002096: 42 trades downloaded
[2026-05-07 07:42:28] Processing: CH0001350328 (Spar + Leihkasse Gürbetal N)
[2026-05-07 07:42:29] ✓ CH0001350328: 285 trades downloaded
[2026-05-07 07:42:30] Processing: CH0001352720 (Spar+Leihkasse Riggisberg)
[2026-05-07 07:42:30] ✓ CH0001352720: 500 trades downloaded
[2026-05-07 07:42:31] Processing: CH0318681860 (Spar- und Leihkasse Bucheggberg N)
[2026-05-07 07:42:31] ✓ CH0318681860: 907 trades downloaded
[2026-05-07 07:42:32] Processing: CH0001350112 (Spar- und Leihkasse Frutigen)
[2026-05-07 07:42:33] ✓ CH0001350112: 358 trades downloaded
[2026-05-07 07:42:34] Processing: CH0001354296 (Spar- und Leihkasse Wynigen)
[2026-05-07 07:42:34] ✓ CH0001354296: 106 trades downloaded
[2026-05-07 07:42:35] Processing: CH0320093559 (Sportbahnen Atzmaennig N)
[2026-05-07 07:42:35] ✓ CH0320093559: 72 trades downloaded
[2026-05-07 07:42:36] Processing: CH0002513312 (SSE Holding N)
[2026-05-07 07:42:36] ✓ CH0002513312: 3342 trades downloaded
[2026-05-07 07:42:37] Processing: CH0009319721 (Stadtcasino Baden AG, Baden)
[2026-05-07 07:42:37] ✓ CH0009319721: 2126 trades downloaded
[2026-05-07 07:42:38] Processing: CH0586685981 (Stanserhorn-Bahn N -10-)
[2026-05-07 07:42:39] ✓ CH0586685981: 24 trades downloaded
[2026-05-07 07:42:40] Processing: CH0586455245 (Stanserhorn-Bahn N -250-)
[2026-05-07 07:42:40] ✓ CH0586455245: 241 trades downloaded
[2026-05-07 07:42:41] Processing: CH0487871656 (STI Hldg N)
[2026-05-07 07:42:41] ✓ CH0487871656: 10 trades downloaded
[2026-05-07 07:42:42] Processing: CH0005701708 (Stoosbahnen N)
[2026-05-07 07:42:42] ✓ CH0005701708: 379 trades downloaded
[2026-05-07 07:42:43] Processing: CH0197490847 (Sunstar-Holding N -A-)
[2026-05-07 07:42:43] ✓ CH0197490847: 836 trades downloaded
[2026-05-07 07:42:44] Processing: CH0341319801 (Sursee-Triengen Bahn N)
[2026-05-07 07:42:44] ✓ CH0341319801: 18 trades downloaded
[2026-05-07 07:42:45] Processing: CH0001395539 (Suvretta-Haus, St. Moritz)
[2026-05-07 07:42:45] ✓ CH0001395539: 223 trades downloaded
[2026-05-07 07:42:46] Processing: CH0002512801 (Swisstulle AG)
[2026-05-07 07:42:46] ✓ CH0002512801: 154 trades downloaded
[2026-05-07 07:42:47] Processing: CH0121640970 (SWS Medien N)
[2026-05-07 07:42:48] ✓ CH0121640970: 128 trades downloaded
[2026-05-07 07:42:49] Processing: CH0002538012 (Tersa AG)
[2026-05-07 07:42:49] ✓ CH0002538012: 124 trades downloaded
[2026-05-07 07:42:50] Processing: CH0596918380 (Thermalbad Zurzach N)
[2026-05-07 07:42:50] ✓ CH0596918380: 620 trades downloaded
[2026-05-07 07:42:51] Processing: CH0223260743 (Toggenburg Bergbahnen N)
[2026-05-07 07:42:51] ✓ CH0223260743: 452 trades downloaded
[2026-05-07 07:42:52] Processing: CH0001725255 (Tonwerk Lausen N)
[2026-05-07 07:42:52] ✓ CH0001725255: 57 trades downloaded
[2026-05-07 07:42:53] Processing: CH0002557616 (Treib-Seelisberg-Bahn AG)
[2026-05-07 07:42:53] ✓ CH0002557616: 78 trades downloaded
[2026-05-07 07:42:54] Processing: CH0002569694 (Tuwag Immobilien AG, Wädenswil)
[2026-05-07 07:42:54] ✓ CH0002569694: 53 trades downloaded
[2026-05-07 07:42:55] Processing: CH0326691679 (Unione Farmaceutica Distr N)
[2026-05-07 07:42:56] ✓ CH0326691679: 24 trades downloaded
[2026-05-07 07:42:57] Processing: CH0326380885 (Unipharma N)
[2026-05-07 07:42:57] ✓ CH0326380885: 9 trades downloaded
[2026-05-07 07:42:58] Processing: CH0306293272 (Usines Metallurgiques de Vallorbe N)
[2026-05-07 07:42:58] ✓ CH0306293272: 65 trades downloaded
[2026-05-07 07:42:59] Processing: CH0033136596 (Viamala Raststätte Thusis AG)
[2026-05-07 07:42:59] ✓ CH0033136596: 2 trades downloaded
[2026-05-07 07:43:00] Processing: CH0029910939 (VOe holding N)
[2026-05-07 07:43:00] ✓ CH0029910939: 362 trades downloaded
[2026-05-07 07:43:01] Processing: CH0212936964 (Weiss+Appetito N)
[2026-05-07 07:43:01] ✓ CH0212936964: 1268 trades downloaded
[2026-05-07 07:43:02] Processing: CH0000041795 (Weisse Arena AG, Laax)
[2026-05-07 07:43:02] ✓ CH0000041795: 1407 trades downloaded
[2026-05-07 07:43:03] Processing: CH0004960180 (Weleda N-PS)
[2026-05-07 07:43:04] ✓ CH0004960180: 2638 trades downloaded
[2026-05-07 07:43:05] Processing: CH0010173182 (Welinvest AG in Liquidation)
[2026-05-07 07:43:05] ✓ CH0010173182: 1968 trades downloaded
[2026-05-07 07:43:06] Processing: CH1204218437 (WIR Bank BS N)
[2026-05-07 07:43:06] ✓ CH1204218437: 362 trades downloaded
[2026-05-07 07:43:07] Processing: CH1102090151 (WWZ N)
[2026-05-07 07:43:09] ✓ CH1102090151: 5128 trades downloaded
[2026-05-07 07:43:10] Processing: CH0002056114 (Zermatt Bergbahnen N)
[2026-05-07 07:43:10] ✓ CH0002056114: 577 trades downloaded
[2026-05-07 07:43:11] Processing: CH0002370903 (ZLB Zürcher Landbank)
[2026-05-07 07:43:11] ✓ CH0002370903: 253 trades downloaded
[2026-05-07 07:43:12] Processing: CH0002655501 (Zoologischer Garten, Basel)
[2026-05-07 07:43:12] ✓ CH0002655501: 88 trades downloaded
[2026-05-07 07:43:13] Processing: CH0002654934 (ZT Medien N)
[2026-05-07 07:43:13] ✓ CH0002654934: 183 trades downloaded
[2026-05-07 07:43:14] Processing: CH0148052118 (Zug Estates N Serie A)
[2026-05-07 07:43:14] ✓ CH0148052118: 229 trades downloaded
[2026-05-07 07:43:15] Processing: CH0001671707 (Zürcher Oberland Medien AG, Wetzikon)
[2026-05-07 07:43:16] ✓ CH0001671707: 512 trades downloaded
[2026-05-07 07:43:17] Processing: CH0002658448 (Zürichsee-Fähre Horgen-Meilen AG)
[2026-05-07 07:43:17] ✓ CH0002658448: 1012 trades downloaded
[2026-05-07 07:43:18] Processing: CH0553343069 (Zürichsee-Schifffahrtsgesellschaft)
[2026-05-07 07:43:18] ✓ CH0553343069: 428 trades downloaded
[2026-05-07 07:43:19] ========== SUMMARY ==========
[2026-05-07 07:43:19] Total ISINs processed: 242
[2026-05-07 07:43:19] Successful downloads: 242
[2026-05-07 07:43:19] Failed/Not Found: 0
[2026-05-07 07:43:19] CSV files created: 242
[2026-05-07 07:43:19] Time elapsed: 4m 59s
[2026-05-07 07:43:19] Log saved: /home/runner/work/OTC-X/OTC-X/backend/logs/downloader_2026-05-07_073816.log
[2026-05-07 07:43:25] ======================================================================
[2026-05-07 07:43:25] OTC-X Liquidity Metrics Engine - Starting
[2026-05-07 07:43:25] Timestamp: 2026-05-07 07:43:25
[2026-05-07 07:43:25] ======================================================================
[2026-05-07 07:43:25] [1/4] Loading input data...
[2026-05-07 07:43:25]       Trades: /home/runner/work/OTC-X/OTC-X/backend/data/master_trades.parquet
[2026-05-07 07:43:25]       -> 139,091 trades loaded (224 ISINs)
[2026-05-07 07:43:25]       Securities: /home/runner/work/OTC-X/OTC-X/backend/data/securities.csv
[2026-05-07 07:43:25]       -> 242 securities loaded (11 sectors)
[2026-05-07 07:43:25] [2/4] Computing liquidity metrics...
[2026-05-07 07:43:25]     Step 1/4: Daily aggregation...
[2026-05-07 07:43:26]              76,211 daily observations
[2026-05-07 07:43:26]     Step 2/4: Liquidity metrics...
[2026-05-07 07:43:26]     Step 3/4: Rolling baselines (30 trading days)...
[2026-05-07 07:43:26]     Step 4/4: Anomaly detection...
[2026-05-07 07:43:26] [3/4] Enriching with security metadata...
[2026-05-07 07:43:26]       [!] 1 ISINs have no metadata (Name/Sektor will be null)
[2026-05-07 07:43:26]       -> Final shape: (76211, 26)
[2026-05-07 07:43:26] [4/4] Saving output...
[2026-05-07 07:43:26]       -> Written to: /home/runner/work/OTC-X/OTC-X/backend/data/daily_metrics.parquet
[2026-05-07 07:43:26]       -> Size: 2.47 MB
[2026-05-07 07:43:26] ======================================================================
[2026-05-07 07:43:26] SUCCESS! Pipeline completed.
[2026-05-07 07:43:26] ======================================================================
[2026-05-07 07:43:26] Total rows:       76,211
[2026-05-07 07:43:26] Unique ISINs:     224
[2026-05-07 07:43:26] Unique Sectors:   11
[2026-05-07 07:43:26] Date range:       2004-02-16 to 2026-05-07
[2026-05-07 07:43:26] Elapsed time:     0.4 seconds
[2026-05-07 07:43:26] Output Schema:
[2026-05-07 07:43:26]   Isin                      String
[2026-05-07 07:43:26]   Name                      String
[2026-05-07 07:43:26]   Sektor                    String
[2026-05-07 07:43:26]   Datum                     Date
[2026-05-07 07:43:26]   trades_today              UInt32
[2026-05-07 07:43:26]   volume_today_units        Float64
[2026-05-07 07:43:26]   volume_today_chf          Float64
[2026-05-07 07:43:26]   price_min                 Float64
[2026-05-07 07:43:26]   price_max                 Float64
[2026-05-07 07:43:26]   price_first               Float64
[2026-05-07 07:43:26]   price_last                Float64
[2026-05-07 07:43:26]   price_change_pct          Float64
[2026-05-07 07:43:26]   log_returns               Float64
[2026-05-07 07:43:26]   volatility_daily          Float64
[2026-05-07 07:43:26]   amihud_daily              Float64
[2026-05-07 07:43:26]   spread_log_hl             Float64
[2026-05-07 07:43:26]   trade_duration_min        Float64
[2026-05-07 07:43:26]   off_book_pct              Float64
[2026-05-07 07:43:26]   trades_30d_median         Float64
[2026-05-07 07:43:26]   volume_30d_median         Float64
[2026-05-07 07:43:26]   volatility_30d_median     Float64
[2026-05-07 07:43:26]   amihud_30d_median         Float64
[2026-05-07 07:43:26]   volume_spike              Boolean
[2026-05-07 07:43:26]   activity_spike            Boolean
[2026-05-07 07:43:26]   price_gap                 Boolean
[2026-05-07 07:43:26]   anomaly_score             UInt8
[2026-05-07 07:43:26] High-anomaly observations (score >= 5): 14,410 total
[2026-05-07 07:43:26]   2026-05-07 | CH0002221338 | Score: 5 | Price Change: 0.00%
[2026-05-07 07:43:26]   2026-05-07 | CH1104984104 | Score: 5 | Price Change: 0.00%
[2026-05-07 07:43:26]   2026-05-06 | CH0001352928 | Score: 5 | Price Change: 0.00%
[2026-05-07 07:43:26]   2026-05-06 | CH0001413704 | Score: 5 | Price Change: 3.70%
[2026-05-07 07:43:26]   2026-05-06 | CH0002056957 | Score: 5 | Price Change: -0.49%
