[2026-03-24 19:21:58] OTC-X Trade Downloader started
[2026-03-24 19:21:58] Loaded 243 rows from C:\Users\mihae\PycharmProjects\OTC-X\backend\data\securities.csv
[2026-03-24 19:21:58] Processing: CH0136182570 (acrevis Bank N)
[2026-03-24 19:21:58] ✓ CH0136182570: 3535 trades downloaded
[2026-03-24 19:21:59] Processing: CH0006668930 (ADEV Solarstrom AG, Liestal)
[2026-03-24 19:21:59] ✓ CH0006668930: 469 trades downloaded
[2026-03-24 19:22:00] Processing: CH0006524265 (ADEV Wasserkraftwerk AG, Liestal)
[2026-03-24 19:22:01] ✓ CH0006524265: 210 trades downloaded
[2026-03-24 19:22:02] Processing: CH0010497532 (ADEV Windkraft AG, Liestal)
[2026-03-24 19:22:02] ✓ CH0010497532: 148 trades downloaded
[2026-03-24 19:22:03] Processing: CH0034900248 (AG für Erstellung billiger Wohnhäuser in Winterthu)
[2026-03-24 19:22:03] ✓ CH0034900248: 118 trades downloaded
[2026-03-24 19:22:04] Processing: CH0001402418 (Agruna AG)
[2026-03-24 19:22:04] ✓ CH0001402418: 329 trades downloaded
[2026-03-24 19:22:05] Processing: CH0002599352 (Aletsch Bahnen N)
[2026-03-24 19:22:05] ✓ CH0002599352: 395 trades downloaded
[2026-03-24 19:22:06] Processing: CH0011322200 (Alpha Rheintal Bank, Heerbrugg)
[2026-03-24 19:22:06] ✓ CH0011322200: 1183 trades downloaded
[2026-03-24 19:22:07] Processing: CH0001418216 (Aluminium-Laufen AG Liesberg)
[2026-03-24 19:22:07] ✓ CH0001418216: 213 trades downloaded
[2026-03-24 19:22:08] Processing: CH0185254742 (Andermatt-Sedrun Sport AG)
[2026-03-24 19:22:08] ✓ CH0185254742: 423 trades downloaded
[2026-03-24 19:22:09] Processing: CH0026212446 (Appenzeller Bahnen)
[2026-03-24 19:22:09] ✓ CH0026212446: 231 trades downloaded
[2026-03-24 19:22:10] Processing: CH0001430930 (Arosa Bergbahnen AG, Arosa)
[2026-03-24 19:22:10] ✓ CH0001430930: 766 trades downloaded
[2026-03-24 19:22:11] Processing: CH0001457826 (Auto AG Schwyz, Schwyz)
[2026-03-24 19:22:11] ✓ CH0001457826: 92 trades downloaded
[2026-03-24 19:22:12] Processing: CH0029706766 (Auto AG Uri)
[2026-03-24 19:22:12] ✓ CH0029706766: 23 trades downloaded
[2026-03-24 19:22:13] Processing: CH0032018688 (Auto Hldg N)
[2026-03-24 19:22:13] ✓ CH0032018688: 1518 trades downloaded
[2026-03-24 19:22:14] Processing: CH0023777235 (aventron N)
[2026-03-24 19:22:14] ✓ CH0023777235: 605 trades downloaded
[2026-03-24 19:22:15] Processing: CH0003857031 (Bad Schinznach AG, Schinznach)
[2026-03-24 19:22:15] ✓ CH0003857031: 1035 trades downloaded
[2026-03-24 19:22:16] Processing: CH0001314852 (Bank in Zuzwil)
[2026-03-24 19:22:16] ✓ CH0001314852: 47 trades downloaded
[2026-03-24 19:22:17] Processing: CH0039074692 (Bank Leerau)
[2026-03-24 19:22:17] ✓ CH0039074692: 147 trades downloaded
[2026-03-24 19:22:18] Processing: CH0013792848 (Bank Oberaargau N)
[2026-03-24 19:22:19] ✓ CH0013792848: 541 trades downloaded
[2026-03-24 19:22:20] Processing: CH0001351862 (Bank SLM N)
[2026-03-24 19:22:20] ✓ CH0001351862: 471 trades downloaded
[2026-03-24 19:22:21] Processing: CH0049588129 (Bank von Roll AG)
[2026-03-24 19:22:21] ✓ CH0049588129: 252 trades downloaded
[2026-03-24 19:22:22] Processing: CH0303601253 (BB Adelboden N)
[2026-03-24 19:22:22] ✓ CH0303601253: 346 trades downloaded
[2026-03-24 19:22:23] Processing: CH0574732894 (BB Lauterbrunnen-Muerren N)
[2026-03-24 19:22:23] ✓ CH0574732894: 16 trades downloaded
[2026-03-24 19:22:24] Processing: CH0010756531 (BBO Bank Brienz-Oberhasli)
[2026-03-24 19:22:24] ✓ CH0010756531: 389 trades downloaded
[2026-03-24 19:22:25] Processing: CH0001507406 (BB Piz Mundaun AG)
[2026-03-24 19:22:25] ✓ CH0001507406: 103 trades downloaded
[2026-03-24 19:22:26] Processing: CH0002353867 (BB Soerenberg AG)
[2026-03-24 19:22:26] ✓ CH0002353867: 230 trades downloaded
[2026-03-24 19:22:27] Processing: CH0010726963 (Beau-Rivage Palace SA, Lausanne-Ouchy)
[2026-03-24 19:22:27] ✓ CH0010726963: 785 trades downloaded
[2026-03-24 19:22:28] Processing: CH0024700483 (Belalp-Bahnen, Naters)
[2026-03-24 19:22:28] ✓ CH0024700483: 29 trades downloaded
[2026-03-24 19:22:29] Processing: CH0187392300 (Bellwald Sportbahnen N)
[2026-03-24 19:22:29] ✓ CH0187392300: 10 trades downloaded
[2026-03-24 19:22:30] Processing: CH0002332093 (Bergbahnen Brigels N)
[2026-03-24 19:22:30] ✓ CH0002332093: 148 trades downloaded
[2026-03-24 19:22:31] Processing: CH0018384120 (Bergbahnen Destination Gstaad N)
[2026-03-24 19:22:31] ✓ CH0018384120: 432 trades downloaded
[2026-03-24 19:22:32] Processing: CH0292081723 (Bergbahnen Disentis N)
[2026-03-24 19:22:32] ✓ CH0292081723: 90 trades downloaded
[2026-03-24 19:22:33] Processing: CH0580517032 (Bergbahnen Hohsaas N)
[2026-03-24 19:22:33] ✓ CH0580517032: 0 trades downloaded
[2026-03-24 19:22:34] Processing: CH0036505888 (Bergbahnen Meiringen-Hasliberg N)
[2026-03-24 19:22:34] ✓ CH0036505888: 434 trades downloaded
[2026-03-24 19:22:35] Processing: CH0342666572 (Bergbahnen Scuol N)
[2026-03-24 19:22:35] ✓ CH0342666572: 244 trades downloaded
[2026-03-24 19:22:36] Processing: CH0016568880 (Bergbahnen Splügen-Tambo N)
[2026-03-24 19:22:36] ✓ CH0016568880: 46 trades downloaded
[2026-03-24 19:22:37] Processing: CH0045885032 (Bergbahnen Wildhaus AG)
[2026-03-24 19:22:38] ✓ CH0045885032: 91 trades downloaded
[2026-03-24 19:22:39] Processing: CH0014874918 (Bernerland Bank, Sumiswald)
[2026-03-24 19:22:39] ✓ CH0014874918: 895 trades downloaded
[2026-03-24 19:22:40] Processing: CH0322776573 (Berner Oberland-Bahnen N)
[2026-03-24 19:22:40] ✓ CH0322776573: 229 trades downloaded
[2026-03-24 19:22:41] Processing: CH0011100341 (BERNEXPO N)
[2026-03-24 19:22:41] ✓ CH0011100341: 2141 trades downloaded
[2026-03-24 19:22:42] Processing: CH0018043619 (Biene-Bank im Rheintal)
[2026-03-24 19:22:42] ✓ CH0018043619: 375 trades downloaded
[2026-03-24 19:22:43] Processing: CH0025889160 (BLS N)
[2026-03-24 19:22:43] ✓ CH0025889160: 1394 trades downloaded
[2026-03-24 19:22:44] Processing: CH0012684657 (Bobst Group N)
[2026-03-24 19:22:44] ✓ CH0012684657: 3083 trades downloaded
[2026-03-24 19:22:45] Processing: CH0545753953 (Bondpartners N)
[2026-03-24 19:22:45] ✓ CH0545753953: 148 trades downloaded
[2026-03-24 19:22:46] Processing: CH0001542635 (Brauerei Schützengarten AG N)
[2026-03-24 19:22:46] ✓ CH0001542635: 160 trades downloaded
[2026-03-24 19:22:47] Processing: CH0001542643 (Brauerei Schützengarten AG PS)
[2026-03-24 19:22:47] ✓ CH0001542643: 634 trades downloaded
[2026-03-24 19:22:48] Processing: CH0002052501 (Brunni-Bahnen N)
[2026-03-24 19:22:48] ✓ CH0002052501: 566 trades downloaded
[2026-03-24 19:22:49] Processing: CH0009438109 (BS Bank, Schaffhausen)
[2026-03-24 19:22:49] ✓ CH0009438109: 500 trades downloaded
[2026-03-24 19:22:50] Processing: CH0002657978 (Bystronic -B- N)
[2026-03-24 19:22:50] ✓ CH0002657978: 422 trades downloaded
[2026-03-24 19:22:51] Processing: CH0001570057 (Caran d`Ache, Genève, Serie B)
[2026-03-24 19:22:51] ✓ CH0001570057: 89 trades downloaded
[2026-03-24 19:22:52] Processing: CH0102022560 (CasaInvest N)
[2026-03-24 19:22:52] ✓ CH0102022560: 865 trades downloaded
[2026-03-24 19:22:53] Processing: CH1127803547 (Casale Holding Rg)
[2026-03-24 19:22:53] ✓ CH1127803547: 14 trades downloaded
[2026-03-24 19:22:54] Processing: CH0004959505 (Casino de Montreux SA Nom 100)
[2026-03-24 19:22:55] ✓ CH0004959505: 448 trades downloaded
[2026-03-24 19:22:56] Processing: CH0004959471 (Casino de Montreux SA Nom 50)
[2026-03-24 19:22:56] ✓ CH0004959471: 33 trades downloaded
[2026-03-24 19:22:57] Processing: CH0324791133 (Chemholding N)
[2026-03-24 19:22:57] ✓ CH0324791133: 4 trades downloaded
[2026-03-24 19:22:58] Processing: CH0020603475 (CKW N)
[2026-03-24 19:22:58] ✓ CH0020603475: 1435 trades downloaded
[2026-03-24 19:22:59] Processing: CH0010583448 (Clientis Bank Aareland N)
[2026-03-24 19:22:59] ✓ CH0010583448: 259 trades downloaded
[2026-03-24 19:23:00] Processing: CH0001336319 (Clientis Bank Oberuzwil AG)
[2026-03-24 19:23:00] ✓ CH0001336319: 66 trades downloaded
[2026-03-24 19:23:01] Processing: CH0010621925 (Clientis Bank Toggenburg)
[2026-03-24 19:23:01] ✓ CH0010621925: 210 trades downloaded
[2026-03-24 19:23:02] Processing: CH0001357000 (Clientis Sparkasse Oftringen)
[2026-03-24 19:23:02] ✓ CH0001357000: 190 trades downloaded
[2026-03-24 19:23:03] Processing: CH0001579363 (CMSA Holding SA)
[2026-03-24 19:23:03] ✓ CH0001579363: 1295 trades downloaded
[2026-03-24 19:23:04] Processing: CH0032462910 (Corvatsch AG Nom 3, Silvaplana)
[2026-03-24 19:23:04] ✓ CH0032462910: 526 trades downloaded
[2026-03-24 19:23:05] Processing: CH1100211528 (Crédit Mutuel de la Vallée N)
[2026-03-24 19:23:05] ✓ CH1100211528: 33 trades downloaded
[2026-03-24 19:23:06] Processing: CH0019556908 (Cresta Palace Celerina N)
[2026-03-24 19:23:06] ✓ CH0019556908: 226 trades downloaded
[2026-03-24 19:23:07] Processing: CH0433137400 (Davos Klosters Bergbahnen N)
[2026-03-24 19:23:07] ✓ CH0433137400: 519 trades downloaded
[2026-03-24 19:23:08] Processing: CH0109916244 (Diavolezza Lagalb N)
[2026-03-24 19:23:08] ✓ CH0109916244: 57 trades downloaded
[2026-03-24 19:23:09] Processing: CH0001665147 (Dolder Hotel AG, Zürich)
[2026-03-24 19:23:09] ✓ CH0001665147: 555 trades downloaded
[2026-03-24 19:23:10] Processing: CH0578688241 (Drahtseilbahn Marzili N)
[2026-03-24 19:23:10] ✓ CH0578688241: 8 trades downloaded
[2026-03-24 19:23:11] Processing: CH0001669255 (Drahtseilbahn Marzili-Stadt Bern N)
[2026-03-24 19:23:11] ✓ CH0001669255: 34 trades downloaded
[2026-03-24 19:23:12] Processing: CH0001777876 (ebs Erdgas + Biogas)
[2026-03-24 19:23:12] ✓ CH0001777876: 47 trades downloaded
[2026-03-24 19:23:13] Processing: CH1159308571 (EcoRenova N)
[2026-03-24 19:23:14] ✓ CH1159308571: 1 trades downloaded
[2026-03-24 19:23:15] Processing: CH0102699540 (Energ Elec du Simplon E.E.S.)
[2026-03-24 19:23:15] ✓ CH0102699540: 93 trades downloaded
[2026-03-24 19:23:16] Processing: CH0014386996 (Energie Zürichsee Linth N)
[2026-03-24 19:23:16] ✓ CH0014386996: 811 trades downloaded
[2026-03-24 19:23:17] Processing: CH0031926105 (Engadin Mountains AG)
[2026-03-24 19:23:17] ✓ CH0031926105: 678 trades downloaded
[2026-03-24 19:23:18] Processing: CH0129442221 (Eniwa Holding AG)
[2026-03-24 19:23:18] ✓ CH0129442221: 801 trades downloaded
[2026-03-24 19:23:19] Processing: CH0001337200 (Ersparniskasse Affoltern)
[2026-03-24 19:23:19] ✓ CH0001337200: 231 trades downloaded
[2026-03-24 19:23:20] Processing: CH0001704680 (Eskimo Textil AG, Turbenthal)
[2026-03-24 19:23:20] ✓ CH0001704680: 35 trades downloaded
[2026-03-24 19:23:21] Processing: CH0002557400 (Espace Real Estate Hldg N)
[2026-03-24 19:23:21] ✓ CH0002557400: 3247 trades downloaded
[2026-03-24 19:23:22] Processing: CH0001239398 (EW Brig-Naters EWBN)
[2026-03-24 19:23:22] ✓ CH0001239398: 147 trades downloaded
[2026-03-24 19:23:23] Processing: CH0001690533 (EW Jona-Rapperswil, Jona)
[2026-03-24 19:23:23] ✓ CH0001690533: 1492 trades downloaded
[2026-03-24 19:23:24] Processing: CH0001691614 (EW Uznach AG)
[2026-03-24 19:23:24] ✓ CH0001691614: 227 trades downloaded
[2026-03-24 19:23:25] Processing: CH0001413704 (Flughafen Bern AG N)
[2026-03-24 19:23:25] ✓ CH0001413704: 498 trades downloaded
[2026-03-24 19:23:26] Processing: CH1106247997 (Funi Locarno-Madonna N)
[2026-03-24 19:23:26] ✓ CH1106247997: 13 trades downloaded
[2026-03-24 19:23:27] Processing: CH1104949586 (Funi Lugano-Paradiso N)
[2026-03-24 19:23:27] ✓ CH1104949586: 19 trades downloaded
[2026-03-24 19:23:28] Processing: CH0001602009 (Generale Beaulieu Holding SA)
[2026-03-24 19:23:28] ✓ CH0001602009: 221 trades downloaded
[2026-03-24 19:23:29] Processing: CH1405847034 (Geoterra Holding Rg)
[2026-03-24 19:23:29] ✓ CH1405847034: 288 trades downloaded
[2026-03-24 19:23:30] Processing: CH0006980079 (Gondelbahn Grindelwald N)
[2026-03-24 19:23:31] ✓ CH0006980079: 542 trades downloaded
[2026-03-24 19:23:32] Processing: CH0375446173 (Gondrand Hldg Vz N)
[2026-03-24 19:23:32] ✓ CH0375446173: 84 trades downloaded
[2026-03-24 19:23:33] Processing: CH0002221338 (Gotthard Raststätte A2 Uri AG)
[2026-03-24 19:23:33] ✓ CH0002221338: 1042 trades downloaded
[2026-03-24 19:23:34] Processing: CH0002541586 (Grand Resort Bad Ragaz, Bad Ragaz)
[2026-03-24 19:23:34] ✓ CH0002541586: 1154 trades downloaded
[2026-03-24 19:23:35] Processing: CH0006532565 (Griesser Holding AG, Aadorf)
[2026-03-24 19:23:35] ✓ CH0006532565: 1277 trades downloaded
[2026-03-24 19:23:36] Processing: CH0016523125 (Griston Holding AG)
[2026-03-24 19:23:36] ✓ CH0016523125: 444 trades downloaded
[2026-03-24 19:23:37] Processing: CH0005051021 (Gurtenbahn AG N)
[2026-03-24 19:23:37] ✓ CH0005051021: 116 trades downloaded
[2026-03-24 19:23:38] Processing: CH0023124214 (HBB Holding AG)
[2026-03-24 19:23:38] ✓ CH0023124214: 441 trades downloaded
[2026-03-24 19:23:39] Processing: CH0001865523 (Heim im Bergli AG, Luzern)
[2026-03-24 19:23:39] ✓ CH0001865523: 60 trades downloaded
[2026-03-24 19:23:40] Processing: CH0304280636 (Helvetic Star Holding)
[2026-03-24 19:23:40] ✓ CH0304280636: 69 trades downloaded
[2026-03-24 19:23:41] Processing: CH0000648680 (Hochalpines Institut Ftan AG)
[2026-03-24 19:23:41] ✓ CH0000648680: 137 trades downloaded
[2026-03-24 19:23:42] Processing: CH0016016849 (Hoch-Ybrig N)
[2026-03-24 19:23:42] ✓ CH0016016849: 680 trades downloaded
[2026-03-24 19:23:43] Processing: CH0001992681 (Hof Weissbad AG)
[2026-03-24 19:23:43] ✓ CH0001992681: 1391 trades downloaded
[2026-03-24 19:23:44] Processing: CH0010923875 (Hoher Kasten Drehrestaurant und Seilbahn AG)
[2026-03-24 19:23:45] ✓ CH0010923875: 654 trades downloaded
[2026-03-24 19:23:46] Processing: CH0020502743 (Holdinova N)
[2026-03-24 19:23:46] ✓ CH0020502743: 5011 trades downloaded
[2026-03-24 19:23:47] Processing: CH0001906848 (Imbrex Hldg N)
[2026-03-24 19:23:47] ✓ CH0001906848: 318 trades downloaded
[2026-03-24 19:23:48] Processing: CH0001910089 (Immges Viamala, Thusis)
[2026-03-24 19:23:48] ✓ CH0001910089: 87 trades downloaded
[2026-03-24 19:23:49] Processing: CH0324793667 (Immobiliare Pharmapark N)
[2026-03-24 19:23:49] ✓ CH0324793667: 63 trades downloaded
[2026-03-24 19:23:50] Processing: CH0001344685 (KB Nidwalden PS)
[2026-03-24 19:23:50] ✓ CH0001344685: 102 trades downloaded
[2026-03-24 19:23:51] Processing: CH0263939958 (Klosters-Madrisa N)
[2026-03-24 19:23:51] ✓ CH0263939958: 168 trades downloaded
[2026-03-24 19:23:52] Processing: CH0001514501 (Kongresshaus Zürich AG, Zürich)
[2026-03-24 19:23:52] ✓ CH0001514501: 805 trades downloaded
[2026-03-24 19:23:53] Processing: CH0115029545 (Konkordia AG N)
[2026-03-24 19:23:53] ✓ CH0115029545: 233 trades downloaded
[2026-03-24 19:23:54] Processing: CH0002052915 (Kronberg N)
[2026-03-24 19:23:54] ✓ CH0002052915: 230 trades downloaded
[2026-03-24 19:23:55] Processing: CH0001574604 (Kursaal-Casino AG, Luzern GS)
[2026-03-24 19:23:55] ✓ CH0001574604: 209 trades downloaded
[2026-03-24 19:23:56] Processing: CH0001574596 (Kursaal-Casino AG, Luzern N)
[2026-03-24 19:23:56] ✓ CH0001574596: 1741 trades downloaded
[2026-03-24 19:23:57] Processing: CH0001989513 (Kursaal Interlaken N)
[2026-03-24 19:23:57] ✓ CH0001989513: 645 trades downloaded
[2026-03-24 19:23:58] Processing: CH0304449611 (Lagerhäuser der Centralschweiz N)
[2026-03-24 19:23:58] ✓ CH0304449611: 229 trades downloaded
[2026-03-24 19:23:59] Processing: CH0002400585 (Landwirtschaft ZRA, Aarberg)
[2026-03-24 19:23:59] ✓ CH0002400585: 229 trades downloaded
[2026-03-24 19:24:00] Processing: CH0001343885 (Leihkasse Stammheim)
[2026-03-24 19:24:00] ✓ CH0001343885: 121 trades downloaded
[2026-03-24 19:24:01] Processing: CH0001788345 (Lenk Bergbahnen, Lenk)
[2026-03-24 19:24:01] ✓ CH0001788345: 199 trades downloaded
[2026-03-24 19:24:02] Processing: CH0023497271 (Lenzerheide Bergbahnen)
[2026-03-24 19:24:02] ✓ CH0023497271: 1166 trades downloaded
[2026-03-24 19:24:03] Processing: CH0001318374 (Lienhardt & Partner Privatbank Zürich AG, Zürich)
[2026-03-24 19:24:03] ✓ CH0001318374: 468 trades downloaded
[2026-03-24 19:24:04] Processing: CH0002045471 (Loeb Holding N -B-)
[2026-03-24 19:24:04] ✓ CH0002045471: 239 trades downloaded
[2026-03-24 19:24:05] Processing: CH0002045497 (Loeb Holding PS)
[2026-03-24 19:24:05] ✓ CH0002045497: 2663 trades downloaded
[2026-03-24 19:24:06] Processing: CH0105175175 (Lorze AG)
[2026-03-24 19:24:06] ✓ CH0105175175: 292 trades downloaded
[2026-03-24 19:24:07] Processing: CH0001542601 (Löwengarten AG)
[2026-03-24 19:24:08] ✓ CH0001542601: 21 trades downloaded
[2026-03-24 19:24:09] Processing: CH0563381901 (LSB Dallenwil-Wirzweli N)
[2026-03-24 19:24:09] ✓ CH0563381901: 6 trades downloaded
[2026-03-24 19:24:10] Processing: CH0002052782 (LSB Grindelwald-Pfingstegg AG)
[2026-03-24 19:24:10] ✓ CH0002052782: 160 trades downloaded
[2026-03-24 19:24:11] Processing: CH0342342653 (LSB Unterterzen-Flumserberg)
[2026-03-24 19:24:11] ✓ CH0342342653: 85 trades downloaded
[2026-03-24 19:24:12] Processing: CH0002055819 (LSB Wasserauen-Ebenalp AG)
[2026-03-24 19:24:12] ✓ CH0002055819: 87 trades downloaded
[2026-03-24 19:24:13] Processing: CH0002056031 (LSB Wengen-Männlichen AG)
[2026-03-24 19:24:13] ✓ CH0002056031: 346 trades downloaded
[2026-03-24 19:24:14] Processing: CH0002056957 (Lurag AG, Neuenkirch)
[2026-03-24 19:24:14] ✓ CH0002056957: 770 trades downloaded
[2026-03-24 19:24:15] Processing: CH0002057070 (Lyceum Alpinum Zuoz AG)
[2026-03-24 19:24:15] ✓ CH0002057070: 134 trades downloaded
[2026-03-24 19:24:16] Processing: CH0198963503 (Magazzini Generali N)
[2026-03-24 19:24:16] ✓ CH0198963503: 21 trades downloaded
[2026-03-24 19:24:17] Processing: CH0016376714 (Matterhorn Gotthard Verkehr AG)
[2026-03-24 19:24:17] ✓ CH0016376714: 92 trades downloaded
[2026-03-24 19:24:18] Processing: CH0014069212 (Menzi Muck Gruppe N)
[2026-03-24 19:24:18] ✓ CH0014069212: 1339 trades downloaded
[2026-03-24 19:24:19] Processing: CH0002092622 (Metall Zug AG Serie A)
[2026-03-24 19:24:19] ✓ CH0002092622: 552 trades downloaded
[2026-03-24 19:24:20] Processing: CH0107020692 (Montana Tech N)
[2026-03-24 19:24:20] ✓ CH0107020692: 1680 trades downloaded
[2026-03-24 19:24:21] Processing: CH0003798599 (Montreux-Berner Oberland Bahn)
[2026-03-24 19:24:21] ✓ CH0003798599: 443 trades downloaded
[2026-03-24 19:24:22] Processing: CH0126517975 (Neue Zürcher Zeitung, Zürich)
[2026-03-24 19:24:22] ✓ CH0126517975: 3625 trades downloaded
[2026-03-24 19:24:23] Processing: CH0187475709 (Nexus Gr Hold N)
[2026-03-24 19:24:23] ✓ CH0187475709: 165 trades downloaded
[2026-03-24 19:24:24] Processing: CH0572824867 (Niederhornbahn N)
[2026-03-24 19:24:24] ✓ CH0572824867: 65 trades downloaded
[2026-03-24 19:24:25] Processing: CH1104984104 (Niesenbahn N)
[2026-03-24 19:24:25] ✓ CH1104984104: 132 trades downloaded
[2026-03-24 19:24:26] Processing: CH0013592248 (NORINVEST HLDG N)
[2026-03-24 19:24:26] ✓ CH0013592248: 158 trades downloaded
[2026-03-24 19:24:27] Processing: CH0002160460 (Opernhaus Zürich N 300)
[2026-03-24 19:24:27] ✓ CH0002160460: 28 trades downloaded
[2026-03-24 19:24:28] Processing: CH0002160478 (Opernhaus Zürich N 900)
[2026-03-24 19:24:28] ✓ CH0002160478: 355 trades downloaded
[2026-03-24 19:24:29] Processing: CH0017915742 (OTC-X All Share)
[2026-03-24 19:24:29] ✓ CH0017915742: 0 trades downloaded
[2026-03-24 19:24:30] Processing: CH0017915718 (OTC-X Banken)
[2026-03-24 19:24:30] ✓ CH0017915718: 0 trades downloaded
[2026-03-24 19:24:31] Processing: CH0039576753 (OTC-X Bergbahnen)
[2026-03-24 19:24:31] ✓ CH0039576753: 0 trades downloaded
[2026-03-24 19:24:32] Processing: CH0039576787 (OTC-X Beteiligungsgesellschaften)
[2026-03-24 19:24:32] ✓ CH0039576787: 0 trades downloaded
[2026-03-24 19:24:33] Processing: CH0017915692 (OTC-X Energie)
[2026-03-24 19:24:33] ✓ CH0017915692: 0 trades downloaded
[2026-03-24 19:24:34] Processing: CH0039576837 (OTC-X Immobilien)
[2026-03-24 19:24:34] ✓ CH0039576837: 0 trades downloaded
[2026-03-24 19:24:35] Processing: CH0017915684 (OTC-X Industrie)
[2026-03-24 19:24:36] ✓ CH0017915684: 0 trades downloaded
[2026-03-24 19:24:37] Processing: CH0039576860 (OTC-X Liquidity)
[2026-03-24 19:24:37] ✓ CH0039576860: 0 trades downloaded
[2026-03-24 19:24:38] Processing: CH0017915668 (OTC-X Medien)
[2026-03-24 19:24:38] ✓ CH0017915668: 0 trades downloaded
[2026-03-24 19:24:39] Processing: CH0039576852 (OTC-X Nahrung und Getraenke)
[2026-03-24 19:24:39] ✓ CH0039576852: 0 trades downloaded
[2026-03-24 19:24:40] Processing: CH0213109793 (OTC-X Premium)
[2026-03-24 19:24:40] ✓ CH0213109793: 0 trades downloaded
[2026-03-24 19:24:41] Processing: CH0017915726 (OTC-X TOP50)
[2026-03-24 19:24:41] ✓ CH0017915726: 0 trades downloaded
[2026-03-24 19:24:42] Processing: CH0017915643 (OTC-X Tourismus/Freizeit/Sonstiges)
[2026-03-24 19:24:42] ✓ CH0017915643: 0 trades downloaded
[2026-03-24 19:24:43] Processing: CH0017915635 (OTC-X Transport/Verkehr/Logistik)
[2026-03-24 19:24:43] ✓ CH0017915635: 0 trades downloaded
[2026-03-24 19:24:44] Processing: CH0467707490 (Outdoor Switzerland N)
[2026-03-24 19:24:44] ✓ CH0467707490: 74 trades downloaded
[2026-03-24 19:24:45] Processing: CH0002174743 (Parking des Alpes N)
[2026-03-24 19:24:45] ✓ CH0002174743: 9 trades downloaded
[2026-03-24 19:24:46] Processing: CH0016049881 (Patiswiss AG)
[2026-03-24 19:24:46] ✓ CH0016049881: 911 trades downloaded
[2026-03-24 19:24:47] Processing: CH1350861261 (Perlen Industrieholding N)
[2026-03-24 19:24:47] ✓ CH1350861261: 1475 trades downloaded
[2026-03-24 19:24:48] Processing: CH0009005973 (Pilatus-Bahnen AG, Kriens)
[2026-03-24 19:24:48] ✓ CH0009005973: 1769 trades downloaded
[2026-03-24 19:24:49] Processing: CH0012457633 (Plaston Holding AG)
[2026-03-24 19:24:49] ✓ CH0012457633: 1378 trades downloaded
[2026-03-24 19:24:50] Processing: CH0284143929 (PLAZZA-B-N)
[2026-03-24 19:24:50] ✓ CH0284143929: 111 trades downloaded
[2026-03-24 19:24:51] Processing: CH0286266488 (Ports Francs et Entrepôts de Genève)
[2026-03-24 19:24:51] ✓ CH0286266488: 0 trades downloaded
[2026-03-24 19:24:52] Processing: CH0122303669 (Prayon Switzerland N)
[2026-03-24 19:24:52] ✓ CH0122303669: 22 trades downloaded
[2026-03-24 19:24:53] Processing: CH0013283368 (Precious Woods Hldg N)
[2026-03-24 19:24:53] ✓ CH0013283368: 544 trades downloaded
[2026-03-24 19:24:54] Processing: CH0002218664 (Railtour Suisse SA Nom 100)
[2026-03-24 19:24:54] ✓ CH0002218664: 0 trades downloaded
[2026-03-24 19:24:55] Processing: CH0002218698 (Railtour Suisse SA Nom 500)
[2026-03-24 19:24:55] ✓ CH0002218698: 0 trades downloaded
[2026-03-24 19:24:56] Processing: CH0030333360 (Rapid Holding N)
[2026-03-24 19:24:56] ✓ CH0030333360: 1444 trades downloaded
[2026-03-24 19:24:57] Processing: CH0027315818 (Raststätte Rheintal AG, Sevelen)
[2026-03-24 19:24:57] ✓ CH0027315818: 204 trades downloaded
[2026-03-24 19:24:58] Processing: CH0002221304 (Raststätte Thurau, St. Gallen)
[2026-03-24 19:24:58] ✓ CH0002221304: 179 trades downloaded
[2026-03-24 19:24:59] Processing: CH0018525532 (Raststätte Walensee AG)
[2026-03-24 19:24:59] ✓ CH0018525532: 93 trades downloaded
[2026-03-24 19:25:00] Processing: CH1387788180 (Raurica Wald N-B)
[2026-03-24 19:25:00] ✓ CH1387788180: 18 trades downloaded
[2026-03-24 19:25:01] Processing: CH0001340196 (Regiobank Männedorf)
[2026-03-24 19:25:01] ✓ CH0001340196: 226 trades downloaded
[2026-03-24 19:25:02] Processing: CH1112956201 (Regiobank Solothurn N)
[2026-03-24 19:25:02] ✓ CH1112956201: 2970 trades downloaded
[2026-03-24 19:25:03] Processing: CH0002227095 (Reishauer N)
[2026-03-24 19:25:04] ✓ CH0002227095: 1019 trades downloaded
[2026-03-24 19:25:05] Processing: CH0199383602 (Remontées Mécaniques de Grimentz)
[2026-03-24 19:25:05] ✓ CH0199383602: 11 trades downloaded
[2026-03-24 19:25:06] Processing: CH0320096990 (Repower N)
[2026-03-24 19:25:06] ✓ CH0320096990: 4799 trades downloaded
[2026-03-24 19:25:07] Processing: CH0002577705 (Reussegg Hldg N (in Liquidation))
[2026-03-24 19:25:07] ✓ CH0002577705: 156 trades downloaded
[2026-03-24 19:25:08] Processing: CH0002234398 (Rhätische Bahn RhB / Prior)
[2026-03-24 19:25:08] ✓ CH0002234398: 251 trades downloaded
[2026-03-24 19:25:09] Processing: CH0002234372 (Rhätische Bahn RhB / Stamm)
[2026-03-24 19:25:09] ✓ CH0002234372: 209 trades downloaded
[2026-03-24 19:25:10] Processing: CH0001378626 (Rhiienergie AG, Tamins)
[2026-03-24 19:25:10] ✓ CH0001378626: 128 trades downloaded
[2026-03-24 19:25:11] Processing: CH0016290014 (Rigi Bahnen AG, Goldau)
[2026-03-24 19:25:11] ✓ CH0016290014: 2621 trades downloaded
[2026-03-24 19:25:12] Processing: CH0114457390 (Rottal Auto AG, Ruswil)
[2026-03-24 19:25:12] ✓ CH0114457390: 49 trades downloaded
[2026-03-24 19:25:13] Processing: CH0000975372 (Säntis-Schwebebahn AG, Schwägalp)
[2026-03-24 19:25:13] ✓ CH0000975372: 3085 trades downloaded
[2026-03-24 19:25:14] Processing: CH0002353487 (SB Elm AG N)
[2026-03-24 19:25:14] ✓ CH0002353487: 103 trades downloaded
[2026-03-24 19:25:15] Processing: CH0001394607 (SB im Mythengebiet, Schwyz)
[2026-03-24 19:25:15] ✓ CH0001394607: 50 trades downloaded
[2026-03-24 19:25:16] Processing: CH0002353693 (SB Pischa, Davos)
[2026-03-24 19:25:16] ✓ CH0002353693: 132 trades downloaded
[2026-03-24 19:25:17] Processing: CH0001352928 (SB Saanen Bank)
[2026-03-24 19:25:17] ✓ CH0001352928: 1342 trades downloaded
[2026-03-24 19:25:18] Processing: CH0341320114 (Schifffahrtsges. Hallwilersee)
[2026-03-24 19:25:18] ✓ CH0341320114: 121 trades downloaded
[2026-03-24 19:25:19] Processing: CH0002276266 (Schilthornbahn AG Mürren)
[2026-03-24 19:25:19] ✓ CH0002276266: 2760 trades downloaded
[2026-03-24 19:25:20] Processing: CH0002283601 (Schützen Rheinfelden Immobilien N)
[2026-03-24 19:25:20] ✓ CH0002283601: 265 trades downloaded
[2026-03-24 19:25:21] Processing: CH0006234014 (Schweizer Zucker AG)
[2026-03-24 19:25:21] ✓ CH0006234014: 2270 trades downloaded
[2026-03-24 19:25:22] Processing: CH0002291802 (Schweiz. Schifffahrtsges. Untersee und Rhein N)
[2026-03-24 19:25:22] ✓ CH0002291802: 133 trades downloaded
[2026-03-24 19:25:23] Processing: CH0031151084 (SeeBeteiligungs AG)
[2026-03-24 19:25:23] ✓ CH0031151084: 843 trades downloaded
[2026-03-24 19:25:24] Processing: CH0030693185 (Seilbahn Weissenstein AG)
[2026-03-24 19:25:24] ✓ CH0030693185: 1068 trades downloaded
[2026-03-24 19:25:25] Processing: CH0421720779 (SGV Holding N)
[2026-03-24 19:25:26] ✓ CH0421720779: 2407 trades downloaded
[2026-03-24 19:25:27] Processing: CH0547027570 (SIA-Haus Vz N)
[2026-03-24 19:25:27] ✓ CH0547027570: 157 trades downloaded
[2026-03-24 19:25:28] Processing: CH0009219186 (sitEX Properties Hldg N)
[2026-03-24 19:25:28] ✓ CH0009219186: 348 trades downloaded
[2026-03-24 19:25:29] Processing: CH0305002096 (Skilifte Brunni-Haggenegg N)
[2026-03-24 19:25:29] ✓ CH0305002096: 41 trades downloaded
[2026-03-24 19:25:30] Processing: CH0001350328 (Spar + Leihkasse Gürbetal N)
[2026-03-24 19:25:30] ✓ CH0001350328: 283 trades downloaded
[2026-03-24 19:25:31] Processing: CH0001352720 (Spar+Leihkasse Riggisberg)
[2026-03-24 19:25:31] ✓ CH0001352720: 498 trades downloaded
[2026-03-24 19:25:32] Processing: CH0318681860 (Spar- und Leihkasse Bucheggberg N)
[2026-03-24 19:25:32] ✓ CH0318681860: 902 trades downloaded
[2026-03-24 19:25:33] Processing: CH0001350112 (Spar- und Leihkasse Frutigen)
[2026-03-24 19:25:33] ✓ CH0001350112: 358 trades downloaded
[2026-03-24 19:25:34] Processing: CH0001354296 (Spar- und Leihkasse Wynigen)
[2026-03-24 19:25:34] ✓ CH0001354296: 106 trades downloaded
[2026-03-24 19:25:35] Processing: CH0320093559 (Sportbahnen Atzmaennig N)
[2026-03-24 19:25:35] ✓ CH0320093559: 72 trades downloaded
[2026-03-24 19:25:36] Processing: CH0002513312 (SSE Holding N)
[2026-03-24 19:25:36] ✓ CH0002513312: 3325 trades downloaded
[2026-03-24 19:25:37] Processing: CH0009319721 (Stadtcasino Baden AG, Baden)
[2026-03-24 19:25:37] ✓ CH0009319721: 2104 trades downloaded
[2026-03-24 19:25:38] Processing: CH0586685981 (Stanserhorn-Bahn N -10-)
[2026-03-24 19:25:39] ✓ CH0586685981: 23 trades downloaded
[2026-03-24 19:25:40] Processing: CH0586455245 (Stanserhorn-Bahn N -250-)
[2026-03-24 19:25:40] ✓ CH0586455245: 228 trades downloaded
[2026-03-24 19:25:41] Processing: CH0487871656 (STI Hldg N)
[2026-03-24 19:25:41] ✓ CH0487871656: 9 trades downloaded
[2026-03-24 19:25:42] Processing: CH0005701708 (Stoosbahnen N)
[2026-03-24 19:25:42] ✓ CH0005701708: 370 trades downloaded
[2026-03-24 19:25:43] Processing: CH0197490847 (Sunstar-Holding N -A-)
[2026-03-24 19:25:43] ✓ CH0197490847: 828 trades downloaded
[2026-03-24 19:25:44] Processing: CH0341319801 (Sursee-Triengen Bahn N)
[2026-03-24 19:25:44] ✓ CH0341319801: 18 trades downloaded
[2026-03-24 19:25:45] Processing: CH0001395539 (Suvretta-Haus, St. Moritz)
[2026-03-24 19:25:45] ✓ CH0001395539: 222 trades downloaded
[2026-03-24 19:25:46] Processing: CH0002512801 (Swisstulle AG)
[2026-03-24 19:25:46] ✓ CH0002512801: 153 trades downloaded
[2026-03-24 19:25:47] Processing: CH0121640970 (SWS Medien N)
[2026-03-24 19:25:47] ✓ CH0121640970: 128 trades downloaded
[2026-03-24 19:25:48] Processing: CH0002538012 (Tersa AG)
[2026-03-24 19:25:48] ✓ CH0002538012: 124 trades downloaded
[2026-03-24 19:25:49] Processing: CH0596918380 (Thermalbad Zurzach N)
[2026-03-24 19:25:49] ✓ CH0596918380: 606 trades downloaded
[2026-03-24 19:25:50] Processing: CH0223260743 (Toggenburg Bergbahnen N)
[2026-03-24 19:25:50] ✓ CH0223260743: 450 trades downloaded
[2026-03-24 19:25:51] Processing: CH0001725255 (Tonwerk Lausen N)
[2026-03-24 19:25:51] ✓ CH0001725255: 57 trades downloaded
[2026-03-24 19:25:52] Processing: CH0002557616 (Treib-Seelisberg-Bahn AG)
[2026-03-24 19:25:52] ✓ CH0002557616: 75 trades downloaded
[2026-03-24 19:25:53] Processing: CH0002569694 (Tuwag Immobilien AG, Wädenswil)
[2026-03-24 19:25:53] ✓ CH0002569694: 53 trades downloaded
[2026-03-24 19:25:54] Processing: CH0326691679 (Unione Farmaceutica Distr N)
[2026-03-24 19:25:54] ✓ CH0326691679: 24 trades downloaded
[2026-03-24 19:25:55] Processing: CH0326380885 (Unipharma N)
[2026-03-24 19:25:55] ✓ CH0326380885: 9 trades downloaded
[2026-03-24 19:25:56] Processing: CH0306293272 (Usines Metallurgiques de Vallorbe N)
[2026-03-24 19:25:56] ✓ CH0306293272: 65 trades downloaded
[2026-03-24 19:25:57] Processing: CH0033136596 (Viamala Raststätte Thusis AG)
[2026-03-24 19:25:57] ✓ CH0033136596: 2 trades downloaded
[2026-03-24 19:25:58] Processing: CH0029910939 (VOe holding N)
[2026-03-24 19:25:59] ✓ CH0029910939: 359 trades downloaded
[2026-03-24 19:26:00] Processing: CH0212936964 (Weiss+Appetito N)
[2026-03-24 19:26:00] ✓ CH0212936964: 1245 trades downloaded
[2026-03-24 19:26:01] Processing: CH0000041795 (Weisse Arena AG, Laax)
[2026-03-24 19:26:01] ✓ CH0000041795: 1382 trades downloaded
[2026-03-24 19:26:02] Processing: CH0004960180 (Weleda N-PS)
[2026-03-24 19:26:02] ✓ CH0004960180: 2569 trades downloaded
[2026-03-24 19:26:03] Processing: CH0010173182 (Welinvest AG in Liquidation)
[2026-03-24 19:26:03] ✓ CH0010173182: 1967 trades downloaded
[2026-03-24 19:26:04] Processing: CH1204218437 (WIR Bank BS N)
[2026-03-24 19:26:04] ✓ CH1204218437: 353 trades downloaded
[2026-03-24 19:26:05] Processing: CH1102090151 (WWZ N)
[2026-03-24 19:26:05] ✓ CH1102090151: 4966 trades downloaded
[2026-03-24 19:26:06] Processing: CH0002056114 (Zermatt Bergbahnen N)
[2026-03-24 19:26:06] ✓ CH0002056114: 570 trades downloaded
[2026-03-24 19:26:07] Processing: CH0002370903 (ZLB Zürcher Landbank)
[2026-03-24 19:26:07] ✓ CH0002370903: 252 trades downloaded
[2026-03-24 19:26:08] Processing: CH0002655501 (Zoologischer Garten, Basel)
[2026-03-24 19:26:08] ✓ CH0002655501: 87 trades downloaded
[2026-03-24 19:26:09] Processing: CH0002654934 (ZT Medien N)
[2026-03-24 19:26:09] ✓ CH0002654934: 183 trades downloaded
[2026-03-24 19:26:10] Processing: CH0148052118 (Zug Estates N Serie A)
[2026-03-24 19:26:10] ✓ CH0148052118: 228 trades downloaded
[2026-03-24 19:26:11] Processing: CH0001671707 (Zürcher Oberland Medien AG, Wetzikon)
[2026-03-24 19:26:11] ✓ CH0001671707: 506 trades downloaded
[2026-03-24 19:26:12] Processing: CH0002658448 (Zürichsee-Fähre Horgen-Meilen AG)
[2026-03-24 19:26:12] ✓ CH0002658448: 999 trades downloaded
[2026-03-24 19:26:13] Processing: CH0553343069 (Zürichsee-Schifffahrtsgesellschaft)
[2026-03-24 19:26:13] ✓ CH0553343069: 412 trades downloaded
[2026-03-24 19:26:14] ========== SUMMARY ==========
[2026-03-24 19:26:14] Total ISINs processed: 243
[2026-03-24 19:26:14] Successful downloads: 243
[2026-03-24 19:26:14] Failed/Not Found: 0
[2026-03-24 19:26:14] CSV files created: 243
[2026-03-24 19:26:14] Time elapsed: 4m 16s
[2026-03-24 19:26:14] Log saved: C:\Users\mihae\PycharmProjects\OTC-X\backend\logs\downloader_2026-03-24_192155.log
