[2026-04-24 07:01:08] OTC-X Trade Downloader started
[2026-04-24 07:01:08] Loaded 242 rows from /home/runner/work/OTC-X/OTC-X/backend/data/securities.csv
[2026-04-24 07:01:08] Processing: CH0136182570 (acrevis Bank N)
[2026-04-24 07:01:10] ✓ CH0136182570: 3563 trades downloaded
[2026-04-24 07:01:11] Processing: CH0006668930 (ADEV Solarstrom AG, Liestal)
[2026-04-24 07:01:11] ✓ CH0006668930: 470 trades downloaded
[2026-04-24 07:01:12] Processing: CH0006524265 (ADEV Wasserkraftwerk AG, Liestal)
[2026-04-24 07:01:12] ✓ CH0006524265: 211 trades downloaded
[2026-04-24 07:01:13] Processing: CH0010497532 (ADEV Windkraft AG, Liestal)
[2026-04-24 07:01:14] ✓ CH0010497532: 148 trades downloaded
[2026-04-24 07:01:15] Processing: CH0034900248 (AG für Erstellung billiger Wohnhäuser in Winterthu)
[2026-04-24 07:01:15] ✓ CH0034900248: 119 trades downloaded
[2026-04-24 07:01:16] Processing: CH0001402418 (Agruna AG)
[2026-04-24 07:01:16] ✓ CH0001402418: 330 trades downloaded
[2026-04-24 07:01:17] Processing: CH0002599352 (Aletsch Bahnen N)
[2026-04-24 07:01:17] ✓ CH0002599352: 397 trades downloaded
[2026-04-24 07:01:18] Processing: CH0011322200 (Alpha Rheintal Bank, Heerbrugg)
[2026-04-24 07:01:20] ✓ CH0011322200: 1190 trades downloaded
[2026-04-24 07:01:21] Processing: CH0001418216 (Aluminium-Laufen AG Liesberg)
[2026-04-24 07:01:21] ✓ CH0001418216: 215 trades downloaded
[2026-04-24 07:01:22] Processing: CH0185254742 (Andermatt-Sedrun Sport AG)
[2026-04-24 07:01:22] ✓ CH0185254742: 430 trades downloaded
[2026-04-24 07:01:23] Processing: CH0026212446 (Appenzeller Bahnen)
[2026-04-24 07:01:23] ✓ CH0026212446: 235 trades downloaded
[2026-04-24 07:01:24] Processing: CH0001430930 (Arosa Bergbahnen AG, Arosa)
[2026-04-24 07:01:25] ✓ CH0001430930: 780 trades downloaded
[2026-04-24 07:01:26] Processing: CH0001457826 (Auto AG Schwyz, Schwyz)
[2026-04-24 07:01:26] ✓ CH0001457826: 96 trades downloaded
[2026-04-24 07:01:27] Processing: CH0029706766 (Auto AG Uri)
[2026-04-24 07:01:27] ✓ CH0029706766: 23 trades downloaded
[2026-04-24 07:01:28] Processing: CH0032018688 (Auto Hldg N)
[2026-04-24 07:01:28] ✓ CH0032018688: 1546 trades downloaded
[2026-04-24 07:01:29] Processing: CH0023777235 (aventron N)
[2026-04-24 07:01:29] ✓ CH0023777235: 608 trades downloaded
[2026-04-24 07:01:30] Processing: CH0003857031 (Bad Schinznach AG, Schinznach)
[2026-04-24 07:01:31] ✓ CH0003857031: 1040 trades downloaded
[2026-04-24 07:01:32] Processing: CH0001314852 (Bank in Zuzwil)
[2026-04-24 07:01:32] ✓ CH0001314852: 47 trades downloaded
[2026-04-24 07:01:33] Processing: CH0039074692 (Bank Leerau)
[2026-04-24 07:01:33] ✓ CH0039074692: 149 trades downloaded
[2026-04-24 07:01:34] Processing: CH0013792848 (Bank Oberaargau N)
[2026-04-24 07:01:34] ✓ CH0013792848: 541 trades downloaded
[2026-04-24 07:01:35] Processing: CH0001351862 (Bank SLM N)
[2026-04-24 07:01:35] ✓ CH0001351862: 471 trades downloaded
[2026-04-24 07:01:36] Processing: CH0049588129 (Bank von Roll AG)
[2026-04-24 07:01:37] ✓ CH0049588129: 252 trades downloaded
[2026-04-24 07:01:38] Processing: CH0303601253 (BB Adelboden N)
[2026-04-24 07:01:38] ✓ CH0303601253: 346 trades downloaded
[2026-04-24 07:01:39] Processing: CH0574732894 (BB Lauterbrunnen-Muerren N)
[2026-04-24 07:01:39] ✓ CH0574732894: 16 trades downloaded
[2026-04-24 07:01:40] Processing: CH0010756531 (BBO Bank Brienz-Oberhasli)
[2026-04-24 07:01:40] ✓ CH0010756531: 393 trades downloaded
[2026-04-24 07:01:41] Processing: CH0001507406 (BB Piz Mundaun AG)
[2026-04-24 07:01:41] ✓ CH0001507406: 103 trades downloaded
[2026-04-24 07:01:42] Processing: CH0002353867 (BB Soerenberg AG)
[2026-04-24 07:01:43] ✓ CH0002353867: 230 trades downloaded
[2026-04-24 07:01:44] Processing: CH0010726963 (Beau-Rivage Palace SA, Lausanne-Ouchy)
[2026-04-24 07:01:44] ✓ CH0010726963: 789 trades downloaded
[2026-04-24 07:01:45] Processing: CH0024700483 (Belalp-Bahnen, Naters)
[2026-04-24 07:01:45] ✓ CH0024700483: 29 trades downloaded
[2026-04-24 07:01:46] Processing: CH0187392300 (Bellwald Sportbahnen N)
[2026-04-24 07:01:46] ✓ CH0187392300: 10 trades downloaded
[2026-04-24 07:01:47] Processing: CH0002332093 (Bergbahnen Brigels N)
[2026-04-24 07:01:47] ✓ CH0002332093: 148 trades downloaded
[2026-04-24 07:01:48] Processing: CH0018384120 (Bergbahnen Destination Gstaad N)
[2026-04-24 07:01:49] ✓ CH0018384120: 432 trades downloaded
[2026-04-24 07:01:50] Processing: CH0292081723 (Bergbahnen Disentis N)
[2026-04-24 07:01:50] ✓ CH0292081723: 92 trades downloaded
[2026-04-24 07:01:51] Processing: CH0580517032 (Bergbahnen Hohsaas N)
[2026-04-24 07:01:51] ✓ CH0580517032: 0 trades downloaded
[2026-04-24 07:01:52] Processing: CH0036505888 (Bergbahnen Meiringen-Hasliberg N)
[2026-04-24 07:01:52] ✓ CH0036505888: 441 trades downloaded
[2026-04-24 07:01:53] Processing: CH0342666572 (Bergbahnen Scuol N)
[2026-04-24 07:01:53] ✓ CH0342666572: 245 trades downloaded
[2026-04-24 07:01:54] Processing: CH0016568880 (Bergbahnen Splügen-Tambo N)
[2026-04-24 07:01:54] ✓ CH0016568880: 46 trades downloaded
[2026-04-24 07:01:55] Processing: CH0045885032 (Bergbahnen Wildhaus AG)
[2026-04-24 07:01:56] ✓ CH0045885032: 91 trades downloaded
[2026-04-24 07:01:57] Processing: CH0014874918 (Bernerland Bank, Sumiswald)
[2026-04-24 07:01:57] ✓ CH0014874918: 897 trades downloaded
[2026-04-24 07:01:58] Processing: CH0322776573 (Berner Oberland-Bahnen N)
[2026-04-24 07:01:58] ✓ CH0322776573: 230 trades downloaded
[2026-04-24 07:01:59] Processing: CH0011100341 (BERNEXPO N)
[2026-04-24 07:02:00] ✓ CH0011100341: 2159 trades downloaded
[2026-04-24 07:02:01] Processing: CH0018043619 (Biene-Bank im Rheintal)
[2026-04-24 07:02:01] ✓ CH0018043619: 375 trades downloaded
[2026-04-24 07:02:02] Processing: CH0025889160 (BLS N)
[2026-04-24 07:02:02] ✓ CH0025889160: 1408 trades downloaded
[2026-04-24 07:02:03] Processing: CH0012684657 (Bobst Group N)
[2026-04-24 07:02:03] ✓ CH0012684657: 3151 trades downloaded
[2026-04-24 07:02:04] Processing: CH0545753953 (Bondpartners N)
[2026-04-24 07:02:04] ✓ CH0545753953: 154 trades downloaded
[2026-04-24 07:02:05] Processing: CH0001542635 (Brauerei Schützengarten AG N)
[2026-04-24 07:02:06] ✓ CH0001542635: 161 trades downloaded
[2026-04-24 07:02:07] Processing: CH0001542643 (Brauerei Schützengarten AG PS)
[2026-04-24 07:02:07] ✓ CH0001542643: 638 trades downloaded
[2026-04-24 07:02:08] Processing: CH0002052501 (Brunni-Bahnen N)
[2026-04-24 07:02:08] ✓ CH0002052501: 570 trades downloaded
[2026-04-24 07:02:09] Processing: CH0009438109 (BS Bank, Schaffhausen)
[2026-04-24 07:02:09] ✓ CH0009438109: 503 trades downloaded
[2026-04-24 07:02:10] Processing: CH0002657978 (Bystronic -B- N)
[2026-04-24 07:02:10] ✓ CH0002657978: 423 trades downloaded
[2026-04-24 07:02:11] Processing: CH0001570057 (Caran d`Ache, Genève, Serie B)
[2026-04-24 07:02:11] ✓ CH0001570057: 89 trades downloaded
[2026-04-24 07:02:12] Processing: CH0102022560 (CasaInvest N)
[2026-04-24 07:02:13] ✓ CH0102022560: 865 trades downloaded
[2026-04-24 07:02:14] Processing: CH1127803547 (Casale Holding Rg)
[2026-04-24 07:02:14] ✓ CH1127803547: 14 trades downloaded
[2026-04-24 07:02:15] Processing: CH0004959505 (Casino de Montreux SA Nom 100)
[2026-04-24 07:02:15] ✓ CH0004959505: 448 trades downloaded
[2026-04-24 07:02:16] Processing: CH0004959471 (Casino de Montreux SA Nom 50)
[2026-04-24 07:02:16] ✓ CH0004959471: 33 trades downloaded
[2026-04-24 07:02:17] Processing: CH0324791133 (Chemholding N)
[2026-04-24 07:02:17] ✓ CH0324791133: 4 trades downloaded
[2026-04-24 07:02:18] Processing: CH0020603475 (CKW N)
[2026-04-24 07:02:19] ✓ CH0020603475: 1467 trades downloaded
[2026-04-24 07:02:20] Processing: CH0010583448 (Clientis Bank Aareland N)
[2026-04-24 07:02:20] ✓ CH0010583448: 260 trades downloaded
[2026-04-24 07:02:21] Processing: CH0001336319 (Clientis Bank Oberuzwil AG)
[2026-04-24 07:02:21] ✓ CH0001336319: 69 trades downloaded
[2026-04-24 07:02:22] Processing: CH0010621925 (Clientis Bank Toggenburg)
[2026-04-24 07:02:22] ✓ CH0010621925: 211 trades downloaded
[2026-04-24 07:02:23] Processing: CH0001357000 (Clientis Sparkasse Oftringen)
[2026-04-24 07:02:23] ✓ CH0001357000: 190 trades downloaded
[2026-04-24 07:02:24] Processing: CH0001579363 (CMSA Holding SA)
[2026-04-24 07:02:25] ✓ CH0001579363: 1301 trades downloaded
[2026-04-24 07:02:26] Processing: CH0032462910 (Corvatsch AG Nom 3, Silvaplana)
[2026-04-24 07:02:27] ✓ CH0032462910: 529 trades downloaded
[2026-04-24 07:02:28] Processing: CH1100211528 (Crédit Mutuel de la Vallée N)
[2026-04-24 07:02:28] ✓ CH1100211528: 33 trades downloaded
[2026-04-24 07:02:29] Processing: CH0019556908 (Cresta Palace Celerina N)
[2026-04-24 07:02:29] ✓ CH0019556908: 230 trades downloaded
[2026-04-24 07:02:30] Processing: CH0433137400 (Davos Klosters Bergbahnen N)
[2026-04-24 07:02:30] ✓ CH0433137400: 529 trades downloaded
[2026-04-24 07:02:31] Processing: CH0109916244 (Diavolezza Lagalb N)
[2026-04-24 07:02:32] ✓ CH0109916244: 57 trades downloaded
[2026-04-24 07:02:33] Processing: CH0001665147 (Dolder Hotel AG, Zürich)
[2026-04-24 07:02:33] ✓ CH0001665147: 557 trades downloaded
[2026-04-24 07:02:34] Processing: CH0578688241 (Drahtseilbahn Marzili N)
[2026-04-24 07:02:34] ✓ CH0578688241: 8 trades downloaded
[2026-04-24 07:02:35] Processing: CH0001669255 (Drahtseilbahn Marzili-Stadt Bern N)
[2026-04-24 07:02:35] ✓ CH0001669255: 36 trades downloaded
[2026-04-24 07:02:36] Processing: CH0001777876 (ebs Erdgas + Biogas)
[2026-04-24 07:02:36] ✓ CH0001777876: 48 trades downloaded
[2026-04-24 07:02:37] Processing: CH1159308571 (EcoRenova N)
[2026-04-24 07:02:38] ✓ CH1159308571: 1 trades downloaded
[2026-04-24 07:02:39] Processing: CH0102699540 (Energ Elec du Simplon E.E.S.)
[2026-04-24 07:02:39] ✓ CH0102699540: 94 trades downloaded
[2026-04-24 07:02:40] Processing: CH0014386996 (Energie Zürichsee Linth N)
[2026-04-24 07:02:40] ✓ CH0014386996: 827 trades downloaded
[2026-04-24 07:02:41] Processing: CH0031926105 (Engadin Mountains AG)
[2026-04-24 07:02:41] ✓ CH0031926105: 681 trades downloaded
[2026-04-24 07:02:42] Processing: CH0129442221 (Eniwa Holding AG)
[2026-04-24 07:02:42] ✓ CH0129442221: 814 trades downloaded
[2026-04-24 07:02:43] Processing: CH0001337200 (Ersparniskasse Affoltern)
[2026-04-24 07:02:44] ✓ CH0001337200: 231 trades downloaded
[2026-04-24 07:02:45] Processing: CH0001704680 (Eskimo Textil AG, Turbenthal)
[2026-04-24 07:02:45] ✓ CH0001704680: 35 trades downloaded
[2026-04-24 07:02:46] Processing: CH0002557400 (Espace Real Estate Hldg N)
[2026-04-24 07:02:46] ✓ CH0002557400: 3266 trades downloaded
[2026-04-24 07:02:47] Processing: CH0001239398 (EW Brig-Naters EWBN)
[2026-04-24 07:02:47] ✓ CH0001239398: 147 trades downloaded
[2026-04-24 07:02:48] Processing: CH0001690533 (EW Jona-Rapperswil, Jona)
[2026-04-24 07:02:48] ✓ CH0001690533: 1523 trades downloaded
[2026-04-24 07:02:49] Processing: CH0001691614 (EW Uznach AG)
[2026-04-24 07:02:49] ✓ CH0001691614: 227 trades downloaded
[2026-04-24 07:02:50] Processing: CH0001413704 (Flughafen Bern AG N)
[2026-04-24 07:02:51] ✓ CH0001413704: 505 trades downloaded
[2026-04-24 07:02:52] Processing: CH1106247997 (Funi Locarno-Madonna N)
[2026-04-24 07:02:52] ✓ CH1106247997: 13 trades downloaded
[2026-04-24 07:02:53] Processing: CH1104949586 (Funi Lugano-Paradiso N)
[2026-04-24 07:02:53] ✓ CH1104949586: 19 trades downloaded
[2026-04-24 07:02:54] Processing: CH0001602009 (Generale Beaulieu Holding SA)
[2026-04-24 07:02:54] ✓ CH0001602009: 221 trades downloaded
[2026-04-24 07:02:55] Processing: CH1405847034 (Geoterra Holding Rg)
[2026-04-24 07:02:55] ✓ CH1405847034: 347 trades downloaded
[2026-04-24 07:02:56] Processing: CH0006980079 (Gondelbahn Grindelwald N)
[2026-04-24 07:02:57] ✓ CH0006980079: 549 trades downloaded
[2026-04-24 07:02:58] Processing: CH0375446173 (Gondrand Hldg Vz N)
[2026-04-24 07:02:58] ✓ CH0375446173: 84 trades downloaded
[2026-04-24 07:02:59] Processing: CH0002221338 (Gotthard Raststätte A2 Uri AG)
[2026-04-24 07:03:00] ✓ CH0002221338: 1049 trades downloaded
[2026-04-24 07:03:01] Processing: CH0002541586 (Grand Resort Bad Ragaz, Bad Ragaz)
[2026-04-24 07:03:02] ✓ CH0002541586: 1174 trades downloaded
[2026-04-24 07:03:03] Processing: CH0006532565 (Griesser Holding AG, Aadorf)
[2026-04-24 07:03:03] ✓ CH0006532565: 1287 trades downloaded
[2026-04-24 07:03:04] Processing: CH0016523125 (Griston Holding AG)
[2026-04-24 07:03:04] ✓ CH0016523125: 449 trades downloaded
[2026-04-24 07:03:05] Processing: CH0005051021 (Gurtenbahn AG N)
[2026-04-24 07:03:06] ✓ CH0005051021: 116 trades downloaded
[2026-04-24 07:03:07] Processing: CH0023124214 (HBB Holding AG)
[2026-04-24 07:03:07] ✓ CH0023124214: 441 trades downloaded
[2026-04-24 07:03:08] Processing: CH0001865523 (Heim im Bergli AG, Luzern)
[2026-04-24 07:03:08] ✓ CH0001865523: 60 trades downloaded
[2026-04-24 07:03:09] Processing: CH0304280636 (Helvetic Star Holding)
[2026-04-24 07:03:09] ✓ CH0304280636: 70 trades downloaded
[2026-04-24 07:03:10] Processing: CH0000648680 (Hochalpines Institut Ftan AG)
[2026-04-24 07:03:10] ✓ CH0000648680: 139 trades downloaded
[2026-04-24 07:03:11] Processing: CH0016016849 (Hoch-Ybrig N)
[2026-04-24 07:03:12] ✓ CH0016016849: 691 trades downloaded
[2026-04-24 07:03:13] Processing: CH0001992681 (Hof Weissbad AG)
[2026-04-24 07:03:13] ✓ CH0001992681: 1408 trades downloaded
[2026-04-24 07:03:14] Processing: CH0010923875 (Hoher Kasten Drehrestaurant und Seilbahn AG)
[2026-04-24 07:03:16] ✓ CH0010923875: 660 trades downloaded
[2026-04-24 07:03:17] Processing: CH0020502743 (Holdinova N)
[2026-04-24 07:03:18] ✓ CH0020502743: 5045 trades downloaded
[2026-04-24 07:03:19] Processing: CH0001906848 (Imbrex Hldg N)
[2026-04-24 07:03:19] ✓ CH0001906848: 324 trades downloaded
[2026-04-24 07:03:20] Processing: CH0001910089 (Immges Viamala, Thusis)
[2026-04-24 07:03:20] ✓ CH0001910089: 87 trades downloaded
[2026-04-24 07:03:21] Processing: CH0324793667 (Immobiliare Pharmapark N)
[2026-04-24 07:03:21] ✓ CH0324793667: 63 trades downloaded
[2026-04-24 07:03:22] Processing: CH0001344685 (KB Nidwalden PS)
[2026-04-24 07:03:23] ✓ CH0001344685: 107 trades downloaded
[2026-04-24 07:03:24] Processing: CH0263939958 (Klosters-Madrisa N)
[2026-04-24 07:03:24] ✓ CH0263939958: 170 trades downloaded
[2026-04-24 07:03:25] Processing: CH0001514501 (Kongresshaus Zürich AG, Zürich)
[2026-04-24 07:03:25] ✓ CH0001514501: 809 trades downloaded
[2026-04-24 07:03:26] Processing: CH0115029545 (Konkordia AG N)
[2026-04-24 07:03:26] ✓ CH0115029545: 233 trades downloaded
[2026-04-24 07:03:27] Processing: CH0002052915 (Kronberg N)
[2026-04-24 07:03:27] ✓ CH0002052915: 230 trades downloaded
[2026-04-24 07:03:28] Processing: CH0001574604 (Kursaal-Casino AG, Luzern GS)
[2026-04-24 07:03:28] ✓ CH0001574604: 215 trades downloaded
[2026-04-24 07:03:29] Processing: CH0001574596 (Kursaal-Casino AG, Luzern N)
[2026-04-24 07:03:30] ✓ CH0001574596: 1765 trades downloaded
[2026-04-24 07:03:31] Processing: CH0001989513 (Kursaal Interlaken N)
[2026-04-24 07:03:31] ✓ CH0001989513: 647 trades downloaded
[2026-04-24 07:03:32] Processing: CH0304449611 (Lagerhäuser der Centralschweiz N)
[2026-04-24 07:03:32] ✓ CH0304449611: 229 trades downloaded
[2026-04-24 07:03:33] Processing: CH0002400585 (Landwirtschaft ZRA, Aarberg)
[2026-04-24 07:03:33] ✓ CH0002400585: 229 trades downloaded
[2026-04-24 07:03:34] Processing: CH0001343885 (Leihkasse Stammheim)
[2026-04-24 07:03:34] ✓ CH0001343885: 121 trades downloaded
[2026-04-24 07:03:35] Processing: CH0001788345 (Lenk Bergbahnen, Lenk)
[2026-04-24 07:03:36] ✓ CH0001788345: 199 trades downloaded
[2026-04-24 07:03:37] Processing: CH0023497271 (Lenzerheide Bergbahnen)
[2026-04-24 07:03:37] ✓ CH0023497271: 1177 trades downloaded
[2026-04-24 07:03:38] Processing: CH0001318374 (Lienhardt & Partner Privatbank Zürich AG, Zürich)
[2026-04-24 07:03:38] ✓ CH0001318374: 477 trades downloaded
[2026-04-24 07:03:39] Processing: CH0002045471 (Loeb Holding N -B-)
[2026-04-24 07:03:39] ✓ CH0002045471: 239 trades downloaded
[2026-04-24 07:03:40] Processing: CH0002045497 (Loeb Holding PS)
[2026-04-24 07:03:40] ✓ CH0002045497: 2666 trades downloaded
[2026-04-24 07:03:41] Processing: CH0105175175 (Lorze AG)
[2026-04-24 07:03:42] ✓ CH0105175175: 292 trades downloaded
[2026-04-24 07:03:43] Processing: CH0001542601 (Löwengarten AG)
[2026-04-24 07:03:43] ✓ CH0001542601: 22 trades downloaded
[2026-04-24 07:03:44] Processing: CH0563381901 (LSB Dallenwil-Wirzweli N)
[2026-04-24 07:03:44] ✓ CH0563381901: 6 trades downloaded
[2026-04-24 07:03:45] Processing: CH0002052782 (LSB Grindelwald-Pfingstegg AG)
[2026-04-24 07:03:45] ✓ CH0002052782: 160 trades downloaded
[2026-04-24 07:03:46] Processing: CH0342342653 (LSB Unterterzen-Flumserberg)
[2026-04-24 07:03:46] ✓ CH0342342653: 89 trades downloaded
[2026-04-24 07:03:47] Processing: CH0002055819 (LSB Wasserauen-Ebenalp AG)
[2026-04-24 07:03:48] ✓ CH0002055819: 87 trades downloaded
[2026-04-24 07:03:49] Processing: CH0002056031 (LSB Wengen-Männlichen AG)
[2026-04-24 07:03:50] ✓ CH0002056031: 351 trades downloaded
[2026-04-24 07:03:51] Processing: CH0002056957 (Lurag AG, Neuenkirch)
[2026-04-24 07:03:51] ✓ CH0002056957: 772 trades downloaded
[2026-04-24 07:03:52] Processing: CH0002057070 (Lyceum Alpinum Zuoz AG)
[2026-04-24 07:03:52] ✓ CH0002057070: 134 trades downloaded
[2026-04-24 07:03:53] Processing: CH0198963503 (Magazzini Generali N)
[2026-04-24 07:03:54] ✓ CH0198963503: 21 trades downloaded
[2026-04-24 07:03:55] Processing: CH0016376714 (Matterhorn Gotthard Verkehr AG)
[2026-04-24 07:03:55] ✓ CH0016376714: 96 trades downloaded
[2026-04-24 07:03:56] Processing: CH0014069212 (Menzi Muck Gruppe N)
[2026-04-24 07:03:56] ✓ CH0014069212: 1340 trades downloaded
[2026-04-24 07:03:57] Processing: CH0002092622 (Metall Zug AG Serie A)
[2026-04-24 07:03:57] ✓ CH0002092622: 560 trades downloaded
[2026-04-24 07:03:58] Processing: CH0107020692 (Montana Tech N)
[2026-04-24 07:03:58] ✓ CH0107020692: 1681 trades downloaded
[2026-04-24 07:03:59] Processing: CH0003798599 (Montreux-Berner Oberland Bahn)
[2026-04-24 07:04:00] ✓ CH0003798599: 448 trades downloaded
[2026-04-24 07:04:01] Processing: CH0126517975 (Neue Zürcher Zeitung, Zürich)
[2026-04-24 07:04:01] ✓ CH0126517975: 3666 trades downloaded
[2026-04-24 07:04:02] Processing: CH0187475709 (Nexus Gr Hold N)
[2026-04-24 07:04:02] ✓ CH0187475709: 165 trades downloaded
[2026-04-24 07:04:03] Processing: CH0572824867 (Niederhornbahn N)
[2026-04-24 07:04:03] ✓ CH0572824867: 67 trades downloaded
[2026-04-24 07:04:04] Processing: CH1104984104 (Niesenbahn N)
[2026-04-24 07:04:04] ✓ CH1104984104: 135 trades downloaded
[2026-04-24 07:04:05] Processing: CH0013592248 (NORINVEST HLDG N)
[2026-04-24 07:04:06] ✓ CH0013592248: 158 trades downloaded
[2026-04-24 07:04:07] Processing: CH0002160460 (Opernhaus Zürich N 300)
[2026-04-24 07:04:07] ✓ CH0002160460: 28 trades downloaded
[2026-04-24 07:04:08] Processing: CH0002160478 (Opernhaus Zürich N 900)
[2026-04-24 07:04:08] ✓ CH0002160478: 358 trades downloaded
[2026-04-24 07:04:09] Processing: CH0017915742 (OTC-X All Share)
[2026-04-24 07:04:09] ✓ CH0017915742: 0 trades downloaded
[2026-04-24 07:04:10] Processing: CH0017915718 (OTC-X Banken)
[2026-04-24 07:04:10] ✓ CH0017915718: 0 trades downloaded
[2026-04-24 07:04:11] Processing: CH0039576753 (OTC-X Bergbahnen)
[2026-04-24 07:04:12] ✓ CH0039576753: 0 trades downloaded
[2026-04-24 07:04:13] Processing: CH0039576787 (OTC-X Beteiligungsgesellschaften)
[2026-04-24 07:04:13] ✓ CH0039576787: 0 trades downloaded
[2026-04-24 07:04:14] Processing: CH0017915692 (OTC-X Energie)
[2026-04-24 07:04:14] ✓ CH0017915692: 0 trades downloaded
[2026-04-24 07:04:15] Processing: CH0039576837 (OTC-X Immobilien)
[2026-04-24 07:04:15] ✓ CH0039576837: 0 trades downloaded
[2026-04-24 07:04:16] Processing: CH0017915684 (OTC-X Industrie)
[2026-04-24 07:04:16] ✓ CH0017915684: 0 trades downloaded
[2026-04-24 07:04:17] Processing: CH0039576860 (OTC-X Liquidity)
[2026-04-24 07:04:18] ✓ CH0039576860: 0 trades downloaded
[2026-04-24 07:04:19] Processing: CH0017915668 (OTC-X Medien)
[2026-04-24 07:04:19] ✓ CH0017915668: 0 trades downloaded
[2026-04-24 07:04:20] Processing: CH0039576852 (OTC-X Nahrung und Getraenke)
[2026-04-24 07:04:20] ✓ CH0039576852: 0 trades downloaded
[2026-04-24 07:04:21] Processing: CH0213109793 (OTC-X Premium)
[2026-04-24 07:04:21] ✓ CH0213109793: 0 trades downloaded
[2026-04-24 07:04:22] Processing: CH0017915726 (OTC-X TOP50)
[2026-04-24 07:04:22] ✓ CH0017915726: 0 trades downloaded
[2026-04-24 07:04:23] Processing: CH0017915643 (OTC-X Tourismus/Freizeit/Sonstiges)
[2026-04-24 07:04:23] ✓ CH0017915643: 0 trades downloaded
[2026-04-24 07:04:24] Processing: CH0017915635 (OTC-X Transport/Verkehr/Logistik)
[2026-04-24 07:04:25] ✓ CH0017915635: 0 trades downloaded
[2026-04-24 07:04:26] Processing: CH0467707490 (Outdoor Switzerland N)
[2026-04-24 07:04:26] ✓ CH0467707490: 76 trades downloaded
[2026-04-24 07:04:27] Processing: CH0002174743 (Parking des Alpes N)
[2026-04-24 07:04:27] ✓ CH0002174743: 9 trades downloaded
[2026-04-24 07:04:28] Processing: CH0016049881 (Patiswiss AG)
[2026-04-24 07:04:28] ✓ CH0016049881: 919 trades downloaded
[2026-04-24 07:04:29] Processing: CH1350861261 (Perlen Industrieholding N)
[2026-04-24 07:04:29] ✓ CH1350861261: 1501 trades downloaded
[2026-04-24 07:04:30] Processing: CH0009005973 (Pilatus-Bahnen AG, Kriens)
[2026-04-24 07:04:31] ✓ CH0009005973: 1793 trades downloaded
[2026-04-24 07:04:32] Processing: CH0012457633 (Plaston Holding AG)
[2026-04-24 07:04:32] ✓ CH0012457633: 1392 trades downloaded
[2026-04-24 07:04:33] Processing: CH0284143929 (PLAZZA-B-N)
[2026-04-24 07:04:33] ✓ CH0284143929: 111 trades downloaded
[2026-04-24 07:04:34] Processing: CH0286266488 (Ports Francs et Entrepôts de Genève)
[2026-04-24 07:04:34] ✓ CH0286266488: 0 trades downloaded
[2026-04-24 07:04:35] Processing: CH0122303669 (Prayon Switzerland N)
[2026-04-24 07:04:35] ✓ CH0122303669: 22 trades downloaded
[2026-04-24 07:04:36] Processing: CH0013283368 (Precious Woods Hldg N)
[2026-04-24 07:04:37] ✓ CH0013283368: 546 trades downloaded
[2026-04-24 07:04:38] Processing: CH0002218664 (Railtour Suisse SA Nom 100)
[2026-04-24 07:04:38] ✓ CH0002218664: 0 trades downloaded
[2026-04-24 07:04:39] Processing: CH0002218698 (Railtour Suisse SA Nom 500)
[2026-04-24 07:04:39] ✓ CH0002218698: 0 trades downloaded
[2026-04-24 07:04:40] Processing: CH0030333360 (Rapid Holding N)
[2026-04-24 07:04:40] ✓ CH0030333360: 1470 trades downloaded
[2026-04-24 07:04:41] Processing: CH0027315818 (Raststätte Rheintal AG, Sevelen)
[2026-04-24 07:04:41] ✓ CH0027315818: 207 trades downloaded
[2026-04-24 07:04:42] Processing: CH0002221304 (Raststätte Thurau, St. Gallen)
[2026-04-24 07:04:43] ✓ CH0002221304: 191 trades downloaded
[2026-04-24 07:04:44] Processing: CH0018525532 (Raststätte Walensee AG)
[2026-04-24 07:04:44] ✓ CH0018525532: 93 trades downloaded
[2026-04-24 07:04:45] Processing: CH1387788180 (Raurica Wald N-B)
[2026-04-24 07:04:45] ✓ CH1387788180: 18 trades downloaded
[2026-04-24 07:04:46] Processing: CH0001340196 (Regiobank Männedorf)
[2026-04-24 07:04:46] ✓ CH0001340196: 227 trades downloaded
[2026-04-24 07:04:47] Processing: CH1112956201 (Regiobank Solothurn N)
[2026-04-24 07:04:47] ✓ CH1112956201: 3043 trades downloaded
[2026-04-24 07:04:48] Processing: CH0002227095 (Reishauer N)
[2026-04-24 07:04:49] ✓ CH0002227095: 1051 trades downloaded
[2026-04-24 07:04:50] Processing: CH0199383602 (Remontées Mécaniques de Grimentz)
[2026-04-24 07:04:50] ✓ CH0199383602: 11 trades downloaded
[2026-04-24 07:04:51] Processing: CH0320096990 (Repower N)
[2026-04-24 07:04:53] ✓ CH0320096990: 4863 trades downloaded
[2026-04-24 07:04:54] Processing: CH0002234398 (Rhätische Bahn RhB / Prior)
[2026-04-24 07:04:54] ✓ CH0002234398: 253 trades downloaded
[2026-04-24 07:04:55] Processing: CH0002234372 (Rhätische Bahn RhB / Stamm)
[2026-04-24 07:04:55] ✓ CH0002234372: 210 trades downloaded
[2026-04-24 07:04:56] Processing: CH0001378626 (Rhiienergie AG, Tamins)
[2026-04-24 07:04:56] ✓ CH0001378626: 128 trades downloaded
[2026-04-24 07:04:57] Processing: CH0016290014 (Rigi Bahnen AG, Goldau)
[2026-04-24 07:04:58] ✓ CH0016290014: 2659 trades downloaded
[2026-04-24 07:04:59] Processing: CH0114457390 (Rottal Auto AG, Ruswil)
[2026-04-24 07:04:59] ✓ CH0114457390: 49 trades downloaded
[2026-04-24 07:05:00] Processing: CH0000975372 (Säntis-Schwebebahn AG, Schwägalp)
[2026-04-24 07:05:00] ✓ CH0000975372: 3110 trades downloaded
[2026-04-24 07:05:01] Processing: CH0002353487 (SB Elm AG N)
[2026-04-24 07:05:01] ✓ CH0002353487: 103 trades downloaded
[2026-04-24 07:05:02] Processing: CH0001394607 (SB im Mythengebiet, Schwyz)
[2026-04-24 07:05:03] ✓ CH0001394607: 50 trades downloaded
[2026-04-24 07:05:04] Processing: CH0002353693 (SB Pischa, Davos)
[2026-04-24 07:05:04] ✓ CH0002353693: 132 trades downloaded
[2026-04-24 07:05:05] Processing: CH0001352928 (SB Saanen Bank)
[2026-04-24 07:05:05] ✓ CH0001352928: 1348 trades downloaded
[2026-04-24 07:05:06] Processing: CH0341320114 (Schifffahrtsges. Hallwilersee)
[2026-04-24 07:05:06] ✓ CH0341320114: 123 trades downloaded
[2026-04-24 07:05:07] Processing: CH0002276266 (Schilthornbahn AG Mürren)
[2026-04-24 07:05:07] ✓ CH0002276266: 2785 trades downloaded
[2026-04-24 07:05:08] Processing: CH0002283601 (Schützen Rheinfelden Immobilien N)
[2026-04-24 07:05:09] ✓ CH0002283601: 270 trades downloaded
[2026-04-24 07:05:10] Processing: CH0006234014 (Schweizer Zucker AG)
[2026-04-24 07:05:10] ✓ CH0006234014: 2284 trades downloaded
[2026-04-24 07:05:11] Processing: CH0002291802 (Schweiz. Schifffahrtsges. Untersee und Rhein N)
[2026-04-24 07:05:11] ✓ CH0002291802: 136 trades downloaded
[2026-04-24 07:05:12] Processing: CH0031151084 (SeeBeteiligungs AG)
[2026-04-24 07:05:12] ✓ CH0031151084: 857 trades downloaded
[2026-04-24 07:05:13] Processing: CH0030693185 (Seilbahn Weissenstein AG)
[2026-04-24 07:05:13] ✓ CH0030693185: 1078 trades downloaded
[2026-04-24 07:05:14] Processing: CH0421720779 (SGV Holding N)
[2026-04-24 07:05:15] ✓ CH0421720779: 2438 trades downloaded
[2026-04-24 07:05:16] Processing: CH0547027570 (SIA-Haus Vz N)
[2026-04-24 07:05:16] ✓ CH0547027570: 159 trades downloaded
[2026-04-24 07:05:17] Processing: CH0009219186 (sitEX Properties Hldg N)
[2026-04-24 07:05:17] ✓ CH0009219186: 348 trades downloaded
[2026-04-24 07:05:18] Processing: CH0305002096 (Skilifte Brunni-Haggenegg N)
[2026-04-24 07:05:18] ✓ CH0305002096: 41 trades downloaded
[2026-04-24 07:05:19] Processing: CH0001350328 (Spar + Leihkasse Gürbetal N)
[2026-04-24 07:05:20] ✓ CH0001350328: 285 trades downloaded
[2026-04-24 07:05:21] Processing: CH0001352720 (Spar+Leihkasse Riggisberg)
[2026-04-24 07:05:22] ✓ CH0001352720: 499 trades downloaded
[2026-04-24 07:05:23] Processing: CH0318681860 (Spar- und Leihkasse Bucheggberg N)
[2026-04-24 07:05:23] ✓ CH0318681860: 907 trades downloaded
[2026-04-24 07:05:24] Processing: CH0001350112 (Spar- und Leihkasse Frutigen)
[2026-04-24 07:05:24] ✓ CH0001350112: 358 trades downloaded
[2026-04-24 07:05:25] Processing: CH0001354296 (Spar- und Leihkasse Wynigen)
[2026-04-24 07:05:25] ✓ CH0001354296: 106 trades downloaded
[2026-04-24 07:05:26] Processing: CH0320093559 (Sportbahnen Atzmaennig N)
[2026-04-24 07:05:26] ✓ CH0320093559: 72 trades downloaded
[2026-04-24 07:05:27] Processing: CH0002513312 (SSE Holding N)
[2026-04-24 07:05:28] ✓ CH0002513312: 3337 trades downloaded
[2026-04-24 07:05:29] Processing: CH0009319721 (Stadtcasino Baden AG, Baden)
[2026-04-24 07:05:29] ✓ CH0009319721: 2120 trades downloaded
[2026-04-24 07:05:30] Processing: CH0586685981 (Stanserhorn-Bahn N -10-)
[2026-04-24 07:05:30] ✓ CH0586685981: 24 trades downloaded
[2026-04-24 07:05:31] Processing: CH0586455245 (Stanserhorn-Bahn N -250-)
[2026-04-24 07:05:32] ✓ CH0586455245: 238 trades downloaded
[2026-04-24 07:05:33] Processing: CH0487871656 (STI Hldg N)
[2026-04-24 07:05:33] ✓ CH0487871656: 10 trades downloaded
[2026-04-24 07:05:34] Processing: CH0005701708 (Stoosbahnen N)
[2026-04-24 07:05:34] ✓ CH0005701708: 375 trades downloaded
[2026-04-24 07:05:35] Processing: CH0197490847 (Sunstar-Holding N -A-)
[2026-04-24 07:05:35] ✓ CH0197490847: 833 trades downloaded
[2026-04-24 07:05:36] Processing: CH0341319801 (Sursee-Triengen Bahn N)
[2026-04-24 07:05:36] ✓ CH0341319801: 18 trades downloaded
[2026-04-24 07:05:37] Processing: CH0001395539 (Suvretta-Haus, St. Moritz)
[2026-04-24 07:05:38] ✓ CH0001395539: 223 trades downloaded
[2026-04-24 07:05:39] Processing: CH0002512801 (Swisstulle AG)
[2026-04-24 07:05:39] ✓ CH0002512801: 154 trades downloaded
[2026-04-24 07:05:40] Processing: CH0121640970 (SWS Medien N)
[2026-04-24 07:05:40] ✓ CH0121640970: 128 trades downloaded
[2026-04-24 07:05:41] Processing: CH0002538012 (Tersa AG)
[2026-04-24 07:05:41] ✓ CH0002538012: 124 trades downloaded
[2026-04-24 07:05:42] Processing: CH0596918380 (Thermalbad Zurzach N)
[2026-04-24 07:05:42] ✓ CH0596918380: 609 trades downloaded
[2026-04-24 07:05:43] Processing: CH0223260743 (Toggenburg Bergbahnen N)
[2026-04-24 07:05:43] ✓ CH0223260743: 450 trades downloaded
[2026-04-24 07:05:44] Processing: CH0001725255 (Tonwerk Lausen N)
[2026-04-24 07:05:45] ✓ CH0001725255: 57 trades downloaded
[2026-04-24 07:05:46] Processing: CH0002557616 (Treib-Seelisberg-Bahn AG)
[2026-04-24 07:05:46] ✓ CH0002557616: 78 trades downloaded
[2026-04-24 07:05:47] Processing: CH0002569694 (Tuwag Immobilien AG, Wädenswil)
[2026-04-24 07:05:47] ✓ CH0002569694: 53 trades downloaded
[2026-04-24 07:05:48] Processing: CH0326691679 (Unione Farmaceutica Distr N)
[2026-04-24 07:05:48] ✓ CH0326691679: 24 trades downloaded
[2026-04-24 07:05:49] Processing: CH0326380885 (Unipharma N)
[2026-04-24 07:05:49] ✓ CH0326380885: 9 trades downloaded
[2026-04-24 07:05:50] Processing: CH0306293272 (Usines Metallurgiques de Vallorbe N)
[2026-04-24 07:05:51] ✓ CH0306293272: 65 trades downloaded
[2026-04-24 07:05:52] Processing: CH0033136596 (Viamala Raststätte Thusis AG)
[2026-04-24 07:05:52] ✓ CH0033136596: 2 trades downloaded
[2026-04-24 07:05:53] Processing: CH0029910939 (VOe holding N)
[2026-04-24 07:05:53] ✓ CH0029910939: 360 trades downloaded
[2026-04-24 07:05:54] Processing: CH0212936964 (Weiss+Appetito N)
[2026-04-24 07:05:54] ✓ CH0212936964: 1258 trades downloaded
[2026-04-24 07:05:55] Processing: CH0000041795 (Weisse Arena AG, Laax)
[2026-04-24 07:05:55] ✓ CH0000041795: 1397 trades downloaded
[2026-04-24 07:05:56] Processing: CH0004960180 (Weleda N-PS)
[2026-04-24 07:05:56] ✓ CH0004960180: 2609 trades downloaded
[2026-04-24 07:05:57] Processing: CH0010173182 (Welinvest AG in Liquidation)
[2026-04-24 07:05:58] ✓ CH0010173182: 1968 trades downloaded
[2026-04-24 07:05:59] Processing: CH1204218437 (WIR Bank BS N)
[2026-04-24 07:05:59] ✓ CH1204218437: 361 trades downloaded
[2026-04-24 07:06:00] Processing: CH1102090151 (WWZ N)
[2026-04-24 07:06:00] ✓ CH1102090151: 5084 trades downloaded
[2026-04-24 07:06:01] Processing: CH0002056114 (Zermatt Bergbahnen N)
[2026-04-24 07:06:01] ✓ CH0002056114: 577 trades downloaded
[2026-04-24 07:06:02] Processing: CH0002370903 (ZLB Zürcher Landbank)
[2026-04-24 07:06:03] ✓ CH0002370903: 253 trades downloaded
[2026-04-24 07:06:04] Processing: CH0002655501 (Zoologischer Garten, Basel)
[2026-04-24 07:06:04] ✓ CH0002655501: 88 trades downloaded
[2026-04-24 07:06:05] Processing: CH0002654934 (ZT Medien N)
[2026-04-24 07:06:05] ✓ CH0002654934: 183 trades downloaded
[2026-04-24 07:06:06] Processing: CH0148052118 (Zug Estates N Serie A)
[2026-04-24 07:06:06] ✓ CH0148052118: 229 trades downloaded
[2026-04-24 07:06:07] Processing: CH0001671707 (Zürcher Oberland Medien AG, Wetzikon)
[2026-04-24 07:06:08] ✓ CH0001671707: 512 trades downloaded
[2026-04-24 07:06:09] Processing: CH0002658448 (Zürichsee-Fähre Horgen-Meilen AG)
[2026-04-24 07:06:10] ✓ CH0002658448: 1004 trades downloaded
[2026-04-24 07:06:11] Processing: CH0553343069 (Zürichsee-Schifffahrtsgesellschaft)
[2026-04-24 07:06:11] ✓ CH0553343069: 422 trades downloaded
[2026-04-24 07:06:12] ========== SUMMARY ==========
[2026-04-24 07:06:12] Total ISINs processed: 242
[2026-04-24 07:06:12] Successful downloads: 242
[2026-04-24 07:06:12] Failed/Not Found: 0
[2026-04-24 07:06:12] CSV files created: 242
[2026-04-24 07:06:12] Time elapsed: 5m 3s
[2026-04-24 07:06:12] Log saved: /home/runner/work/OTC-X/OTC-X/backend/logs/downloader_2026-04-24_070105.log
[2026-04-24 07:06:16] ======================================================================
[2026-04-24 07:06:16] OTC-X Liquidity Metrics Engine - Starting
[2026-04-24 07:06:16] Timestamp: 2026-04-24 07:06:16
[2026-04-24 07:06:16] ======================================================================
[2026-04-24 07:06:16] [1/4] Loading input data...
[2026-04-24 07:06:16]       Trades: /home/runner/work/OTC-X/OTC-X/backend/data/master_trades.parquet
[2026-04-24 07:06:17]       -> 138,450 trades loaded (224 ISINs)
[2026-04-24 07:06:17]       Securities: /home/runner/work/OTC-X/OTC-X/backend/data/securities.csv
[2026-04-24 07:06:17]       -> 242 securities loaded (11 sectors)
[2026-04-24 07:06:17] [2/4] Computing liquidity metrics...
[2026-04-24 07:06:17]     Step 1/4: Daily aggregation...
[2026-04-24 07:06:17]              75,952 daily observations
[2026-04-24 07:06:17]     Step 2/4: Liquidity metrics...
[2026-04-24 07:06:17]     Step 3/4: Rolling baselines (30 trading days)...
[2026-04-24 07:06:17]     Step 4/4: Anomaly detection...
[2026-04-24 07:06:17] [3/4] Enriching with security metadata...
[2026-04-24 07:06:17]       [!] 1 ISINs have no metadata (Name/Sektor will be null)
[2026-04-24 07:06:17]       -> Final shape: (75952, 26)
[2026-04-24 07:06:17] [4/4] Saving output...
[2026-04-24 07:06:17]       -> Written to: /home/runner/work/OTC-X/OTC-X/backend/data/daily_metrics.parquet
[2026-04-24 07:06:17]       -> Size: 2.46 MB
[2026-04-24 07:06:17] ======================================================================
[2026-04-24 07:06:17] SUCCESS! Pipeline completed.
[2026-04-24 07:06:17] ======================================================================
[2026-04-24 07:06:17] Total rows:       75,952
[2026-04-24 07:06:17] Unique ISINs:     224
[2026-04-24 07:06:17] Unique Sectors:   11
[2026-04-24 07:06:17] Date range:       2004-02-16 to 2026-04-24
[2026-04-24 07:06:17] Elapsed time:     0.4 seconds
[2026-04-24 07:06:17] Output Schema:
[2026-04-24 07:06:17]   Isin                      String
[2026-04-24 07:06:17]   Name                      String
[2026-04-24 07:06:17]   Sektor                    String
[2026-04-24 07:06:17]   Datum                     Date
[2026-04-24 07:06:17]   trades_today              UInt32
[2026-04-24 07:06:17]   volume_today_units        Float64
[2026-04-24 07:06:17]   volume_today_chf          Float64
[2026-04-24 07:06:17]   price_min                 Float64
[2026-04-24 07:06:17]   price_max                 Float64
[2026-04-24 07:06:17]   price_first               Float64
[2026-04-24 07:06:17]   price_last                Float64
[2026-04-24 07:06:17]   price_change_pct          Float64
[2026-04-24 07:06:17]   log_returns               Float64
[2026-04-24 07:06:17]   volatility_daily          Float64
[2026-04-24 07:06:17]   amihud_daily              Float64
[2026-04-24 07:06:17]   spread_log_hl             Float64
[2026-04-24 07:06:17]   trade_duration_min        Float64
[2026-04-24 07:06:17]   off_book_pct              Float64
[2026-04-24 07:06:17]   trades_30d_median         Float64
[2026-04-24 07:06:17]   volume_30d_median         Float64
[2026-04-24 07:06:17]   volatility_30d_median     Float64
[2026-04-24 07:06:17]   amihud_30d_median         Float64
[2026-04-24 07:06:17]   volume_spike              Boolean
[2026-04-24 07:06:17]   activity_spike            Boolean
[2026-04-24 07:06:17]   price_gap                 Boolean
[2026-04-24 07:06:17]   anomaly_score             UInt8
[2026-04-24 07:06:17] High-anomaly observations (score >= 5): 14,342 total
[2026-04-24 07:06:17]   2026-04-23 | CH0001430930 | Score: 5 | Price Change: -2.26%
[2026-04-24 07:06:17]   2026-04-23 | CH0001690533 | Score: 5 | Price Change: 0.19%
[2026-04-24 07:06:17]   2026-04-23 | CH0002227095 | Score: 5 | Price Change: -0.03%
[2026-04-24 07:06:17]   2026-04-23 | CH0002291802 | Score: 5 | Price Change: 0.00%
[2026-04-24 07:06:17]   2026-04-23 | CH0006234014 | Score: 5 | Price Change: 0.27%
