[2026-03-03 21:57:44] OTC-X Trade Downloader started
[2026-03-03 21:57:44] Loaded 244 rows from C:\Users\mihae\PycharmProjects\OTC-X\data\securities.csv
[2026-03-03 21:57:44] Processing: CH0136182570 (acrevis Bank N)
[2026-03-03 21:57:44] ✓ CH0136182570: 3526 trades downloaded
[2026-03-03 21:57:45] Processing: CH0011322200 (Alpha Rheintal Bank, Heerbrugg)
[2026-03-03 21:57:45] ✓ CH0011322200: 1178 trades downloaded
[2026-03-03 21:57:46] Processing: CH0001314852 (Bank in Zuzwil)
[2026-03-03 21:57:46] ✓ CH0001314852: 47 trades downloaded
[2026-03-03 21:57:47] Processing: CH0039074692 (Bank Leerau)
[2026-03-03 21:57:47] ✓ CH0039074692: 147 trades downloaded
[2026-03-03 21:57:48] Processing: CH0013792848 (Bank Oberaargau N)
[2026-03-03 21:57:48] ✓ CH0013792848: 541 trades downloaded
[2026-03-03 21:57:49] Processing: CH0001351862 (Bank SLM N)
[2026-03-03 21:57:49] ✓ CH0001351862: 471 trades downloaded
[2026-03-03 21:57:50] Processing: CH0049588129 (Bank von Roll AG)
[2026-03-03 21:57:51] ✓ CH0049588129: 252 trades downloaded
[2026-03-03 21:57:52] Processing: CH0010756531 (BBO Bank Brienz-Oberhasli)
[2026-03-03 21:57:52] ✓ CH0010756531: 388 trades downloaded
[2026-03-03 21:57:53] Processing: CH0014874918 (Bernerland Bank, Sumiswald)
[2026-03-03 21:57:53] ✓ CH0014874918: 891 trades downloaded
[2026-03-03 21:57:54] Processing: CH0018043619 (Biene-Bank im Rheintal)
[2026-03-03 21:57:54] ✓ CH0018043619: 374 trades downloaded
[2026-03-03 21:57:55] Processing: CH0545753953 (Bondpartners N)
[2026-03-03 21:57:55] ✓ CH0545753953: 148 trades downloaded
[2026-03-03 21:57:56] Processing: CH0009438109 (BS Bank, Schaffhausen)
[2026-03-03 21:57:56] ✓ CH0009438109: 500 trades downloaded
[2026-03-03 21:57:57] Processing: CH0010583448 (Clientis Bank Aareland N)
[2026-03-03 21:57:57] ✓ CH0010583448: 257 trades downloaded
[2026-03-03 21:57:58] Processing: CH0001336319 (Clientis Bank Oberuzwil AG)
[2026-03-03 21:57:58] ✓ CH0001336319: 66 trades downloaded
[2026-03-03 21:57:59] Processing: CH0010621925 (Clientis Bank Toggenburg)
[2026-03-03 21:57:59] ✓ CH0010621925: 210 trades downloaded
[2026-03-03 21:58:00] Processing: CH0002046495 (Clientis EB Entlebucher Bank)
[2026-03-03 21:58:00] ✓ CH0002046495: 165 trades downloaded
[2026-03-03 21:58:01] Processing: CH0001357000 (Clientis Sparkasse Oftringen)
[2026-03-03 21:58:01] ✓ CH0001357000: 190 trades downloaded
[2026-03-03 21:58:02] Processing: CH1100211528 (Crédit Mutuel de la Vallée N)
[2026-03-03 21:58:02] ✓ CH1100211528: 33 trades downloaded
[2026-03-03 21:58:03] Processing: CH0001337200 (Ersparniskasse Affoltern)
[2026-03-03 21:58:03] ✓ CH0001337200: 230 trades downloaded
[2026-03-03 21:58:04] Processing: CH0001344685 (KB Nidwalden PS)
[2026-03-03 21:58:04] ✓ CH0001344685: 96 trades downloaded
[2026-03-03 21:58:05] Processing: CH0001343885 (Leihkasse Stammheim)
[2026-03-03 21:58:05] ✓ CH0001343885: 121 trades downloaded
[2026-03-03 21:58:06] Processing: CH0001318374 (Lienhardt & Partner Privatbank Zürich AG, Zürich)
[2026-03-03 21:58:06] ✓ CH0001318374: 465 trades downloaded
[2026-03-03 21:58:07] Processing: CH0001340196 (Regiobank Männedorf)
[2026-03-03 21:58:07] ✓ CH0001340196: 217 trades downloaded
[2026-03-03 21:58:08] Processing: CH1112956201 (Regiobank Solothurn N)
[2026-03-03 21:58:09] ✓ CH1112956201: 2931 trades downloaded
[2026-03-03 21:58:10] Processing: CH0001352928 (SB Saanen Bank)
[2026-03-03 21:58:10] ✓ CH0001352928: 1333 trades downloaded
[2026-03-03 21:58:11] Processing: CH0031151084 (SeeBeteiligungs AG)
[2026-03-03 21:58:11] ✓ CH0031151084: 816 trades downloaded
[2026-03-03 21:58:12] Processing: CH0001350328 (Spar + Leihkasse Gürbetal N)
[2026-03-03 21:58:12] ✓ CH0001350328: 282 trades downloaded
[2026-03-03 21:58:13] Processing: CH0001352720 (Spar+Leihkasse Riggisberg)
[2026-03-03 21:58:13] ✓ CH0001352720: 497 trades downloaded
[2026-03-03 21:58:14] Processing: CH0318681860 (Spar- und Leihkasse Bucheggberg N)
[2026-03-03 21:58:14] ✓ CH0318681860: 899 trades downloaded
[2026-03-03 21:58:15] Processing: CH0001350112 (Spar- und Leihkasse Frutigen)
[2026-03-03 21:58:15] ✓ CH0001350112: 358 trades downloaded
[2026-03-03 21:58:16] Processing: CH0001354296 (Spar- und Leihkasse Wynigen)
[2026-03-03 21:58:16] ✓ CH0001354296: 106 trades downloaded
[2026-03-03 21:58:17] Processing: CH1204218437 (WIR Bank BS N)
[2026-03-03 21:58:17] ✓ CH1204218437: 348 trades downloaded
[2026-03-03 21:58:18] Processing: CH0002370903 (ZLB Zürcher Landbank)
[2026-03-03 21:58:18] ✓ CH0002370903: 249 trades downloaded
[2026-03-03 21:58:19] Processing: CH0002599352 (Aletsch Bahnen N)
[2026-03-03 21:58:19] ✓ CH0002599352: 389 trades downloaded
[2026-03-03 21:58:20] Processing: CH0185254742 (Andermatt-Sedrun Sport AG)
[2026-03-03 21:58:20] ✓ CH0185254742: 420 trades downloaded
[2026-03-03 21:58:21] Processing: CH0001430930 (Arosa Bergbahnen AG, Arosa)
[2026-03-03 21:58:21] ✓ CH0001430930: 762 trades downloaded
[2026-03-03 21:58:22] Processing: CH0303601253 (BB Adelboden N)
[2026-03-03 21:58:22] ✓ CH0303601253: 346 trades downloaded
[2026-03-03 21:58:23] Processing: CH0574732894 (BB Lauterbrunnen-Muerren N)
[2026-03-03 21:58:23] ✓ CH0574732894: 16 trades downloaded
[2026-03-03 21:58:24] Processing: CH0001507406 (BB Piz Mundaun AG)
[2026-03-03 21:58:24] ✓ CH0001507406: 103 trades downloaded
[2026-03-03 21:58:25] Processing: CH0002353867 (BB Soerenberg AG)
[2026-03-03 21:58:26] ✓ CH0002353867: 230 trades downloaded
[2026-03-03 21:58:27] Processing: CH0024700483 (Belalp-Bahnen, Naters)
[2026-03-03 21:58:27] ✓ CH0024700483: 29 trades downloaded
[2026-03-03 21:58:28] Processing: CH0187392300 (Bellwald Sportbahnen N)
[2026-03-03 21:58:28] ✓ CH0187392300: 10 trades downloaded
[2026-03-03 21:58:29] Processing: CH0002332093 (Bergbahnen Brigels N)
[2026-03-03 21:58:29] ✓ CH0002332093: 148 trades downloaded
[2026-03-03 21:58:30] Processing: CH0018384120 (Bergbahnen Destination Gstaad N)
[2026-03-03 21:58:30] ✓ CH0018384120: 431 trades downloaded
[2026-03-03 21:58:31] Processing: CH0292081723 (Bergbahnen Disentis N)
[2026-03-03 21:58:31] ✓ CH0292081723: 89 trades downloaded
[2026-03-03 21:58:32] Processing: CH0002253661 (Bergbahnen Hohsaas)
[2026-03-03 21:58:32] ✓ CH0002253661: 22 trades downloaded
[2026-03-03 21:58:33] Processing: CH0036505888 (Bergbahnen Meiringen-Hasliberg N)
[2026-03-03 21:58:33] ✓ CH0036505888: 434 trades downloaded
[2026-03-03 21:58:34] Processing: CH0342666572 (Bergbahnen Scuol N)
[2026-03-03 21:58:34] ✓ CH0342666572: 244 trades downloaded
[2026-03-03 21:58:35] Processing: CH0016568880 (Bergbahnen Splügen-Tambo N)
[2026-03-03 21:58:35] ✓ CH0016568880: 46 trades downloaded
[2026-03-03 21:58:36] Processing: CH0045885032 (Bergbahnen Wildhaus AG)
[2026-03-03 21:58:36] ✓ CH0045885032: 91 trades downloaded
[2026-03-03 21:58:37] Processing: CH0002052501 (Brunni-Bahnen N)
[2026-03-03 21:58:37] ✓ CH0002052501: 565 trades downloaded
[2026-03-03 21:58:38] Processing: CH0032462910 (Corvatsch AG Nom 3, Silvaplana)
[2026-03-03 21:58:38] ✓ CH0032462910: 524 trades downloaded
[2026-03-03 21:58:39] Processing: CH0433137400 (Davos Klosters Bergbahnen N)
[2026-03-03 21:58:39] ✓ CH0433137400: 511 trades downloaded
[2026-03-03 21:58:40] Processing: CH0109916244 (Diavolezza Lagalb N)
[2026-03-03 21:58:40] ✓ CH0109916244: 57 trades downloaded
[2026-03-03 21:58:41] Processing: CH0031926105 (Engadin Mountains AG)
[2026-03-03 21:58:41] ✓ CH0031926105: 673 trades downloaded
[2026-03-03 21:58:42] Processing: CH1106247997 (Funi Locarno-Madonna N)
[2026-03-03 21:58:42] ✓ CH1106247997: 12 trades downloaded
[2026-03-03 21:58:43] Processing: CH1104949586 (Funi Lugano-Paradiso N)
[2026-03-03 21:58:44] ✓ CH1104949586: 13 trades downloaded
[2026-03-03 21:58:45] Processing: CH0006980079 (Gondelbahn Grindelwald N)
[2026-03-03 21:58:45] ✓ CH0006980079: 536 trades downloaded
[2026-03-03 21:58:46] Processing: CH0005051021 (Gurtenbahn AG N)
[2026-03-03 21:58:46] ✓ CH0005051021: 114 trades downloaded
[2026-03-03 21:58:47] Processing: CH0010923875 (Hoher Kasten Drehrestaurant und Seilbahn AG)
[2026-03-03 21:58:47] ✓ CH0010923875: 641 trades downloaded
[2026-03-03 21:58:48] Processing: CH0263939958 (Klosters-Madrisa N)
[2026-03-03 21:58:48] ✓ CH0263939958: 168 trades downloaded
[2026-03-03 21:58:49] Processing: CH0002052915 (Kronberg N)
[2026-03-03 21:58:49] ✓ CH0002052915: 230 trades downloaded
[2026-03-03 21:58:50] Processing: CH0001788345 (Lenk Bergbahnen, Lenk)
[2026-03-03 21:58:50] ✓ CH0001788345: 197 trades downloaded
[2026-03-03 21:58:51] Processing: CH0023497271 (Lenzerheide Bergbahnen)
[2026-03-03 21:58:51] ✓ CH0023497271: 1149 trades downloaded
[2026-03-03 21:58:52] Processing: CH0563381901 (LSB Dallenwil-Wirzweli N)
[2026-03-03 21:58:52] ✓ CH0563381901: 6 trades downloaded
[2026-03-03 21:58:53] Processing: CH0002052782 (LSB Grindelwald-Pfingstegg AG)
[2026-03-03 21:58:53] ✓ CH0002052782: 160 trades downloaded
[2026-03-03 21:58:54] Processing: CH0342342653 (LSB Unterterzen-Flumserberg)
[2026-03-03 21:58:54] ✓ CH0342342653: 84 trades downloaded
[2026-03-03 21:58:55] Processing: CH0002055819 (LSB Wasserauen-Ebenalp AG)
[2026-03-03 21:58:55] ✓ CH0002055819: 87 trades downloaded
[2026-03-03 21:58:56] Processing: CH0002056031 (LSB Wengen-Männlichen AG)
[2026-03-03 21:58:56] ✓ CH0002056031: 345 trades downloaded
[2026-03-03 21:58:57] Processing: CH0572824867 (Niederhornbahn N)
[2026-03-03 21:58:57] ✓ CH0572824867: 64 trades downloaded
[2026-03-03 21:58:58] Processing: CH1104984104 (Niesenbahn N)
[2026-03-03 21:58:58] ✓ CH1104984104: 131 trades downloaded
[2026-03-03 21:58:59] Processing: CH0009005973 (Pilatus-Bahnen AG, Kriens)
[2026-03-03 21:58:59] ✓ CH0009005973: 1766 trades downloaded
[2026-03-03 21:59:00] Processing: CH0199383602 (Remontées Mécaniques de Grimentz)
[2026-03-03 21:59:00] ✓ CH0199383602: 11 trades downloaded
[2026-03-03 21:59:01] Processing: CH0016290014 (Rigi Bahnen AG, Goldau)
[2026-03-03 21:59:02] ✓ CH0016290014: 2591 trades downloaded
[2026-03-03 21:59:03] Processing: CH0000975372 (Säntis-Schwebebahn AG, Schwägalp)
[2026-03-03 21:59:03] ✓ CH0000975372: 3057 trades downloaded
[2026-03-03 21:59:04] Processing: CH0002353487 (SB Elm AG N)
[2026-03-03 21:59:04] ✓ CH0002353487: 103 trades downloaded
[2026-03-03 21:59:05] Processing: CH0001394607 (SB im Mythengebiet, Schwyz)
[2026-03-03 21:59:05] ✓ CH0001394607: 50 trades downloaded
[2026-03-03 21:59:06] Processing: CH0002353693 (SB Pischa, Davos)
[2026-03-03 21:59:06] ✓ CH0002353693: 132 trades downloaded
[2026-03-03 21:59:07] Processing: CH0002276266 (Schilthornbahn AG Mürren)
[2026-03-03 21:59:07] ✓ CH0002276266: 2729 trades downloaded
[2026-03-03 21:59:08] Processing: CH0030693185 (Seilbahn Weissenstein AG)
[2026-03-03 21:59:08] ✓ CH0030693185: 1058 trades downloaded
[2026-03-03 21:59:09] Processing: CH0305002096 (Skilifte Brunni-Haggenegg N)
[2026-03-03 21:59:09] ✓ CH0305002096: 41 trades downloaded
[2026-03-03 21:59:10] Processing: CH0320093559 (Sportbahnen Atzmaennig N)
[2026-03-03 21:59:10] ✓ CH0320093559: 70 trades downloaded
[2026-03-03 21:59:11] Processing: CH0586685981 (Stanserhorn-Bahn N -10-)
[2026-03-03 21:59:11] ✓ CH0586685981: 23 trades downloaded
[2026-03-03 21:59:12] Processing: CH0586455245 (Stanserhorn-Bahn N -250-)
[2026-03-03 21:59:12] ✓ CH0586455245: 228 trades downloaded
[2026-03-03 21:59:13] Processing: CH0005701708 (Stoosbahnen N)
[2026-03-03 21:59:13] ✓ CH0005701708: 368 trades downloaded
[2026-03-03 21:59:14] Processing: CH0223260743 (Toggenburg Bergbahnen N)
[2026-03-03 21:59:14] ✓ CH0223260743: 447 trades downloaded
[2026-03-03 21:59:15] Processing: CH0002557616 (Treib-Seelisberg-Bahn AG)
[2026-03-03 21:59:15] ✓ CH0002557616: 75 trades downloaded
[2026-03-03 21:59:16] Processing: CH0002056114 (Zermatt Bergbahnen N)
[2026-03-03 21:59:16] ✓ CH0002056114: 567 trades downloaded
[2026-03-03 21:59:17] Processing: CH0304280636 (Helvetic Star Holding)
[2026-03-03 21:59:17] ✓ CH0304280636: 69 trades downloaded
[2026-03-03 21:59:18] Processing: CH0187475709 (Nexus Gr Hold N)
[2026-03-03 21:59:18] ✓ CH0187475709: 165 trades downloaded
[2026-03-03 21:59:19] Processing: CH0013592248 (NORINVEST HLDG N)
[2026-03-03 21:59:19] ✓ CH0013592248: 158 trades downloaded
[2026-03-03 21:59:20] Processing: CH0010173182 (Welinvest AG in Liquidation)
[2026-03-03 21:59:21] ✓ CH0010173182: 1962 trades downloaded
[2026-03-03 21:59:22] Processing: CH0006668930 (ADEV Solarstrom AG, Liestal)
[2026-03-03 21:59:22] ✓ CH0006668930: 466 trades downloaded
[2026-03-03 21:59:23] Processing: CH0006524265 (ADEV Wasserkraftwerk AG, Liestal)
[2026-03-03 21:59:23] ✓ CH0006524265: 205 trades downloaded
[2026-03-03 21:59:24] Processing: CH0010497532 (ADEV Windkraft AG, Liestal)
[2026-03-03 21:59:24] ✓ CH0010497532: 148 trades downloaded
[2026-03-03 21:59:25] Processing: CH0023777235 (aventron N)
[2026-03-03 21:59:25] ✓ CH0023777235: 601 trades downloaded
[2026-03-03 21:59:26] Processing: CH0020603475 (CKW N)
[2026-03-03 21:59:26] ✓ CH0020603475: 1420 trades downloaded
[2026-03-03 21:59:27] Processing: CH0001777876 (ebs Erdgas + Biogas)
[2026-03-03 21:59:27] ✓ CH0001777876: 47 trades downloaded
[2026-03-03 21:59:28] Processing: CH0102699540 (Energ Elec du Simplon E.E.S.)
[2026-03-03 21:59:28] ✓ CH0102699540: 93 trades downloaded
[2026-03-03 21:59:29] Processing: CH0014386996 (Energie Zürichsee Linth N)
[2026-03-03 21:59:29] ✓ CH0014386996: 799 trades downloaded
[2026-03-03 21:59:30] Processing: CH0129442221 (Eniwa Holding AG)
[2026-03-03 21:59:30] ✓ CH0129442221: 796 trades downloaded
[2026-03-03 21:59:31] Processing: CH0001239398 (EW Brig-Naters EWBN)
[2026-03-03 21:59:31] ✓ CH0001239398: 145 trades downloaded
[2026-03-03 21:59:32] Processing: CH0001690533 (EW Jona-Rapperswil, Jona)
[2026-03-03 21:59:32] ✓ CH0001690533: 1479 trades downloaded
[2026-03-03 21:59:33] Processing: CH0001691614 (EW Uznach AG)
[2026-03-03 21:59:34] ✓ CH0001691614: 226 trades downloaded
[2026-03-03 21:59:35] Processing: CH0020502743 (Holdinova N)
[2026-03-03 21:59:35] ✓ CH0020502743: 4997 trades downloaded
[2026-03-03 21:59:36] Processing: CH1387788180 (Raurica Wald N-B)
[2026-03-03 21:59:36] ✓ CH1387788180: 18 trades downloaded
[2026-03-03 21:59:37] Processing: CH0320096990 (Repower N)
[2026-03-03 21:59:37] ✓ CH0320096990: 4759 trades downloaded
[2026-03-03 21:59:38] Processing: CH0001378626 (Rhiienergie AG, Tamins)
[2026-03-03 21:59:38] ✓ CH0001378626: 128 trades downloaded
[2026-03-03 21:59:39] Processing: CH0029910939 (VOe holding N)
[2026-03-03 21:59:39] ✓ CH0029910939: 359 trades downloaded
[2026-03-03 21:59:40] Processing: CH1102090151 (WWZ N)
[2026-03-03 21:59:40] ✓ CH1102090151: 4910 trades downloaded
[2026-03-03 21:59:41] Processing: CH0034900248 (AG für Erstellung billiger Wohnhäuser in Winterthu)
[2026-03-03 21:59:41] ✓ CH0034900248: 118 trades downloaded
[2026-03-03 21:59:42] Processing: CH0001402418 (Agruna AG)
[2026-03-03 21:59:42] ✓ CH0001402418: 329 trades downloaded
[2026-03-03 21:59:43] Processing: CH0102022560 (CasaInvest N)
[2026-03-03 21:59:43] ✓ CH0102022560: 863 trades downloaded
[2026-03-03 21:59:44] Processing: CH0002557400 (Espace Real Estate Hldg N)
[2026-03-03 21:59:44] ✓ CH0002557400: 3230 trades downloaded
[2026-03-03 21:59:45] Processing: CH0001906848 (Imbrex Hldg N)
[2026-03-03 21:59:45] ✓ CH0001906848: 316 trades downloaded
[2026-03-03 21:59:46] Processing: CH0001910089 (Immges Viamala, Thusis)
[2026-03-03 21:59:46] ✓ CH0001910089: 87 trades downloaded
[2026-03-03 21:59:47] Processing: CH0324793667 (Immobiliare Pharmapark N)
[2026-03-03 21:59:47] ✓ CH0324793667: 63 trades downloaded
[2026-03-03 21:59:48] Processing: CH0115029545 (Konkordia AG N)
[2026-03-03 21:59:48] ✓ CH0115029545: 233 trades downloaded
[2026-03-03 21:59:49] Processing: CH0001542601 (Löwengarten AG)
[2026-03-03 21:59:49] ✓ CH0001542601: 21 trades downloaded
[2026-03-03 21:59:50] Processing: CH0284143929 (PLAZZA-B-N)
[2026-03-03 21:59:50] ✓ CH0284143929: 111 trades downloaded
[2026-03-03 21:59:51] Processing: CH0002577705 (Reussegg Hldg N)
[2026-03-03 21:59:51] ✓ CH0002577705: 156 trades downloaded
[2026-03-03 21:59:52] Processing: CH0002283601 (Schützen Rheinfelden Immobilien N)
[2026-03-03 21:59:52] ✓ CH0002283601: 262 trades downloaded
[2026-03-03 21:59:53] Processing: CH0547027570 (SIA-Haus Vz N)
[2026-03-03 21:59:53] ✓ CH0547027570: 157 trades downloaded
[2026-03-03 21:59:54] Processing: CH0009219186 (sitEX Properties Hldg N)
[2026-03-03 21:59:54] ✓ CH0009219186: 348 trades downloaded
[2026-03-03 21:59:55] Processing: CH0002538012 (Tersa AG)
[2026-03-03 21:59:55] ✓ CH0002538012: 124 trades downloaded
[2026-03-03 21:59:56] Processing: CH0001725255 (Tonwerk Lausen N)
[2026-03-03 21:59:56] ✓ CH0001725255: 57 trades downloaded
[2026-03-03 21:59:57] Processing: CH0002569694 (Tuwag Immobilien AG, Wädenswil)
[2026-03-03 21:59:57] ✓ CH0002569694: 53 trades downloaded
[2026-03-03 21:59:58] Processing: CH0148052118 (Zug Estates N Serie A)
[2026-03-03 21:59:59] ✓ CH0148052118: 227 trades downloaded
[2026-03-03 22:00:00] Processing: CH0017915742 (OTC-X All Share)
[2026-03-03 22:00:00] ✓ CH0017915742: 0 trades downloaded
[2026-03-03 22:00:01] Processing: CH0017915718 (OTC-X Banken)
[2026-03-03 22:00:01] ✓ CH0017915718: 0 trades downloaded
[2026-03-03 22:00:02] Processing: CH0039576753 (OTC-X Bergbahnen)
[2026-03-03 22:00:02] ✓ CH0039576753: 0 trades downloaded
[2026-03-03 22:00:03] Processing: CH0039576787 (OTC-X Beteiligungs­gesellschaften)
[2026-03-03 22:00:03] ✓ CH0039576787: 0 trades downloaded
[2026-03-03 22:00:04] Processing: CH0017915692 (OTC-X Energie)
[2026-03-03 22:00:04] ✓ CH0017915692: 0 trades downloaded
[2026-03-03 22:00:05] Processing: CH0039576837 (OTC-X Immobilien)
[2026-03-03 22:00:05] ✓ CH0039576837: 0 trades downloaded
[2026-03-03 22:00:06] Processing: CH0017915684 (OTC-X Industrie)
[2026-03-03 22:00:06] ✓ CH0017915684: 0 trades downloaded
[2026-03-03 22:00:07] Processing: CH0039576860 (OTC-X Liquidity)
[2026-03-03 22:00:07] ✓ CH0039576860: 0 trades downloaded
[2026-03-03 22:00:08] Processing: CH0017915668 (OTC-X Medien)
[2026-03-03 22:00:08] ✓ CH0017915668: 0 trades downloaded
[2026-03-03 22:00:09] Processing: CH0039576852 (OTC-X Nahrung und Getränke)
[2026-03-03 22:00:09] ✓ CH0039576852: 0 trades downloaded
[2026-03-03 22:00:10] Processing: CH0213109793 (OTC-X Premium)
[2026-03-03 22:00:10] ✓ CH0213109793: 0 trades downloaded
[2026-03-03 22:00:11] Processing: CH0017915726 (OTC-X TOP50)
[2026-03-03 22:00:11] ✓ CH0017915726: 0 trades downloaded
[2026-03-03 22:00:12] Processing: CH0017915643 (OTC-X Tourismus / Freizeit / Sonstiges)
[2026-03-03 22:00:12] ✓ CH0017915643: 0 trades downloaded
[2026-03-03 22:00:13] Processing: CH0017915635 (OTC-X Transport / Verkehr / Logistik)
[2026-03-03 22:00:13] ✓ CH0017915635: 0 trades downloaded
[2026-03-03 22:00:14] Processing: CH0001418216 (Aluminium-Laufen AG Liesberg)
[2026-03-03 22:00:14] ✓ CH0001418216: 213 trades downloaded
[2026-03-03 22:00:15] Processing: CH0012684657 (Bobst Group N)
[2026-03-03 22:00:15] ✓ CH0012684657: 3064 trades downloaded
[2026-03-03 22:00:16] Processing: CH0002657978 (Bystronic -B- N)
[2026-03-03 22:00:16] ✓ CH0002657978: 421 trades downloaded
[2026-03-03 22:00:17] Processing: CH0001570057 (Caran d`Ache, Genève, Serie B)
[2026-03-03 22:00:17] ✓ CH0001570057: 89 trades downloaded
[2026-03-03 22:00:18] Processing: CH1127803547 (Casale Holding Rg)
[2026-03-03 22:00:18] ✓ CH1127803547: 14 trades downloaded
[2026-03-03 22:00:19] Processing: CH0324791133 (Chemholding N)
[2026-03-03 22:00:19] ✓ CH0324791133: 4 trades downloaded
[2026-03-03 22:00:20] Processing: CH0001579363 (CMSA Holding SA)
[2026-03-03 22:00:20] ✓ CH0001579363: 1292 trades downloaded
[2026-03-03 22:00:21] Processing: CH0001704680 (Eskimo Textil AG, Turbenthal)
[2026-03-03 22:00:21] ✓ CH0001704680: 35 trades downloaded
[2026-03-03 22:00:22] Processing: CH1405847034 (Geoterra Holding Rg)
[2026-03-03 22:00:22] ✓ CH1405847034: 275 trades downloaded
[2026-03-03 22:00:23] Processing: CH0006532565 (Griesser Holding AG, Aadorf)
[2026-03-03 22:00:23] ✓ CH0006532565: 1273 trades downloaded
[2026-03-03 22:00:24] Processing: CH0016523125 (Griston Holding AG)
[2026-03-03 22:00:24] ✓ CH0016523125: 442 trades downloaded
[2026-03-03 22:00:25] Processing: CH0023124214 (HBB Holding AG)
[2026-03-03 22:00:25] ✓ CH0023124214: 441 trades downloaded
[2026-03-03 22:00:26] Processing: CH0105175175 (Lorze AG)
[2026-03-03 22:00:27] ✓ CH0105175175: 292 trades downloaded
[2026-03-03 22:00:28] Processing: CH0014069212 (Menzi Muck Gruppe N)
[2026-03-03 22:00:28] ✓ CH0014069212: 1335 trades downloaded
[2026-03-03 22:00:29] Processing: CH0002092622 (Metall Zug AG Serie A)
[2026-03-03 22:00:29] ✓ CH0002092622: 550 trades downloaded
[2026-03-03 22:00:30] Processing: CH0107020692 (Montana Tech N)
[2026-03-03 22:00:30] ✓ CH0107020692: 1680 trades downloaded
[2026-03-03 22:00:31] Processing: CH1350861261 (Perlen Industrieholding N)
[2026-03-03 22:00:31] ✓ CH1350861261: 1468 trades downloaded
[2026-03-03 22:00:32] Processing: CH0012457633 (Plaston Holding AG)
[2026-03-03 22:00:32] ✓ CH0012457633: 1362 trades downloaded
[2026-03-03 22:00:33] Processing: CH0122303669 (Prayon Switzerland N)
[2026-03-03 22:00:33] ✓ CH0122303669: 22 trades downloaded
[2026-03-03 22:00:34] Processing: CH0013283368 (Precious Woods Hldg N)
[2026-03-03 22:00:34] ✓ CH0013283368: 538 trades downloaded
[2026-03-03 22:00:35] Processing: CH0030333360 (Rapid Holding N)
[2026-03-03 22:00:35] ✓ CH0030333360: 1440 trades downloaded
[2026-03-03 22:00:36] Processing: CH0002227095 (Reishauer N)
[2026-03-03 22:00:36] ✓ CH0002227095: 1014 trades downloaded
[2026-03-03 22:00:37] Processing: CH0002513312 (SSE Holding N)
[2026-03-03 22:00:37] ✓ CH0002513312: 3307 trades downloaded
[2026-03-03 22:00:38] Processing: CH0002512801 (Swisstulle AG)
[2026-03-03 22:00:38] ✓ CH0002512801: 153 trades downloaded
[2026-03-03 22:00:39] Processing: CH0326691679 (Unione Farmaceutica Distr N)
[2026-03-03 22:00:39] ✓ CH0326691679: 24 trades downloaded
[2026-03-03 22:00:40] Processing: CH0326380885 (Unipharma N)
[2026-03-03 22:00:40] ✓ CH0326380885: 9 trades downloaded
[2026-03-03 22:00:41] Processing: CH0306293272 (Usines Metallurgiques de Vallorbe N)
[2026-03-03 22:00:41] ✓ CH0306293272: 65 trades downloaded
[2026-03-03 22:00:42] Processing: CH0212936964 (Weiss+Appetito N)
[2026-03-03 22:00:42] ✓ CH0212936964: 1242 trades downloaded
[2026-03-03 22:00:43] Processing: CH0004960180 (Weleda N-PS)
[2026-03-03 22:00:43] ✓ CH0004960180: 2559 trades downloaded
[2026-03-03 22:00:44] Processing: CH0126517975 (Neue Zürcher Zeitung, Zürich)
[2026-03-03 22:00:44] ✓ CH0126517975: 3605 trades downloaded
[2026-03-03 22:00:45] Processing: CH0121640970 (SWS Medien N)
[2026-03-03 22:00:45] ✓ CH0121640970: 128 trades downloaded
[2026-03-03 22:00:46] Processing: CH0002654934 (ZT Medien N)
[2026-03-03 22:00:46] ✓ CH0002654934: 181 trades downloaded
[2026-03-03 22:00:47] Processing: CH0001671707 (Zürcher Oberland Medien AG, Wetzikon)
[2026-03-03 22:00:47] ✓ CH0001671707: 504 trades downloaded
[2026-03-03 22:00:48] Processing: CH0001542635 (Brauerei Schützengarten AG N)
[2026-03-03 22:00:48] ✓ CH0001542635: 160 trades downloaded
[2026-03-03 22:00:49] Processing: CH0001542643 (Brauerei Schützengarten AG PS)
[2026-03-03 22:00:49] ✓ CH0001542643: 632 trades downloaded
[2026-03-03 22:00:50] Processing: CH0002400585 (Landwirtschaft ZRA, Aarberg)
[2026-03-03 22:00:50] ✓ CH0002400585: 229 trades downloaded
[2026-03-03 22:00:51] Processing: CH0258926309 (Nootrie N)
[2026-03-03 22:00:52] ✓ CH0258926309: 355 trades downloaded
[2026-03-03 22:00:53] Processing: CH0016049881 (Patiswiss AG)
[2026-03-03 22:00:53] ✓ CH0016049881: 911 trades downloaded
[2026-03-03 22:00:54] Processing: CH0006234014 (Schweizer Zucker AG)
[2026-03-03 22:00:54] ✓ CH0006234014: 2262 trades downloaded
[2026-03-03 22:00:55] Processing: CH0003857031 (Bad Schinznach AG, Schinznach)
[2026-03-03 22:00:55] ✓ CH0003857031: 1027 trades downloaded
[2026-03-03 22:00:56] Processing: CH0010726963 (Beau-Rivage Palace SA, Lausanne-Ouchy)
[2026-03-03 22:00:56] ✓ CH0010726963: 783 trades downloaded
[2026-03-03 22:00:57] Processing: CH0011100341 (BERNEXPO N)
[2026-03-03 22:00:57] ✓ CH0011100341: 2132 trades downloaded
[2026-03-03 22:00:58] Processing: CH0004959505 (Casino de Montreux SA Nom 100)
[2026-03-03 22:00:58] ✓ CH0004959505: 445 trades downloaded
[2026-03-03 22:00:59] Processing: CH0004959471 (Casino de Montreux SA Nom 50)
[2026-03-03 22:00:59] ✓ CH0004959471: 33 trades downloaded
[2026-03-03 22:01:00] Processing: CH0019556908 (Cresta Palace Celerina N)
[2026-03-03 22:01:00] ✓ CH0019556908: 226 trades downloaded
[2026-03-03 22:01:01] Processing: CH0001665147 (Dolder Hotel AG, Zürich)
[2026-03-03 22:01:01] ✓ CH0001665147: 553 trades downloaded
[2026-03-03 22:01:02] Processing: CH0001602009 (Generale Beaulieu Holding SA)
[2026-03-03 22:01:02] ✓ CH0001602009: 221 trades downloaded
[2026-03-03 22:01:03] Processing: CH0002221338 (Gotthard Raststätte A2 Uri AG)
[2026-03-03 22:01:03] ✓ CH0002221338: 1033 trades downloaded
[2026-03-03 22:01:04] Processing: CH0002541586 (Grand Resort Bad Ragaz, Bad Ragaz)
[2026-03-03 22:01:04] ✓ CH0002541586: 1148 trades downloaded
[2026-03-03 22:01:05] Processing: CH0001865523 (Heim im Bergli AG, Luzern)
[2026-03-03 22:01:05] ✓ CH0001865523: 60 trades downloaded
[2026-03-03 22:01:06] Processing: CH0000648680 (Hochalpines Institut Ftan AG)
[2026-03-03 22:01:06] ✓ CH0000648680: 137 trades downloaded
[2026-03-03 22:01:07] Processing: CH0016016849 (Hoch-Ybrig N)
[2026-03-03 22:01:07] ✓ CH0016016849: 674 trades downloaded
[2026-03-03 22:01:08] Processing: CH0001992681 (Hof Weissbad AG)
[2026-03-03 22:01:08] ✓ CH0001992681: 1387 trades downloaded
[2026-03-03 22:01:09] Processing: CH0001514501 (Kongresshaus Zürich AG, Zürich)
[2026-03-03 22:01:09] ✓ CH0001514501: 802 trades downloaded
[2026-03-03 22:01:10] Processing: CH0001574604 (Kursaal-Casino AG, Luzern GS)
[2026-03-03 22:01:10] ✓ CH0001574604: 209 trades downloaded
[2026-03-03 22:01:11] Processing: CH0001574596 (Kursaal-Casino AG, Luzern N)
[2026-03-03 22:01:11] ✓ CH0001574596: 1732 trades downloaded
[2026-03-03 22:01:12] Processing: CH0001989513 (Kursaal Interlaken N)
[2026-03-03 22:01:12] ✓ CH0001989513: 643 trades downloaded
[2026-03-03 22:01:13] Processing: CH0002045471 (Loeb Holding N -B-)
[2026-03-03 22:01:13] ✓ CH0002045471: 238 trades downloaded
[2026-03-03 22:01:14] Processing: CH0002045497 (Loeb Holding PS)
[2026-03-03 22:01:15] ✓ CH0002045497: 2655 trades downloaded
[2026-03-03 22:01:16] Processing: CH0002056957 (Lurag AG, Neuenkirch)
[2026-03-03 22:01:16] ✓ CH0002056957: 770 trades downloaded
[2026-03-03 22:01:17] Processing: CH0002057070 (Lyceum Alpinum Zuoz AG)
[2026-03-03 22:01:17] ✓ CH0002057070: 134 trades downloaded
[2026-03-03 22:01:18] Processing: CH0002160460 (Opernhaus Zürich N 300)
[2026-03-03 22:01:18] ✓ CH0002160460: 28 trades downloaded
[2026-03-03 22:01:19] Processing: CH0002160478 (Opernhaus Zürich N 900)
[2026-03-03 22:01:19] ✓ CH0002160478: 353 trades downloaded
[2026-03-03 22:01:20] Processing: CH0467707490 (Outdoor Switzerland N)
[2026-03-03 22:01:20] ✓ CH0467707490: 74 trades downloaded
[2026-03-03 22:01:21] Processing: CH0002174743 (Parking des Alpes N)
[2026-03-03 22:01:21] ✓ CH0002174743: 9 trades downloaded
[2026-03-03 22:01:22] Processing: CH0002218664 (Railtour Suisse SA Nom 100)
[2026-03-03 22:01:22] ✓ CH0002218664: 0 trades downloaded
[2026-03-03 22:01:23] Processing: CH0002218698 (Railtour Suisse SA Nom 500)
[2026-03-03 22:01:23] ✓ CH0002218698: 0 trades downloaded
[2026-03-03 22:01:24] Processing: CH0027315818 (Raststätte Rheintal AG, Sevelen)
[2026-03-03 22:01:24] ✓ CH0027315818: 204 trades downloaded
[2026-03-03 22:01:25] Processing: CH0002221304 (Raststätte Thurau, St. Gallen)
[2026-03-03 22:01:25] ✓ CH0002221304: 179 trades downloaded
[2026-03-03 22:01:26] Processing: CH0018525532 (Raststätte Walensee AG)
[2026-03-03 22:01:26] ✓ CH0018525532: 93 trades downloaded
[2026-03-03 22:01:27] Processing: CH0009319721 (Stadtcasino Baden AG, Baden)
[2026-03-03 22:01:27] ✓ CH0009319721: 2090 trades downloaded
[2026-03-03 22:01:28] Processing: CH0197490847 (Sunstar-Holding N -A-)
[2026-03-03 22:01:28] ✓ CH0197490847: 816 trades downloaded
[2026-03-03 22:01:29] Processing: CH0001395539 (Suvretta-Haus, St. Moritz)
[2026-03-03 22:01:30] ✓ CH0001395539: 222 trades downloaded
[2026-03-03 22:01:31] Processing: CH0596918380 (Thermalbad Zurzach N)
[2026-03-03 22:01:31] ✓ CH0596918380: 601 trades downloaded
[2026-03-03 22:01:32] Processing: CH0033136596 (Viamala Raststätte Thusis AG)
[2026-03-03 22:01:32] ✓ CH0033136596: 1 trades downloaded
[2026-03-03 22:01:33] Processing: CH0000041795 (Weisse Arena AG, Laax)
[2026-03-03 22:01:33] ✓ CH0000041795: 1366 trades downloaded
[2026-03-03 22:01:34] Processing: CH0002655501 (Zoologischer Garten, Basel)
[2026-03-03 22:01:34] ✓ CH0002655501: 87 trades downloaded
[2026-03-03 22:01:35] Processing: CH0026212446 (Appenzeller Bahnen)
[2026-03-03 22:01:35] ✓ CH0026212446: 231 trades downloaded
[2026-03-03 22:01:36] Processing: CH0001457826 (Auto AG Schwyz, Schwyz)
[2026-03-03 22:01:36] ✓ CH0001457826: 91 trades downloaded
[2026-03-03 22:01:37] Processing: CH0029706766 (Auto AG Uri)
[2026-03-03 22:01:37] ✓ CH0029706766: 23 trades downloaded
[2026-03-03 22:01:38] Processing: CH0032018688 (Auto Hldg N)
[2026-03-03 22:01:38] ✓ CH0032018688: 1507 trades downloaded
[2026-03-03 22:01:39] Processing: CH0322776573 (Berner Oberland-Bahnen N)
[2026-03-03 22:01:39] ✓ CH0322776573: 226 trades downloaded
[2026-03-03 22:01:40] Processing: CH0025889160 (BLS N)
[2026-03-03 22:01:40] ✓ CH0025889160: 1387 trades downloaded
[2026-03-03 22:01:41] Processing: CH0578688241 (Drahtseilbahn Marzili N)
[2026-03-03 22:01:41] ✓ CH0578688241: 8 trades downloaded
[2026-03-03 22:01:42] Processing: CH0001669255 (Drahtseilbahn Marzili-Stadt Bern N)
[2026-03-03 22:01:42] ✓ CH0001669255: 34 trades downloaded
[2026-03-03 22:01:43] Processing: CH0001413704 (Flughafen Bern AG N)
[2026-03-03 22:01:43] ✓ CH0001413704: 498 trades downloaded
[2026-03-03 22:01:44] Processing: CH0375446173 (Gondrand Hldg Vz N)
[2026-03-03 22:01:44] ✓ CH0375446173: 84 trades downloaded
[2026-03-03 22:01:45] Processing: CH0304449611 (Lagerhäuser der Centralschweiz N)
[2026-03-03 22:01:45] ✓ CH0304449611: 229 trades downloaded
[2026-03-03 22:01:46] Processing: CH0198963503 (Magazzini Generali N)
[2026-03-03 22:01:46] ✓ CH0198963503: 21 trades downloaded
[2026-03-03 22:01:47] Processing: CH0016376714 (Matterhorn Gotthard Verkehr AG)
[2026-03-03 22:01:47] ✓ CH0016376714: 92 trades downloaded
[2026-03-03 22:01:48] Processing: CH0003798599 (Montreux-Berner Oberland Bahn)
[2026-03-03 22:01:48] ✓ CH0003798599: 440 trades downloaded
[2026-03-03 22:01:49] Processing: CH0286266488 (Ports Francs et Entrepôts de Genève)
[2026-03-03 22:01:49] ✓ CH0286266488: 0 trades downloaded
[2026-03-03 22:01:50] Processing: CH0002234398 (Rhätische Bahn RhB / Prior)
[2026-03-03 22:01:51] ✓ CH0002234398: 249 trades downloaded
[2026-03-03 22:01:52] Processing: CH0002234372 (Rhätische Bahn RhB / Stamm)
[2026-03-03 22:01:52] ✓ CH0002234372: 209 trades downloaded
[2026-03-03 22:01:53] Processing: CH0114457390 (Rottal Auto AG, Ruswil)
[2026-03-03 22:01:53] ✓ CH0114457390: 49 trades downloaded
[2026-03-03 22:01:54] Processing: CH0341320114 (Schifffahrtsges. Hallwilersee)
[2026-03-03 22:01:54] ✓ CH0341320114: 119 trades downloaded
[2026-03-03 22:01:55] Processing: CH0002291802 (Schweiz. Schifffahrtsges. Untersee und Rhein N)
[2026-03-03 22:01:55] ✓ CH0002291802: 132 trades downloaded
[2026-03-03 22:01:56] Processing: CH0421720779 (SGV Holding N)
[2026-03-03 22:01:56] ✓ CH0421720779: 2382 trades downloaded
[2026-03-03 22:01:57] Processing: CH0487871656 (STI Hldg N)
[2026-03-03 22:01:57] ✓ CH0487871656: 5 trades downloaded
[2026-03-03 22:01:58] Processing: CH0341319801 (Sursee-Triengen Bahn N)
[2026-03-03 22:01:58] ✓ CH0341319801: 18 trades downloaded
[2026-03-03 22:01:59] Processing: CH0002658448 (Zürichsee-Fähre Horgen-Meilen AG)
[2026-03-03 22:01:59] ✓ CH0002658448: 986 trades downloaded
[2026-03-03 22:02:00] Processing: CH0553343069 (Zürichsee-Schifffahrtsgesellschaft)
[2026-03-03 22:02:00] ✓ CH0553343069: 407 trades downloaded
[2026-03-03 22:02:01] ========== SUMMARY ==========
[2026-03-03 22:02:01] Total ISINs processed: 244
[2026-03-03 22:02:01] Successful downloads: 244
[2026-03-03 22:02:01] Failed/Not Found: 0
[2026-03-03 22:02:01] CSV files created: 244
[2026-03-03 22:02:01] Time elapsed: 4m 17s
[2026-03-03 22:02:01] Log saved: C:\Users\mihae\PycharmProjects\OTC-X\logs\downloader_2026-03-03_215743.log
