[2026-05-16 07:11:03] OTC-X Trade Downloader started
[2026-05-16 07:11:03] Loaded 242 rows from /home/runner/work/OTC-X/OTC-X/backend/data/securities.csv
[2026-05-16 07:11:03] Processing: CH0136182570 (acrevis Bank N)
[2026-05-16 07:11:06] ✓ CH0136182570: 3574 trades downloaded
[2026-05-16 07:11:07] Processing: CH0006668930 (ADEV Solarstrom AG, Liestal)
[2026-05-16 07:11:07] ✓ CH0006668930: 471 trades downloaded
[2026-05-16 07:11:08] Processing: CH0006524265 (ADEV Wasserkraftwerk AG, Liestal)
[2026-05-16 07:11:08] ✓ CH0006524265: 211 trades downloaded
[2026-05-16 07:11:09] Processing: CH0010497532 (ADEV Windkraft AG, Liestal)
[2026-05-16 07:11:09] ✓ CH0010497532: 148 trades downloaded
[2026-05-16 07:11:10] Processing: CH0034900248 (AG für Erstellung billiger Wohnhäuser in Winterthu)
[2026-05-16 07:11:10] ✓ CH0034900248: 119 trades downloaded
[2026-05-16 07:11:11] Processing: CH0001402418 (Agruna AG)
[2026-05-16 07:11:11] ✓ CH0001402418: 330 trades downloaded
[2026-05-16 07:11:12] Processing: CH0002599352 (Aletsch Bahnen N)
[2026-05-16 07:11:12] ✓ CH0002599352: 402 trades downloaded
[2026-05-16 07:11:13] Processing: CH0011322200 (Alpha Rheintal Bank, Heerbrugg)
[2026-05-16 07:11:13] ✓ CH0011322200: 1193 trades downloaded
[2026-05-16 07:11:14] Processing: CH0001418216 (Aluminium-Laufen AG Liesberg)
[2026-05-16 07:11:15] ✓ CH0001418216: 215 trades downloaded
[2026-05-16 07:11:16] Processing: CH0185254742 (Andermatt-Sedrun Sport AG)
[2026-05-16 07:11:16] ✓ CH0185254742: 434 trades downloaded
[2026-05-16 07:11:17] Processing: CH0026212446 (Appenzeller Bahnen)
[2026-05-16 07:11:17] ✓ CH0026212446: 236 trades downloaded
[2026-05-16 07:11:18] Processing: CH0001430930 (Arosa Bergbahnen AG, Arosa)
[2026-05-16 07:11:19] ✓ CH0001430930: 785 trades downloaded
[2026-05-16 07:11:20] Processing: CH0001457826 (Auto AG Schwyz, Schwyz)
[2026-05-16 07:11:20] ✓ CH0001457826: 96 trades downloaded
[2026-05-16 07:11:21] Processing: CH0029706766 (Auto AG Uri)
[2026-05-16 07:11:21] ✓ CH0029706766: 23 trades downloaded
[2026-05-16 07:11:22] Processing: CH0032018688 (Auto Hldg N)
[2026-05-16 07:11:23] ✓ CH0032018688: 1563 trades downloaded
[2026-05-16 07:11:24] Processing: CH0023777235 (aventron N)
[2026-05-16 07:11:25] ✓ CH0023777235: 618 trades downloaded
[2026-05-16 07:11:26] Processing: CH0003857031 (Bad Schinznach AG, Schinznach)
[2026-05-16 07:11:26] ✓ CH0003857031: 1041 trades downloaded
[2026-05-16 07:11:27] Processing: CH0001314852 (Bank in Zuzwil)
[2026-05-16 07:11:27] ✓ CH0001314852: 47 trades downloaded
[2026-05-16 07:11:28] Processing: CH0039074692 (Bank Leerau)
[2026-05-16 07:11:28] ✓ CH0039074692: 149 trades downloaded
[2026-05-16 07:11:29] Processing: CH0013792848 (Bank Oberaargau N)
[2026-05-16 07:11:29] ✓ CH0013792848: 541 trades downloaded
[2026-05-16 07:11:30] Processing: CH0001351862 (Bank SLM N)
[2026-05-16 07:11:30] ✓ CH0001351862: 475 trades downloaded
[2026-05-16 07:11:31] Processing: CH0049588129 (Bank von Roll AG)
[2026-05-16 07:11:32] ✓ CH0049588129: 252 trades downloaded
[2026-05-16 07:11:33] Processing: CH0303601253 (BB Adelboden N)
[2026-05-16 07:11:33] ✓ CH0303601253: 346 trades downloaded
[2026-05-16 07:11:34] Processing: CH0574732894 (BB Lauterbrunnen-Muerren N)
[2026-05-16 07:11:34] ✓ CH0574732894: 16 trades downloaded
[2026-05-16 07:11:35] Processing: CH0010756531 (BBO Bank Brienz-Oberhasli)
[2026-05-16 07:11:35] ✓ CH0010756531: 401 trades downloaded
[2026-05-16 07:11:36] Processing: CH0001507406 (BB Piz Mundaun AG)
[2026-05-16 07:11:36] ✓ CH0001507406: 103 trades downloaded
[2026-05-16 07:11:37] Processing: CH0002353867 (BB Soerenberg AG)
[2026-05-16 07:11:37] ✓ CH0002353867: 230 trades downloaded
[2026-05-16 07:11:38] Processing: CH0010726963 (Beau-Rivage Palace SA, Lausanne-Ouchy)
[2026-05-16 07:11:38] ✓ CH0010726963: 795 trades downloaded
[2026-05-16 07:11:39] Processing: CH0024700483 (Belalp-Bahnen, Naters)
[2026-05-16 07:11:39] ✓ CH0024700483: 29 trades downloaded
[2026-05-16 07:11:40] Processing: CH0187392300 (Bellwald Sportbahnen N)
[2026-05-16 07:11:41] ✓ CH0187392300: 10 trades downloaded
[2026-05-16 07:11:42] Processing: CH0002332093 (Bergbahnen Brigels N)
[2026-05-16 07:11:42] ✓ CH0002332093: 148 trades downloaded
[2026-05-16 07:11:43] Processing: CH0018384120 (Bergbahnen Destination Gstaad N)
[2026-05-16 07:11:43] ✓ CH0018384120: 432 trades downloaded
[2026-05-16 07:11:44] Processing: CH0292081723 (Bergbahnen Disentis N)
[2026-05-16 07:11:44] ✓ CH0292081723: 92 trades downloaded
[2026-05-16 07:11:45] Processing: CH0580517032 (Bergbahnen Hohsaas N)
[2026-05-16 07:11:45] ✓ CH0580517032: 0 trades downloaded
[2026-05-16 07:11:46] Processing: CH0036505888 (Bergbahnen Meiringen-Hasliberg N)
[2026-05-16 07:11:46] ✓ CH0036505888: 452 trades downloaded
[2026-05-16 07:11:47] Processing: CH0342666572 (Bergbahnen Scuol N)
[2026-05-16 07:11:47] ✓ CH0342666572: 245 trades downloaded
[2026-05-16 07:11:48] Processing: CH0016568880 (Bergbahnen Splügen-Tambo N)
[2026-05-16 07:11:48] ✓ CH0016568880: 46 trades downloaded
[2026-05-16 07:11:49] Processing: CH0045885032 (Bergbahnen Wildhaus AG)
[2026-05-16 07:11:50] ✓ CH0045885032: 91 trades downloaded
[2026-05-16 07:11:51] Processing: CH0014874918 (Bernerland Bank, Sumiswald)
[2026-05-16 07:11:52] ✓ CH0014874918: 898 trades downloaded
[2026-05-16 07:11:53] Processing: CH0322776573 (Berner Oberland-Bahnen N)
[2026-05-16 07:11:53] ✓ CH0322776573: 231 trades downloaded
[2026-05-16 07:11:54] Processing: CH0011100341 (BERNEXPO N)
[2026-05-16 07:11:54] ✓ CH0011100341: 2183 trades downloaded
[2026-05-16 07:11:55] Processing: CH0018043619 (Biene-Bank im Rheintal)
[2026-05-16 07:11:55] ✓ CH0018043619: 375 trades downloaded
[2026-05-16 07:11:56] Processing: CH0025889160 (BLS N)
[2026-05-16 07:11:58] ✓ CH0025889160: 1420 trades downloaded
[2026-05-16 07:11:59] Processing: CH0012684657 (Bobst Group N)
[2026-05-16 07:12:00] ✓ CH0012684657: 3184 trades downloaded
[2026-05-16 07:12:01] Processing: CH0545753953 (Bondpartners N)
[2026-05-16 07:12:01] ✓ CH0545753953: 154 trades downloaded
[2026-05-16 07:12:02] Processing: CH0001542635 (Brauerei Schützengarten AG N)
[2026-05-16 07:12:03] ✓ CH0001542635: 163 trades downloaded
[2026-05-16 07:12:04] Processing: CH0001542643 (Brauerei Schützengarten AG PS)
[2026-05-16 07:12:04] ✓ CH0001542643: 642 trades downloaded
[2026-05-16 07:12:05] Processing: CH0002052501 (Brunni-Bahnen N)
[2026-05-16 07:12:05] ✓ CH0002052501: 570 trades downloaded
[2026-05-16 07:12:06] Processing: CH0009438109 (BS Bank, Schaffhausen)
[2026-05-16 07:12:06] ✓ CH0009438109: 504 trades downloaded
[2026-05-16 07:12:07] Processing: CH0002657978 (Bystronic -B- N)
[2026-05-16 07:12:07] ✓ CH0002657978: 423 trades downloaded
[2026-05-16 07:12:08] Processing: CH0001570057 (Caran d`Ache, Genève, Serie B)
[2026-05-16 07:12:08] ✓ CH0001570057: 89 trades downloaded
[2026-05-16 07:12:09] Processing: CH0102022560 (CasaInvest N)
[2026-05-16 07:12:09] ✓ CH0102022560: 865 trades downloaded
[2026-05-16 07:12:10] Processing: CH1127803547 (Casale Holding Rg)
[2026-05-16 07:12:10] ✓ CH1127803547: 14 trades downloaded
[2026-05-16 07:12:11] Processing: CH0004959505 (Casino de Montreux SA Nom 100)
[2026-05-16 07:12:12] ✓ CH0004959505: 449 trades downloaded
[2026-05-16 07:12:13] Processing: CH0004959471 (Casino de Montreux SA Nom 50)
[2026-05-16 07:12:13] ✓ CH0004959471: 34 trades downloaded
[2026-05-16 07:12:14] Processing: CH0324791133 (Chemholding N)
[2026-05-16 07:12:14] ✓ CH0324791133: 4 trades downloaded
[2026-05-16 07:12:15] Processing: CH0020603475 (CKW N)
[2026-05-16 07:12:15] ✓ CH0020603475: 1489 trades downloaded
[2026-05-16 07:12:16] Processing: CH0010583448 (Clientis Bank Aareland N)
[2026-05-16 07:12:16] ✓ CH0010583448: 261 trades downloaded
[2026-05-16 07:12:17] Processing: CH0001336319 (Clientis Bank Oberuzwil AG)
[2026-05-16 07:12:17] ✓ CH0001336319: 70 trades downloaded
[2026-05-16 07:12:18] Processing: CH0010621925 (Clientis Bank Toggenburg)
[2026-05-16 07:12:18] ✓ CH0010621925: 211 trades downloaded
[2026-05-16 07:12:19] Processing: CH0001357000 (Clientis Sparkasse Oftringen)
[2026-05-16 07:12:19] ✓ CH0001357000: 191 trades downloaded
[2026-05-16 07:12:20] Processing: CH0001579363 (CMSA Holding SA)
[2026-05-16 07:12:21] ✓ CH0001579363: 1307 trades downloaded
[2026-05-16 07:12:22] Processing: CH0032462910 (Corvatsch AG Nom 3, Silvaplana)
[2026-05-16 07:12:22] ✓ CH0032462910: 534 trades downloaded
[2026-05-16 07:12:23] Processing: CH1100211528 (Crédit Mutuel de la Vallée N)
[2026-05-16 07:12:23] ✓ CH1100211528: 34 trades downloaded
[2026-05-16 07:12:24] Processing: CH0019556908 (Cresta Palace Celerina N)
[2026-05-16 07:12:24] ✓ CH0019556908: 230 trades downloaded
[2026-05-16 07:12:25] Processing: CH0433137400 (Davos Klosters Bergbahnen N)
[2026-05-16 07:12:26] ✓ CH0433137400: 538 trades downloaded
[2026-05-16 07:12:27] Processing: CH0109916244 (Diavolezza Lagalb N)
[2026-05-16 07:12:27] ✓ CH0109916244: 57 trades downloaded
[2026-05-16 07:12:28] Processing: CH0001665147 (Dolder Hotel AG, Zürich)
[2026-05-16 07:12:28] ✓ CH0001665147: 560 trades downloaded
[2026-05-16 07:12:29] Processing: CH0578688241 (Drahtseilbahn Marzili N)
[2026-05-16 07:12:30] ✓ CH0578688241: 9 trades downloaded
[2026-05-16 07:12:31] Processing: CH0001669255 (Drahtseilbahn Marzili-Stadt Bern N)
[2026-05-16 07:12:31] ✓ CH0001669255: 36 trades downloaded
[2026-05-16 07:12:32] Processing: CH0001777876 (ebs Erdgas + Biogas)
[2026-05-16 07:12:32] ✓ CH0001777876: 48 trades downloaded
[2026-05-16 07:12:33] Processing: CH1159308571 (EcoRenova N)
[2026-05-16 07:12:33] ✓ CH1159308571: 1 trades downloaded
[2026-05-16 07:12:34] Processing: CH0102699540 (Energ Elec du Simplon E.E.S.)
[2026-05-16 07:12:34] ✓ CH0102699540: 94 trades downloaded
[2026-05-16 07:12:35] Processing: CH0014386996 (Energie Zürichsee Linth N)
[2026-05-16 07:12:35] ✓ CH0014386996: 833 trades downloaded
[2026-05-16 07:12:36] Processing: CH0031926105 (Engadin Mountains AG)
[2026-05-16 07:12:36] ✓ CH0031926105: 682 trades downloaded
[2026-05-16 07:12:37] Processing: CH0129442221 (Eniwa Holding AG)
[2026-05-16 07:12:37] ✓ CH0129442221: 828 trades downloaded
[2026-05-16 07:12:38] Processing: CH0001337200 (Ersparniskasse Affoltern)
[2026-05-16 07:12:39] ✓ CH0001337200: 231 trades downloaded
[2026-05-16 07:12:40] Processing: CH0001704680 (Eskimo Textil AG, Turbenthal)
[2026-05-16 07:12:40] ✓ CH0001704680: 35 trades downloaded
[2026-05-16 07:12:41] Processing: CH0002557400 (Espace Real Estate Hldg N)
[2026-05-16 07:12:42] ✓ CH0002557400: 3277 trades downloaded
[2026-05-16 07:12:43] Processing: CH0001239398 (EW Brig-Naters EWBN)
[2026-05-16 07:12:43] ✓ CH0001239398: 148 trades downloaded
[2026-05-16 07:12:44] Processing: CH0001690533 (EW Jona-Rapperswil, Jona)
[2026-05-16 07:12:45] ✓ CH0001690533: 1530 trades downloaded
[2026-05-16 07:12:46] Processing: CH0001691614 (EW Uznach AG)
[2026-05-16 07:12:46] ✓ CH0001691614: 230 trades downloaded
[2026-05-16 07:12:47] Processing: CH0001413704 (Flughafen Bern AG N)
[2026-05-16 07:12:47] ✓ CH0001413704: 509 trades downloaded
[2026-05-16 07:12:48] Processing: CH1106247997 (Funi Locarno-Madonna N)
[2026-05-16 07:12:48] ✓ CH1106247997: 13 trades downloaded
[2026-05-16 07:12:49] Processing: CH1104949586 (Funi Lugano-Paradiso N)
[2026-05-16 07:12:49] ✓ CH1104949586: 20 trades downloaded
[2026-05-16 07:12:50] Processing: CH0001602009 (Generale Beaulieu Holding SA)
[2026-05-16 07:12:50] ✓ CH0001602009: 221 trades downloaded
[2026-05-16 07:12:51] Processing: CH1405847034 (Geoterra Holding Rg)
[2026-05-16 07:12:51] ✓ CH1405847034: 409 trades downloaded
[2026-05-16 07:12:52] Processing: CH0006980079 (Gondelbahn Grindelwald N)
[2026-05-16 07:12:53] ✓ CH0006980079: 551 trades downloaded
[2026-05-16 07:12:54] Processing: CH0375446173 (Gondrand Hldg Vz N)
[2026-05-16 07:12:54] ✓ CH0375446173: 84 trades downloaded
[2026-05-16 07:12:55] Processing: CH0002221338 (Gotthard Raststätte A2 Uri AG)
[2026-05-16 07:12:55] ✓ CH0002221338: 1063 trades downloaded
[2026-05-16 07:12:56] Processing: CH0002541586 (Grand Resort Bad Ragaz, Bad Ragaz)
[2026-05-16 07:12:56] ✓ CH0002541586: 1193 trades downloaded
[2026-05-16 07:12:57] Processing: CH0006532565 (Griesser Holding AG, Aadorf)
[2026-05-16 07:12:57] ✓ CH0006532565: 1287 trades downloaded
[2026-05-16 07:12:58] Processing: CH0016523125 (Griston Holding AG)
[2026-05-16 07:12:59] ✓ CH0016523125: 458 trades downloaded
[2026-05-16 07:13:00] Processing: CH0005051021 (Gurtenbahn AG N)
[2026-05-16 07:13:00] ✓ CH0005051021: 116 trades downloaded
[2026-05-16 07:13:01] Processing: CH0023124214 (HBB Holding AG)
[2026-05-16 07:13:01] ✓ CH0023124214: 442 trades downloaded
[2026-05-16 07:13:02] Processing: CH0001865523 (Heim im Bergli AG, Luzern)
[2026-05-16 07:13:03] ✓ CH0001865523: 60 trades downloaded
[2026-05-16 07:13:04] Processing: CH0304280636 (Helvetic Star Holding)
[2026-05-16 07:13:04] ✓ CH0304280636: 70 trades downloaded
[2026-05-16 07:13:05] Processing: CH0000648680 (Hochalpines Institut Ftan AG)
[2026-05-16 07:13:05] ✓ CH0000648680: 139 trades downloaded
[2026-05-16 07:13:06] Processing: CH0016016849 (Hoch-Ybrig N)
[2026-05-16 07:13:06] ✓ CH0016016849: 692 trades downloaded
[2026-05-16 07:13:07] Processing: CH0001992681 (Hof Weissbad AG)
[2026-05-16 07:13:07] ✓ CH0001992681: 1420 trades downloaded
[2026-05-16 07:13:08] Processing: CH0010923875 (Hoher Kasten Drehrestaurant und Seilbahn AG)
[2026-05-16 07:13:09] ✓ CH0010923875: 660 trades downloaded
[2026-05-16 07:13:10] Processing: CH0020502743 (Holdinova N)
[2026-05-16 07:13:12] ✓ CH0020502743: 5064 trades downloaded
[2026-05-16 07:13:13] Processing: CH0001906848 (Imbrex Hldg N)
[2026-05-16 07:13:13] ✓ CH0001906848: 328 trades downloaded
[2026-05-16 07:13:14] Processing: CH0001910089 (Immges Viamala, Thusis)
[2026-05-16 07:13:14] ✓ CH0001910089: 87 trades downloaded
[2026-05-16 07:13:15] Processing: CH0324793667 (Immobiliare Pharmapark N)
[2026-05-16 07:13:15] ✓ CH0324793667: 63 trades downloaded
[2026-05-16 07:13:16] Processing: CH0001344685 (KB Nidwalden PS)
[2026-05-16 07:13:16] ✓ CH0001344685: 108 trades downloaded
[2026-05-16 07:13:17] Processing: CH0263939958 (Klosters-Madrisa N)
[2026-05-16 07:13:17] ✓ CH0263939958: 170 trades downloaded
[2026-05-16 07:13:18] Processing: CH0001514501 (Kongresshaus Zürich AG, Zürich)
[2026-05-16 07:13:18] ✓ CH0001514501: 813 trades downloaded
[2026-05-16 07:13:19] Processing: CH0115029545 (Konkordia AG N)
[2026-05-16 07:13:20] ✓ CH0115029545: 235 trades downloaded
[2026-05-16 07:13:21] Processing: CH0002052915 (Kronberg N)
[2026-05-16 07:13:21] ✓ CH0002052915: 231 trades downloaded
[2026-05-16 07:13:22] Processing: CH0001574604 (Kursaal-Casino AG, Luzern GS)
[2026-05-16 07:13:22] ✓ CH0001574604: 216 trades downloaded
[2026-05-16 07:13:23] Processing: CH0001574596 (Kursaal-Casino AG, Luzern N)
[2026-05-16 07:13:23] ✓ CH0001574596: 1772 trades downloaded
[2026-05-16 07:13:24] Processing: CH0001989513 (Kursaal Interlaken N)
[2026-05-16 07:13:24] ✓ CH0001989513: 654 trades downloaded
[2026-05-16 07:13:25] Processing: CH0304449611 (Lagerhäuser der Centralschweiz N)
[2026-05-16 07:13:25] ✓ CH0304449611: 229 trades downloaded
[2026-05-16 07:13:26] Processing: CH0002400585 (Landwirtschaft ZRA, Aarberg)
[2026-05-16 07:13:26] ✓ CH0002400585: 229 trades downloaded
[2026-05-16 07:13:27] Processing: CH0001343885 (Leihkasse Stammheim)
[2026-05-16 07:13:28] ✓ CH0001343885: 121 trades downloaded
[2026-05-16 07:13:29] Processing: CH0001788345 (Lenk Bergbahnen, Lenk)
[2026-05-16 07:13:30] ✓ CH0001788345: 201 trades downloaded
[2026-05-16 07:13:31] Processing: CH0023497271 (Lenzerheide Bergbahnen)
[2026-05-16 07:13:31] ✓ CH0023497271: 1189 trades downloaded
[2026-05-16 07:13:32] Processing: CH0001318374 (Lienhardt & Partner Privatbank Zürich AG, Zürich)
[2026-05-16 07:13:32] ✓ CH0001318374: 487 trades downloaded
[2026-05-16 07:13:33] Processing: CH0002045471 (Loeb Holding N -B-)
[2026-05-16 07:13:33] ✓ CH0002045471: 240 trades downloaded
[2026-05-16 07:13:34] Processing: CH0002045497 (Loeb Holding PS)
[2026-05-16 07:13:34] ✓ CH0002045497: 2671 trades downloaded
[2026-05-16 07:13:35] Processing: CH0105175175 (Lorze AG)
[2026-05-16 07:13:35] ✓ CH0105175175: 292 trades downloaded
[2026-05-16 07:13:36] Processing: CH0001542601 (Löwengarten AG)
[2026-05-16 07:13:37] ✓ CH0001542601: 22 trades downloaded
[2026-05-16 07:13:38] Processing: CH0563381901 (LSB Dallenwil-Wirzweli N)
[2026-05-16 07:13:38] ✓ CH0563381901: 6 trades downloaded
[2026-05-16 07:13:39] Processing: CH0002052782 (LSB Grindelwald-Pfingstegg AG)
[2026-05-16 07:13:39] ✓ CH0002052782: 160 trades downloaded
[2026-05-16 07:13:40] Processing: CH0342342653 (LSB Unterterzen-Flumserberg)
[2026-05-16 07:13:40] ✓ CH0342342653: 89 trades downloaded
[2026-05-16 07:13:41] Processing: CH0002055819 (LSB Wasserauen-Ebenalp AG)
[2026-05-16 07:13:41] ✓ CH0002055819: 87 trades downloaded
[2026-05-16 07:13:42] Processing: CH0002056031 (LSB Wengen-Männlichen AG)
[2026-05-16 07:13:42] ✓ CH0002056031: 351 trades downloaded
[2026-05-16 07:13:43] Processing: CH0002056957 (Lurag AG, Neuenkirch)
[2026-05-16 07:13:43] ✓ CH0002056957: 777 trades downloaded
[2026-05-16 07:13:44] Processing: CH0002057070 (Lyceum Alpinum Zuoz AG)
[2026-05-16 07:13:44] ✓ CH0002057070: 134 trades downloaded
[2026-05-16 07:13:45] Processing: CH0198963503 (Magazzini Generali N)
[2026-05-16 07:13:46] ✓ CH0198963503: 21 trades downloaded
[2026-05-16 07:13:47] Processing: CH0016376714 (Matterhorn Gotthard Verkehr AG)
[2026-05-16 07:13:47] ✓ CH0016376714: 101 trades downloaded
[2026-05-16 07:13:48] Processing: CH0014069212 (Menzi Muck Gruppe N)
[2026-05-16 07:13:48] ✓ CH0014069212: 1340 trades downloaded
[2026-05-16 07:13:49] Processing: CH0002092622 (Metall Zug AG Serie A)
[2026-05-16 07:13:49] ✓ CH0002092622: 560 trades downloaded
[2026-05-16 07:13:50] Processing: CH0107020692 (Montana Tech N)
[2026-05-16 07:13:50] ✓ CH0107020692: 1684 trades downloaded
[2026-05-16 07:13:51] Processing: CH0003798599 (Montreux-Berner Oberland Bahn)
[2026-05-16 07:13:51] ✓ CH0003798599: 455 trades downloaded
[2026-05-16 07:13:52] Processing: CH0126517975 (Neue Zürcher Zeitung, Zürich)
[2026-05-16 07:13:54] ✓ CH0126517975: 3698 trades downloaded
[2026-05-16 07:13:55] Processing: CH0187475709 (Nexus Gr Hold N)
[2026-05-16 07:13:55] ✓ CH0187475709: 165 trades downloaded
[2026-05-16 07:13:56] Processing: CH0572824867 (Niederhornbahn N)
[2026-05-16 07:13:56] ✓ CH0572824867: 67 trades downloaded
[2026-05-16 07:13:57] Processing: CH1104984104 (Niesenbahn N)
[2026-05-16 07:13:57] ✓ CH1104984104: 147 trades downloaded
[2026-05-16 07:13:58] Processing: CH0013592248 (NORINVEST HLDG N)
[2026-05-16 07:13:58] ✓ CH0013592248: 158 trades downloaded
[2026-05-16 07:13:59] Processing: CH0002160460 (Opernhaus Zürich N 300)
[2026-05-16 07:13:59] ✓ CH0002160460: 29 trades downloaded
[2026-05-16 07:14:00] Processing: CH0002160478 (Opernhaus Zürich N 900)
[2026-05-16 07:14:01] ✓ CH0002160478: 361 trades downloaded
[2026-05-16 07:14:02] Processing: CH0017915742 (OTC-X All Share)
[2026-05-16 07:14:02] ✓ CH0017915742: 0 trades downloaded
[2026-05-16 07:14:03] Processing: CH0017915718 (OTC-X Banken)
[2026-05-16 07:14:03] ✓ CH0017915718: 0 trades downloaded
[2026-05-16 07:14:04] Processing: CH0039576753 (OTC-X Bergbahnen)
[2026-05-16 07:14:04] ✓ CH0039576753: 0 trades downloaded
[2026-05-16 07:14:05] Processing: CH0039576787 (OTC-X Beteiligungsgesellschaften)
[2026-05-16 07:14:05] ✓ CH0039576787: 0 trades downloaded
[2026-05-16 07:14:06] Processing: CH0017915692 (OTC-X Energie)
[2026-05-16 07:14:06] ✓ CH0017915692: 0 trades downloaded
[2026-05-16 07:14:07] Processing: CH0039576837 (OTC-X Immobilien)
[2026-05-16 07:14:07] ✓ CH0039576837: 0 trades downloaded
[2026-05-16 07:14:08] Processing: CH0017915684 (OTC-X Industrie)
[2026-05-16 07:14:08] ✓ CH0017915684: 0 trades downloaded
[2026-05-16 07:14:09] Processing: CH0039576860 (OTC-X Liquidity)
[2026-05-16 07:14:09] ✓ CH0039576860: 0 trades downloaded
[2026-05-16 07:14:10] Processing: CH0017915668 (OTC-X Medien)
[2026-05-16 07:14:11] ✓ CH0017915668: 0 trades downloaded
[2026-05-16 07:14:12] Processing: CH0039576852 (OTC-X Nahrung und Getraenke)
[2026-05-16 07:14:12] ✓ CH0039576852: 0 trades downloaded
[2026-05-16 07:14:13] Processing: CH0213109793 (OTC-X Premium)
[2026-05-16 07:14:13] ✓ CH0213109793: 0 trades downloaded
[2026-05-16 07:14:14] Processing: CH0017915726 (OTC-X TOP50)
[2026-05-16 07:14:14] ✓ CH0017915726: 0 trades downloaded
[2026-05-16 07:14:15] Processing: CH0017915643 (OTC-X Tourismus/Freizeit/Sonstiges)
[2026-05-16 07:14:15] ✓ CH0017915643: 0 trades downloaded
[2026-05-16 07:14:16] Processing: CH0017915635 (OTC-X Transport/Verkehr/Logistik)
[2026-05-16 07:14:16] ✓ CH0017915635: 0 trades downloaded
[2026-05-16 07:14:17] Processing: CH0467707490 (Outdoor Switzerland N)
[2026-05-16 07:14:17] ✓ CH0467707490: 76 trades downloaded
[2026-05-16 07:14:18] Processing: CH0002174743 (Parking des Alpes N)
[2026-05-16 07:14:18] ✓ CH0002174743: 9 trades downloaded
[2026-05-16 07:14:19] Processing: CH0016049881 (Patiswiss AG)
[2026-05-16 07:14:20] ✓ CH0016049881: 920 trades downloaded
[2026-05-16 07:14:21] Processing: CH1350861261 (Perlen Industrieholding N)
[2026-05-16 07:14:21] ✓ CH1350861261: 1514 trades downloaded
[2026-05-16 07:14:22] Processing: CH0009005973 (Pilatus-Bahnen AG, Kriens)
[2026-05-16 07:14:23] ✓ CH0009005973: 1808 trades downloaded
[2026-05-16 07:14:24] Processing: CH0012457633 (Plaston Holding AG)
[2026-05-16 07:14:24] ✓ CH0012457633: 1400 trades downloaded
[2026-05-16 07:14:25] Processing: CH0284143929 (PLAZZA-B-N)
[2026-05-16 07:14:26] ✓ CH0284143929: 111 trades downloaded
[2026-05-16 07:14:27] Processing: CH0286266488 (Ports Francs et Entrepôts de Genève)
[2026-05-16 07:14:27] ✓ CH0286266488: 0 trades downloaded
[2026-05-16 07:14:28] Processing: CH0122303669 (Prayon Switzerland N)
[2026-05-16 07:14:28] ✓ CH0122303669: 22 trades downloaded
[2026-05-16 07:14:29] Processing: CH0013283368 (Precious Woods Hldg N)
[2026-05-16 07:14:29] ✓ CH0013283368: 553 trades downloaded
[2026-05-16 07:14:30] Processing: CH0002218664 (Railtour Suisse SA Nom 100)
[2026-05-16 07:14:30] ✓ CH0002218664: 0 trades downloaded
[2026-05-16 07:14:31] Processing: CH0002218698 (Railtour Suisse SA Nom 500)
[2026-05-16 07:14:31] ✓ CH0002218698: 0 trades downloaded
[2026-05-16 07:14:32] Processing: CH0030333360 (Rapid Holding N)
[2026-05-16 07:14:32] ✓ CH0030333360: 1475 trades downloaded
[2026-05-16 07:14:33] Processing: CH0027315818 (Raststätte Rheintal AG, Sevelen)
[2026-05-16 07:14:33] ✓ CH0027315818: 207 trades downloaded
[2026-05-16 07:14:34] Processing: CH0002221304 (Raststätte Thurau, St. Gallen)
[2026-05-16 07:14:35] ✓ CH0002221304: 191 trades downloaded
[2026-05-16 07:14:36] Processing: CH0018525532 (Raststätte Walensee AG)
[2026-05-16 07:14:36] ✓ CH0018525532: 93 trades downloaded
[2026-05-16 07:14:37] Processing: CH1387788180 (Raurica Wald N-B)
[2026-05-16 07:14:37] ✓ CH1387788180: 19 trades downloaded
[2026-05-16 07:14:38] Processing: CH0001340196 (Regiobank Männedorf)
[2026-05-16 07:14:38] ✓ CH0001340196: 228 trades downloaded
[2026-05-16 07:14:39] Processing: CH1112956201 (Regiobank Solothurn N)
[2026-05-16 07:14:40] ✓ CH1112956201: 3119 trades downloaded
[2026-05-16 07:14:41] Processing: CH0002227095 (Reishauer N)
[2026-05-16 07:14:43] ✓ CH0002227095: 1086 trades downloaded
[2026-05-16 07:14:44] Processing: CH0199383602 (Remontées Mécaniques de Grimentz)
[2026-05-16 07:14:44] ✓ CH0199383602: 11 trades downloaded
[2026-05-16 07:14:45] Processing: CH0320096990 (Repower N)
[2026-05-16 07:14:47] ✓ CH0320096990: 4904 trades downloaded
[2026-05-16 07:14:48] Processing: CH0002234398 (Rhätische Bahn RhB / Prior)
[2026-05-16 07:14:48] ✓ CH0002234398: 253 trades downloaded
[2026-05-16 07:14:49] Processing: CH0002234372 (Rhätische Bahn RhB / Stamm)
[2026-05-16 07:14:49] ✓ CH0002234372: 212 trades downloaded
[2026-05-16 07:14:50] Processing: CH0001378626 (Rhiienergie AG, Tamins)
[2026-05-16 07:14:50] ✓ CH0001378626: 131 trades downloaded
[2026-05-16 07:14:51] Processing: CH0016290014 (Rigi Bahnen AG, Goldau)
[2026-05-16 07:14:51] ✓ CH0016290014: 2688 trades downloaded
[2026-05-16 07:14:52] Processing: CH0114457390 (Rottal Auto AG, Ruswil)
[2026-05-16 07:14:52] ✓ CH0114457390: 49 trades downloaded
[2026-05-16 07:14:53] Processing: CH0000975372 (Säntis-Schwebebahn AG, Schwägalp)
[2026-05-16 07:14:53] ✓ CH0000975372: 3144 trades downloaded
[2026-05-16 07:14:54] Processing: CH0002353487 (SB Elm AG N)
[2026-05-16 07:14:55] ✓ CH0002353487: 105 trades downloaded
[2026-05-16 07:14:56] Processing: CH0001394607 (SB im Mythengebiet, Schwyz)
[2026-05-16 07:14:56] ✓ CH0001394607: 51 trades downloaded
[2026-05-16 07:14:57] Processing: CH0002353693 (SB Pischa, Davos)
[2026-05-16 07:14:57] ✓ CH0002353693: 132 trades downloaded
[2026-05-16 07:14:58] Processing: CH0001352928 (SB Saanen Bank)
[2026-05-16 07:14:58] ✓ CH0001352928: 1354 trades downloaded
[2026-05-16 07:14:59] Processing: CH0341320114 (Schifffahrtsges. Hallwilersee)
[2026-05-16 07:14:59] ✓ CH0341320114: 123 trades downloaded
[2026-05-16 07:15:00] Processing: CH0002276266 (Schilthornbahn AG Mürren)
[2026-05-16 07:15:00] ✓ CH0002276266: 2801 trades downloaded
[2026-05-16 07:15:01] Processing: CH0002283601 (Schützen Rheinfelden Immobilien N)
[2026-05-16 07:15:02] ✓ CH0002283601: 271 trades downloaded
[2026-05-16 07:15:03] Processing: CH0006234014 (Schweizer Zucker AG)
[2026-05-16 07:15:04] ✓ CH0006234014: 2291 trades downloaded
[2026-05-16 07:15:05] Processing: CH0002291802 (Schweiz. Schifffahrtsges. Untersee und Rhein N)
[2026-05-16 07:15:05] ✓ CH0002291802: 136 trades downloaded
[2026-05-16 07:15:06] Processing: CH0031151084 (SeeBeteiligungs AG)
[2026-05-16 07:15:06] ✓ CH0031151084: 881 trades downloaded
[2026-05-16 07:15:07] Processing: CH0030693185 (Seilbahn Weissenstein AG)
[2026-05-16 07:15:07] ✓ CH0030693185: 1089 trades downloaded
[2026-05-16 07:15:08] Processing: CH0421720779 (SGV Holding N)
[2026-05-16 07:15:08] ✓ CH0421720779: 2457 trades downloaded
[2026-05-16 07:15:09] Processing: CH0547027570 (SIA-Haus Vz N)
[2026-05-16 07:15:09] ✓ CH0547027570: 160 trades downloaded
[2026-05-16 07:15:10] Processing: CH0009219186 (sitEX Properties Hldg N)
[2026-05-16 07:15:11] ✓ CH0009219186: 348 trades downloaded
[2026-05-16 07:15:12] Processing: CH0305002096 (Skilifte Brunni-Haggenegg N)
[2026-05-16 07:15:12] ✓ CH0305002096: 42 trades downloaded
[2026-05-16 07:15:13] Processing: CH0001350328 (Spar + Leihkasse Gürbetal N)
[2026-05-16 07:15:13] ✓ CH0001350328: 285 trades downloaded
[2026-05-16 07:15:14] Processing: CH0001352720 (Spar+Leihkasse Riggisberg)
[2026-05-16 07:15:15] ✓ CH0001352720: 501 trades downloaded
[2026-05-16 07:15:16] Processing: CH0318681860 (Spar- und Leihkasse Bucheggberg N)
[2026-05-16 07:15:16] ✓ CH0318681860: 907 trades downloaded
[2026-05-16 07:15:17] Processing: CH0001350112 (Spar- und Leihkasse Frutigen)
[2026-05-16 07:15:17] ✓ CH0001350112: 360 trades downloaded
[2026-05-16 07:15:18] Processing: CH0001354296 (Spar- und Leihkasse Wynigen)
[2026-05-16 07:15:18] ✓ CH0001354296: 106 trades downloaded
[2026-05-16 07:15:19] Processing: CH0320093559 (Sportbahnen Atzmaennig N)
[2026-05-16 07:15:19] ✓ CH0320093559: 72 trades downloaded
[2026-05-16 07:15:20] Processing: CH0002513312 (SSE Holding N)
[2026-05-16 07:15:22] ✓ CH0002513312: 3350 trades downloaded
[2026-05-16 07:15:23] Processing: CH0009319721 (Stadtcasino Baden AG, Baden)
[2026-05-16 07:15:23] ✓ CH0009319721: 2141 trades downloaded
[2026-05-16 07:15:24] Processing: CH0586685981 (Stanserhorn-Bahn N -10-)
[2026-05-16 07:15:24] ✓ CH0586685981: 24 trades downloaded
[2026-05-16 07:15:25] Processing: CH0586455245 (Stanserhorn-Bahn N -250-)
[2026-05-16 07:15:25] ✓ CH0586455245: 241 trades downloaded
[2026-05-16 07:15:26] Processing: CH0487871656 (STI Hldg N)
[2026-05-16 07:15:27] ✓ CH0487871656: 10 trades downloaded
[2026-05-16 07:15:28] Processing: CH0005701708 (Stoosbahnen N)
[2026-05-16 07:15:29] ✓ CH0005701708: 379 trades downloaded
[2026-05-16 07:15:30] Processing: CH0197490847 (Sunstar-Holding N -A-)
[2026-05-16 07:15:30] ✓ CH0197490847: 844 trades downloaded
[2026-05-16 07:15:31] Processing: CH0341319801 (Sursee-Triengen Bahn N)
[2026-05-16 07:15:31] ✓ CH0341319801: 18 trades downloaded
[2026-05-16 07:15:32] Processing: CH0001395539 (Suvretta-Haus, St. Moritz)
[2026-05-16 07:15:32] ✓ CH0001395539: 223 trades downloaded
[2026-05-16 07:15:33] Processing: CH0002512801 (Swisstulle AG)
[2026-05-16 07:15:33] ✓ CH0002512801: 154 trades downloaded
[2026-05-16 07:15:34] Processing: CH0121640970 (SWS Medien N)
[2026-05-16 07:15:34] ✓ CH0121640970: 128 trades downloaded
[2026-05-16 07:15:35] Processing: CH0002538012 (Tersa AG)
[2026-05-16 07:15:36] ✓ CH0002538012: 124 trades downloaded
[2026-05-16 07:15:37] Processing: CH0596918380 (Thermalbad Zurzach N)
[2026-05-16 07:15:37] ✓ CH0596918380: 625 trades downloaded
[2026-05-16 07:15:38] Processing: CH0223260743 (Toggenburg Bergbahnen N)
[2026-05-16 07:15:38] ✓ CH0223260743: 452 trades downloaded
[2026-05-16 07:15:39] Processing: CH0001725255 (Tonwerk Lausen N)
[2026-05-16 07:15:39] ✓ CH0001725255: 57 trades downloaded
[2026-05-16 07:15:40] Processing: CH0002557616 (Treib-Seelisberg-Bahn AG)
[2026-05-16 07:15:40] ✓ CH0002557616: 78 trades downloaded
[2026-05-16 07:15:41] Processing: CH0002569694 (Tuwag Immobilien AG, Wädenswil)
[2026-05-16 07:15:41] ✓ CH0002569694: 53 trades downloaded
[2026-05-16 07:15:42] Processing: CH0326691679 (Unione Farmaceutica Distr N)
[2026-05-16 07:15:42] ✓ CH0326691679: 24 trades downloaded
[2026-05-16 07:15:43] Processing: CH0326380885 (Unipharma N)
[2026-05-16 07:15:43] ✓ CH0326380885: 9 trades downloaded
[2026-05-16 07:15:44] Processing: CH0306293272 (Usines Metallurgiques de Vallorbe N)
[2026-05-16 07:15:45] ✓ CH0306293272: 65 trades downloaded
[2026-05-16 07:15:46] Processing: CH0033136596 (Viamala Raststätte Thusis AG)
[2026-05-16 07:15:46] ✓ CH0033136596: 2 trades downloaded
[2026-05-16 07:15:47] Processing: CH0029910939 (VOe holding N)
[2026-05-16 07:15:47] ✓ CH0029910939: 362 trades downloaded
[2026-05-16 07:15:48] Processing: CH0212936964 (Weiss+Appetito N)
[2026-05-16 07:15:48] ✓ CH0212936964: 1270 trades downloaded
[2026-05-16 07:15:49] Processing: CH0000041795 (Weisse Arena AG, Laax)
[2026-05-16 07:15:50] ✓ CH0000041795: 1411 trades downloaded
[2026-05-16 07:15:51] Processing: CH0004960180 (Weleda N-PS)
[2026-05-16 07:15:52] ✓ CH0004960180: 2642 trades downloaded
[2026-05-16 07:15:53] Processing: CH0010173182 (Welinvest AG in Liquidation)
[2026-05-16 07:15:54] ✓ CH0010173182: 1968 trades downloaded
[2026-05-16 07:15:55] Processing: CH1204218437 (WIR Bank BS N)
[2026-05-16 07:15:55] ✓ CH1204218437: 363 trades downloaded
[2026-05-16 07:15:56] Processing: CH1102090151 (WWZ N)
[2026-05-16 07:15:57] ✓ CH1102090151: 5172 trades downloaded
[2026-05-16 07:15:58] Processing: CH0002056114 (Zermatt Bergbahnen N)
[2026-05-16 07:15:59] ✓ CH0002056114: 578 trades downloaded
[2026-05-16 07:16:00] Processing: CH0002370903 (ZLB Zürcher Landbank)
[2026-05-16 07:16:00] ✓ CH0002370903: 253 trades downloaded
[2026-05-16 07:16:01] Processing: CH0002655501 (Zoologischer Garten, Basel)
[2026-05-16 07:16:01] ✓ CH0002655501: 88 trades downloaded
[2026-05-16 07:16:02] Processing: CH0002654934 (ZT Medien N)
[2026-05-16 07:16:02] ✓ CH0002654934: 183 trades downloaded
[2026-05-16 07:16:03] Processing: CH0148052118 (Zug Estates N Serie A)
[2026-05-16 07:16:03] ✓ CH0148052118: 229 trades downloaded
[2026-05-16 07:16:04] Processing: CH0001671707 (Zürcher Oberland Medien AG, Wetzikon)
[2026-05-16 07:16:04] ✓ CH0001671707: 513 trades downloaded
[2026-05-16 07:16:05] Processing: CH0002658448 (Zürichsee-Fähre Horgen-Meilen AG)
[2026-05-16 07:16:06] ✓ CH0002658448: 1013 trades downloaded
[2026-05-16 07:16:07] Processing: CH0553343069 (Zürichsee-Schifffahrtsgesellschaft)
[2026-05-16 07:16:07] ✓ CH0553343069: 429 trades downloaded
[2026-05-16 07:16:08] ========== SUMMARY ==========
[2026-05-16 07:16:08] Total ISINs processed: 242
[2026-05-16 07:16:08] Successful downloads: 242
[2026-05-16 07:16:08] Failed/Not Found: 0
[2026-05-16 07:16:08] CSV files created: 242
[2026-05-16 07:16:08] Time elapsed: 5m 4s
[2026-05-16 07:16:08] Log saved: /home/runner/work/OTC-X/OTC-X/backend/logs/downloader_2026-05-16_071059.log
[2026-05-16 07:16:13] ======================================================================
[2026-05-16 07:16:13] OTC-X Liquidity Metrics Engine - Starting
[2026-05-16 07:16:13] Timestamp: 2026-05-16 07:16:13
[2026-05-16 07:16:13] ======================================================================
[2026-05-16 07:16:13] [1/4] Loading input data...
[2026-05-16 07:16:13]       Trades: /home/runner/work/OTC-X/OTC-X/backend/data/master_trades.parquet
[2026-05-16 07:16:13]       -> 139,544 trades loaded (224 ISINs)
[2026-05-16 07:16:13]       Securities: /home/runner/work/OTC-X/OTC-X/backend/data/securities.csv
[2026-05-16 07:16:13]       -> 242 securities loaded (11 sectors)
[2026-05-16 07:16:13] [2/4] Computing liquidity metrics...
[2026-05-16 07:16:13]     Step 1/4: Daily aggregation...
[2026-05-16 07:16:14]              76,389 daily observations
[2026-05-16 07:16:14]     Step 2/4: Liquidity metrics...
[2026-05-16 07:16:14]     Step 3/4: Rolling baselines (30 trading days)...
[2026-05-16 07:16:14]     Step 4/4: Anomaly detection...
[2026-05-16 07:16:14] [3/4] Enriching with security metadata...
[2026-05-16 07:16:14]       [!] 1 ISINs have no metadata (Name/Sektor will be null)
[2026-05-16 07:16:14]       -> Final shape: (76389, 26)
[2026-05-16 07:16:14] [4/4] Saving output...
[2026-05-16 07:16:14]       -> Written to: /home/runner/work/OTC-X/OTC-X/backend/data/daily_metrics.parquet
[2026-05-16 07:16:14]       -> Size: 2.48 MB
[2026-05-16 07:16:14] ======================================================================
[2026-05-16 07:16:14] SUCCESS! Pipeline completed.
[2026-05-16 07:16:14] ======================================================================
[2026-05-16 07:16:14] Total rows:       76,389
[2026-05-16 07:16:14] Unique ISINs:     224
[2026-05-16 07:16:14] Unique Sectors:   11
[2026-05-16 07:16:14] Date range:       2004-02-16 to 2026-05-15
[2026-05-16 07:16:14] Elapsed time:     0.3 seconds
[2026-05-16 07:16:14] Output Schema:
[2026-05-16 07:16:14]   Isin                      String
[2026-05-16 07:16:14]   Name                      String
[2026-05-16 07:16:14]   Sektor                    String
[2026-05-16 07:16:14]   Datum                     Date
[2026-05-16 07:16:14]   trades_today              UInt32
[2026-05-16 07:16:14]   volume_today_units        Float64
[2026-05-16 07:16:14]   volume_today_chf          Float64
[2026-05-16 07:16:14]   price_min                 Float64
[2026-05-16 07:16:14]   price_max                 Float64
[2026-05-16 07:16:14]   price_first               Float64
[2026-05-16 07:16:14]   price_last                Float64
[2026-05-16 07:16:14]   price_change_pct          Float64
[2026-05-16 07:16:14]   log_returns               Float64
[2026-05-16 07:16:14]   volatility_daily          Float64
[2026-05-16 07:16:14]   amihud_daily              Float64
[2026-05-16 07:16:14]   spread_log_hl             Float64
[2026-05-16 07:16:14]   trade_duration_min        Float64
[2026-05-16 07:16:14]   off_book_pct              Float64
[2026-05-16 07:16:14]   trades_30d_median         Float64
[2026-05-16 07:16:14]   volume_30d_median         Float64
[2026-05-16 07:16:14]   volatility_30d_median     Float64
[2026-05-16 07:16:14]   amihud_30d_median         Float64
[2026-05-16 07:16:14]   volume_spike              Boolean
[2026-05-16 07:16:14]   activity_spike            Boolean
[2026-05-16 07:16:14]   price_gap                 Boolean
[2026-05-16 07:16:14]   anomaly_score             UInt8
[2026-05-16 07:16:14] High-anomaly observations (score >= 5): 14,448 total
[2026-05-16 07:16:14]   2026-05-15 | CH0002227095 | Score: 5 | Price Change: -1.20%
[2026-05-16 07:16:14]   2026-05-15 | CH0002541586 | Score: 5 | Price Change: -2.61%
[2026-05-16 07:16:14]   2026-05-15 | CH0012457633 | Score: 7 | Price Change: 6.25%
[2026-05-16 07:16:14]   2026-05-15 | CH0013283368 | Score: 5 | Price Change: 0.00%
[2026-05-16 07:16:14]   2026-05-15 | CH0030693185 | Score: 5 | Price Change: 0.81%
