╔══════════════════════════════════════════════════════════════════════════════╗
║                            OTC-X PIPELINE RECEIPT                            ║
╚══════════════════════════════════════════════════════════════════════════════╝

  Run Date:     2026-03-31
  Start Time:   06:12:35
  End Time:     06:17:23
  Duration:     0:04:47.806502
  Status:       ALL STAGES PASSED

────────────────────────────────────────────────────────────────────────────────
  STAGE EXECUTION SUMMARY
────────────────────────────────────────────────────────────────────────────────
  Stage 1: Valor Extraction
    Status:   ✓ SUCCESS
    Duration: 3.8s

  Stage 2: Trade Data Retrieval
    Status:   ✓ SUCCESS
    Duration: 282.7s

  Stage 3: Data Consolidation (Parquet)
    Status:   ✓ SUCCESS
    Duration: 1.0s

  Stage 4: Liquidity Metrics Engine
    Status:   ✓ SUCCESS
    Duration: 0.3s

────────────────────────────────────────────────────────────────────────────────
  DATA PRODUCTS
────────────────────────────────────────────────────────────────────────────────
  Date Range:        2004-02-16 → 2026-03-30
  Securities CSV:    243 securities
  Trade CSVs:        1215 files in data/trades/
  Master Parquet:    137,244 rows, 224 ISINs (1.00 MB)
  Daily Metrics:     75,425 rows, 224 ISINs, 10 sectors

────────────────────────────────────────────────────────────────────────────────
  ANOMALY SNAPSHOT (latest day per ISIN)
────────────────────────────────────────────────────────────────────────────────
  Total ISINs:       224
  Clean (score 0):   129
  Flagged (score>0): 95

  Score  Count
  ─────  ─────
      2      19
      3      29
      4       4
      5      35
      7       8

────────────────────────────────────────────────────────────────────────────────
  STAGE DETAIL LOGS
────────────────────────────────────────────────────────────────────────────────
  ┌─ Stage 1: Valor Extraction
  │ Fetching securities dynamically from OTC-X API...
  │ Fertig! 243 Valoren extrahiert.
  │ Gespeichert in: /home/runner/work/OTC-X/OTC-X/backend/data/securities.csv
  └─ OK (3.8s)

  ┌─ Stage 2: Trade Data Retrieval
  └─ OK (282.7s)

  ┌─ Stage 3: Data Consolidation (Parquet)
  │ ============================================================
  │ OTC-X Data Ingestion Pipeline
  │ ============================================================
  │ Scanning: /home/runner/work/OTC-X/OTC-X/backend/data/trades
  │   [SKIP] CH0039576860.csv (empty/header-only)
  │   [SKIP] CH0017915643_20260331_061539.csv (empty/header-only)
  │   [SKIP] CH0039576837_20260331_061531.csv (empty/header-only)
  │   [SKIP] CH0039576753_20260330_062845.csv (empty/header-only)
  │   [SKIP] CH0017915668_20260328_235833.csv (empty/header-only)
  │   [SKIP] CH0017915643_20260328_235838.csv (empty/header-only)
  │   [SKIP] CH0017915684_20260328_235831.csv (empty/header-only)
  │   [SKIP] CH0039576787_20260328_235827.csv (empty/header-only)
  │   [SKIP] CH0286266488_20260331_061549.csv (empty/header-only)
  │   [SKIP] CH0286266488_20260328_235849.csv (empty/header-only)
  │   [SKIP] CH0039576860_20260329_061034.csv (empty/header-only)
  │   [SKIP] CH0039576852_20260330_062853.csv (empty/header-only)
  │   [SKIP] CH0017915726.csv (empty/header-only)
  │   [SKIP] CH0039576852.csv (empty/header-only)
  │   [SKIP] CH0580517032.csv (empty/header-only)
  │   [SKIP] CH0017915692_20260329_061031.csv (empty/header-only)
  │   [SKIP] CH0213109793.csv (empty/header-only)
  │   [SKIP] CH0002218664_20260329_061054.csv (empty/header-only)
  │   [SKIP] CH0286266488_20260330_062907.csv (empty/header-only)
  │   [SKIP] CH0017915718_20260331_061526.csv (empty/header-only)
  │   [SKIP] CH0002218698_20260329_061055.csv (empty/header-only)
  │   [SKIP] CH0580517032_20260330_062632.csv (empty/header-only)
  │   [SKIP] CH0039576837_20260329_061032.csv (empty/header-only)
  │   [SKIP] CH0002218698_20260331_061554.csv (empty/header-only)
  │   [SKIP] CH0017915684_20260329_061033.csv (empty/header-only)
  │   [SKIP] CH0039576787.csv (empty/header-only)
  │   [SKIP] CH0017915718_20260330_062844.csv (empty/header-only)
  │   [SKIP] CH0017915718.csv (empty/header-only)
  │   [SKIP] CH0039576753.csv (empty/header-only)
  │   [SKIP] CH0039576837_20260330_062848.csv (empty/header-only)
  │   [SKIP] CH0039576837.csv (empty/header-only)
  │   [SKIP] CH0017915668_20260330_062852.csv (empty/header-only)
  │   [SKIP] CH0580517032_20260331_061317.csv (empty/header-only)
  │   [SKIP] CH0213109793_20260331_061536.csv (empty/header-only)
  │   [SKIP] CH0017915668_20260329_061035.csv (empty/header-only)
  │   [SKIP] CH0039576860_20260328_235832.csv (empty/header-only)
  │   [SKIP] CH1159308571.csv (empty/header-only)
  │   [SKIP] CH0017915726_20260329_061039.csv (empty/header-only)
  │   [SKIP] CH0017915643_20260329_061040.csv (empty/header-only)
  │   [SKIP] CH0017915643_20260330_062857.csv (empty/header-only)
  │   [SKIP] CH0017915742_20260331_061525.csv (empty/header-only)
  │   [SKIP] CH0017915692_20260328_235829.csv (empty/header-only)
  │   [SKIP] CH0017915692_20260331_061530.csv (empty/header-only)
  │   [SKIP] CH0017915742_20260329_061026.csv (empty/header-only)
  │   [SKIP] CH0017915726_20260330_062855.csv (empty/header-only)
  │   [SKIP] CH0017915692.csv (empty/header-only)
  │   [SKIP] CH0286266488_20260329_061050.csv (empty/header-only)
  │   [SKIP] CH0017915684.csv (empty/header-only)
  │   [SKIP] CH0017915635_20260328_235839.csv (empty/header-only)
  │   [SKIP] CH0039576852_20260329_061036.csv (empty/header-only)
  │   [SKIP] CH0017915726_20260331_061538.csv (empty/header-only)
  │   [SKIP] CH0039576860_20260331_061533.csv (empty/header-only)
  │   [SKIP] CH0002218698_20260328_235853.csv (empty/header-only)
  │   [SKIP] CH0213109793_20260329_061038.csv (empty/header-only)
  │   [SKIP] CH0580517032_20260329_060817.csv (empty/header-only)
  │   [SKIP] CH0017915718_20260329_061027.csv (empty/header-only)
  │   [SKIP] CH0002218698.csv (empty/header-only)
  │   [SKIP] CH0039576787_20260330_062846.csv (empty/header-only)
  │   [SKIP] CH1159308571_20260328_235657.csv (empty/header-only)
  │   [SKIP] CH0039576787_20260329_061029.csv (empty/header-only)
  │   [SKIP] CH0039576753_20260331_061527.csv (empty/header-only)
  │   [SKIP] CH0580517032_20260328_235612.csv (empty/header-only)
  │   [SKIP] CH0017915726_20260328_235837.csv (empty/header-only)
  │   [SKIP] CH0039576753_20260328_235826.csv (empty/header-only)
  │   [SKIP] CH0286266488.csv (empty/header-only)
  │   [SKIP] CH1159308571_20260329_060901.csv (empty/header-only)
  │   [SKIP] CH0039576753_20260329_061028.csv (empty/header-only)
  │   [SKIP] CH0213109793_20260330_062854.csv (empty/header-only)
  │   [SKIP] CH0017915635_20260329_061041.csv (empty/header-only)
  │   [SKIP] CH0002218664_20260331_061553.csv (empty/header-only)
  │   [SKIP] CH0017915718_20260328_235825.csv (empty/header-only)
  │   [SKIP] CH0002218698_20260330_062912.csv (empty/header-only)
  │   [SKIP] CH1159308571_20260331_061401.csv (empty/header-only)
  │   [SKIP] CH0002218664_20260330_062911.csv (empty/header-only)
  │   [SKIP] CH0017915692_20260330_062847.csv (empty/header-only)
  │   [SKIP] CH0039576852_20260328_235834.csv (empty/header-only)
  │   [SKIP] CH0017915742_20260328_235824.csv (empty/header-only)
  │   [SKIP] CH0002218664.csv (empty/header-only)
  │   [SKIP] CH0017915668_20260331_061534.csv (empty/header-only)
  │   [SKIP] CH0017915668.csv (empty/header-only)
  │   [SKIP] CH0017915684_20260331_061532.csv (empty/header-only)
  │   [SKIP] CH0002218664_20260328_235852.csv (empty/header-only)
  │   [SKIP] CH1159308571_20260330_062716.csv (empty/header-only)
  │   [SKIP] CH0017915635_20260330_062858.csv (empty/header-only)
  │   [SKIP] CH0017915635.csv (empty/header-only)
  │   [SKIP] CH0039576860_20260330_062851.csv (empty/header-only)
  │   [SKIP] CH0017915742_20260330_062842.csv (empty/header-only)
  │   [SKIP] CH0017915643.csv (empty/header-only)
  │   [SKIP] CH0039576837_20260328_235830.csv (empty/header-only)
  │   [SKIP] CH0039576852_20260331_061535.csv (empty/header-only)
  │   [SKIP] CH0017915684_20260330_062850.csv (empty/header-only)
  │   [SKIP] CH0039576787_20260331_061528.csv (empty/header-only)
  │   [SKIP] CH0017915742.csv (empty/header-only)
  │   [SKIP] CH0017915635_20260331_061540.csv (empty/header-only)
  │   [SKIP] CH0213109793_20260328_235836.csv (empty/header-only)
  │ 
  │ Found 1215 files total.
  │ Processing 1120 valid files...
  │ Skipped 95 empty/header-only files.
  │ 
  │ Raw rows ingested: 695,516
  │ 
  │ Applying data cleaning transformations...
  │ Data Quality: 137244/137244 records have valid Price/Volume data (100.0%)
  │ Rows after deduplication: 137,244
  │ 
  │ Writing output files...
  │   [OK] Parquet: master_trades.parquet (1026.6 KB)
  │   -> Formatting data for CSV output...
  │   [OK] CSV: master_trades_cleaned.csv (7623.0 KB)
  │ 
  │ ============================================================
  │ AUDIT SUMMARY
  │ ============================================================
  │ Processed 1120 files, Skipped 95 empty files.
  │ Total rows: 137,244
  │ 
  │ Schema:
  │   Isin            String
  │   Datum           Date
  │   Zeit            String
  │   Kurs            Float64
  │   Volumen         Float64
  │   Off Book        Boolean
  │ 
  │ Sample Data (first 5 rows):
  │ shape: (5, 6)
  │ ┌──────────────┬────────────┬───────┬────────┬─────────┬──────────┐
  │ │ Isin         ┆ Datum      ┆ Zeit  ┆ Kurs   ┆ Volumen ┆ Off Book │
  │ │ ---          ┆ ---        ┆ ---   ┆ ---    ┆ ---     ┆ ---      │
  │ │ str          ┆ date       ┆ str   ┆ f64    ┆ f64     ┆ bool     │
  │ ╞══════════════╪════════════╪═══════╪════════╪═════════╪══════════╡
  │ │ CH0009319721 ┆ 2023-05-02 ┆ 14:59 ┆ 630.0  ┆ 4.0     ┆ false    │
  │ │ CH0014069212 ┆ 2015-08-19 ┆ 11:45 ┆ 139.0  ┆ 900.0   ┆ false    │
  │ │ CH0004960180 ┆ 2023-05-24 ┆ 10:49 ┆ 3550.0 ┆ 2.0     ┆ false    │
  │ │ CH0004960180 ┆ 2025-06-27 ┆ 12:20 ┆ 6150.0 ┆ 27.0    ┆ false    │
  │ │ CH0001344685 ┆ 2025-04-04 ┆ 16:22 ┆ 2900.0 ┆ 2.0     ┆ false    │
  │ └──────────────┴────────────┴───────┴────────┴─────────┴──────────┘
  │ ============================================================
  │ Pipeline complete! [SUCCESS]
  └─ OK (1.0s)

  ┌─ Stage 4: Liquidity Metrics Engine
  └─ OK (0.3s)

════════════════════════════════════════════════════════════════════════════════
  End of receipt — 2026-03-31 06:17:23
════════════════════════════════════════════════════════════════════════════════