╔══════════════════════════════════════════════════════════════════════════════╗
║                            OTC-X PIPELINE RECEIPT                            ║
╚══════════════════════════════════════════════════════════════════════════════╝

  Run Date:     2026-04-28
  Start Time:   07:27:39
  End Time:     07:32:31
  Duration:     0:04:52.935521
  Status:       ALL STAGES PASSED

────────────────────────────────────────────────────────────────────────────────
  STAGE EXECUTION SUMMARY
────────────────────────────────────────────────────────────────────────────────
  Stage 1: Valor Extraction
    Status:   ✓ SUCCESS
    Duration: 3.5s

  Stage 2: Trade Data Retrieval
    Status:   ✓ SUCCESS
    Duration: 283.8s

  Stage 3: Data Consolidation (Parquet)
    Status:   ✓ SUCCESS
    Duration: 5.2s

  Stage 4: Liquidity Metrics Engine
    Status:   ✓ SUCCESS
    Duration: 0.4s

────────────────────────────────────────────────────────────────────────────────
  DATA PRODUCTS
────────────────────────────────────────────────────────────────────────────────
  Date Range:        2004-02-16 → 2026-04-28
  Securities CSV:    242 securities
  Trade CSVs:        7985 files in data/trades/
  Master Parquet:    138,598 rows, 224 ISINs (1.01 MB)
  Daily Metrics:     76,018 rows, 224 ISINs, 10 sectors

────────────────────────────────────────────────────────────────────────────────
  ANOMALY SNAPSHOT (latest day per ISIN)
────────────────────────────────────────────────────────────────────────────────
  Total ISINs:       224
  Clean (score 0):   138
  Flagged (score>0): 86

  Score  Count
  ─────  ─────
      2      28
      3      26
      4       3
      5      26
      7       3

────────────────────────────────────────────────────────────────────────────────
  STAGE DETAIL LOGS
────────────────────────────────────────────────────────────────────────────────
  ┌─ Stage 1: Valor Extraction
  │ Fetching securities dynamically from OTC-X API...
  │ Fertig! 242 Valoren extrahiert.
  │ Gespeichert in: /home/runner/work/OTC-X/OTC-X/backend/data/securities.csv
  └─ OK (3.5s)

  ┌─ Stage 2: Trade Data Retrieval
  └─ OK (283.8s)

  ┌─ Stage 3: Data Consolidation (Parquet)
  │ ============================================================
  │ OTC-X Data Ingestion Pipeline
  │ ============================================================
  │ Scanning: /home/runner/work/OTC-X/OTC-X/backend/data/trades
  │   [SKIP] CH0213109793_20260411_055825.csv (empty/header-only)
  │   [SKIP] CH0039576860_20260328_235832.csv (empty/header-only)
  │   [SKIP] CH0002218698_20260427_073437.csv (empty/header-only)
  │   [SKIP] CH0017915684_20260412_062332.csv (empty/header-only)
  │   [SKIP] CH0213109793_20260428_073040.csv (empty/header-only)
  │   [SKIP] CH0286266488_20260330_062907.csv (empty/header-only)
  │   [SKIP] CH0039576753_20260407_061753.csv (empty/header-only)
  │   [SKIP] CH0002218698_20260411_055842.csv (empty/header-only)
  │   [SKIP] CH0039576753_20260410_063111.csv (empty/header-only)
  │   [SKIP] CH0017915643_20260329_061040.csv (empty/header-only)
  │   [SKIP] CH0039576860_20260414_063029.csv (empty/header-only)
  │   [SKIP] CH0002218664_20260413_071400.csv (empty/header-only)
  │   [SKIP] CH0017915643_20260427_073421.csv (empty/header-only)
  │   [SKIP] CH1159308571_20260420_071426.csv (empty/header-only)
  │   [SKIP] CH0017915635_20260413_071348.csv (empty/header-only)
  │   [SKIP] CH0039576852_20260331_061535.csv (empty/header-only)
  │   [SKIP] CH0017915718_20260419_062831.csv (empty/header-only)
  │   [SKIP] CH0017915643_20260419_062843.csv (empty/header-only)
  │   [SKIP] CH0017915726_20260330_062855.csv (empty/header-only)
  │   [SKIP] CH0213109793_20260404_055516.csv (empty/header-only)
  │   [SKIP] CH0017915692_20260413_071338.csv (empty/header-only)
  │   [SKIP] CH0017915726_20260415_063207.csv (empty/header-only)
  │   [SKIP] CH0017915643_20260403_061108.csv (empty/header-only)
  │   [SKIP] CH0286266488_20260418_061134.csv (empty/header-only)
  │   [SKIP] CH0017915668_20260427_073417.csv (empty/header-only)
  │   [SKIP] CH0017915684_20260425_062006.csv (empty/header-only)
  │   [SKIP] CH0002218698_20260419_062858.csv (empty/header-only)
  │   [SKIP] CH0002218698_20260421_065729.csv (empty/header-only)
  │   [SKIP] CH0002218698_20260328_235853.csv (empty/header-only)
  │   [SKIP] CH0017915692_20260415_063159.csv (empty/header-only)
  │   [SKIP] CH0017915684_20260410_063116.csv (empty/header-only)
  │   [SKIP] CH0002218698_20260409_061940.csv (empty/header-only)
  │   [SKIP] CH0017915643_20260406_062929.csv (empty/header-only)
  │   [SKIP] CH0017915718_20260420_071555.csv (empty/header-only)
  │   [SKIP] CH0286266488_20260329_061050.csv (empty/header-only)
  │   [SKIP] CH0017915668_20260405_061335.csv (empty/header-only)
  │   [SKIP] CH0017915718_20260424_070410.csv (empty/header-only)
  │   [SKIP] CH0017915726_20260420_071607.csv (empty/header-only)
  │   [SKIP] CH0017915726_20260406_062928.csv (empty/header-only)
  │   [SKIP] CH0002218664_20260330_062911.csv (empty/header-only)
  │   [SKIP] CH0213109793_20260417_065610.csv (empty/header-only)
  │   [SKIP] CH0039576753_20260330_062845.csv (empty/header-only)
  │   [SKIP] CH0002218664_20260428_073056.csv (empty/header-only)
  │   [SKIP] CH0002218664_20260423_070040.csv (empty/header-only)
  │   [SKIP] CH0017915643_20260409_061925.csv (empty/header-only)
  │   [SKIP] CH0039576837_20260402_061024.csv (empty/header-only)
  │   [SKIP] CH0017915742_20260413_071333.csv (empty/header-only)
  │   [SKIP] CH0039576852_20260408_062013.csv (empty/header-only)
  │   [SKIP] CH0017915684.csv (empty/header-only)
  │   [SKIP] CH0039576787_20260414_063024.csv (empty/header-only)
  │   [SKIP] CH0039576860_20260404_055512.csv (empty/header-only)
  │   [SKIP] CH0039576852_20260428_073039.csv (empty/header-only)
  │   [SKIP] CH0039576837_20260424_070415.csv (empty/header-only)
  │   [SKIP] CH0039576852_20260427_073418.csv (empty/header-only)
  │   [SKIP] CH0017915692_20260329_061031.csv (empty/header-only)
  │   [SKIP] CH0017915684_20260404_055511.csv (empty/header-only)
  │   [SKIP] CH0017915726_20260402_061031.csv (empty/header-only)
  │   [SKIP] CH0017915684_20260413_071340.csv (empty/header-only)
  │   [SKIP] CH0039576837_20260403_061100.csv (empty/header-only)
  │   [SKIP] CH0039576837_20260411_055820.csv (empty/header-only)
  │   [SKIP] CH0017915692_20260409_061916.csv (empty/header-only)
  │   [SKIP] CH0286266488_20260428_073053.csv (empty/header-only)
  │   [SKIP] CH0580517032_20260410_062857.csv (empty/header-only)
  │   [SKIP] CH0017915718_20260411_055815.csv (empty/header-only)
  │   [SKIP] CH0017915718_20260428_073030.csv (empty/header-only)
  │   [SKIP] CH0017915742_20260422_065614.csv (empty/header-only)
  │   [SKIP] CH0213109793_20260425_062011.csv (empty/header-only)
  │   [SKIP] CH0286266488_20260414_063045.csv (empty/header-only)
  │   [SKIP] CH0039576852_20260422_065624.csv (empty/header-only)
  │   [SKIP] CH0002218698_20260408_062031.csv (empty/header-only)
  │   [SKIP] CH0039576787_20260409_061915.csv (empty/header-only)
  │   [SKIP] CH0017915684_20260416_063307.csv (empty/header-only)
  │   [SKIP] CH0039576787_20260427_073411.csv (empty/header-only)
  │   [SKIP] CH0213109793_20260423_070024.csv (empty/header-only)
  │   [SKIP] CH0017915742_20260404_055504.csv (empty/header-only)
  │   [SKIP] CH0039576787_20260410_063112.csv (empty/header-only)
  │   [SKIP] CH0017915726_20260329_061039.csv (empty/header-only)
  │   [SKIP] CH0580517032_20260427_073158.csv (empty/header-only)
  │   [SKIP] CH1159308571_20260425_061830.csv (empty/header-only)
  │   [SKIP] CH0039576787_20260420_071557.csv (empty/header-only)
  │   [SKIP] CH0002218698_20260331_061554.csv (empty/header-only)
  │   [SKIP] CH0017915684_20260421_065707.csv (empty/header-only)
  │   [SKIP] CH0039576860_20260420_071602.csv (empty/header-only)
  │   [SKIP] CH0213109793_20260409_061923.csv (empty/header-only)
  │   [SKIP] CH0017915692_20260407_061755.csv (empty/header-only)
  │   [SKIP] CH0039576837_20260419_062835.csv (empty/header-only)
  │   [SKIP] CH0017915684_20260415_063201.csv (empty/header-only)
  │   [SKIP] CH0017915726_20260424_070422.csv (empty/header-only)
  │   [SKIP] CH0017915684_20260424_070416.csv (empty/header-only)
  │   [SKIP] CH0017915718_20260414_063022.csv (empty/header-only)
  │   [SKIP] CH1159308571_20260406_062751.csv (empty/header-only)
  │   [SKIP] CH0039576753_20260422_065616.csv (empty/header-only)
  │   [SKIP] CH0017915718_20260330_062844.csv (empty/header-only)
  │   [SKIP] CH0017915726_20260410_063122.csv (empty/header-only)
  │   [SKIP] CH0580517032_20260428_072821.csv (empty/header-only)
  │   [SKIP] CH0017915643_20260412_062339.csv (empty/header-only)
  │   [SKIP] CH0286266488_20260425_062025.csv (empty/header-only)
  │   [SKIP] CH0017915684_20260408_062010.csv (empty/header-only)
  │   [SKIP] CH0039576787_20260331_061528.csv (empty/header-only)
  │   [SKIP] CH0017915718_20260405_061327.csv (empty/header-only)
  │   [SKIP] CH0017915643_20260421_065714.csv (empty/header-only)
  │   [SKIP] CH0039576837_20260414_063026.csv (empty/header-only)
  │   [SKIP] CH0017915635_20260416_063315.csv (empty/header-only)
  │   [SKIP] CH0017915726_20260423_070025.csv (empty/header-only)
  │   [SKIP] CH0017915718_20260409_061913.csv (empty/header-only)
  │   [SKIP] CH0017915742_20260411_055814.csv (empty/header-only)
  │   [SKIP] CH0017915643_20260428_073042.csv (empty/header-only)
  │   [SKIP] CH0017915718_20260410_063110.csv (empty/header-only)
  │   [SKIP] CH0039576753_20260403_061057.csv (empty/header-only)
  │   [SKIP] CH0017915742_20260401_062912.csv (empty/header-only)
  │   [SKIP] CH0017915643_20260413_071347.csv (empty/header-only)
  │   [SKIP] CH0039576860_20260409_061920.csv (empty/header-only)
  │   [SKIP] CH0580517032_20260420_071340.csv (empty/header-only)
  │   [SKIP] CH1159308571_20260427_073242.csv (empty/header-only)
  │   [SKIP] CH0017915692_20260416_063305.csv (empty/header-only)
  │   [SKIP] CH0017915668_20260402_061028.csv (empty/header-only)
  │   [SKIP] CH0213109793_20260410_063121.csv (empty/header-only)
  │   [SKIP] CH0017915692_20260328_235829.csv (empty/header-only)
  │   [SKIP] CH0002218664_20260427_073436.csv (empty/header-only)
  │   [SKIP] CH0213109793_20260331_061536.csv (empty/header-only)
  │   [SKIP] CH0017915643.csv (empty/header-only)
  │   [SKIP] CH0039576837_20260413_071339.csv (empty/header-only)
  │   [SKIP] CH0017915643_20260405_061340.csv (empty/header-only)
  │   [SKIP] CH0580517032_20260417_065355.csv (empty/header-only)
  │   [SKIP] CH0017915692_20260406_062920.csv (empty/header-only)
  │   [SKIP] CH0017915726_20260413_071346.csv (empty/header-only)
  │   [SKIP] CH0002218664_20260412_062353.csv (empty/header-only)
  │   [SKIP] CH0017915718_20260413_071334.csv (empty/header-only)
  │   [SKIP] CH0039576837_20260406_062921.csv (empty/header-only)
  │   [SKIP] CH0017915742_20260426_065904.csv (empty/header-only)
  │   [SKIP] CH0039576837_20260401_062918.csv (empty/header-only)
  │   [SKIP] CH0017915684_20260414_063028.csv (empty/header-only)
  │   [SKIP] CH0039576852_20260329_061036.csv (empty/header-only)
  │   [SKIP] CH0039576837_20260428_073035.csv (empty/header-only)
  │   [SKIP] CH0039576837_20260404_055510.csv (empty/header-only)
  │   [SKIP] CH0580517032_20260401_062431.csv (empty/header-only)
  │   [SKIP] CH0017915726_20260411_055826.csv (empty/header-only)
  │   [SKIP] CH0002218664_20260404_055531.csv (empty/header-only)
  │   [SKIP] CH0213109793_20260419_062841.csv (empty/header-only)
  │   [SKIP] CH0017915726_20260404_055517.csv (empty/header-only)
  │   [SKIP] CH0017915635_20260414_063035.csv (empty/header-only)
  │   [SKIP] CH0017915692_20260424_070414.csv (empty/header-only)
  │   [SKIP] CH0002218698_20260428_073057.csv (empty/header-only)
  │   [SKIP] CH0580517032_20260426_065656.csv (empty/header-only)
  │   [SKIP] CH0017915635_20260419_062844.csv (empty/header-only)
  │   [SKIP] CH0017915635_20260412_062340.csv (empty/header-only)
  │   [SKIP] CH0002218698_20260405_061355.csv (empty/header-only)
  │   [SKIP] CH0017915692_20260410_063114.csv (empty/header-only)
  │   [SKIP] CH0286266488_20260406_062939.csv (empty/header-only)
  │   [SKIP] CH0286266488_20260427_073433.csv (empty/header-only)
  │   [SKIP] CH0017915692_20260330_062847.csv (empty/header-only)
  │   [SKIP] CH0039576753_20260419_062832.csv (empty/header-only)
  │   [SKIP] CH1159308571_20260415_063027.csv (empty/header-only)
  │   [SKIP] CH0017915726_20260426_065916.csv (empty/header-only)
  │   [SKIP] CH0580517032_20260425_061744.csv (empty/header-only)
  │   [SKIP] CH0002218698_20260415_063224.csv (empty/header-only)
  │   [SKIP] CH0580517032_20260407_061546.csv (empty/header-only)
  │   [SKIP] CH0002218664_20260406_062943.csv (empty/header-only)
  │   [SKIP] CH0039576852_20260330_062853.csv (empty/header-only)
  │   [SKIP] CH0039576860_20260408_062011.csv (empty/header-only)
  │   [SKIP] CH0017915726_20260422_065626.csv (empty/header-only)
  │   [SKIP] CH0580517032_20260416_063055.csv (empty/header-only)
  │   [SKIP] CH0039576753_20260405_061329.csv (empty/header-only)
  │   [SKIP] CH0017915692_20260404_055509.csv (empty/header-only)
  │   [SKIP] CH0002218698_20260413_071402.csv (empty/header-only)
  │   [SKIP] CH0017915742_20260402_061018.csv (empty/header-only)
  │   [SKIP] CH0017915668_20260421_065709.csv (empty/header-only)
  │   [SKIP] CH0580517032_20260411_055608.csv (empty/header-only)
  │   [SKIP] CH0039576787_20260419_062833.csv (empty/header-only)
  │   [SKIP] CH0580517032_20260422_065407.csv (empty/header-only)
  │   [SKIP] CH0017915635_20260406_062930.csv (empty/header-only)
  │   [SKIP] CH0039576787_20260416_063303.csv (empty/header-only)
  │   [SKIP] CH0286266488_20260419_062853.csv (empty/header-only)
  │   [SKIP] CH0017915692_20260414_063025.csv (empty/header-only)
  │   [SKIP] CH0039576787_20260413_071337.csv (empty/header-only)
  │   [SKIP] CH0213109793_20260422_065625.csv (empty/header-only)
  │   [SKIP] CH0039576753_20260420_071556.csv (empty/header-only)
  │   [SKIP] CH0286266488_20260403_061118.csv (empty/header-only)
  │   [SKIP] CH0017915718_20260403_061056.csv (empty/header-only)
  │   [SKIP] CH0039576837_20260407_061756.csv (empty/header-only)
  │   [SKIP] CH0017915742_20260329_061026.csv (empty/header-only)
  │   [SKIP] CH0017915635_20260428_073044.csv (empty/header-only)
  │   [SKIP] CH0039576753_20260328_235826.csv (empty/header-only)
  │   [SKIP] CH0017915668_20260404_055513.csv (empty/header-only)
  │   [SKIP] CH1159308571_20260409_061749.csv (empty/header-only)
  │   [SKIP] CH0017915742_20260414_063021.csv (empty/header-only)
  │   [SKIP] CH0039576860.csv (empty/header-only)
  │   [SKIP] CH0017915684_20260405_061333.csv (empty/header-only)
  │   [SKIP] CH0039576787_20260408_062006.csv (empty/header-only)
  │   [SKIP] CH0002218664_20260410_063137.csv (empty/header-only)
  │   [SKIP] CH0017915668_20260413_071342.csv (empty/header-only)
  │   [SKIP] CH0017915635_20260418_061124.csv (empty/header-only)
  │   [SKIP] CH1159308571_20260403_060931.csv (empty/header-only)
  │   [SKIP] CH0039576753_20260426_065906.csv (empty/header-only)
  │   [SKIP] CH0002218664_20260405_061354.csv (empty/header-only)
  │   [SKIP] CH0017915668_20260426_065913.csv (empty/header-only)
  │   [SKIP] CH0017915668_20260409_061921.csv (empty/header-only)
  │   [SKIP] CH0039576860_20260427_073416.csv (empty/header-only)
  │   [SKIP] CH0017915692.csv (empty/header-only)
  │   [SKIP] CH0017915684_20260406_062922.csv (empty/header-only)
  │   [SKIP] CH0039576852_20260421_065710.csv (empty/header-only)
  │   [SKIP] CH0017915643_20260415_063208.csv (empty/header-only)
  │   [SKIP] CH0002218698_20260330_062912.csv (empty/header-only)
  │   [SKIP] CH0017915692_20260427_073412.csv (empty/header-only)
  │   [SKIP] CH0039576860_20260417_065607.csv (empty/header-only)
  │   [SKIP] CH0017915684_20260417_065606.csv (empty/header-only)
  │   [SKIP] CH0002218664_20260417_065626.csv (empty/header-only)
  │   [SKIP] CH0017915742_20260415_063154.csv (empty/header-only)
  │   [SKIP] CH1159308571_20260418_060946.csv (empty/header-only)
  │   [SKIP] CH0017915684_20260411_055821.csv (empty/header-only)
  │   [SKIP] CH0017915718_20260329_061027.csv (empty/header-only)
  │   [SKIP] CH0002218664_20260415_063222.csv (empty/header-only)
  │   [SKIP] CH0039576860_20260402_061026.csv (empty/header-only)
  │   [SKIP] CH0039576852_20260415_063205.csv (empty/header-only)
  │   [SKIP] CH0039576837_20260417_065605.csv (empty/header-only)
  │   [SKIP] CH0039576860_20260421_065708.csv (empty/header-only)
  │   [SKIP] CH0002218664_20260407_061818.csv (empty/header-only)
  │   [SKIP] CH0580517032_20260409_061706.csv (empty/header-only)
  │   [SKIP] CH0039576787_20260418_061113.csv (empty/header-only)
  │   [SKIP] CH0213109793_20260407_061802.csv (empty/header-only)
  │   [SKIP] CH0039576753_20260427_073410.csv (empty/header-only)
  │   [SKIP] CH0017915692_20260412_062330.csv (empty/header-only)
  │   [SKIP] CH0039576837_20260330_062848.csv (empty/header-only)
  │   [SKIP] CH0002218698_20260410_063138.csv (empty/header-only)
  │   [SKIP] CH0017915684_20260418_061116.csv (empty/header-only)
  │   [SKIP] CH0039576860_20260329_061034.csv (empty/header-only)
  │   [SKIP] CH0017915643_20260411_055828.csv (empty/header-only)
  │   [SKIP] CH0039576852_20260402_061029.csv (empty/header-only)
  │   [SKIP] CH0039576852_20260426_065914.csv (empty/header-only)
  │   [SKIP] CH0017915635_20260403_061109.csv (empty/header-only)
  │   [SKIP] CH0017915726_20260408_062015.csv (empty/header-only)
  │   [SKIP] CH0286266488_20260423_070036.csv (empty/header-only)
  │   [SKIP] CH0017915635_20260415_063209.csv (empty/header-only)
  │   [SKIP] CH0017915643_20260418_061123.csv (empty/header-only)
  │   [SKIP] CH0017915692_20260426_065908.csv (empty/header-only)
  │   [SKIP] CH0017915635_20260410_063124.csv (empty/header-only)
  │   [SKIP] CH0039576852.csv (empty/header-only)
  │   [SKIP] CH0017915742.csv (empty/header-only)
  │   [SKIP] CH0017915684_20260427_073414.csv (empty/header-only)
  │   [SKIP] CH0002218664_20260402_061046.csv (empty/header-only)
  │   [SKIP] CH0039576852_20260419_062840.csv (empty/header-only)
  │   [SKIP] CH0286266488_20260401_062945.csv (empty/header-only)
  │   [SKIP] CH0017915668_20260424_070419.csv (empty/header-only)
  │   [SKIP] CH0039576860_20260330_062851.csv (empty/header-only)
  │   [SKIP] CH0017915668.csv (empty/header-only)
  │   [SKIP] CH0286266488_20260426_065927.csv (empty/header-only)
  │   [SKIP] CH0017915635_20260331_061540.csv (empty/header-only)
  │   [SKIP] CH0213109793_20260403_061106.csv (empty/header-only)
  │   [SKIP] CH1159308571_20260410_062942.csv (empty/header-only)
  │   [SKIP] CH0580517032_20260405_061119.csv (empty/header-only)
  │   [SKIP] CH0017915692_20260417_065604.csv (empty/header-only)
  │   [SKIP] CH0039576860_20260418_061118.csv (empty/header-only)
  │   [SKIP] CH0039576837_20260408_062008.csv (empty/header-only)
  │   [SKIP] CH0017915668_20260328_235833.csv (empty/header-only)
  │   [SKIP] CH0017915668_20260415_063203.csv (empty/header-only)
  │   [SKIP] CH0580517032_20260413_071126.csv (empty/header-only)
  │   [SKIP] CH0017915668_20260414_063030.csv (empty/header-only)
  │   [SKIP] CH0039576852_20260411_055824.csv (empty/header-only)
  │   [SKIP] CH0580517032_20260328_235612.csv (empty/header-only)
  │   [SKIP] CH0017915692_20260403_061059.csv (empty/header-only)
  │   [SKIP] CH0017915643_20260422_065627.csv (empty/header-only)
  │   [SKIP] CH0017915692_20260421_065704.csv (empty/header-only)
  │   [SKIP] CH0580517032_20260414_062813.csv (empty/header-only)
  │   [SKIP] CH0002218698_20260403_061123.csv (empty/header-only)
  │   [SKIP] CH0017915643_20260402_061032.csv (empty/header-only)
  │   [SKIP] CH0286266488_20260405_061350.csv (empty/header-only)
  │   [SKIP] CH0017915668_20260408_062012.csv (empty/header-only)
  │   [SKIP] CH0039576837_20260329_061032.csv (empty/header-only)
  │   [SKIP] CH0017915742_20260419_062829.csv (empty/header-only)
  │   [SKIP] CH0017915684_20260409_061919.csv (empty/header-only)
  │   [SKIP] CH0017915635_20260411_055829.csv (empty/header-only)
  │   [SKIP] CH0002218664.csv (empty/header-only)
  │   [SKIP] CH0213109793_20260412_062337.csv (empty/header-only)
  │   [SKIP] CH0017915668_20260428_073038.csv (empty/header-only)
  │   [SKIP] CH0017915635_20260407_061805.csv (empty/header-only)
  │   [SKIP] CH0017915692_20260428_073033.csv (empty/header-only)
  │   [SKIP] CH0039576753_20260421_065702.csv (empty/header-only)
  │   [SKIP] CH0017915718_20260426_065905.csv (empty/header-only)
  │   [SKIP] CH1159308571_20260414_062857.csv (empty/header-only)
  │   [SKIP] CH0039576787_20260401_062916.csv (empty/header-only)
  │   [SKIP] CH0580517032_20260415_062942.csv (empty/header-only)
  │   [SKIP] CH0286266488_20260416_063324.csv (empty/header-only)
  │   [SKIP] CH0039576837_20260418_061115.csv (empty/header-only)
  │   [SKIP] CH0039576860_20260424_070418.csv (empty/header-only)
  │   [SKIP] CH0017915718_20260406_062916.csv (empty/header-only)
  │   [SKIP] CH0039576852_20260403_061105.csv (empty/header-only)
  │   [SKIP] CH0039576860_20260401_062921.csv (empty/header-only)
  │   [SKIP] CH0017915742_20260421_065700.csv (empty/header-only)
  │   [SKIP] CH0002218698_20260406_062944.csv (empty/header-only)
  │   [SKIP] CH0039576753_20260402_061021.csv (empty/header-only)
  │   [SKIP] CH0286266488_20260407_061815.csv (empty/header-only)
  │   [SKIP] CH0017915684_20260328_235831.csv (empty/header-only)
  │   [SKIP] CH0017915726_20260403_061107.csv (empty/header-only)
  │   [SKIP] CH0039576753_20260414_063023.csv (empty/header-only)
  │   [SKIP] CH0039576852_20260409_061922.csv (empty/header-only)
  │   [SKIP] CH0286266488_20260420_071619.csv (empty/header-only)
  │   [SKIP] CH0017915742_20260405_061326.csv (empty/header-only)
  │   [SKIP] CH0002218698_20260422_065642.csv (empty/header-only)
  │   [SKIP] CH0580517032_20260406_062707.csv (empty/header-only)
  │   [SKIP] CH0017915718_20260415_063155.csv (empty/header-only)
  │   [SKIP] CH0580517032_20260331_061317.csv (empty/header-only)
  │   [SKIP] CH0017915635.csv (empty/header-only)
  │   [SKIP] CH0039576787_20260330_062846.csv (empty/header-only)
  │   [SKIP] CH0039576837_20260331_061531.csv (empty/header-only)
  │   [SKIP] CH0002218698_20260407_061819.csv (empty/header-only)
  │   [SKIP] CH0039576837_20260409_061917.csv (empty/header-only)
  │   [SKIP] CH0039576787_20260426_065907.csv (empty/header-only)
  │   [SKIP] CH0017915692_20260423_070017.csv (empty/header-only)
  │   [SKIP] CH0017915726_20260416_063312.csv (empty/header-only)
  │   [SKIP] CH0002218664_20260414_063048.csv (empty/header-only)
  │   [SKIP] CH0002218664_20260422_065641.csv (empty/header-only)
  │   [SKIP] CH0017915684_20260402_061025.csv (empty/header-only)
  │   [SKIP] CH0002218664_20260411_055841.csv (empty/header-only)
  │   [SKIP] CH0017915726_20260412_062338.csv (empty/header-only)
  │   [SKIP] CH0017915692_20260405_061331.csv (empty/header-only)
  │   [SKIP] CH0017915718_20260421_065701.csv (empty/header-only)
  │   [SKIP] CH0017915668_20260330_062852.csv (empty/header-only)
  │   [SKIP] CH0017915718_20260407_061752.csv (empty/header-only)
  │   [SKIP] CH0286266488_20260422_065638.csv (empty/header-only)
  │   [SKIP] CH1159308571_20260422_065450.csv (empty/header-only)
  │   [SKIP] CH0213109793_20260330_062854.csv (empty/header-only)
  │   [SKIP] CH0213109793_20260415_063206.csv (empty/header-only)
  │   [SKIP] CH0002218664_20260328_235852.csv (empty/header-only)
  │   [SKIP] CH0017915742_20260330_062842.csv (empty/header-only)
  │   [SKIP] CH0213109793_20260406_062926.csv (empty/header-only)
  │   [SKIP] CH0039576860_20260410_063117.csv (empty/header-only)
  │   [SKIP] CH0039576860_20260331_061533.csv (empty/header-only)
  │   [SKIP] CH1159308571_20260329_060901.csv (empty/header-only)
  │   [SKIP] CH0039576753_20260406_062917.csv (empty/header-only)
  │   [SKIP] CH0213109793_20260328_235836.csv (empty/header-only)
  │   [SKIP] CH0039576860_20260428_073037.csv (empty/header-only)
  │   [SKIP] CH0039576852_20260425_062010.csv (empty/header-only)
  │   [SKIP] CH0580517032_20260408_061756.csv (empty/header-only)
  │   [SKIP] CH0039576787_20260402_061022.csv (empty/header-only)
  │   [SKIP] CH0017915643_20260404_055518.csv (empty/header-only)
  │   [SKIP] CH1159308571_20260411_055651.csv (empty/header-only)
  │   [SKIP] CH0039576837_20260427_073413.csv (empty/header-only)
  │   [SKIP] CH0002218698_20260401_062951.csv (empty/header-only)
  │   [SKIP] CH0039576753_20260404_055507.csv (empty/header-only)
  │   [SKIP] CH0039576837_20260422_065619.csv (empty/header-only)
  │   [SKIP] CH0039576852_20260420_071604.csv (empty/header-only)
  │   [SKIP] CH1159308571_20260416_063138.csv (empty/header-only)
  │   [SKIP] CH0017915726.csv (empty/header-only)
  │   [SKIP] CH0286266488_20260409_061936.csv (empty/header-only)
  │   [SKIP] CH0017915643_20260410_063123.csv (empty/header-only)
  │   [SKIP] CH0039576787_20260412_062329.csv (empty/header-only)
  │   [SKIP] CH0039576860_20260422_065622.csv (empty/header-only)
  │   [SKIP] CH0039576860_20260416_063308.csv (empty/header-only)
  │   [SKIP] CH0213109793_20260416_063311.csv (empty/header-only)
  │   [SKIP] CH0039576753_20260412_062327.csv (empty/header-only)
  │   [SKIP] CH0017915684_20260419_062836.csv (empty/header-only)
  │   [SKIP] CH0002218664_20260419_062857.csv (empty/header-only)
  │   [SKIP] CH0017915668_20260412_062334.csv (empty/header-only)
  │   [SKIP] CH0017915742_20260328_235824.csv (empty/header-only)
  │   [SKIP] CH0213109793_20260426_065915.csv (empty/header-only)
  │   [SKIP] CH0002218698.csv (empty/header-only)
  │   [SKIP] CH0017915718_20260401_062913.csv (empty/header-only)
  │   [SKIP] CH0039576860_20260407_061759.csv (empty/header-only)
  │   [SKIP] CH0017915668_20260401_062922.csv (empty/header-only)
  │   [SKIP] CH0017915643_20260423_070026.csv (empty/header-only)
  │   [SKIP] CH0039576852_20260424_070420.csv (empty/header-only)
  │   [SKIP] CH0017915668_20260407_061800.csv (empty/header-only)
  │   [SKIP] CH0017915668_20260329_061035.csv (empty/header-only)
  │   [SKIP] CH0002218664_20260401_062949.csv (empty/header-only)
  │   [SKIP] CH0002218664_20260403_061122.csv (empty/header-only)
  │   [SKIP] CH0002218664_20260418_061137.csv (empty/header-only)
  │   [SKIP] CH0017915718_20260427_073409.csv (empty/header-only)
  │   [SKIP] CH0002218664_20260420_071622.csv (empty/header-only)
  │   [SKIP] CH0039576787_20260424_070413.csv (empty/header-only)
  │   [SKIP] CH0017915668_20260331_061534.csv (empty/header-only)
  │   [SKIP] CH0039576837_20260426_065909.csv (empty/header-only)
  │   [SKIP] CH0213109793.csv (empty/header-only)
  │   [SKIP] CH0002218698_20260416_063328.csv (empty/header-only)
  │   [SKIP] CH0039576852_20260412_062335.csv (empty/header-only)
  │   [SKIP] CH0039576787_20260405_061330.csv (empty/header-only)
  │   [SKIP] CH0017915684_20260426_065910.csv (empty/header-only)
  │   [SKIP] CH0017915692_20260408_062007.csv (empty/header-only)
  │   [SKIP] CH0017915635_20260402_061033.csv (empty/header-only)
  │   [SKIP] CH0017915635_20260423_070027.csv (empty/header-only)
  │   [SKIP] CH0017915742_20260409_061912.csv (empty/header-only)
  │   [SKIP] CH0017915718_20260416_063301.csv (empty/header-only)
  │   [SKIP] CH0017915692_20260402_061023.csv (empty/header-only)
  │   [SKIP] CH0039576787_20260425_062003.csv (empty/header-only)
  │   [SKIP] CH0039576787_20260404_055508.csv (empty/header-only)
  │   [SKIP] CH0580517032_20260421_065451.csv (empty/header-only)
  │   [SKIP] CH0002218698_20260423_070041.csv (empty/header-only)
  │   [SKIP] CH0286266488_20260410_063134.csv (empty/header-only)
  │   [SKIP] CH0039576787_20260406_062918.csv (empty/header-only)
  │   [SKIP] CH0017915742_20260420_071554.csv (empty/header-only)
  │   [SKIP] CH0580517032_20260330_062632.csv (empty/header-only)
  │   [SKIP] CH0039576837_20260416_063306.csv (empty/header-only)
  │   [SKIP] CH0039576852_20260416_063310.csv (empty/header-only)
  │   [SKIP] CH1159308571_20260407_061629.csv (empty/header-only)
  │   [SKIP] CH0039576852_20260406_062925.csv (empty/header-only)
  │   [SKIP] CH0017915726_20260409_061924.csv (empty/header-only)
  │   [SKIP] CH0017915726_20260417_065612.csv (empty/header-only)
  │   [SKIP] CH0039576852_20260407_061801.csv (empty/header-only)
  │   [SKIP] CH0017915692_20260418_061114.csv (empty/header-only)
  │   [SKIP] CH0017915668_20260406_062924.csv (empty/header-only)
  │   [SKIP] CH0286266488_20260412_062349.csv (empty/header-only)
  │   [SKIP] CH0017915692_20260422_065618.csv (empty/header-only)
  │   [SKIP] CH0017915718_20260404_055505.csv (empty/header-only)
  │   [SKIP] CH0039576860_20260405_061334.csv (empty/header-only)
  │   [SKIP] CH0286266488_20260402_061042.csv (empty/header-only)
  │   [SKIP] CH0017915718_20260417_065600.csv (empty/header-only)
  │   [SKIP] CH0286266488_20260411_055838.csv (empty/header-only)
  │   [SKIP] CH0017915726_20260405_061339.csv (empty/header-only)
  │   [SKIP] CH0002218664_20260425_062029.csv (empty/header-only)
  │   [SKIP] CH0002218698_20260329_061055.csv (empty/header-only)
  │   [SKIP] CH0002218698_20260420_071623.csv (empty/header-only)
  │   [SKIP] CH0039576852_20260404_055514.csv (empty/header-only)
  │   [SKIP] CH0580517032_20260423_065803.csv (empty/header-only)
  │   [SKIP] CH0039576837_20260423_070018.csv (empty/header-only)
  │   [SKIP] CH0017915742_20260403_061055.csv (empty/header-only)
  │   [SKIP] CH0017915635_20260408_062017.csv (empty/header-only)
  │   [SKIP] CH0039576837_20260415_063200.csv (empty/header-only)
  │   [SKIP] CH0017915742_20260408_062003.csv (empty/header-only)
  │   [SKIP] CH0580517032_20260418_060903.csv (empty/header-only)
  │   [SKIP] CH0039576753_20260409_061914.csv (empty/header-only)
  │   [SKIP] CH0039576787_20260417_065603.csv (empty/header-only)
  │   [SKIP] CH0039576860_20260425_062008.csv (empty/header-only)
  │   [SKIP] CH1159308571_20260328_235657.csv (empty/header-only)
  │   [SKIP] CH0017915668_20260416_063309.csv (empty/header-only)
  │   [SKIP] CH0017915718_20260418_061111.csv (empty/header-only)
  │   [SKIP] CH1159308571_20260330_062716.csv (empty/header-only)
  │   [SKIP] CH0017915635_20260328_235839.csv (empty/header-only)
  │   [SKIP] CH0039576753_20260401_062914.csv (empty/header-only)
  │   [SKIP] CH0017915643_20260416_063314.csv (empty/header-only)
  │   [SKIP] CH0017915668_20260417_065608.csv (empty/header-only)
  │   [SKIP] CH0039576837_20260328_235830.csv (empty/header-only)
  │   [SKIP] CH0002218698_20260426_065932.csv (empty/header-only)
  │   [SKIP] CH0017915726_20260419_062842.csv (empty/header-only)
  │   [SKIP] CH0039576787_20260422_065617.csv (empty/header-only)
  │   [SKIP] CH0286266488_20260421_065724.csv (empty/header-only)
  │   [SKIP] CH0213109793_20260418_061121.csv (empty/header-only)
  │   [SKIP] CH0017915742_20260418_061110.csv (empty/header-only)
  │   [SKIP] CH0017915684_20260428_073036.csv (empty/header-only)
  │   [SKIP] CH0017915718_20260412_062326.csv (empty/header-only)
  │   [SKIP] CH0039576852_20260410_063120.csv (empty/header-only)
  │   [SKIP] CH0017915668_20260420_071603.csv (empty/header-only)
  │   [SKIP] CH0039576837_20260420_071600.csv (empty/header-only)
  │   [SKIP] CH0039576787_20260328_235827.csv (empty/header-only)
  │   [SKIP] CH0017915635_20260404_055519.csv (empty/header-only)
  │   [SKIP] CH0039576753_20260417_065602.csv (empty/header-only)
  │   [SKIP] CH0039576837_20260405_061332.csv (empty/header-only)
  │   [SKIP] CH1159308571_20260404_055342.csv (empty/header-only)
  │   [SKIP] CH0039576852_20260417_065609.csv (empty/header-only)
  │   [SKIP] CH0286266488_20260408_062027.csv (empty/header-only)
  │   [SKIP] CH0017915668_20260411_055823.csv (empty/header-only)
  │   [SKIP] CH0039576852_20260401_062923.csv (empty/header-only)
  │   [SKIP] CH0017915684_20260403_061101.csv (empty/header-only)
  │   [SKIP] CH0213109793_20260329_061038.csv (empty/header-only)
  │   [SKIP] CH0017915718_20260402_061020.csv (empty/header-only)
  │   [SKIP] CH0017915726_20260414_063033.csv (empty/header-only)
  │   [SKIP] CH1159308571_20260405_061202.csv (empty/header-only)
  │   [SKIP] CH0017915684_20260420_071601.csv (empty/header-only)
  │   [SKIP] CH0039576753_20260408_062005.csv (empty/header-only)
  │   [SKIP] CH0039576753.csv (empty/header-only)
  │   [SKIP] CH0580517032_20260424_070151.csv (empty/header-only)
  │   [SKIP] CH0017915726_20260418_061122.csv (empty/header-only)
  │   [SKIP] CH0213109793_20260420_071605.csv (empty/header-only)
  │   [SKIP] CH0017915726_20260401_062926.csv (empty/header-only)
  │   [SKIP] CH0017915635_20260330_062858.csv (empty/header-only)
  │   [SKIP] CH1159308571_20260424_070238.csv (empty/header-only)
  │   [SKIP] CH0002218664_20260408_062030.csv (empty/header-only)
  │   [SKIP] CH0039576860_20260406_062923.csv (empty/header-only)
  │   [SKIP] CH0286266488_20260328_235849.csv (empty/header-only)
  │   [SKIP] CH0017915726_20260328_235837.csv (empty/header-only)
  │   [SKIP] CH0017915742_20260410_063109.csv (empty/header-only)
  │   [SKIP] CH0039576753_20260415_063156.csv (empty/header-only)
  │   [SKIP] CH0213109793_20260414_063032.csv (empty/header-only)
  │   [SKIP] CH0017915635_20260401_062928.csv (empty/header-only)
  │   [SKIP] CH0039576860_20260415_063202.csv (empty/header-only)
  │   [SKIP] CH0017915718_20260408_062004.csv (empty/header-only)
  │   [SKIP] CH0002218698_20260404_055532.csv (empty/header-only)
  │   [SKIP] CH0017915718.csv (empty/header-only)
  │   [SKIP] CH0002218664_20260331_061553.csv (empty/header-only)
  │   [SKIP] CH0017915635_20260426_065918.csv (empty/header-only)
  │   [SKIP] CH1159308571_20260417_065437.csv (empty/header-only)
  │   [SKIP] CH0286266488.csv (empty/header-only)
  │   [SKIP] CH0017915643_20260417_065613.csv (empty/header-only)
  │   [SKIP] CH0039576787_20260421_065703.csv (empty/header-only)
  │   [SKIP] CH0580517032_20260402_060810.csv (empty/header-only)
  │   [SKIP] CH0017915742_20260428_073029.csv (empty/header-only)
  │   [SKIP] CH0017915726_20260331_061538.csv (empty/header-only)
  │   [SKIP] CH0580517032_20260419_062623.csv (empty/header-only)
  │   [SKIP] CH0039576787_20260411_055817.csv (empty/header-only)
  │   [SKIP] CH0017915643_20260331_061539.csv (empty/header-only)
  │   [SKIP] CH0002218698_20260417_065627.csv (empty/header-only)
  │   [SKIP] CH0017915668_20260422_065623.csv (empty/header-only)
  │   [SKIP] CH0039576753_20260428_073031.csv (empty/header-only)
  │   [SKIP] CH0017915643_20260420_071608.csv (empty/header-only)
  │   [SKIP] CH0017915643_20260401_062927.csv (empty/header-only)
  │   [SKIP] CH0213109793_20260421_065711.csv (empty/header-only)
  │   [SKIP] CH0017915742_20260412_062325.csv (empty/header-only)
  │   [SKIP] CH0039576753_20260418_061112.csv (empty/header-only)
  │   [SKIP] CH0017915742_20260406_062915.csv (empty/header-only)
  │   [SKIP] CH0039576860_20260419_062837.csv (empty/header-only)
  │   [SKIP] CH0002218664_20260424_070438.csv (empty/header-only)
  │   [SKIP] CH0580517032_20260412_062117.csv (empty/header-only)
  │   [SKIP] CH0039576787_20260329_061029.csv (empty/header-only)
  │   [SKIP] CH1159308571_20260331_061401.csv (empty/header-only)
  │   [SKIP] CH1159308571_20260401_062536.csv (empty/header-only)
  │   [SKIP] CH0017915635_20260427_073422.csv (empty/header-only)
  │   [SKIP] CH0039576837_20260421_065706.csv (empty/header-only)
  │   [SKIP] CH0017915684_20260422_065621.csv (empty/header-only)
  │   [SKIP] CH0017915742_20260407_061751.csv (empty/header-only)
  │   [SKIP] CH0017915643_20260414_063034.csv (empty/header-only)
  │   [SKIP] CH0017915718_20260328_235825.csv (empty/header-only)
  │   [SKIP] CH0039576787_20260423_070016.csv (empty/header-only)
  │   [SKIP] CH0017915668_20260425_062009.csv (empty/header-only)
  │   [SKIP] CH0017915684_20260423_070019.csv (empty/header-only)
  │   [SKIP] CH0039576860_20260412_062333.csv (empty/header-only)
  │   [SKIP] CH0286266488_20260417_065623.csv (empty/header-only)
  │   [SKIP] CH0017915726_20260428_073041.csv (empty/header-only)
  │   [SKIP] CH0017915692_20260411_055819.csv (empty/header-only)
  │   [SKIP] CH0286266488_20260424_070434.csv (empty/header-only)
  │   [SKIP] CH0002218698_20260412_062354.csv (empty/header-only)
  │   [SKIP] CH0580517032.csv (empty/header-only)
  │   [SKIP] CH0580517032_20260404_055300.csv (empty/header-only)
  │   [SKIP] CH0017915668_20260410_063118.csv (empty/header-only)
  │   [SKIP] CH0039576787.csv (empty/header-only)
  │   [SKIP] CH0039576837.csv (empty/header-only)
  │   [SKIP] CH0017915692_20260419_062834.csv (empty/header-only)
  │   [SKIP] CH0017915742_20260427_073408.csv (empty/header-only)
  │   [SKIP] CH0213109793_20260413_071344.csv (empty/header-only)
  │   [SKIP] CH0017915692_20260425_062004.csv (empty/header-only)
  │   [SKIP] CH0017915742_20260423_070012.csv (empty/header-only)
  │   [SKIP] CH1159308571_20260413_071210.csv (empty/header-only)
  │   [SKIP] CH0039576753_20260423_070015.csv (empty/header-only)
  │   [SKIP] CH0017915742_20260331_061525.csv (empty/header-only)
  │   [SKIP] CH0017915726_20260427_073420.csv (empty/header-only)
  │   [SKIP] CH0580517032_20260403_060848.csv (empty/header-only)
  │   [SKIP] CH0039576837_20260412_062331.csv (empty/header-only)
  │   [SKIP] CH0017915643_20260407_061804.csv (empty/header-only)
  │   [SKIP] CH0017915635_20260405_061341.csv (empty/header-only)
  │   [SKIP] CH0039576787_20260407_061754.csv (empty/header-only)
  │   [SKIP] CH0017915635_20260421_065715.csv (empty/header-only)
  │   [SKIP] CH0017915718_20260422_065615.csv (empty/header-only)
  │   [SKIP] CH0002218698_20260424_070439.csv (empty/header-only)
  │   [SKIP] CH0213109793_20260405_061338.csv (empty/header-only)
  │   [SKIP] CH0286266488_20260415_063219.csv (empty/header-only)
  │   [SKIP] CH0017915668_20260418_061119.csv (empty/header-only)
  │   [SKIP] CH0017915684_20260329_061033.csv (empty/header-only)
  │   [SKIP] CH1159308571.csv (empty/header-only)
  │   [SKIP] CH0002218664_20260426_065931.csv (empty/header-only)
  │   [SKIP] CH0017915692_20260401_062917.csv (empty/header-only)
  │   [SKIP] CH0039576787_20260403_061058.csv (empty/header-only)
  │   [SKIP] CH1159308571_20260419_062706.csv (empty/header-only)
  │   [SKIP] CH0002218664_20260421_065728.csv (empty/header-only)
  │   [SKIP] CH0213109793_20260402_061030.csv (empty/header-only)
  │   [SKIP] CH0017915742_20260416_063300.csv (empty/header-only)
  │   [SKIP] CH0039576753_20260331_061527.csv (empty/header-only)
  │   [SKIP] CH0002218698_20260425_062030.csv (empty/header-only)
  │   [SKIP] CH0039576852_20260423_070023.csv (empty/header-only)
  │   [SKIP] CH0017915742_20260424_070409.csv (empty/header-only)
  │   [SKIP] CH0017915726_20260421_065712.csv (empty/header-only)
  │   [SKIP] CH0286266488_20260413_071357.csv (empty/header-only)
  │   [SKIP] CH0017915635_20260329_061041.csv (empty/header-only)
  │   [SKIP] CH1159308571_20260426_065739.csv (empty/header-only)
  │   [SKIP] CH0039576860_20260423_070020.csv (empty/header-only)
  │   [SKIP] CH0017915643_20260426_065917.csv (empty/header-only)
  │   [SKIP] CH0039576852_20260418_061120.csv (empty/header-only)
  │   [SKIP] CH0039576753_20260411_055816.csv (empty/header-only)
  │   [SKIP] CH0017915643_20260424_070423.csv (empty/header-only)
  │   [SKIP] CH0017915726_20260425_062012.csv (empty/header-only)
  │   [SKIP] CH0017915742_20260417_065559.csv (empty/header-only)
  │   [SKIP] CH0017915726_20260407_061803.csv (empty/header-only)
  │   [SKIP] CH0017915684_20260401_062919.csv (empty/header-only)
  │   [SKIP] CH0039576787_20260428_073032.csv (empty/header-only)
  │   [SKIP] CH0039576860_20260413_071341.csv (empty/header-only)
  │   [SKIP] CH0017915692_20260331_061530.csv (empty/header-only)
  │   [SKIP] CH0017915692_20260420_071558.csv (empty/header-only)
  │   [SKIP] CH0039576753_20260413_071335.csv (empty/header-only)
  │   [SKIP] CH0039576860_20260411_055822.csv (empty/header-only)
  │   [SKIP] CH1159308571_20260402_060855.csv (empty/header-only)
  │   [SKIP] CH0002218698_20260402_061047.csv (empty/header-only)
  │   [SKIP] CH0017915668_20260419_062838.csv (empty/header-only)
  │   [SKIP] CH0017915684_20260330_062850.csv (empty/header-only)
  │   [SKIP] CH0002218698_20260418_061138.csv (empty/header-only)
  │   [SKIP] CH0213109793_20260401_062924.csv (empty/header-only)
  │   [SKIP] CH0017915643_20260408_062016.csv (empty/header-only)
  │   [SKIP] CH0017915643_20260425_062014.csv (empty/header-only)
  │   [SKIP] CH0039576753_20260329_061028.csv (empty/header-only)
  │   [SKIP] CH0017915635_20260409_061926.csv (empty/header-only)
  │   [SKIP] CH1159308571_20260428_072904.csv (empty/header-only)
  │   [SKIP] CH0580517032_20260329_060817.csv (empty/header-only)
  │   [SKIP] CH0002218664_20260409_061939.csv (empty/header-only)
  │   [SKIP] CH0017915635_20260417_065614.csv (empty/header-only)
  │   [SKIP] CH0002218698_20260414_063049.csv (empty/header-only)
  │   [SKIP] CH0286266488_20260404_055528.csv (empty/header-only)
  │   [SKIP] CH0017915635_20260425_062015.csv (empty/header-only)
  │   [SKIP] CH0039576753_20260416_063302.csv (empty/header-only)
  │   [SKIP] CH0017915668_20260403_061104.csv (empty/header-only)
  │   [SKIP] CH0002218664_20260416_063327.csv (empty/header-only)
  │   [SKIP] CH1159308571_20260408_061839.csv (empty/header-only)
  │   [SKIP] CH0039576852_20260414_063031.csv (empty/header-only)
  │   [SKIP] CH0017915635_20260424_070425.csv (empty/header-only)
  │   [SKIP] CH0039576837_20260425_062005.csv (empty/header-only)
  │   [SKIP] CH0017915718_20260331_061526.csv (empty/header-only)
  │   [SKIP] CH0017915635_20260420_071609.csv (empty/header-only)
  │   [SKIP] CH0039576852_20260405_061337.csv (empty/header-only)
  │   [SKIP] CH0039576837_20260410_063115.csv (empty/header-only)
  │   [SKIP] CH0017915718_20260425_062000.csv (empty/header-only)
  │   [SKIP] CH0017915684_20260331_061532.csv (empty/header-only)
  │   [SKIP] CH0017915643_20260330_062857.csv (empty/header-only)
  │   [SKIP] CH0039576852_20260328_235834.csv (empty/header-only)
  │   [SKIP] CH0213109793_20260427_073419.csv (empty/header-only)
  │   [SKIP] CH0017915643_20260328_235838.csv (empty/header-only)
  │   [SKIP] CH0017915684_20260407_061757.csv (empty/header-only)
  │   [SKIP] CH1159308571_20260421_065535.csv (empty/header-only)
  │   [SKIP] CH0017915668_20260423_070021.csv (empty/header-only)
  │   [SKIP] CH0213109793_20260424_070421.csv (empty/header-only)
  │   [SKIP] CH0039576860_20260426_065912.csv (empty/header-only)
  │   [SKIP] CH0017915742_20260425_061959.csv (empty/header-only)
  │   [SKIP] CH0286266488_20260331_061549.csv (empty/header-only)
  │   [SKIP] CH0039576787_20260415_063158.csv (empty/header-only)
  │   [SKIP] CH1159308571_20260423_065847.csv (empty/header-only)
  │   [SKIP] CH0039576753_20260424_070412.csv (empty/header-only)
  │   [SKIP] CH0017915718_20260423_070014.csv (empty/header-only)
  │   [SKIP] CH0039576852_20260413_071343.csv (empty/header-only)
  │   [SKIP] CH0002218664_20260329_061054.csv (empty/header-only)
  │   [SKIP] CH0039576860_20260403_061103.csv (empty/header-only)
  │   [SKIP] CH0017915635_20260422_065628.csv (empty/header-only)
  │   [SKIP] CH1159308571_20260412_062201.csv (empty/header-only)
  │   [SKIP] CH0039576753_20260425_062002.csv (empty/header-only)
  │   [SKIP] CH0213109793_20260408_062014.csv (empty/header-only)
  │ 
  │ Found 7985 files total.
  │ Processing 7358 valid files...
  │ Skipped 627 empty/header-only files.
  │ 
  │ Raw rows ingested: 4,599,877
  │ 
  │ Applying data cleaning transformations...
  │ Data Quality: 138598/138598 records have valid Price/Volume data (100.0%)
  │ Rows after deduplication: 138,598
  │ 
  │ Writing output files...
  │   [OK] Parquet: master_trades.parquet (1034.7 KB)
  │   -> Formatting data for CSV output...
  │   [OK] CSV: master_trades_cleaned.csv (7698.1 KB)
  │ 
  │ ============================================================
  │ AUDIT SUMMARY
  │ ============================================================
  │ Processed 7358 files, Skipped 627 empty files.
  │ Total rows: 138,598
  │ 
  │ Schema:
  │   Isin            String
  │   Datum           Date
  │   Zeit            String
  │   Kurs            Float64
  │   Volumen         Float64
  │   Off Book        Boolean
  │ 
  │ Sample Data (first 5 rows):
  │ shape: (5, 6)
  │ ┌──────────────┬────────────┬───────┬─────────┬─────────┬──────────┐
  │ │ Isin         ┆ Datum      ┆ Zeit  ┆ Kurs    ┆ Volumen ┆ Off Book │
  │ │ ---          ┆ ---        ┆ ---   ┆ ---     ┆ ---     ┆ ---      │
  │ │ str          ┆ date       ┆ str   ┆ f64     ┆ f64     ┆ bool     │
  │ ╞══════════════╪════════════╪═══════╪═════════╪═════════╪══════════╡
  │ │ CH1102090151 ┆ 2025-09-16 ┆ 14:28 ┆ 1040.0  ┆ 17.0    ┆ false    │
  │ │ CH0001690533 ┆ 2017-11-10 ┆ 09:58 ┆ 7005.0  ┆ 3.0     ┆ false    │
  │ │ CH0304449611 ┆ 2018-11-22 ┆ 10:40 ┆ 31000.0 ┆ 5.0     ┆ false    │
  │ │ CH0016016849 ┆ 2007-10-29 ┆ 09:45 ┆ 16.0    ┆ 10.0    ┆ false    │
  │ │ CH0320096990 ┆ 2024-08-20 ┆ 08:30 ┆ 165.0   ┆ 90.0    ┆ false    │
  │ └──────────────┴────────────┴───────┴─────────┴─────────┴──────────┘
  │ ============================================================
  │ Pipeline complete! [SUCCESS]
  └─ OK (5.2s)

  ┌─ Stage 4: Liquidity Metrics Engine
  └─ OK (0.4s)

════════════════════════════════════════════════════════════════════════════════
  End of receipt — 2026-04-28 07:32:31
════════════════════════════════════════════════════════════════════════════════