╔══════════════════════════════════════════════════════════════════════════════╗
║                            OTC-X PIPELINE RECEIPT                            ║
╚══════════════════════════════════════════════════════════════════════════════╝

  Run Date:     2026-04-17
  Start Time:   06:53:13
  End Time:     06:57:55
  Duration:     0:04:42.342700
  Status:       ALL STAGES PASSED

────────────────────────────────────────────────────────────────────────────────
  STAGE EXECUTION SUMMARY
────────────────────────────────────────────────────────────────────────────────
  Stage 1: Valor Extraction
    Status:   ✓ SUCCESS
    Duration: 3.4s

  Stage 2: Trade Data Retrieval
    Status:   ✓ SUCCESS
    Duration: 275.0s

  Stage 3: Data Consolidation (Parquet)
    Status:   ✓ SUCCESS
    Duration: 3.5s

  Stage 4: Liquidity Metrics Engine
    Status:   ✓ SUCCESS
    Duration: 0.3s

────────────────────────────────────────────────────────────────────────────────
  DATA PRODUCTS
────────────────────────────────────────────────────────────────────────────────
  Date Range:        2004-02-16 → 2026-04-17
  Securities CSV:    242 securities
  Trade CSVs:        5323 files in data/trades/
  Master Parquet:    138,036 rows, 224 ISINs (1.01 MB)
  Daily Metrics:     75,761 rows, 224 ISINs, 10 sectors

────────────────────────────────────────────────────────────────────────────────
  ANOMALY SNAPSHOT (latest day per ISIN)
────────────────────────────────────────────────────────────────────────────────
  Total ISINs:       224
  Clean (score 0):   124
  Flagged (score>0): 100

  Score  Count
  ─────  ─────
      2      18
      3      38
      4       4
      5      34
      7       6

────────────────────────────────────────────────────────────────────────────────
  STAGE DETAIL LOGS
────────────────────────────────────────────────────────────────────────────────
  ┌─ Stage 1: Valor Extraction
  │ Fetching securities dynamically from OTC-X API...
  │ Fertig! 242 Valoren extrahiert.
  │ Gespeichert in: /home/runner/work/OTC-X/OTC-X/backend/data/securities.csv
  └─ OK (3.4s)

  ┌─ Stage 2: Trade Data Retrieval
  └─ OK (275.0s)

  ┌─ Stage 3: Data Consolidation (Parquet)
  │ ============================================================
  │ OTC-X Data Ingestion Pipeline
  │ ============================================================
  │ Scanning: /home/runner/work/OTC-X/OTC-X/backend/data/trades
  │   [SKIP] CH0039576753_20260412_062327.csv (empty/header-only)
  │   [SKIP] CH0039576860_20260329_061034.csv (empty/header-only)
  │   [SKIP] CH0002218664_20260402_061046.csv (empty/header-only)
  │   [SKIP] CH0002218664_20260412_062353.csv (empty/header-only)
  │   [SKIP] CH0017915643_20260405_061340.csv (empty/header-only)
  │   [SKIP] CH0002218698.csv (empty/header-only)
  │   [SKIP] CH0017915643_20260412_062339.csv (empty/header-only)
  │   [SKIP] CH0039576837_20260401_062918.csv (empty/header-only)
  │   [SKIP] CH0213109793_20260330_062854.csv (empty/header-only)
  │   [SKIP] CH0017915635_20260330_062858.csv (empty/header-only)
  │   [SKIP] CH0580517032_20260411_055608.csv (empty/header-only)
  │   [SKIP] CH0017915726_20260328_235837.csv (empty/header-only)
  │   [SKIP] CH0580517032.csv (empty/header-only)
  │   [SKIP] CH0002218698_20260404_055532.csv (empty/header-only)
  │   [SKIP] CH0017915668_20260403_061104.csv (empty/header-only)
  │   [SKIP] CH0213109793_20260328_235836.csv (empty/header-only)
  │   [SKIP] CH0039576787_20260415_063158.csv (empty/header-only)
  │   [SKIP] CH0017915643_20260411_055828.csv (empty/header-only)
  │   [SKIP] CH0039576837_20260330_062848.csv (empty/header-only)
  │   [SKIP] CH0017915726_20260402_061031.csv (empty/header-only)
  │   [SKIP] CH0002218698_20260414_063049.csv (empty/header-only)
  │   [SKIP] CH0286266488_20260413_071357.csv (empty/header-only)
  │   [SKIP] CH0039576787_20260401_062916.csv (empty/header-only)
  │   [SKIP] CH0017915718.csv (empty/header-only)
  │   [SKIP] CH0017915684_20260401_062919.csv (empty/header-only)
  │   [SKIP] CH0286266488.csv (empty/header-only)
  │   [SKIP] CH0017915742_20260328_235824.csv (empty/header-only)
  │   [SKIP] CH0017915742_20260406_062915.csv (empty/header-only)
  │   [SKIP] CH0286266488_20260328_235849.csv (empty/header-only)
  │   [SKIP] CH0213109793_20260417_065610.csv (empty/header-only)
  │   [SKIP] CH0002218698_20260413_071402.csv (empty/header-only)
  │   [SKIP] CH0017915742_20260414_063021.csv (empty/header-only)
  │   [SKIP] CH0039576852_20260330_062853.csv (empty/header-only)
  │   [SKIP] CH0017915726_20260406_062928.csv (empty/header-only)
  │   [SKIP] CH0017915668_20260408_062012.csv (empty/header-only)
  │   [SKIP] CH0017915684_20260408_062010.csv (empty/header-only)
  │   [SKIP] CH0017915635_20260417_065614.csv (empty/header-only)
  │   [SKIP] CH0286266488_20260417_065623.csv (empty/header-only)
  │   [SKIP] CH0017915742_20260413_071333.csv (empty/header-only)
  │   [SKIP] CH0286266488_20260416_063324.csv (empty/header-only)
  │   [SKIP] CH0039576837_20260415_063200.csv (empty/header-only)
  │   [SKIP] CH0002218698_20260401_062951.csv (empty/header-only)
  │   [SKIP] CH0580517032_20260412_062117.csv (empty/header-only)
  │   [SKIP] CH0017915684_20260402_061025.csv (empty/header-only)
  │   [SKIP] CH0017915668_20260330_062852.csv (empty/header-only)
  │   [SKIP] CH0002218698_20260405_061355.csv (empty/header-only)
  │   [SKIP] CH0002218664_20260408_062030.csv (empty/header-only)
  │   [SKIP] CH1159308571_20260415_063027.csv (empty/header-only)
  │   [SKIP] CH0017915692_20260409_061916.csv (empty/header-only)
  │   [SKIP] CH0017915643_20260402_061032.csv (empty/header-only)
  │   [SKIP] CH0039576837_20260331_061531.csv (empty/header-only)
  │   [SKIP] CH0039576852_20260404_055514.csv (empty/header-only)
  │   [SKIP] CH1159308571_20260414_062857.csv (empty/header-only)
  │   [SKIP] CH0017915692_20260402_061023.csv (empty/header-only)
  │   [SKIP] CH0002218664_20260328_235852.csv (empty/header-only)
  │   [SKIP] CH0017915643_20260328_235838.csv (empty/header-only)
  │   [SKIP] CH0017915726_20260411_055826.csv (empty/header-only)
  │   [SKIP] CH1159308571_20260331_061401.csv (empty/header-only)
  │   [SKIP] CH0002218698_20260407_061819.csv (empty/header-only)
  │   [SKIP] CH0213109793_20260406_062926.csv (empty/header-only)
  │   [SKIP] CH0017915742_20260331_061525.csv (empty/header-only)
  │   [SKIP] CH0039576753_20260408_062005.csv (empty/header-only)
  │   [SKIP] CH0039576860_20260416_063308.csv (empty/header-only)
  │   [SKIP] CH0213109793_20260407_061802.csv (empty/header-only)
  │   [SKIP] CH1159308571.csv (empty/header-only)
  │   [SKIP] CH0039576860_20260409_061920.csv (empty/header-only)
  │   [SKIP] CH0039576860_20260408_062011.csv (empty/header-only)
  │   [SKIP] CH0580517032_20260405_061119.csv (empty/header-only)
  │   [SKIP] CH0286266488_20260410_063134.csv (empty/header-only)
  │   [SKIP] CH0017915635_20260416_063315.csv (empty/header-only)
  │   [SKIP] CH0017915718_20260403_061056.csv (empty/header-only)
  │   [SKIP] CH0039576852_20260414_063031.csv (empty/header-only)
  │   [SKIP] CH0017915643_20260401_062927.csv (empty/header-only)
  │   [SKIP] CH0017915668_20260415_063203.csv (empty/header-only)
  │   [SKIP] CH0017915726_20260404_055517.csv (empty/header-only)
  │   [SKIP] CH0580517032_20260417_065355.csv (empty/header-only)
  │   [SKIP] CH0017915635_20260415_063209.csv (empty/header-only)
  │   [SKIP] CH0017915643_20260414_063034.csv (empty/header-only)
  │   [SKIP] CH1159308571_20260411_055651.csv (empty/header-only)
  │   [SKIP] CH0017915684_20260414_063028.csv (empty/header-only)
  │   [SKIP] CH0002218698_20260409_061940.csv (empty/header-only)
  │   [SKIP] CH0580517032_20260401_062431.csv (empty/header-only)
  │   [SKIP] CH0002218664_20260404_055531.csv (empty/header-only)
  │   [SKIP] CH0286266488_20260408_062027.csv (empty/header-only)
  │   [SKIP] CH0039576860_20260331_061533.csv (empty/header-only)
  │   [SKIP] CH0039576852_20260331_061535.csv (empty/header-only)
  │   [SKIP] CH0039576753_20260331_061527.csv (empty/header-only)
  │   [SKIP] CH0039576753_20260403_061057.csv (empty/header-only)
  │   [SKIP] CH0017915635_20260402_061033.csv (empty/header-only)
  │   [SKIP] CH0017915726.csv (empty/header-only)
  │   [SKIP] CH0286266488_20260415_063219.csv (empty/header-only)
  │   [SKIP] CH0017915742_20260409_061912.csv (empty/header-only)
  │   [SKIP] CH0002218698_20260416_063328.csv (empty/header-only)
  │   [SKIP] CH0039576852_20260401_062923.csv (empty/header-only)
  │   [SKIP] CH0002218664_20260413_071400.csv (empty/header-only)
  │   [SKIP] CH0017915718_20260416_063301.csv (empty/header-only)
  │   [SKIP] CH0039576852_20260409_061922.csv (empty/header-only)
  │   [SKIP] CH0017915684_20260416_063307.csv (empty/header-only)
  │   [SKIP] CH0017915692_20260411_055819.csv (empty/header-only)
  │   [SKIP] CH0039576753_20260328_235826.csv (empty/header-only)
  │   [SKIP] CH0039576753_20260416_063302.csv (empty/header-only)
  │   [SKIP] CH0017915692.csv (empty/header-only)
  │   [SKIP] CH0017915718_20260417_065600.csv (empty/header-only)
  │   [SKIP] CH1159308571_20260402_060855.csv (empty/header-only)
  │   [SKIP] CH0017915635_20260411_055829.csv (empty/header-only)
  │   [SKIP] CH0213109793_20260415_063206.csv (empty/header-only)
  │   [SKIP] CH0017915635_20260407_061805.csv (empty/header-only)
  │   [SKIP] CH0017915684_20260417_065606.csv (empty/header-only)
  │   [SKIP] CH0002218664_20260403_061122.csv (empty/header-only)
  │   [SKIP] CH0002218664_20260329_061054.csv (empty/header-only)
  │   [SKIP] CH0039576787_20260331_061528.csv (empty/header-only)
  │   [SKIP] CH1159308571_20260401_062536.csv (empty/header-only)
  │   [SKIP] CH0002218698_20260331_061554.csv (empty/header-only)
  │   [SKIP] CH1159308571_20260408_061839.csv (empty/header-only)
  │   [SKIP] CH0017915684_20260407_061757.csv (empty/header-only)
  │   [SKIP] CH0039576837_20260416_063306.csv (empty/header-only)
  │   [SKIP] CH0017915643_20260406_062929.csv (empty/header-only)
  │   [SKIP] CH0039576837_20260410_063115.csv (empty/header-only)
  │   [SKIP] CH0017915668_20260417_065608.csv (empty/header-only)
  │   [SKIP] CH0002218664_20260401_062949.csv (empty/header-only)
  │   [SKIP] CH0580517032_20260410_062857.csv (empty/header-only)
  │   [SKIP] CH0017915692_20260407_061755.csv (empty/header-only)
  │   [SKIP] CH0017915726_20260401_062926.csv (empty/header-only)
  │   [SKIP] CH0017915742_20260416_063300.csv (empty/header-only)
  │   [SKIP] CH0039576860_20260411_055822.csv (empty/header-only)
  │   [SKIP] CH0017915668_20260401_062922.csv (empty/header-only)
  │   [SKIP] CH0017915742_20260330_062842.csv (empty/header-only)
  │   [SKIP] CH0017915718_20260408_062004.csv (empty/header-only)
  │   [SKIP] CH0017915635_20260403_061109.csv (empty/header-only)
  │   [SKIP] CH0017915726_20260413_071346.csv (empty/header-only)
  │   [SKIP] CH0017915635_20260406_062930.csv (empty/header-only)
  │   [SKIP] CH0039576753_20260417_065602.csv (empty/header-only)
  │   [SKIP] CH0286266488_20260414_063045.csv (empty/header-only)
  │   [SKIP] CH0039576860_20260328_235832.csv (empty/header-only)
  │   [SKIP] CH0017915692_20260403_061059.csv (empty/header-only)
  │   [SKIP] CH0286266488_20260412_062349.csv (empty/header-only)
  │   [SKIP] CH0017915692_20260410_063114.csv (empty/header-only)
  │   [SKIP] CH0213109793_20260409_061923.csv (empty/header-only)
  │   [SKIP] CH0002218698_20260410_063138.csv (empty/header-only)
  │   [SKIP] CH0286266488_20260405_061350.csv (empty/header-only)
  │   [SKIP] CH0213109793_20260416_063311.csv (empty/header-only)
  │   [SKIP] CH0017915742_20260412_062325.csv (empty/header-only)
  │   [SKIP] CH0017915643_20260331_061539.csv (empty/header-only)
  │   [SKIP] CH0017915692_20260330_062847.csv (empty/header-only)
  │   [SKIP] CH0039576753_20260410_063111.csv (empty/header-only)
  │   [SKIP] CH0017915718_20260407_061752.csv (empty/header-only)
  │   [SKIP] CH0017915684_20260410_063116.csv (empty/header-only)
  │   [SKIP] CH0039576753_20260404_055507.csv (empty/header-only)
  │   [SKIP] CH0017915718_20260405_061327.csv (empty/header-only)
  │   [SKIP] CH0017915643_20260407_061804.csv (empty/header-only)
  │   [SKIP] CH1159308571_20260410_062942.csv (empty/header-only)
  │   [SKIP] CH0017915692_20260412_062330.csv (empty/header-only)
  │   [SKIP] CH0002218698_20260330_062912.csv (empty/header-only)
  │   [SKIP] CH0017915726_20260417_065612.csv (empty/header-only)
  │   [SKIP] CH0286266488_20260411_055838.csv (empty/header-only)
  │   [SKIP] CH0017915684_20260412_062332.csv (empty/header-only)
  │   [SKIP] CH0039576753_20260406_062917.csv (empty/header-only)
  │   [SKIP] CH0017915635_20260405_061341.csv (empty/header-only)
  │   [SKIP] CH0286266488_20260401_062945.csv (empty/header-only)
  │   [SKIP] CH0017915643_20260408_062016.csv (empty/header-only)
  │   [SKIP] CH0039576860_20260402_061026.csv (empty/header-only)
  │   [SKIP] CH0017915643_20260330_062857.csv (empty/header-only)
  │   [SKIP] CH0017915684_20260409_061919.csv (empty/header-only)
  │   [SKIP] CH0017915726_20260329_061039.csv (empty/header-only)
  │   [SKIP] CH0039576860_20260330_062851.csv (empty/header-only)
  │   [SKIP] CH0039576860_20260410_063117.csv (empty/header-only)
  │   [SKIP] CH0039576787_20260406_062918.csv (empty/header-only)
  │   [SKIP] CH0002218698_20260417_065627.csv (empty/header-only)
  │   [SKIP] CH0039576860_20260414_063029.csv (empty/header-only)
  │   [SKIP] CH0213109793_20260414_063032.csv (empty/header-only)
  │   [SKIP] CH0213109793_20260403_061106.csv (empty/header-only)
  │   [SKIP] CH1159308571_20260404_055342.csv (empty/header-only)
  │   [SKIP] CH0017915692_20260417_065604.csv (empty/header-only)
  │   [SKIP] CH0017915668_20260413_071342.csv (empty/header-only)
  │   [SKIP] CH0017915726_20260331_061538.csv (empty/header-only)
  │   [SKIP] CH0039576753_20260413_071335.csv (empty/header-only)
  │   [SKIP] CH0580517032_20260404_055300.csv (empty/header-only)
  │   [SKIP] CH0039576860_20260415_063202.csv (empty/header-only)
  │   [SKIP] CH0017915726_20260330_062855.csv (empty/header-only)
  │   [SKIP] CH0039576753_20260402_061021.csv (empty/header-only)
  │   [SKIP] CH0002218664_20260331_061553.csv (empty/header-only)
  │   [SKIP] CH0580517032_20260413_071126.csv (empty/header-only)
  │   [SKIP] CH0017915684.csv (empty/header-only)
  │   [SKIP] CH0002218698_20260408_062031.csv (empty/header-only)
  │   [SKIP] CH0580517032_20260416_063055.csv (empty/header-only)
  │   [SKIP] CH1159308571_20260406_062751.csv (empty/header-only)
  │   [SKIP] CH0017915668_20260414_063030.csv (empty/header-only)
  │   [SKIP] CH0039576852_20260406_062925.csv (empty/header-only)
  │   [SKIP] CH0017915668_20260402_061028.csv (empty/header-only)
  │   [SKIP] CH0017915635_20260410_063124.csv (empty/header-only)
  │   [SKIP] CH0017915718_20260402_061020.csv (empty/header-only)
  │   [SKIP] CH0002218698_20260402_061047.csv (empty/header-only)
  │   [SKIP] CH1159308571_20260403_060931.csv (empty/header-only)
  │   [SKIP] CH0039576787_20260403_061058.csv (empty/header-only)
  │   [SKIP] CH0017915635_20260404_055519.csv (empty/header-only)
  │   [SKIP] CH0039576860_20260401_062921.csv (empty/header-only)
  │   [SKIP] CH0017915726_20260407_061803.csv (empty/header-only)
  │   [SKIP] CH0039576860_20260406_062923.csv (empty/header-only)
  │   [SKIP] CH0017915718_20260414_063022.csv (empty/header-only)
  │   [SKIP] CH0002218698_20260411_055842.csv (empty/header-only)
  │   [SKIP] CH0017915726_20260403_061107.csv (empty/header-only)
  │   [SKIP] CH0039576852_20260411_055824.csv (empty/header-only)
  │   [SKIP] CH0017915684_20260330_062850.csv (empty/header-only)
  │   [SKIP] CH0002218698_20260403_061123.csv (empty/header-only)
  │   [SKIP] CH0039576860_20260405_061334.csv (empty/header-only)
  │   [SKIP] CH0039576787_20260404_055508.csv (empty/header-only)
  │   [SKIP] CH0017915726_20260414_063033.csv (empty/header-only)
  │   [SKIP] CH0017915742_20260404_055504.csv (empty/header-only)
  │   [SKIP] CH0002218698_20260406_062944.csv (empty/header-only)
  │   [SKIP] CH0039576753_20260415_063156.csv (empty/header-only)
  │   [SKIP] CH0017915643_20260413_071347.csv (empty/header-only)
  │   [SKIP] CH0017915718_20260401_062913.csv (empty/header-only)
  │   [SKIP] CH0039576837_20260413_071339.csv (empty/header-only)
  │   [SKIP] CH0039576852_20260403_061105.csv (empty/header-only)
  │   [SKIP] CH0039576753.csv (empty/header-only)
  │   [SKIP] CH0286266488_20260407_061815.csv (empty/header-only)
  │   [SKIP] CH0017915692_20260404_055509.csv (empty/header-only)
  │   [SKIP] CH1159308571_20260409_061749.csv (empty/header-only)
  │   [SKIP] CH0017915726_20260405_061339.csv (empty/header-only)
  │   [SKIP] CH0580517032_20260328_235612.csv (empty/header-only)
  │   [SKIP] CH0017915684_20260411_055821.csv (empty/header-only)
  │   [SKIP] CH0017915668_20260405_061335.csv (empty/header-only)
  │   [SKIP] CH0039576852_20260417_065609.csv (empty/header-only)
  │   [SKIP] CH0017915692_20260328_235829.csv (empty/header-only)
  │   [SKIP] CH0580517032_20260402_060810.csv (empty/header-only)
  │   [SKIP] CH0039576787_20260330_062846.csv (empty/header-only)
  │   [SKIP] CH0580517032_20260330_062632.csv (empty/header-only)
  │   [SKIP] CH0017915684_20260415_063201.csv (empty/header-only)
  │   [SKIP] CH0017915668_20260331_061534.csv (empty/header-only)
  │   [SKIP] CH0039576852_20260415_063205.csv (empty/header-only)
  │   [SKIP] CH0039576837_20260328_235830.csv (empty/header-only)
  │   [SKIP] CH0017915726_20260409_061924.csv (empty/header-only)
  │   [SKIP] CH0039576852.csv (empty/header-only)
  │   [SKIP] CH0017915635_20260401_062928.csv (empty/header-only)
  │   [SKIP] CH0017915718_20260411_055815.csv (empty/header-only)
  │   [SKIP] CH0017915692_20260408_062007.csv (empty/header-only)
  │   [SKIP] CH0017915742_20260408_062003.csv (empty/header-only)
  │   [SKIP] CH0286266488_20260409_061936.csv (empty/header-only)
  │   [SKIP] CH0213109793_20260402_061030.csv (empty/header-only)
  │   [SKIP] CH0017915742_20260415_063154.csv (empty/header-only)
  │   [SKIP] CH0213109793_20260413_071344.csv (empty/header-only)
  │   [SKIP] CH0017915684_20260403_061101.csv (empty/header-only)
  │   [SKIP] CH0286266488_20260331_061549.csv (empty/header-only)
  │   [SKIP] CH0039576753_20260329_061028.csv (empty/header-only)
  │   [SKIP] CH0039576787_20260328_235827.csv (empty/header-only)
  │   [SKIP] CH0039576787_20260408_062006.csv (empty/header-only)
  │   [SKIP] CH1159308571_20260416_063138.csv (empty/header-only)
  │   [SKIP] CH0580517032_20260329_060817.csv (empty/header-only)
  │   [SKIP] CH0017915692_20260413_071338.csv (empty/header-only)
  │   [SKIP] CH0017915718_20260329_061027.csv (empty/header-only)
  │   [SKIP] CH0580517032_20260408_061756.csv (empty/header-only)
  │   [SKIP] CH0213109793_20260412_062337.csv (empty/header-only)
  │   [SKIP] CH0017915668_20260409_061921.csv (empty/header-only)
  │   [SKIP] CH1159308571_20260405_061202.csv (empty/header-only)
  │   [SKIP] CH0017915684_20260329_061033.csv (empty/header-only)
  │   [SKIP] CH1159308571_20260413_071210.csv (empty/header-only)
  │   [SKIP] CH0017915643_20260329_061040.csv (empty/header-only)
  │   [SKIP] CH0039576837_20260407_061756.csv (empty/header-only)
  │   [SKIP] CH0039576837.csv (empty/header-only)
  │   [SKIP] CH0002218664_20260416_063327.csv (empty/header-only)
  │   [SKIP] CH0002218698_20260412_062354.csv (empty/header-only)
  │   [SKIP] CH0017915635_20260414_063035.csv (empty/header-only)
  │   [SKIP] CH0039576787_20260414_063024.csv (empty/header-only)
  │   [SKIP] CH0580517032_20260331_061317.csv (empty/header-only)
  │   [SKIP] CH0017915718_20260412_062326.csv (empty/header-only)
  │   [SKIP] CH0039576860_20260403_061103.csv (empty/header-only)
  │   [SKIP] CH0039576837_20260405_061332.csv (empty/header-only)
  │   [SKIP] CH0039576753_20260405_061329.csv (empty/header-only)
  │   [SKIP] CH0017915742_20260411_055814.csv (empty/header-only)
  │   [SKIP] CH0017915668_20260416_063309.csv (empty/header-only)
  │   [SKIP] CH0039576852_20260329_061036.csv (empty/header-only)
  │   [SKIP] CH0039576787_20260417_065603.csv (empty/header-only)
  │   [SKIP] CH0017915684_20260328_235831.csv (empty/header-only)
  │   [SKIP] CH0017915643_20260404_055518.csv (empty/header-only)
  │   [SKIP] CH0039576753_20260411_055816.csv (empty/header-only)
  │   [SKIP] CH0039576753_20260414_063023.csv (empty/header-only)
  │   [SKIP] CH0286266488_20260329_061050.csv (empty/header-only)
  │   [SKIP] CH0039576837_20260404_055510.csv (empty/header-only)
  │   [SKIP] CH0002218664.csv (empty/header-only)
  │   [SKIP] CH0039576787_20260413_071337.csv (empty/header-only)
  │   [SKIP] CH0039576837_20260402_061024.csv (empty/header-only)
  │   [SKIP] CH1159308571_20260407_061629.csv (empty/header-only)
  │   [SKIP] CH0286266488_20260402_061042.csv (empty/header-only)
  │   [SKIP] CH0017915643_20260416_063314.csv (empty/header-only)
  │   [SKIP] CH0580517032_20260414_062813.csv (empty/header-only)
  │   [SKIP] CH0039576787_20260412_062329.csv (empty/header-only)
  │   [SKIP] CH0039576860_20260413_071341.csv (empty/header-only)
  │   [SKIP] CH0017915726_20260412_062338.csv (empty/header-only)
  │   [SKIP] CH0017915668_20260411_055823.csv (empty/header-only)
  │   [SKIP] CH0039576787.csv (empty/header-only)
  │   [SKIP] CH0580517032_20260409_061706.csv (empty/header-only)
  │   [SKIP] CH0213109793_20260405_061338.csv (empty/header-only)
  │   [SKIP] CH0017915635_20260331_061540.csv (empty/header-only)
  │   [SKIP] CH0017915668_20260407_061800.csv (empty/header-only)
  │   [SKIP] CH0286266488_20260406_062939.csv (empty/header-only)
  │   [SKIP] CH0039576837_20260329_061032.csv (empty/header-only)
  │   [SKIP] CH0017915718_20260406_062916.csv (empty/header-only)
  │   [SKIP] CH0002218664_20260410_063137.csv (empty/header-only)
  │   [SKIP] CH0002218664_20260415_063222.csv (empty/header-only)
  │   [SKIP] CH0017915692_20260405_061331.csv (empty/header-only)
  │   [SKIP] CH0213109793_20260408_062014.csv (empty/header-only)
  │   [SKIP] CH0017915718_20260410_063110.csv (empty/header-only)
  │   [SKIP] CH0017915692_20260406_062920.csv (empty/header-only)
  │   [SKIP] CH0580517032_20260403_060848.csv (empty/header-only)
  │   [SKIP] CH0017915668_20260412_062334.csv (empty/header-only)
  │   [SKIP] CH0017915718_20260409_061913.csv (empty/header-only)
  │   [SKIP] CH1159308571_20260417_065437.csv (empty/header-only)
  │   [SKIP] CH0039576837_20260414_063026.csv (empty/header-only)
  │   [SKIP] CH0002218664_20260406_062943.csv (empty/header-only)
  │   [SKIP] CH0017915635_20260328_235839.csv (empty/header-only)
  │   [SKIP] CH1159308571_20260329_060901.csv (empty/header-only)
  │   [SKIP] CH0017915726_20260415_063207.csv (empty/header-only)
  │   [SKIP] CH0017915692_20260414_063025.csv (empty/header-only)
  │   [SKIP] CH0039576860_20260404_055512.csv (empty/header-only)
  │   [SKIP] CH0017915718_20260404_055505.csv (empty/header-only)
  │   [SKIP] CH0017915643_20260415_063208.csv (empty/header-only)
  │   [SKIP] CH0213109793_20260404_055516.csv (empty/header-only)
  │   [SKIP] CH1159308571_20260328_235657.csv (empty/header-only)
  │   [SKIP] CH0017915643_20260403_061108.csv (empty/header-only)
  │   [SKIP] CH0017915692_20260331_061530.csv (empty/header-only)
  │   [SKIP] CH0213109793.csv (empty/header-only)
  │   [SKIP] CH0017915643_20260409_061925.csv (empty/header-only)
  │   [SKIP] CH0002218698_20260329_061055.csv (empty/header-only)
  │   [SKIP] CH0017915684_20260405_061333.csv (empty/header-only)
  │   [SKIP] CH0017915726_20260410_063122.csv (empty/header-only)
  │   [SKIP] CH0017915635.csv (empty/header-only)
  │   [SKIP] CH0002218664_20260417_065626.csv (empty/header-only)
  │   [SKIP] CH0039576787_20260410_063112.csv (empty/header-only)
  │   [SKIP] CH0017915718_20260330_062844.csv (empty/header-only)
  │   [SKIP] CH0039576787_20260416_063303.csv (empty/header-only)
  │   [SKIP] CH0039576787_20260405_061330.csv (empty/header-only)
  │   [SKIP] CH0017915684_20260331_061532.csv (empty/header-only)
  │   [SKIP] CH0039576753_20260407_061753.csv (empty/header-only)
  │   [SKIP] CH0002218664_20260407_061818.csv (empty/header-only)
  │   [SKIP] CH0017915742_20260329_061026.csv (empty/header-only)
  │   [SKIP] CH0039576837_20260417_065605.csv (empty/header-only)
  │   [SKIP] CH0017915684_20260413_071340.csv (empty/header-only)
  │   [SKIP] CH0017915718_20260328_235825.csv (empty/header-only)
  │   [SKIP] CH0580517032_20260406_062707.csv (empty/header-only)
  │   [SKIP] CH0017915643_20260410_063123.csv (empty/header-only)
  │   [SKIP] CH0213109793_20260401_062924.csv (empty/header-only)
  │   [SKIP] CH0017915742_20260407_061751.csv (empty/header-only)
  │   [SKIP] CH0039576860.csv (empty/header-only)
  │   [SKIP] CH0002218664_20260405_061354.csv (empty/header-only)
  │   [SKIP] CH0017915635_20260412_062340.csv (empty/header-only)
  │   [SKIP] CH0039576787_20260329_061029.csv (empty/header-only)
  │   [SKIP] CH0017915718_20260413_071334.csv (empty/header-only)
  │   [SKIP] CH0039576852_20260410_063120.csv (empty/header-only)
  │   [SKIP] CH0017915635_20260408_062017.csv (empty/header-only)
  │   [SKIP] CH0002218698_20260328_235853.csv (empty/header-only)
  │   [SKIP] CH1159308571_20260412_062201.csv (empty/header-only)
  │   [SKIP] CH0017915668_20260329_061035.csv (empty/header-only)
  │   [SKIP] CH0002218698_20260415_063224.csv (empty/header-only)
  │   [SKIP] CH0286266488_20260330_062907.csv (empty/header-only)
  │   [SKIP] CH0017915742_20260403_061055.csv (empty/header-only)
  │   [SKIP] CH0213109793_20260331_061536.csv (empty/header-only)
  │   [SKIP] CH0017915668_20260404_055513.csv (empty/header-only)
  │   [SKIP] CH0017915643.csv (empty/header-only)
  │   [SKIP] CH0213109793_20260329_061038.csv (empty/header-only)
  │   [SKIP] CH0017915692_20260401_062917.csv (empty/header-only)
  │   [SKIP] CH0017915742_20260405_061326.csv (empty/header-only)
  │   [SKIP] CH0039576852_20260412_062335.csv (empty/header-only)
  │   [SKIP] CH0017915692_20260416_063305.csv (empty/header-only)
  │   [SKIP] CH0039576787_20260411_055817.csv (empty/header-only)
  │   [SKIP] CH0039576787_20260409_061915.csv (empty/header-only)
  │   [SKIP] CH0002218664_20260330_062911.csv (empty/header-only)
  │   [SKIP] CH0039576860_20260412_062333.csv (empty/header-only)
  │   [SKIP] CH0039576837_20260411_055820.csv (empty/header-only)
  │   [SKIP] CH0017915684_20260404_055511.csv (empty/header-only)
  │   [SKIP] CH0017915668_20260410_063118.csv (empty/header-only)
  │   [SKIP] CH0002218664_20260414_063048.csv (empty/header-only)
  │   [SKIP] CH0286266488_20260403_061118.csv (empty/header-only)
  │   [SKIP] CH0580517032_20260407_061546.csv (empty/header-only)
  │   [SKIP] CH0017915726_20260416_063312.csv (empty/header-only)
  │   [SKIP] CH0039576852_20260413_071343.csv (empty/header-only)
  │   [SKIP] CH0017915692_20260329_061031.csv (empty/header-only)
  │   [SKIP] CH0017915726_20260408_062015.csv (empty/header-only)
  │   [SKIP] CH0039576852_20260402_061029.csv (empty/header-only)
  │   [SKIP] CH0039576837_20260406_062921.csv (empty/header-only)
  │   [SKIP] CH0002218664_20260409_061939.csv (empty/header-only)
  │   [SKIP] CH0039576837_20260412_062331.csv (empty/header-only)
  │   [SKIP] CH0017915742_20260401_062912.csv (empty/header-only)
  │   [SKIP] CH0017915635_20260329_061041.csv (empty/header-only)
  │   [SKIP] CH0039576860_20260417_065607.csv (empty/header-only)
  │   [SKIP] CH0286266488_20260404_055528.csv (empty/header-only)
  │   [SKIP] CH0017915692_20260415_063159.csv (empty/header-only)
  │   [SKIP] CH0039576860_20260407_061759.csv (empty/header-only)
  │   [SKIP] CH0017915635_20260413_071348.csv (empty/header-only)
  │   [SKIP] CH0039576852_20260407_061801.csv (empty/header-only)
  │   [SKIP] CH0039576852_20260328_235834.csv (empty/header-only)
  │   [SKIP] CH0017915684_20260406_062922.csv (empty/header-only)
  │   [SKIP] CH0039576852_20260408_062013.csv (empty/header-only)
  │   [SKIP] CH0039576753_20260401_062914.csv (empty/header-only)
  │   [SKIP] CH0017915742.csv (empty/header-only)
  │   [SKIP] CH0213109793_20260411_055825.csv (empty/header-only)
  │   [SKIP] CH0017915668_20260328_235833.csv (empty/header-only)
  │   [SKIP] CH0017915742_20260410_063109.csv (empty/header-only)
  │   [SKIP] CH0039576852_20260416_063310.csv (empty/header-only)
  │   [SKIP] CH0002218664_20260411_055841.csv (empty/header-only)
  │   [SKIP] CH0039576787_20260402_061022.csv (empty/header-only)
  │   [SKIP] CH0017915635_20260409_061926.csv (empty/header-only)
  │   [SKIP] CH0039576837_20260409_061917.csv (empty/header-only)
  │   [SKIP] CH0017915643_20260417_065613.csv (empty/header-only)
  │   [SKIP] CH0017915668.csv (empty/header-only)
  │   [SKIP] CH0017915742_20260417_065559.csv (empty/header-only)
  │   [SKIP] CH0039576787_20260407_061754.csv (empty/header-only)
  │   [SKIP] CH0580517032_20260415_062942.csv (empty/header-only)
  │   [SKIP] CH0017915668_20260406_062924.csv (empty/header-only)
  │   [SKIP] CH0017915718_20260415_063155.csv (empty/header-only)
  │   [SKIP] CH0039576852_20260405_061337.csv (empty/header-only)
  │   [SKIP] CH0039576753_20260330_062845.csv (empty/header-only)
  │   [SKIP] CH0213109793_20260410_063121.csv (empty/header-only)
  │   [SKIP] CH0039576753_20260409_061914.csv (empty/header-only)
  │   [SKIP] CH0017915742_20260402_061018.csv (empty/header-only)
  │   [SKIP] CH0039576837_20260408_062008.csv (empty/header-only)
  │   [SKIP] CH0017915718_20260331_061526.csv (empty/header-only)
  │   [SKIP] CH1159308571_20260330_062716.csv (empty/header-only)
  │   [SKIP] CH0039576837_20260403_061100.csv (empty/header-only)
  │ 
  │ Found 5323 files total.
  │ Processing 4905 valid files...
  │ Skipped 418 empty/header-only files.
  │ 
  │ Raw rows ingested: 3,058,043
  │ 
  │ Applying data cleaning transformations...
  │ Data Quality: 138036/138036 records have valid Price/Volume data (100.0%)
  │ Rows after deduplication: 138,036
  │ 
  │ Writing output files...
  │   [OK] Parquet: master_trades.parquet (1030.6 KB)
  │   -> Formatting data for CSV output...
  │   [OK] CSV: master_trades_cleaned.csv (7667.0 KB)
  │ 
  │ ============================================================
  │ AUDIT SUMMARY
  │ ============================================================
  │ Processed 4905 files, Skipped 418 empty files.
  │ Total rows: 138,036
  │ 
  │ Schema:
  │   Isin            String
  │   Datum           Date
  │   Zeit            String
  │   Kurs            Float64
  │   Volumen         Float64
  │   Off Book        Boolean
  │ 
  │ Sample Data (first 5 rows):
  │ shape: (5, 6)
  │ ┌──────────────┬────────────┬───────┬────────┬─────────┬──────────┐
  │ │ Isin         ┆ Datum      ┆ Zeit  ┆ Kurs   ┆ Volumen ┆ Off Book │
  │ │ ---          ┆ ---        ┆ ---   ┆ ---    ┆ ---     ┆ ---      │
  │ │ str          ┆ date       ┆ str   ┆ f64    ┆ f64     ┆ bool     │
  │ ╞══════════════╪════════════╪═══════╪════════╪═════════╪══════════╡
  │ │ CH0001992681 ┆ 2018-10-29 ┆ 12:17 ┆ 1700.0 ┆ 5.0     ┆ false    │
  │ │ CH0102022560 ┆ 2020-03-11 ┆ 15:16 ┆ 400.0  ┆ 33.0    ┆ false    │
  │ │ CH0029910939 ┆ 2022-01-12 ┆ 08:40 ┆ 12.5   ┆ 140.0   ┆ false    │
  │ │ CH0020502743 ┆ 2019-10-30 ┆ 13:39 ┆ 207.0  ┆ 40.0    ┆ false    │
  │ │ CH0020502743 ┆ 2015-11-03 ┆ 10:27 ┆ 150.0  ┆ 100.0   ┆ false    │
  │ └──────────────┴────────────┴───────┴────────┴─────────┴──────────┘
  │ ============================================================
  │ Pipeline complete! [SUCCESS]
  └─ OK (3.5s)

  ┌─ Stage 4: Liquidity Metrics Engine
  └─ OK (0.3s)

════════════════════════════════════════════════════════════════════════════════
  End of receipt — 2026-04-17 06:57:55
════════════════════════════════════════════════════════════════════════════════