╔══════════════════════════════════════════════════════════════════════════════╗
║                            OTC-X PIPELINE RECEIPT                            ║
╚══════════════════════════════════════════════════════════════════════════════╝

  Run Date:     2026-03-24
  Start Time:   19:45:56
  End Time:     19:50:16
  Duration:     0:04:20.161398
  Status:       ALL STAGES PASSED

────────────────────────────────────────────────────────────────────────────────
  STAGE EXECUTION SUMMARY
────────────────────────────────────────────────────────────────────────────────
  Stage 1: Valor Extraction
    Status:   ✓ SUCCESS
    Duration: 2.6s

  Stage 2: Trade Data Retrieval
    Status:   ✓ SUCCESS
    Duration: 257.2s

  Stage 3: Data Consolidation (Parquet)
    Status:   ✓ SUCCESS
    Duration: 0.2s

  Stage 4: Liquidity Metrics Engine
    Status:   ✓ SUCCESS
    Duration: 0.1s

────────────────────────────────────────────────────────────────────────────────
  DATA PRODUCTS
────────────────────────────────────────────────────────────────────────────────
  Date Range:        2004-02-16 → 2026-03-24
  Securities CSV:    243 securities
  Trade CSVs:        243 files in data/trades/
  Master Parquet:    136,987 rows, 224 ISINs (1022.7 KB)
  Daily Metrics:     75,319 rows, 224 ISINs, 10 sectors

────────────────────────────────────────────────────────────────────────────────
  ANOMALY SNAPSHOT (latest day per ISIN)
────────────────────────────────────────────────────────────────────────────────
  Total ISINs:       224
  Clean (score 0):   132
  Flagged (score>0): 92

  Score  Count
  ─────  ─────
      2      15
      3      31
      4       3
      5      35
      7       8

────────────────────────────────────────────────────────────────────────────────
  STAGE DETAIL LOGS
────────────────────────────────────────────────────────────────────────────────
  ┌─ Stage 1: Valor Extraction
  │ Fetching securities dynamically from OTC-X API...
  │ Fertig! 243 Valoren extrahiert.
  │ Gespeichert in: C:\Users\mihae\PycharmProjects\OTC-X\backend\data\securities.csv
  │ Gespeichert in: C:\Users\mihae\PycharmProjects\OTC-X\backend\data\securities_enriched.csv
  └─ OK (2.6s)

  ┌─ Stage 2: Trade Data Retrieval
  └─ OK (257.2s)

  ┌─ Stage 3: Data Consolidation (Parquet)
  │ ============================================================
  │ OTC-X Data Ingestion Pipeline
  │ ============================================================
  │ Scanning: C:\Users\mihae\PycharmProjects\OTC-X\backend\data\trades
  │   [SKIP] CH0002218664.csv (empty/header-only)
  │   [SKIP] CH0002218698.csv (empty/header-only)
  │   [SKIP] CH0017915635.csv (empty/header-only)
  │   [SKIP] CH0017915643.csv (empty/header-only)
  │   [SKIP] CH0017915668.csv (empty/header-only)
  │   [SKIP] CH0017915684.csv (empty/header-only)
  │   [SKIP] CH0017915692.csv (empty/header-only)
  │   [SKIP] CH0017915718.csv (empty/header-only)
  │   [SKIP] CH0017915726.csv (empty/header-only)
  │   [SKIP] CH0017915742.csv (empty/header-only)
  │   [SKIP] CH0039576753.csv (empty/header-only)
  │   [SKIP] CH0039576787.csv (empty/header-only)
  │   [SKIP] CH0039576837.csv (empty/header-only)
  │   [SKIP] CH0039576852.csv (empty/header-only)
  │   [SKIP] CH0039576860.csv (empty/header-only)
  │   [SKIP] CH0213109793.csv (empty/header-only)
  │   [SKIP] CH0286266488.csv (empty/header-only)
  │   [SKIP] CH0580517032.csv (empty/header-only)
  │   [SKIP] CH1159308571.csv (empty/header-only)
  │ 
  │ Found 243 files total.
  │ Processing 224 valid files...
  │ Skipped 19 empty/header-only files.
  │ 
  │ Raw rows ingested: 138,943
  │ 
  │ Applying data cleaning transformations...
  │ Data Quality: 136987/136987 records have valid Price/Volume data (100.0%)
  │ Rows after deduplication: 136,987
  │ 
  │ Writing output files...
  │   [OK] Parquet: master_trades.parquet (1022.7 KB)
  │   -> Formatting data for CSV output...
  │   [OK] CSV: master_trades_cleaned.csv (7742.5 KB)
  │ 
  │ ============================================================
  │ AUDIT SUMMARY
  │ ============================================================
  │ Processed 224 files, Skipped 19 empty files.
  │ Total rows: 136,987
  │ 
  │ Schema:
  │   Isin            String
  │   Datum           Date
  │   Zeit            String
  │   Kurs            Float64
  │   Volumen         Float64
  │   Off Book        Boolean
  │ 
  │ Sample Data (first 5 rows):
  │ shape: (5, 6)
  │ ┌──────────────┬────────────┬───────┬────────┬─────────┬──────────┐
  │ │ Isin         ┆ Datum      ┆ Zeit  ┆ Kurs   ┆ Volumen ┆ Off Book │
  │ │ ---          ┆ ---        ┆ ---   ┆ ---    ┆ ---     ┆ ---      │
  │ │ str          ┆ date       ┆ str   ┆ f64    ┆ f64     ┆ bool     │
  │ ╞══════════════╪════════════╪═══════╪════════╪═════════╪══════════╡
  │ │ CH1405847034 ┆ 2025-12-02 ┆ 15:41 ┆ 2800.0 ┆ 2.0     ┆ false    │
  │ │ CH0018043619 ┆ 2016-09-16 ┆ 08:15 ┆ 233.0  ┆ 15.0    ┆ false    │
  │ │ CH0102022560 ┆ 2018-03-02 ┆ 12:26 ┆ 355.0  ┆ 30.0    ┆ false    │
  │ │ CH0002599352 ┆ 2008-11-14 ┆ 11:58 ┆ 1250.0 ┆ 1.0     ┆ false    │
  │ │ CH0012457633 ┆ 2023-03-20 ┆ 08:33 ┆ 4475.0 ┆ 1.0     ┆ false    │
  │ └──────────────┴────────────┴───────┴────────┴─────────┴──────────┘
  │ ============================================================
  │ Pipeline complete! [SUCCESS]
  └─ OK (0.2s)

  ┌─ Stage 4: Liquidity Metrics Engine
  │ ======================================================================
  │ OTC-X Liquidity Metrics Engine - Starting
  │ Timestamp: 2026-03-24 19:50:16
  │ ======================================================================
  │ 
  │ [1/4] Loading input data...
  │       Trades: C:\Users\mihae\PycharmProjects\OTC-X\backend\data\master_trades.parquet
  │       -> 136,987 trades loaded (224 ISINs)
  │       Securities: C:\Users\mihae\PycharmProjects\OTC-X\backend\data\securities_enriched.csv
  │       -> 243 securities loaded (11 sectors)
  │ 
  │ [2/4] Computing liquidity metrics...
  │     Step 1/4: Daily aggregation...
  │              75,319 daily observations
  │     Step 2/4: Liquidity metrics...
  │     Step 3/4: Rolling baselines (30 trading days)...
  │     Step 4/4: Anomaly detection...
  │ 
  │ [3/4] Enriching with security metadata...
  │       -> Final shape: (75319, 26)
  │ 
  │ [4/4] Saving output...
  │       -> Written to: C:\Users\mihae\PycharmProjects\OTC-X\backend\data\daily_metrics.parquet
  │       -> Size: 2.43 MB
  │ 
  │ ======================================================================
  │ SUCCESS! Pipeline completed.
  │ ======================================================================
  │ Total rows:       75,319
  │ Unique ISINs:     224
  │ Unique Sectors:   10
  │ Date range:       2004-02-16 to 2026-03-24
  │ Elapsed time:     0.1 seconds
  │ 
  │ Output Schema:
  │   Isin                      String
  │   Name                      String
  │   Sektor                    String
  │   Datum                     Date
  │   trades_today              UInt32
  │   volume_today_units        Float64
  │   volume_today_chf          Float64
  │   price_min                 Float64
  │   price_max                 Float64
  │   price_first               Float64
  │   price_last                Float64
  │   price_change_pct          Float64
  │   log_returns               Float64
  │   volatility_daily          Float64
  │   amihud_daily              Float64
  │   spread_log_hl             Float64
  │   trade_duration_min        Float64
  │   off_book_pct              Float64
  │   trades_30d_median         Float64
  │   volume_30d_median         Float64
  │   volatility_30d_median     Float64
  │   amihud_30d_median         Float64
  │   volume_spike              Boolean
  │   activity_spike            Boolean
  │   price_gap                 Boolean
  │   anomaly_score             UInt8
  │ 
  │ High-anomaly observations (score >= 5): 14,189 total
  │   2026-03-24 | CH0000975372 | Score: 7 | Price Change: -5.19%
  │   2026-03-24 | CH0001430930 | Score: 5 | Price Change: 2.42%
  │   2026-03-24 | CH0433137400 | Score: 5 | Price Change: -6.15%
  │   2026-03-24 | CH1102090151 | Score: 5 | Price Change: 1.38%
  │   2026-03-23 | CH0002513312 | Score: 5 | Price Change: 1.22%
  └─ OK (0.1s)

════════════════════════════════════════════════════════════════════════════════
  End of receipt — 2026-03-24 19:50:16
════════════════════════════════════════════════════════════════════════════════